[2.294s] Invoking command in '/home/rayyan/robot_arm_ros2_ws/src/joint_state_publisher/joint_state_publisher': PYTHONPATH=/home/rayyan/robot_arm_ros2_ws/build/joint_state_publisher/prefix_override:/usr/lib/python3/dist-packages/colcon_core/task/python/colcon_distutils_commands:/home/rayyan/robot_arm_ros2_ws/install/joint_state_publisher/lib/python3.10/site-packages:${PYTHONPATH} /usr/bin/python3 -W ignore:setup.py install is deprecated -W ignore:easy_install command is deprecated setup.py egg_info --egg-base ../../../build/joint_state_publisher build --build-base /home/rayyan/robot_arm_ros2_ws/build/joint_state_publisher/build install --record /home/rayyan/robot_arm_ros2_ws/build/joint_state_publisher/install.log --single-version-externally-managed install_data
[2.882s] running egg_info
[2.884s] writing ../../../build/joint_state_publisher/joint_state_publisher.egg-info/PKG-INFO
[2.884s] writing dependency_links to ../../../build/joint_state_publisher/joint_state_publisher.egg-info/dependency_links.txt
[2.885s] writing entry points to ../../../build/joint_state_publisher/joint_state_publisher.egg-info/entry_points.txt
[2.885s] writing requirements to ../../../build/joint_state_publisher/joint_state_publisher.egg-info/requires.txt
[2.885s] writing top-level names to ../../../build/joint_state_publisher/joint_state_publisher.egg-info/top_level.txt
[2.890s] reading manifest file '../../../build/joint_state_publisher/joint_state_publisher.egg-info/SOURCES.txt'
[2.890s] adding license file 'LICENSE'
[2.892s] writing manifest file '../../../build/joint_state_publisher/joint_state_publisher.egg-info/SOURCES.txt'
[2.892s] running build
[2.893s] running build_py
[2.893s] running install
[2.894s] running install_lib
[2.898s] running install_data
[2.898s] running install_egg_info
[2.903s] removing '/home/rayyan/robot_arm_ros2_ws/install/joint_state_publisher/lib/python3.10/site-packages/joint_state_publisher-2.4.0-py3.10.egg-info' (and everything under it)
[2.903s] Copying ../../../build/joint_state_publisher/joint_state_publisher.egg-info to /home/rayyan/robot_arm_ros2_ws/install/joint_state_publisher/lib/python3.10/site-packages/joint_state_publisher-2.4.0-py3.10.egg-info
[2.906s] running install_scripts
[2.961s] Installing joint_state_publisher script to /home/rayyan/robot_arm_ros2_ws/install/joint_state_publisher/lib/joint_state_publisher
[2.962s] writing list of installed files to '/home/rayyan/robot_arm_ros2_ws/build/joint_state_publisher/install.log'
[3.043s] Invoked command in '/home/rayyan/robot_arm_ros2_ws/src/joint_state_publisher/joint_state_publisher' returned '0': PYTHONPATH=/home/rayyan/robot_arm_ros2_ws/build/joint_state_publisher/prefix_override:/usr/lib/python3/dist-packages/colcon_core/task/python/colcon_distutils_commands:/home/rayyan/robot_arm_ros2_ws/install/joint_state_publisher/lib/python3.10/site-packages:${PYTHONPATH} /usr/bin/python3 -W ignore:setup.py install is deprecated -W ignore:easy_install command is deprecated setup.py egg_info --egg-base ../../../build/joint_state_publisher build --build-base /home/rayyan/robot_arm_ros2_ws/build/joint_state_publisher/build install --record /home/rayyan/robot_arm_ros2_ws/build/joint_state_publisher/install.log --single-version-externally-managed install_data
