[1.185s] Invoking command in '/home/rayyan/robot_arm_ros2_ws/src/build/robot_arm_description': /usr/bin/cmake /home/rayyan/robot_arm_ros2_ws/src/robot_arm_description -DCMAKE_INSTALL_PREFIX=/home/rayyan/robot_arm_ros2_ws/src/install/robot_arm_description
[2.955s] -- The C compiler identification is GNU 11.4.0
[5.494s] -- The CXX compiler identification is GNU 11.4.0
[7.704s] -- Detecting C compiler ABI info
[8.588s] -- Detecting C compiler ABI info - done
[8.662s] -- Check for working C compiler: /usr/bin/cc - skipped
[8.663s] -- Detecting C compile features
[8.666s] -- Detecting C compile features - done
[8.691s] -- Detecting CXX compiler ABI info
[9.599s] -- Detecting CXX compiler ABI info - done
[9.676s] -- Check for working CXX compiler: /usr/bin/c++ - skipped
[9.700s] -- Detecting CXX compile features
[9.701s] -- Detecting CXX compile features - done
[15.792s] [31mCMake Error at CMakeLists.txt:9 (find_package):
[15.793s]   By not providing "Findament_cmake.cmake" in CMAKE_MODULE_PATH this project
[15.793s]   has asked CMake to find a package configuration file provided by
[15.794s]   "ament_cmake", but CMake did not find one.
[15.794s] 
[15.794s]   Could not find a package configuration file provided by "ament_cmake" with
[15.795s]   any of the following names:
[15.795s] 
[15.795s]     ament_cmakeConfig.cmake
[15.795s]     ament_cmake-config.cmake
[15.795s] 
[15.796s]   Add the installation prefix of "ament_cmake" to CMAKE_PREFIX_PATH or set
[15.796s]   "ament_cmake_DIR" to a directory containing one of the above files.  If
[15.796s]   "ament_cmake" provides a separate development package or SDK, be sure it
[15.797s]   has been installed.
[15.797s] 
[15.797s] [0m
[15.798s] -- Configuring incomplete, errors occurred!
[15.798s] See also "/home/rayyan/robot_arm_ros2_ws/src/build/robot_arm_description/CMakeFiles/CMakeOutput.log".
[15.812s] Invoked command in '/home/rayyan/robot_arm_ros2_ws/src/build/robot_arm_description' returned '1': /usr/bin/cmake /home/rayyan/robot_arm_ros2_ws/src/robot_arm_description -DCMAKE_INSTALL_PREFIX=/home/rayyan/robot_arm_ros2_ws/src/install/robot_arm_description
