[0.844s] DEBUG:colcon:Command line arguments: ['/usr/bin/colcon', 'build']
[0.844s] DEBUG:colcon:Parsed command line arguments: Namespace(log_base=None, log_level=None, verb_name='build', build_base='build', install_base='install', merge_install=False, symlink_install=False, test_result_base=None, continue_on_error=False, executor='parallel', parallel_workers=4, event_handlers=None, ignore_user_meta=False, metas=['./colcon.meta'], base_paths=['.'], packages_ignore=None, packages_ignore_regex=None, paths=None, packages_up_to=None, packages_up_to_regex=None, packages_above=None, packages_above_and_dependencies=None, packages_above_depth=None, packages_select_by_dep=None, packages_skip_by_dep=None, packages_skip_up_to=None, packages_select_build_failed=False, packages_skip_build_finished=False, packages_select_test_failures=False, packages_skip_test_passed=False, packages_select=None, packages_skip=None, packages_select_regex=None, packages_skip_regex=None, packages_start=None, packages_end=None, allow_overriding=[], cmake_args=None, cmake_target=None, cmake_target_skip_unavailable=False, cmake_clean_cache=False, cmake_clean_first=False, cmake_force_configure=False, ament_cmake_args=None, catkin_cmake_args=None, catkin_skip_building_tests=False, mixin_files=None, mixin=None, verb_parser=<colcon_mixin.mixin.mixin_argument.MixinArgumentDecorator object at 0x7fc190b95330>, verb_extension=<colcon_core.verb.build.BuildVerb object at 0x7fc190cae260>, main=<bound method BuildVerb.main of <colcon_core.verb.build.BuildVerb object at 0x7fc190cae260>>, mixin_verb=('build',))
[1.624s] Level 1:colcon.colcon_core.package_discovery:discover_packages(colcon_meta) check parameters
[1.625s] Level 1:colcon.colcon_core.package_discovery:discover_packages(recursive) check parameters
[1.625s] Level 1:colcon.colcon_core.package_discovery:discover_packages(ignore) check parameters
[1.625s] Level 1:colcon.colcon_core.package_discovery:discover_packages(path) check parameters
[1.625s] Level 1:colcon.colcon_core.package_discovery:discover_packages(colcon_meta) discover
[1.625s] Level 1:colcon.colcon_core.package_discovery:discover_packages(recursive) discover
[1.625s] INFO:colcon.colcon_core.package_discovery:Crawling recursively for packages in '/home/rayyan/robot_arm_ros2_ws/src'
[1.626s] Level 1:colcon.colcon_core.package_identification:_identify(.) by extensions ['ignore', 'ignore_ament_install']
[1.626s] Level 1:colcon.colcon_core.package_identification:_identify(.) by extension 'ignore'
[1.627s] Level 1:colcon.colcon_core.package_identification:_identify(.) by extension 'ignore_ament_install'
[1.627s] Level 1:colcon.colcon_core.package_identification:_identify(.) by extensions ['colcon_pkg']
[1.627s] Level 1:colcon.colcon_core.package_identification:_identify(.) by extension 'colcon_pkg'
[1.629s] Level 1:colcon.colcon_core.package_identification:_identify(.) by extensions ['colcon_meta']
[1.630s] Level 1:colcon.colcon_core.package_identification:_identify(.) by extension 'colcon_meta'
[1.631s] Level 1:colcon.colcon_core.package_identification:_identify(.) by extensions ['ros']
[1.631s] Level 1:colcon.colcon_core.package_identification:_identify(.) by extension 'ros'
[1.683s] Level 1:colcon.colcon_core.package_identification:_identify(.) by extensions ['cmake', 'python']
[1.683s] Level 1:colcon.colcon_core.package_identification:_identify(.) by extension 'cmake'
[1.683s] Level 1:colcon.colcon_core.package_identification:_identify(.) by extension 'python'
[1.684s] Level 1:colcon.colcon_core.package_identification:_identify(.) by extensions ['python_setup_py']
[1.684s] Level 1:colcon.colcon_core.package_identification:_identify(.) by extension 'python_setup_py'
[1.684s] Level 1:colcon.colcon_core.package_identification:_identify(build) by extensions ['ignore', 'ignore_ament_install']
[1.685s] Level 1:colcon.colcon_core.package_identification:_identify(build) by extension 'ignore'
[1.685s] Level 1:colcon.colcon_core.package_identification:_identify(build) ignored
[1.686s] Level 1:colcon.colcon_core.package_identification:_identify(install) by extensions ['ignore', 'ignore_ament_install']
[1.686s] Level 1:colcon.colcon_core.package_identification:_identify(install) by extension 'ignore'
[1.686s] Level 1:colcon.colcon_core.package_identification:_identify(install) ignored
[1.686s] Level 1:colcon.colcon_core.package_identification:_identify(joint_state_publisher) by extensions ['ignore', 'ignore_ament_install']
[1.687s] Level 1:colcon.colcon_core.package_identification:_identify(joint_state_publisher) by extension 'ignore'
[1.687s] Level 1:colcon.colcon_core.package_identification:_identify(joint_state_publisher) by extension 'ignore_ament_install'
[1.687s] Level 1:colcon.colcon_core.package_identification:_identify(joint_state_publisher) by extensions ['colcon_pkg']
[1.687s] Level 1:colcon.colcon_core.package_identification:_identify(joint_state_publisher) by extension 'colcon_pkg'
[1.687s] Level 1:colcon.colcon_core.package_identification:_identify(joint_state_publisher) by extensions ['colcon_meta']
[1.688s] Level 1:colcon.colcon_core.package_identification:_identify(joint_state_publisher) by extension 'colcon_meta'
[1.688s] Level 1:colcon.colcon_core.package_identification:_identify(joint_state_publisher) by extensions ['ros']
[1.688s] Level 1:colcon.colcon_core.package_identification:_identify(joint_state_publisher) by extension 'ros'
[1.689s] Level 1:colcon.colcon_core.package_identification:_identify(joint_state_publisher) by extensions ['cmake', 'python']
[1.689s] Level 1:colcon.colcon_core.package_identification:_identify(joint_state_publisher) by extension 'cmake'
[1.690s] Level 1:colcon.colcon_core.package_identification:_identify(joint_state_publisher) by extension 'python'
[1.690s] Level 1:colcon.colcon_core.package_identification:_identify(joint_state_publisher) by extensions ['python_setup_py']
[1.690s] Level 1:colcon.colcon_core.package_identification:_identify(joint_state_publisher) by extension 'python_setup_py'
[1.694s] Level 1:colcon.colcon_core.package_identification:_identify(joint_state_publisher/joint_state_publisher) by extensions ['ignore', 'ignore_ament_install']
[1.694s] Level 1:colcon.colcon_core.package_identification:_identify(joint_state_publisher/joint_state_publisher) by extension 'ignore'
[1.694s] Level 1:colcon.colcon_core.package_identification:_identify(joint_state_publisher/joint_state_publisher) by extension 'ignore_ament_install'
[1.695s] Level 1:colcon.colcon_core.package_identification:_identify(joint_state_publisher/joint_state_publisher) by extensions ['colcon_pkg']
[1.695s] Level 1:colcon.colcon_core.package_identification:_identify(joint_state_publisher/joint_state_publisher) by extension 'colcon_pkg'
[1.695s] Level 1:colcon.colcon_core.package_identification:_identify(joint_state_publisher/joint_state_publisher) by extensions ['colcon_meta']
[1.695s] Level 1:colcon.colcon_core.package_identification:_identify(joint_state_publisher/joint_state_publisher) by extension 'colcon_meta'
[1.695s] Level 1:colcon.colcon_core.package_identification:_identify(joint_state_publisher/joint_state_publisher) by extensions ['ros']
[1.695s] Level 1:colcon.colcon_core.package_identification:_identify(joint_state_publisher/joint_state_publisher) by extension 'ros'
[1.705s] DEBUG:colcon.colcon_core.package_identification:Package 'joint_state_publisher/joint_state_publisher' with type 'ros.ament_python' and name 'joint_state_publisher'
[1.710s] Level 1:colcon.colcon_core.package_identification:_identify(joint_state_publisher/joint_state_publisher_gui) by extensions ['ignore', 'ignore_ament_install']
[1.710s] Level 1:colcon.colcon_core.package_identification:_identify(joint_state_publisher/joint_state_publisher_gui) by extension 'ignore'
[1.711s] Level 1:colcon.colcon_core.package_identification:_identify(joint_state_publisher/joint_state_publisher_gui) by extension 'ignore_ament_install'
[1.712s] Level 1:colcon.colcon_core.package_identification:_identify(joint_state_publisher/joint_state_publisher_gui) by extensions ['colcon_pkg']
[1.712s] Level 1:colcon.colcon_core.package_identification:_identify(joint_state_publisher/joint_state_publisher_gui) by extension 'colcon_pkg'
[1.712s] Level 1:colcon.colcon_core.package_identification:_identify(joint_state_publisher/joint_state_publisher_gui) by extensions ['colcon_meta']
[1.712s] Level 1:colcon.colcon_core.package_identification:_identify(joint_state_publisher/joint_state_publisher_gui) by extension 'colcon_meta'
[1.713s] Level 1:colcon.colcon_core.package_identification:_identify(joint_state_publisher/joint_state_publisher_gui) by extensions ['ros']
[1.713s] Level 1:colcon.colcon_core.package_identification:_identify(joint_state_publisher/joint_state_publisher_gui) by extension 'ros'
[1.715s] DEBUG:colcon.colcon_core.package_identification:Package 'joint_state_publisher/joint_state_publisher_gui' with type 'ros.ament_python' and name 'joint_state_publisher_gui'
[1.715s] Level 1:colcon.colcon_core.package_identification:_identify(log) by extensions ['ignore', 'ignore_ament_install']
[1.716s] Level 1:colcon.colcon_core.package_identification:_identify(log) by extension 'ignore'
[1.716s] Level 1:colcon.colcon_core.package_identification:_identify(log) ignored
[1.716s] Level 1:colcon.colcon_core.package_identification:_identify(moveit_pkg) by extensions ['ignore', 'ignore_ament_install']
[1.717s] Level 1:colcon.colcon_core.package_identification:_identify(moveit_pkg) by extension 'ignore'
[1.717s] Level 1:colcon.colcon_core.package_identification:_identify(moveit_pkg) by extension 'ignore_ament_install'
[1.717s] Level 1:colcon.colcon_core.package_identification:_identify(moveit_pkg) by extensions ['colcon_pkg']
[1.717s] Level 1:colcon.colcon_core.package_identification:_identify(moveit_pkg) by extension 'colcon_pkg'
[1.717s] Level 1:colcon.colcon_core.package_identification:_identify(moveit_pkg) by extensions ['colcon_meta']
[1.717s] Level 1:colcon.colcon_core.package_identification:_identify(moveit_pkg) by extension 'colcon_meta'
[1.717s] Level 1:colcon.colcon_core.package_identification:_identify(moveit_pkg) by extensions ['ros']
[1.717s] Level 1:colcon.colcon_core.package_identification:_identify(moveit_pkg) by extension 'ros'
[1.720s] DEBUG:colcon.colcon_core.package_identification:Package 'moveit_pkg' with type 'ros.ament_cmake' and name 'moveit_pkg'
[1.720s] Level 1:colcon.colcon_core.package_identification:_identify(robot_arm_description) by extensions ['ignore', 'ignore_ament_install']
[1.721s] Level 1:colcon.colcon_core.package_identification:_identify(robot_arm_description) by extension 'ignore'
[1.721s] Level 1:colcon.colcon_core.package_identification:_identify(robot_arm_description) by extension 'ignore_ament_install'
[1.721s] Level 1:colcon.colcon_core.package_identification:_identify(robot_arm_description) by extensions ['colcon_pkg']
[1.722s] Level 1:colcon.colcon_core.package_identification:_identify(robot_arm_description) by extension 'colcon_pkg'
[1.722s] Level 1:colcon.colcon_core.package_identification:_identify(robot_arm_description) by extensions ['colcon_meta']
[1.722s] Level 1:colcon.colcon_core.package_identification:_identify(robot_arm_description) by extension 'colcon_meta'
[1.722s] Level 1:colcon.colcon_core.package_identification:_identify(robot_arm_description) by extensions ['ros']
[1.722s] Level 1:colcon.colcon_core.package_identification:_identify(robot_arm_description) by extension 'ros'
[1.724s] DEBUG:colcon.colcon_core.package_identification:Package 'robot_arm_description' with type 'ros.ament_cmake' and name 'robot_arm_description'
[1.724s] Level 1:colcon.colcon_core.package_discovery:discover_packages(recursive) using defaults
[1.724s] Level 1:colcon.colcon_core.package_discovery:discover_packages(ignore) discover
[1.724s] Level 1:colcon.colcon_core.package_discovery:discover_packages(ignore) using defaults
[1.724s] Level 1:colcon.colcon_core.package_discovery:discover_packages(path) discover
[1.724s] Level 1:colcon.colcon_core.package_discovery:discover_packages(path) using defaults
[1.835s] Level 1:colcon.colcon_core.package_discovery:discover_packages(prefix_path) check parameters
[1.836s] Level 1:colcon.colcon_core.package_discovery:discover_packages(prefix_path) discover
[1.843s] Level 1:colcon.colcon_core.package_discovery:discover_packages(prefix_path) using defaults
[1.848s] Level 5:colcon.colcon_core.verb:set package 'joint_state_publisher' build argument 'cmake_args' from command line to 'None'
[1.848s] Level 5:colcon.colcon_core.verb:set package 'joint_state_publisher' build argument 'cmake_target' from command line to 'None'
[1.848s] Level 5:colcon.colcon_core.verb:set package 'joint_state_publisher' build argument 'cmake_target_skip_unavailable' from command line to 'False'
[1.848s] Level 5:colcon.colcon_core.verb:set package 'joint_state_publisher' build argument 'cmake_clean_cache' from command line to 'False'
[1.849s] Level 5:colcon.colcon_core.verb:set package 'joint_state_publisher' build argument 'cmake_clean_first' from command line to 'False'
[1.849s] Level 5:colcon.colcon_core.verb:set package 'joint_state_publisher' build argument 'cmake_force_configure' from command line to 'False'
[1.849s] Level 5:colcon.colcon_core.verb:set package 'joint_state_publisher' build argument 'ament_cmake_args' from command line to 'None'
[1.849s] Level 5:colcon.colcon_core.verb:set package 'joint_state_publisher' build argument 'catkin_cmake_args' from command line to 'None'
[1.849s] Level 5:colcon.colcon_core.verb:set package 'joint_state_publisher' build argument 'catkin_skip_building_tests' from command line to 'False'
[1.849s] DEBUG:colcon.colcon_core.verb:Building package 'joint_state_publisher' with the following arguments: {'ament_cmake_args': None, 'build_base': '/home/rayyan/robot_arm_ros2_ws/src/build/joint_state_publisher', 'catkin_cmake_args': None, 'catkin_skip_building_tests': False, 'cmake_args': None, 'cmake_clean_cache': False, 'cmake_clean_first': False, 'cmake_force_configure': False, 'cmake_target': None, 'cmake_target_skip_unavailable': False, 'install_base': '/home/rayyan/robot_arm_ros2_ws/src/install/joint_state_publisher', 'merge_install': False, 'path': '/home/rayyan/robot_arm_ros2_ws/src/joint_state_publisher/joint_state_publisher', 'symlink_install': False, 'test_result_base': None}
[1.851s] Level 5:colcon.colcon_core.verb:set package 'robot_arm_description' build argument 'cmake_args' from command line to 'None'
[1.851s] Level 5:colcon.colcon_core.verb:set package 'robot_arm_description' build argument 'cmake_target' from command line to 'None'
[1.851s] Level 5:colcon.colcon_core.verb:set package 'robot_arm_description' build argument 'cmake_target_skip_unavailable' from command line to 'False'
[1.851s] Level 5:colcon.colcon_core.verb:set package 'robot_arm_description' build argument 'cmake_clean_cache' from command line to 'False'
[1.851s] Level 5:colcon.colcon_core.verb:set package 'robot_arm_description' build argument 'cmake_clean_first' from command line to 'False'
[1.851s] Level 5:colcon.colcon_core.verb:set package 'robot_arm_description' build argument 'cmake_force_configure' from command line to 'False'
[1.851s] Level 5:colcon.colcon_core.verb:set package 'robot_arm_description' build argument 'ament_cmake_args' from command line to 'None'
[1.851s] Level 5:colcon.colcon_core.verb:set package 'robot_arm_description' build argument 'catkin_cmake_args' from command line to 'None'
[1.851s] Level 5:colcon.colcon_core.verb:set package 'robot_arm_description' build argument 'catkin_skip_building_tests' from command line to 'False'
[1.851s] DEBUG:colcon.colcon_core.verb:Building package 'robot_arm_description' with the following arguments: {'ament_cmake_args': None, 'build_base': '/home/rayyan/robot_arm_ros2_ws/src/build/robot_arm_description', 'catkin_cmake_args': None, 'catkin_skip_building_tests': False, 'cmake_args': None, 'cmake_clean_cache': False, 'cmake_clean_first': False, 'cmake_force_configure': False, 'cmake_target': None, 'cmake_target_skip_unavailable': False, 'install_base': '/home/rayyan/robot_arm_ros2_ws/src/install/robot_arm_description', 'merge_install': False, 'path': '/home/rayyan/robot_arm_ros2_ws/src/robot_arm_description', 'symlink_install': False, 'test_result_base': None}
[1.853s] Level 5:colcon.colcon_core.verb:set package 'joint_state_publisher_gui' build argument 'cmake_args' from command line to 'None'
[1.853s] Level 5:colcon.colcon_core.verb:set package 'joint_state_publisher_gui' build argument 'cmake_target' from command line to 'None'
[1.853s] Level 5:colcon.colcon_core.verb:set package 'joint_state_publisher_gui' build argument 'cmake_target_skip_unavailable' from command line to 'False'
[1.853s] Level 5:colcon.colcon_core.verb:set package 'joint_state_publisher_gui' build argument 'cmake_clean_cache' from command line to 'False'
[1.853s] Level 5:colcon.colcon_core.verb:set package 'joint_state_publisher_gui' build argument 'cmake_clean_first' from command line to 'False'
[1.853s] Level 5:colcon.colcon_core.verb:set package 'joint_state_publisher_gui' build argument 'cmake_force_configure' from command line to 'False'
[1.853s] Level 5:colcon.colcon_core.verb:set package 'joint_state_publisher_gui' build argument 'ament_cmake_args' from command line to 'None'
[1.854s] Level 5:colcon.colcon_core.verb:set package 'joint_state_publisher_gui' build argument 'catkin_cmake_args' from command line to 'None'
[1.854s] Level 5:colcon.colcon_core.verb:set package 'joint_state_publisher_gui' build argument 'catkin_skip_building_tests' from command line to 'False'
[1.854s] DEBUG:colcon.colcon_core.verb:Building package 'joint_state_publisher_gui' with the following arguments: {'ament_cmake_args': None, 'build_base': '/home/rayyan/robot_arm_ros2_ws/src/build/joint_state_publisher_gui', 'catkin_cmake_args': None, 'catkin_skip_building_tests': False, 'cmake_args': None, 'cmake_clean_cache': False, 'cmake_clean_first': False, 'cmake_force_configure': False, 'cmake_target': None, 'cmake_target_skip_unavailable': False, 'install_base': '/home/rayyan/robot_arm_ros2_ws/src/install/joint_state_publisher_gui', 'merge_install': False, 'path': '/home/rayyan/robot_arm_ros2_ws/src/joint_state_publisher/joint_state_publisher_gui', 'symlink_install': False, 'test_result_base': None}
[1.857s] Level 5:colcon.colcon_core.verb:set package 'moveit_pkg' build argument 'cmake_args' from command line to 'None'
[1.858s] Level 5:colcon.colcon_core.verb:set package 'moveit_pkg' build argument 'cmake_target' from command line to 'None'
[1.858s] Level 5:colcon.colcon_core.verb:set package 'moveit_pkg' build argument 'cmake_target_skip_unavailable' from command line to 'False'
[1.858s] Level 5:colcon.colcon_core.verb:set package 'moveit_pkg' build argument 'cmake_clean_cache' from command line to 'False'
[1.859s] Level 5:colcon.colcon_core.verb:set package 'moveit_pkg' build argument 'cmake_clean_first' from command line to 'False'
[1.859s] Level 5:colcon.colcon_core.verb:set package 'moveit_pkg' build argument 'cmake_force_configure' from command line to 'False'
[1.859s] Level 5:colcon.colcon_core.verb:set package 'moveit_pkg' build argument 'ament_cmake_args' from command line to 'None'
[1.859s] Level 5:colcon.colcon_core.verb:set package 'moveit_pkg' build argument 'catkin_cmake_args' from command line to 'None'
[1.859s] Level 5:colcon.colcon_core.verb:set package 'moveit_pkg' build argument 'catkin_skip_building_tests' from command line to 'False'
[1.860s] DEBUG:colcon.colcon_core.verb:Building package 'moveit_pkg' with the following arguments: {'ament_cmake_args': None, 'build_base': '/home/rayyan/robot_arm_ros2_ws/src/build/moveit_pkg', 'catkin_cmake_args': None, 'catkin_skip_building_tests': False, 'cmake_args': None, 'cmake_clean_cache': False, 'cmake_clean_first': False, 'cmake_force_configure': False, 'cmake_target': None, 'cmake_target_skip_unavailable': False, 'install_base': '/home/rayyan/robot_arm_ros2_ws/src/install/moveit_pkg', 'merge_install': False, 'path': '/home/rayyan/robot_arm_ros2_ws/src/moveit_pkg', 'symlink_install': False, 'test_result_base': None}
[1.860s] INFO:colcon.colcon_core.executor:Executing jobs using 'parallel' executor
[1.873s] DEBUG:colcon.colcon_parallel_executor.executor.parallel:run_until_complete
[1.874s] INFO:colcon.colcon_ros.task.ament_python.build:Building ROS package in '/home/rayyan/robot_arm_ros2_ws/src/joint_state_publisher/joint_state_publisher' with build type 'ament_python'
[1.875s] Level 1:colcon.colcon_core.shell:create_environment_hook('joint_state_publisher', 'ament_prefix_path')
[1.897s] INFO:colcon.colcon_core.plugin_system:Skipping extension 'colcon_core.shell.bat': Not used on non-Windows systems
[1.899s] INFO:colcon.colcon_core.shell:Creating environment hook '/home/rayyan/robot_arm_ros2_ws/src/install/joint_state_publisher/share/joint_state_publisher/hook/ament_prefix_path.ps1'
[1.911s] INFO:colcon.colcon_core.shell:Creating environment descriptor '/home/rayyan/robot_arm_ros2_ws/src/install/joint_state_publisher/share/joint_state_publisher/hook/ament_prefix_path.dsv'
[1.914s] INFO:colcon.colcon_core.shell:Creating environment hook '/home/rayyan/robot_arm_ros2_ws/src/install/joint_state_publisher/share/joint_state_publisher/hook/ament_prefix_path.sh'
[1.921s] INFO:colcon.colcon_core.shell:Skip shell extension 'powershell' for command environment: Not usable outside of PowerShell
[1.922s] DEBUG:colcon.colcon_core.shell:Skip shell extension 'dsv' for command environment
[1.930s] INFO:colcon.colcon_ros.task.ament_cmake.build:Building ROS package in '/home/rayyan/robot_arm_ros2_ws/src/robot_arm_description' with build type 'ament_cmake'
[1.930s] INFO:colcon.colcon_cmake.task.cmake.build:Building CMake package in '/home/rayyan/robot_arm_ros2_ws/src/robot_arm_description'
[1.931s] INFO:colcon.colcon_core.shell:Skip shell extension 'powershell' for command environment: Not usable outside of PowerShell
[1.932s] DEBUG:colcon.colcon_core.shell:Skip shell extension 'dsv' for command environment
[3.084s] INFO:colcon.colcon_core.task.python.build:Building Python package in '/home/rayyan/robot_arm_ros2_ws/src/joint_state_publisher/joint_state_publisher'
[3.087s] INFO:colcon.colcon_core.shell:Skip shell extension 'powershell' for command environment: Not usable outside of PowerShell
[3.089s] DEBUG:colcon.colcon_core.shell:Skip shell extension 'dsv' for command environment
[3.117s] DEBUG:colcon.colcon_core.event_handler.log_command:Invoking command in '/home/rayyan/robot_arm_ros2_ws/src/build/robot_arm_description': /usr/bin/cmake /home/rayyan/robot_arm_ros2_ws/src/robot_arm_description -DCMAKE_INSTALL_PREFIX=/home/rayyan/robot_arm_ros2_ws/src/install/robot_arm_description
[6.055s] DEBUG:colcon.colcon_core.event_handler.log_command:Invoking command in '/home/rayyan/robot_arm_ros2_ws/src/joint_state_publisher/joint_state_publisher': PYTHONPATH=/home/rayyan/robot_arm_ros2_ws/src/build/joint_state_publisher/prefix_override:/usr/lib/python3/dist-packages/colcon_core/task/python/colcon_distutils_commands:/home/rayyan/robot_arm_ros2_ws/src/install/joint_state_publisher/lib/python3.10/site-packages: /usr/bin/python3 -W ignore:setup.py install is deprecated -W ignore:easy_install command is deprecated setup.py egg_info --egg-base ../../build/joint_state_publisher build --build-base /home/rayyan/robot_arm_ros2_ws/src/build/joint_state_publisher/build install --record /home/rayyan/robot_arm_ros2_ws/src/build/joint_state_publisher/install.log --single-version-externally-managed install_data
[7.922s] DEBUG:colcon.colcon_core.event_handler.log_command:Invoked command in '/home/rayyan/robot_arm_ros2_ws/src/joint_state_publisher/joint_state_publisher' returned '0': PYTHONPATH=/home/rayyan/robot_arm_ros2_ws/src/build/joint_state_publisher/prefix_override:/usr/lib/python3/dist-packages/colcon_core/task/python/colcon_distutils_commands:/home/rayyan/robot_arm_ros2_ws/src/install/joint_state_publisher/lib/python3.10/site-packages: /usr/bin/python3 -W ignore:setup.py install is deprecated -W ignore:easy_install command is deprecated setup.py egg_info --egg-base ../../build/joint_state_publisher build --build-base /home/rayyan/robot_arm_ros2_ws/src/build/joint_state_publisher/build install --record /home/rayyan/robot_arm_ros2_ws/src/build/joint_state_publisher/install.log --single-version-externally-managed install_data
[7.931s] Level 1:colcon.colcon_core.environment:checking '/home/rayyan/robot_arm_ros2_ws/src/install/joint_state_publisher' for CMake module files
[7.933s] Level 1:colcon.colcon_core.environment:checking '/home/rayyan/robot_arm_ros2_ws/src/install/joint_state_publisher' for CMake config files
[7.942s] Level 1:colcon.colcon_core.environment:checking '/home/rayyan/robot_arm_ros2_ws/src/install/joint_state_publisher/lib'
[7.944s] Level 1:colcon.colcon_core.environment:checking '/home/rayyan/robot_arm_ros2_ws/src/install/joint_state_publisher/bin'
[7.944s] Level 1:colcon.colcon_core.environment:checking '/home/rayyan/robot_arm_ros2_ws/src/install/joint_state_publisher/lib/pkgconfig/joint_state_publisher.pc'
[7.946s] Level 1:colcon.colcon_core.environment:checking '/home/rayyan/robot_arm_ros2_ws/src/install/joint_state_publisher/lib/python3.10/site-packages'
[7.946s] Level 1:colcon.colcon_core.shell:create_environment_hook('joint_state_publisher', 'pythonpath')
[7.947s] INFO:colcon.colcon_core.shell:Creating environment hook '/home/rayyan/robot_arm_ros2_ws/src/install/joint_state_publisher/share/joint_state_publisher/hook/pythonpath.ps1'
[7.948s] INFO:colcon.colcon_core.shell:Creating environment descriptor '/home/rayyan/robot_arm_ros2_ws/src/install/joint_state_publisher/share/joint_state_publisher/hook/pythonpath.dsv'
[7.950s] INFO:colcon.colcon_core.shell:Creating environment hook '/home/rayyan/robot_arm_ros2_ws/src/install/joint_state_publisher/share/joint_state_publisher/hook/pythonpath.sh'
[7.962s] Level 1:colcon.colcon_core.environment:checking '/home/rayyan/robot_arm_ros2_ws/src/install/joint_state_publisher/bin'
[7.963s] Level 1:colcon.colcon_core.environment:create_environment_scripts_only(joint_state_publisher)
[7.963s] INFO:colcon.colcon_core.shell:Creating package script '/home/rayyan/robot_arm_ros2_ws/src/install/joint_state_publisher/share/joint_state_publisher/package.ps1'
[7.967s] INFO:colcon.colcon_core.shell:Creating package descriptor '/home/rayyan/robot_arm_ros2_ws/src/install/joint_state_publisher/share/joint_state_publisher/package.dsv'
[7.972s] INFO:colcon.colcon_core.shell:Creating package script '/home/rayyan/robot_arm_ros2_ws/src/install/joint_state_publisher/share/joint_state_publisher/package.sh'
[7.976s] INFO:colcon.colcon_core.shell:Creating package script '/home/rayyan/robot_arm_ros2_ws/src/install/joint_state_publisher/share/joint_state_publisher/package.bash'
[7.980s] INFO:colcon.colcon_core.shell:Creating package script '/home/rayyan/robot_arm_ros2_ws/src/install/joint_state_publisher/share/joint_state_publisher/package.zsh'
[7.984s] Level 1:colcon.colcon_core.environment:create_file_with_runtime_dependencies(/home/rayyan/robot_arm_ros2_ws/src/install/joint_state_publisher/share/colcon-core/packages/joint_state_publisher)
[7.989s] INFO:colcon.colcon_ros.task.ament_python.build:Building ROS package in '/home/rayyan/robot_arm_ros2_ws/src/joint_state_publisher/joint_state_publisher_gui' with build type 'ament_python'
[7.989s] Level 1:colcon.colcon_core.shell:create_environment_hook('joint_state_publisher_gui', 'ament_prefix_path')
[7.990s] INFO:colcon.colcon_core.shell:Creating environment hook '/home/rayyan/robot_arm_ros2_ws/src/install/joint_state_publisher_gui/share/joint_state_publisher_gui/hook/ament_prefix_path.ps1'
[8.005s] INFO:colcon.colcon_core.shell:Creating environment descriptor '/home/rayyan/robot_arm_ros2_ws/src/install/joint_state_publisher_gui/share/joint_state_publisher_gui/hook/ament_prefix_path.dsv'
[8.007s] INFO:colcon.colcon_core.shell:Creating environment hook '/home/rayyan/robot_arm_ros2_ws/src/install/joint_state_publisher_gui/share/joint_state_publisher_gui/hook/ament_prefix_path.sh'
[8.009s] INFO:colcon.colcon_core.shell:Skip shell extension 'powershell' for command environment: Not usable outside of PowerShell
[8.010s] DEBUG:colcon.colcon_core.shell:Skip shell extension 'dsv' for command environment
[10.105s] INFO:colcon.colcon_core.task.python.build:Building Python package in '/home/rayyan/robot_arm_ros2_ws/src/joint_state_publisher/joint_state_publisher_gui'
[10.107s] INFO:colcon.colcon_core.shell:Skip shell extension 'powershell' for command environment: Not usable outside of PowerShell
[10.107s] DEBUG:colcon.colcon_core.shell:Skip shell extension 'dsv' for command environment
[13.030s] DEBUG:colcon.colcon_core.event_handler.log_command:Invoking command in '/home/rayyan/robot_arm_ros2_ws/src/joint_state_publisher/joint_state_publisher_gui': AMENT_PREFIX_PATH=/home/rayyan/robot_arm_ros2_ws/src/install/joint_state_publisher PYTHONPATH=/home/rayyan/robot_arm_ros2_ws/src/build/joint_state_publisher_gui/prefix_override:/usr/lib/python3/dist-packages/colcon_core/task/python/colcon_distutils_commands:/home/rayyan/robot_arm_ros2_ws/src/install/joint_state_publisher_gui/lib/python3.10/site-packages:/home/rayyan/robot_arm_ros2_ws/src/install/joint_state_publisher/lib/python3.10/site-packages /usr/bin/python3 -W ignore:setup.py install is deprecated -W ignore:easy_install command is deprecated setup.py egg_info --egg-base ../../build/joint_state_publisher_gui build --build-base /home/rayyan/robot_arm_ros2_ws/src/build/joint_state_publisher_gui/build install --record /home/rayyan/robot_arm_ros2_ws/src/build/joint_state_publisher_gui/install.log --single-version-externally-managed install_data
[14.701s] Level 1:colcon.colcon_core.environment:checking '/home/rayyan/robot_arm_ros2_ws/src/install/joint_state_publisher_gui' for CMake module files
[14.702s] Level 1:colcon.colcon_core.environment:checking '/home/rayyan/robot_arm_ros2_ws/src/install/joint_state_publisher_gui' for CMake config files
[14.704s] Level 1:colcon.colcon_core.environment:checking '/home/rayyan/robot_arm_ros2_ws/src/install/joint_state_publisher_gui/lib'
[14.704s] Level 1:colcon.colcon_core.environment:checking '/home/rayyan/robot_arm_ros2_ws/src/install/joint_state_publisher_gui/bin'
[14.704s] Level 1:colcon.colcon_core.environment:checking '/home/rayyan/robot_arm_ros2_ws/src/install/joint_state_publisher_gui/lib/pkgconfig/joint_state_publisher_gui.pc'
[14.708s] Level 1:colcon.colcon_core.environment:checking '/home/rayyan/robot_arm_ros2_ws/src/install/joint_state_publisher_gui/lib/python3.10/site-packages'
[14.709s] Level 1:colcon.colcon_core.shell:create_environment_hook('joint_state_publisher_gui', 'pythonpath')
[14.710s] INFO:colcon.colcon_core.shell:Creating environment hook '/home/rayyan/robot_arm_ros2_ws/src/install/joint_state_publisher_gui/share/joint_state_publisher_gui/hook/pythonpath.ps1'
[14.717s] DEBUG:colcon.colcon_core.event_handler.log_command:Invoked command in '/home/rayyan/robot_arm_ros2_ws/src/joint_state_publisher/joint_state_publisher_gui' returned '0': AMENT_PREFIX_PATH=/home/rayyan/robot_arm_ros2_ws/src/install/joint_state_publisher PYTHONPATH=/home/rayyan/robot_arm_ros2_ws/src/build/joint_state_publisher_gui/prefix_override:/usr/lib/python3/dist-packages/colcon_core/task/python/colcon_distutils_commands:/home/rayyan/robot_arm_ros2_ws/src/install/joint_state_publisher_gui/lib/python3.10/site-packages:/home/rayyan/robot_arm_ros2_ws/src/install/joint_state_publisher/lib/python3.10/site-packages /usr/bin/python3 -W ignore:setup.py install is deprecated -W ignore:easy_install command is deprecated setup.py egg_info --egg-base ../../build/joint_state_publisher_gui build --build-base /home/rayyan/robot_arm_ros2_ws/src/build/joint_state_publisher_gui/build install --record /home/rayyan/robot_arm_ros2_ws/src/build/joint_state_publisher_gui/install.log --single-version-externally-managed install_data
[14.718s] INFO:colcon.colcon_core.shell:Creating environment descriptor '/home/rayyan/robot_arm_ros2_ws/src/install/joint_state_publisher_gui/share/joint_state_publisher_gui/hook/pythonpath.dsv'
[14.719s] INFO:colcon.colcon_core.shell:Creating environment hook '/home/rayyan/robot_arm_ros2_ws/src/install/joint_state_publisher_gui/share/joint_state_publisher_gui/hook/pythonpath.sh'
[14.720s] Level 1:colcon.colcon_core.environment:checking '/home/rayyan/robot_arm_ros2_ws/src/install/joint_state_publisher_gui/bin'
[14.721s] Level 1:colcon.colcon_core.environment:create_environment_scripts_only(joint_state_publisher_gui)
[14.722s] INFO:colcon.colcon_core.shell:Creating package script '/home/rayyan/robot_arm_ros2_ws/src/install/joint_state_publisher_gui/share/joint_state_publisher_gui/package.ps1'
[14.724s] INFO:colcon.colcon_core.shell:Creating package descriptor '/home/rayyan/robot_arm_ros2_ws/src/install/joint_state_publisher_gui/share/joint_state_publisher_gui/package.dsv'
[14.725s] INFO:colcon.colcon_core.shell:Creating package script '/home/rayyan/robot_arm_ros2_ws/src/install/joint_state_publisher_gui/share/joint_state_publisher_gui/package.sh'
[14.726s] INFO:colcon.colcon_core.shell:Creating package script '/home/rayyan/robot_arm_ros2_ws/src/install/joint_state_publisher_gui/share/joint_state_publisher_gui/package.bash'
[14.729s] INFO:colcon.colcon_core.shell:Creating package script '/home/rayyan/robot_arm_ros2_ws/src/install/joint_state_publisher_gui/share/joint_state_publisher_gui/package.zsh'
[14.731s] Level 1:colcon.colcon_core.environment:create_file_with_runtime_dependencies(/home/rayyan/robot_arm_ros2_ws/src/install/joint_state_publisher_gui/share/colcon-core/packages/joint_state_publisher_gui)
[17.780s] DEBUG:colcon.colcon_core.event_handler.log_command:Invoked command in '/home/rayyan/robot_arm_ros2_ws/src/build/robot_arm_description' returned '1': /usr/bin/cmake /home/rayyan/robot_arm_ros2_ws/src/robot_arm_description -DCMAKE_INSTALL_PREFIX=/home/rayyan/robot_arm_ros2_ws/src/install/robot_arm_description
[17.809s] Level 1:colcon.colcon_core.environment:create_environment_scripts_only(robot_arm_description)
[17.810s] Level 1:colcon.colcon_core.environment:checking '/home/rayyan/robot_arm_ros2_ws/src/install/robot_arm_description' for CMake module files
[17.811s] Level 1:colcon.colcon_core.environment:checking '/home/rayyan/robot_arm_ros2_ws/src/install/robot_arm_description' for CMake config files
[17.812s] Level 1:colcon.colcon_core.environment:checking '/home/rayyan/robot_arm_ros2_ws/src/install/robot_arm_description/bin'
[17.812s] Level 1:colcon.colcon_core.environment:checking '/home/rayyan/robot_arm_ros2_ws/src/install/robot_arm_description/lib/pkgconfig/robot_arm_description.pc'
[17.812s] Level 1:colcon.colcon_core.environment:checking '/home/rayyan/robot_arm_ros2_ws/src/install/robot_arm_description/lib/python3.10/site-packages'
[17.813s] Level 1:colcon.colcon_core.environment:checking '/home/rayyan/robot_arm_ros2_ws/src/install/robot_arm_description/bin'
[17.814s] INFO:colcon.colcon_core.shell:Creating package script '/home/rayyan/robot_arm_ros2_ws/src/install/robot_arm_description/share/robot_arm_description/package.ps1'
[17.822s] INFO:colcon.colcon_core.shell:Creating package descriptor '/home/rayyan/robot_arm_ros2_ws/src/install/robot_arm_description/share/robot_arm_description/package.dsv'
[17.823s] INFO:colcon.colcon_core.shell:Creating package script '/home/rayyan/robot_arm_ros2_ws/src/install/robot_arm_description/share/robot_arm_description/package.sh'
[17.825s] INFO:colcon.colcon_core.shell:Creating package script '/home/rayyan/robot_arm_ros2_ws/src/install/robot_arm_description/share/robot_arm_description/package.bash'
[17.826s] INFO:colcon.colcon_core.shell:Creating package script '/home/rayyan/robot_arm_ros2_ws/src/install/robot_arm_description/share/robot_arm_description/package.zsh'
[17.827s] Level 1:colcon.colcon_core.environment:create_file_with_runtime_dependencies(/home/rayyan/robot_arm_ros2_ws/src/install/robot_arm_description/share/colcon-core/packages/robot_arm_description)
[17.832s] DEBUG:colcon.colcon_parallel_executor.executor.parallel:closing loop
[17.839s] DEBUG:colcon.colcon_parallel_executor.executor.parallel:loop closed
[17.840s] DEBUG:colcon.colcon_parallel_executor.executor.parallel:run_until_complete finished with '1'
[17.842s] DEBUG:colcon.colcon_core.event_reactor:joining thread
[18.025s] INFO:colcon.colcon_core.plugin_system:Skipping extension 'colcon_notification.desktop_notification.notify_send': Could not find 'notify-send'
[18.026s] INFO:colcon.colcon_core.plugin_system:Skipping extension 'colcon_notification.desktop_notification.terminal_notifier': Not used on non-Darwin systems
[18.026s] INFO:colcon.colcon_core.plugin_system:Skipping extension 'colcon_notification.desktop_notification.win32': Not used on non-Windows systems
[18.027s] INFO:colcon.colcon_notification.desktop_notification:Sending desktop notification using 'notify2'
[18.027s] DEBUG:colcon.colcon_notification.desktop_notification.notify2:Failed to initialize notify2: org.freedesktop.DBus.Error.FileNotFound: Failed to connect to socket /run/user/1000/bus: No such file or directory
[18.027s] DEBUG:colcon.colcon_core.event_reactor:joined thread
[18.028s] INFO:colcon.colcon_core.shell:Creating prefix script '/home/rayyan/robot_arm_ros2_ws/src/install/local_setup.ps1'
[18.032s] INFO:colcon.colcon_core.shell:Creating prefix util module '/home/rayyan/robot_arm_ros2_ws/src/install/_local_setup_util_ps1.py'
[18.041s] INFO:colcon.colcon_core.shell:Creating prefix chain script '/home/rayyan/robot_arm_ros2_ws/src/install/setup.ps1'
[18.046s] INFO:colcon.colcon_core.shell:Creating prefix script '/home/rayyan/robot_arm_ros2_ws/src/install/local_setup.sh'
[18.068s] INFO:colcon.colcon_core.shell:Creating prefix util module '/home/rayyan/robot_arm_ros2_ws/src/install/_local_setup_util_sh.py'
[18.071s] INFO:colcon.colcon_core.shell:Creating prefix chain script '/home/rayyan/robot_arm_ros2_ws/src/install/setup.sh'
[18.078s] INFO:colcon.colcon_core.shell:Creating prefix script '/home/rayyan/robot_arm_ros2_ws/src/install/local_setup.bash'
[18.080s] INFO:colcon.colcon_core.shell:Creating prefix chain script '/home/rayyan/robot_arm_ros2_ws/src/install/setup.bash'
[18.084s] INFO:colcon.colcon_core.shell:Creating prefix script '/home/rayyan/robot_arm_ros2_ws/src/install/local_setup.zsh'
[18.086s] INFO:colcon.colcon_core.shell:Creating prefix chain script '/home/rayyan/robot_arm_ros2_ws/src/install/setup.zsh'
