[3.470s] Invoking command in '/home/rayyan/robot_arm_ros2_ws/build/robot_arm_description': CMAKE_PREFIX_PATH=/opt/ros/humble /usr/bin/cmake --build /home/rayyan/robot_arm_ros2_ws/build/robot_arm_description -- -j4 -l4
[7.512s] Invoked command in '/home/rayyan/robot_arm_ros2_ws/build/robot_arm_description' returned '0': CMAKE_PREFIX_PATH=/opt/ros/humble /usr/bin/cmake --build /home/rayyan/robot_arm_ros2_ws/build/robot_arm_description -- -j4 -l4
[7.602s] Invoking command in '/home/rayyan/robot_arm_ros2_ws/build/robot_arm_description': CMAKE_PREFIX_PATH=/opt/ros/humble /usr/bin/cmake --install /home/rayyan/robot_arm_ros2_ws/build/robot_arm_description
[7.631s] -- Install configuration: ""
[7.633s] -- Execute custom install script
[7.635s] -- Up-to-date symlink: /home/rayyan/robot_arm_ros2_ws/install/robot_arm_description/share/robot_arm_description//urdf/robot_arm.urdf
[7.635s] -- Up-to-date symlink: /home/rayyan/robot_arm_ros2_ws/install/robot_arm_description/share/robot_arm_description//rviz/config.rviz
[7.636s] -- Up-to-date symlink: /home/rayyan/robot_arm_ros2_ws/install/robot_arm_description/share/robot_arm_description//launch/display.launch.py
[7.638s] -- Up-to-date symlink: /home/rayyan/robot_arm_ros2_ws/install/robot_arm_description/share/robot_arm_description//meshes/stl/arm_1.stl
[7.639s] -- Up-to-date symlink: /home/rayyan/robot_arm_ros2_ws/install/robot_arm_description/share/robot_arm_description//meshes/stl/arm_2.stl
[7.642s] -- Up-to-date symlink: /home/rayyan/robot_arm_ros2_ws/install/robot_arm_description/share/robot_arm_description//meshes/stl/base.stl
[7.643s] -- Up-to-date symlink: /home/rayyan/robot_arm_ros2_ws/install/robot_arm_description/share/robot_arm_description//meshes/stl/cube.stl
[7.643s] -- Up-to-date symlink: /home/rayyan/robot_arm_ros2_ws/install/robot_arm_description/share/robot_arm_description//meshes/stl/gripper.stl
[7.643s] -- Up-to-date symlink: /home/rayyan/robot_arm_ros2_ws/install/robot_arm_description/share/robot_arm_description//meshes/stl/gripper_1.stl
[7.643s] -- Up-to-date symlink: /home/rayyan/robot_arm_ros2_ws/install/robot_arm_description/share/robot_arm_description//meshes/stl/waist.stl
[7.644s] -- Up-to-date symlink: /home/rayyan/robot_arm_ros2_ws/install/robot_arm_description/share/robot_arm_description//meshes/stl/waist_1.stl
[7.644s] -- Up-to-date symlink: /home/rayyan/robot_arm_ros2_ws/install/robot_arm_description/share/ament_index/resource_index/package_run_dependencies/robot_arm_description
[7.648s] -- Up-to-date symlink: /home/rayyan/robot_arm_ros2_ws/install/robot_arm_description/share/ament_index/resource_index/parent_prefix_path/robot_arm_description
[7.648s] -- Up-to-date symlink: /home/rayyan/robot_arm_ros2_ws/install/robot_arm_description/share/robot_arm_description/environment/ament_prefix_path.sh
[7.649s] -- Up-to-date symlink: /home/rayyan/robot_arm_ros2_ws/install/robot_arm_description/share/robot_arm_description/environment/ament_prefix_path.dsv
[7.649s] -- Up-to-date symlink: /home/rayyan/robot_arm_ros2_ws/install/robot_arm_description/share/robot_arm_description/environment/path.sh
[7.650s] -- Up-to-date symlink: /home/rayyan/robot_arm_ros2_ws/install/robot_arm_description/share/robot_arm_description/environment/path.dsv
[7.653s] -- Up-to-date symlink: /home/rayyan/robot_arm_ros2_ws/install/robot_arm_description/share/robot_arm_description/local_setup.bash
[7.653s] -- Up-to-date symlink: /home/rayyan/robot_arm_ros2_ws/install/robot_arm_description/share/robot_arm_description/local_setup.sh
[7.654s] -- Up-to-date symlink: /home/rayyan/robot_arm_ros2_ws/install/robot_arm_description/share/robot_arm_description/local_setup.zsh
[7.654s] -- Up-to-date symlink: /home/rayyan/robot_arm_ros2_ws/install/robot_arm_description/share/robot_arm_description/local_setup.dsv
[7.654s] -- Symlinking: /home/rayyan/robot_arm_ros2_ws/install/robot_arm_description/share/robot_arm_description/package.dsv
[7.756s] -- Up-to-date symlink: /home/rayyan/robot_arm_ros2_ws/install/robot_arm_description/share/ament_index/resource_index/packages/robot_arm_description
[7.756s] -- Up-to-date symlink: /home/rayyan/robot_arm_ros2_ws/install/robot_arm_description/share/robot_arm_description/cmake/robot_arm_descriptionConfig.cmake
[7.756s] -- Up-to-date symlink: /home/rayyan/robot_arm_ros2_ws/install/robot_arm_description/share/robot_arm_description/cmake/robot_arm_descriptionConfig-version.cmake
[7.756s] -- Up-to-date symlink: /home/rayyan/robot_arm_ros2_ws/install/robot_arm_description/share/robot_arm_description/package.xml
[7.805s] Invoked command in '/home/rayyan/robot_arm_ros2_ws/build/robot_arm_description' returned '0': CMAKE_PREFIX_PATH=/opt/ros/humble /usr/bin/cmake --install /home/rayyan/robot_arm_ros2_ws/build/robot_arm_description
