[0.251s] Invoking command in '/home/rayyan/robot_arm_ros2_ws/build/moveit_pkg': AMENT_PREFIX_PATH=/home/rayyan/robot_arm_ros2_ws/install/joint_state_publisher_gui:/home/rayyan/robot_arm_ros2_ws/install/robot_arm_description:/home/rayyan/robot_arm_ros2_ws/install/joint_state_publisher:${AMENT_PREFIX_PATH} CMAKE_PREFIX_PATH=/home/rayyan/robot_arm_ros2_ws/install/robot_arm_description:/opt/ros/humble PYTHONPATH=/home/rayyan/robot_arm_ros2_ws/install/joint_state_publisher_gui/lib/python3.10/site-packages:/home/rayyan/robot_arm_ros2_ws/install/joint_state_publisher/lib/python3.10/site-packages:${PYTHONPATH} /usr/bin/cmake --build /home/rayyan/robot_arm_ros2_ws/build/moveit_pkg -- -j4 -l4
[0.334s] Invoked command in '/home/rayyan/robot_arm_ros2_ws/build/moveit_pkg' returned '0': AMENT_PREFIX_PATH=/home/rayyan/robot_arm_ros2_ws/install/joint_state_publisher_gui:/home/rayyan/robot_arm_ros2_ws/install/robot_arm_description:/home/rayyan/robot_arm_ros2_ws/install/joint_state_publisher:${AMENT_PREFIX_PATH} CMAKE_PREFIX_PATH=/home/rayyan/robot_arm_ros2_ws/install/robot_arm_description:/opt/ros/humble PYTHONPATH=/home/rayyan/robot_arm_ros2_ws/install/joint_state_publisher_gui/lib/python3.10/site-packages:/home/rayyan/robot_arm_ros2_ws/install/joint_state_publisher/lib/python3.10/site-packages:${PYTHONPATH} /usr/bin/cmake --build /home/rayyan/robot_arm_ros2_ws/build/moveit_pkg -- -j4 -l4
[0.337s] Invoking command in '/home/rayyan/robot_arm_ros2_ws/build/moveit_pkg': AMENT_PREFIX_PATH=/home/rayyan/robot_arm_ros2_ws/install/joint_state_publisher_gui:/home/rayyan/robot_arm_ros2_ws/install/robot_arm_description:/home/rayyan/robot_arm_ros2_ws/install/joint_state_publisher:${AMENT_PREFIX_PATH} CMAKE_PREFIX_PATH=/home/rayyan/robot_arm_ros2_ws/install/robot_arm_description:/opt/ros/humble PYTHONPATH=/home/rayyan/robot_arm_ros2_ws/install/joint_state_publisher_gui/lib/python3.10/site-packages:/home/rayyan/robot_arm_ros2_ws/install/joint_state_publisher/lib/python3.10/site-packages:${PYTHONPATH} /usr/bin/cmake --install /home/rayyan/robot_arm_ros2_ws/build/moveit_pkg
[0.349s] -- Install configuration: ""
[0.349s] -- Up-to-date: /home/rayyan/robot_arm_ros2_ws/install/moveit_pkg/share/ament_index/resource_index/package_run_dependencies/moveit_pkg
[0.363s] -- Up-to-date: /home/rayyan/robot_arm_ros2_ws/install/moveit_pkg/share/ament_index/resource_index/parent_prefix_path/moveit_pkg
[0.365s] -- Up-to-date: /home/rayyan/robot_arm_ros2_ws/install/moveit_pkg/share/moveit_pkg/environment/ament_prefix_path.sh
[0.366s] -- Up-to-date: /home/rayyan/robot_arm_ros2_ws/install/moveit_pkg/share/moveit_pkg/environment/ament_prefix_path.dsv
[0.367s] -- Up-to-date: /home/rayyan/robot_arm_ros2_ws/install/moveit_pkg/share/moveit_pkg/environment/path.sh
[0.367s] -- Up-to-date: /home/rayyan/robot_arm_ros2_ws/install/moveit_pkg/share/moveit_pkg/environment/path.dsv
[0.368s] -- Up-to-date: /home/rayyan/robot_arm_ros2_ws/install/moveit_pkg/share/moveit_pkg/local_setup.bash
[0.368s] -- Up-to-date: /home/rayyan/robot_arm_ros2_ws/install/moveit_pkg/share/moveit_pkg/local_setup.sh
[0.369s] -- Up-to-date: /home/rayyan/robot_arm_ros2_ws/install/moveit_pkg/share/moveit_pkg/local_setup.zsh
[0.370s] -- Up-to-date: /home/rayyan/robot_arm_ros2_ws/install/moveit_pkg/share/moveit_pkg/local_setup.dsv
[0.371s] -- Installing: /home/rayyan/robot_arm_ros2_ws/install/moveit_pkg/share/moveit_pkg/package.dsv
[0.372s] -- Up-to-date: /home/rayyan/robot_arm_ros2_ws/install/moveit_pkg/share/ament_index/resource_index/packages/moveit_pkg
[0.373s] -- Up-to-date: /home/rayyan/robot_arm_ros2_ws/install/moveit_pkg/share/moveit_pkg/cmake/moveit_pkgConfig.cmake
[0.373s] -- Up-to-date: /home/rayyan/robot_arm_ros2_ws/install/moveit_pkg/share/moveit_pkg/cmake/moveit_pkgConfig-version.cmake
[0.373s] -- Up-to-date: /home/rayyan/robot_arm_ros2_ws/install/moveit_pkg/share/moveit_pkg/package.xml
[0.373s] -- Up-to-date: /home/rayyan/robot_arm_ros2_ws/install/moveit_pkg/share/moveit_pkg/launch
[0.374s] -- Up-to-date: /home/rayyan/robot_arm_ros2_ws/install/moveit_pkg/share/moveit_pkg/launch/static_virtual_joint_tfs.launch.py
[0.375s] -- Up-to-date: /home/rayyan/robot_arm_ros2_ws/install/moveit_pkg/share/moveit_pkg/launch/warehouse_db.launch.py
[0.376s] -- Up-to-date: /home/rayyan/robot_arm_ros2_ws/install/moveit_pkg/share/moveit_pkg/launch/rsp.launch.py
[0.376s] -- Up-to-date: /home/rayyan/robot_arm_ros2_ws/install/moveit_pkg/share/moveit_pkg/launch/spawn_controllers.launch.py
[0.377s] -- Up-to-date: /home/rayyan/robot_arm_ros2_ws/install/moveit_pkg/share/moveit_pkg/launch/moveit_rviz.launch.py
[0.378s] -- Up-to-date: /home/rayyan/robot_arm_ros2_ws/install/moveit_pkg/share/moveit_pkg/launch/demo.launch.py
[0.379s] -- Up-to-date: /home/rayyan/robot_arm_ros2_ws/install/moveit_pkg/share/moveit_pkg/launch/setup_assistant.launch.py
[0.380s] -- Up-to-date: /home/rayyan/robot_arm_ros2_ws/install/moveit_pkg/share/moveit_pkg/launch/move_group.launch.py
[0.380s] -- Up-to-date: /home/rayyan/robot_arm_ros2_ws/install/moveit_pkg/share/moveit_pkg/config
[0.381s] -- Up-to-date: /home/rayyan/robot_arm_ros2_ws/install/moveit_pkg/share/moveit_pkg/config/moveit.rviz
[0.383s] -- Up-to-date: /home/rayyan/robot_arm_ros2_ws/install/moveit_pkg/share/moveit_pkg/config/kinematics.yaml
[0.383s] -- Up-to-date: /home/rayyan/robot_arm_ros2_ws/install/moveit_pkg/share/moveit_pkg/config/arduino_robot_arm.srdf
[0.383s] -- Up-to-date: /home/rayyan/robot_arm_ros2_ws/install/moveit_pkg/share/moveit_pkg/config/pilz_cartesian_limits.yaml
[0.384s] -- Up-to-date: /home/rayyan/robot_arm_ros2_ws/install/moveit_pkg/share/moveit_pkg/config/joint_limits.yaml
[0.384s] -- Up-to-date: /home/rayyan/robot_arm_ros2_ws/install/moveit_pkg/share/moveit_pkg/config/arduino_robot_arm.ros2_control.xacro
[0.384s] -- Up-to-date: /home/rayyan/robot_arm_ros2_ws/install/moveit_pkg/share/moveit_pkg/config/arduino_robot_arm.urdf.xacro
[0.385s] -- Up-to-date: /home/rayyan/robot_arm_ros2_ws/install/moveit_pkg/share/moveit_pkg/config/initial_positions.yaml
[0.385s] -- Up-to-date: /home/rayyan/robot_arm_ros2_ws/install/moveit_pkg/share/moveit_pkg/config/moveit_controllers.yaml
[0.386s] -- Up-to-date: /home/rayyan/robot_arm_ros2_ws/install/moveit_pkg/share/moveit_pkg/config/ros2_controllers.yaml
[0.386s] Invoked command in '/home/rayyan/robot_arm_ros2_ws/build/moveit_pkg' returned '0': AMENT_PREFIX_PATH=/home/rayyan/robot_arm_ros2_ws/install/joint_state_publisher_gui:/home/rayyan/robot_arm_ros2_ws/install/robot_arm_description:/home/rayyan/robot_arm_ros2_ws/install/joint_state_publisher:${AMENT_PREFIX_PATH} CMAKE_PREFIX_PATH=/home/rayyan/robot_arm_ros2_ws/install/robot_arm_description:/opt/ros/humble PYTHONPATH=/home/rayyan/robot_arm_ros2_ws/install/joint_state_publisher_gui/lib/python3.10/site-packages:/home/rayyan/robot_arm_ros2_ws/install/joint_state_publisher/lib/python3.10/site-packages:${PYTHONPATH} /usr/bin/cmake --install /home/rayyan/robot_arm_ros2_ws/build/moveit_pkg
