[1.414s] DEBUG:colcon:Command line arguments: ['/usr/bin/colcon', 'build']
[1.415s] DEBUG:colcon:Parsed command line arguments: Namespace(log_base=None, log_level=None, verb_name='build', build_base='build', install_base='install', merge_install=False, symlink_install=False, test_result_base=None, continue_on_error=False, executor='parallel', parallel_workers=4, event_handlers=None, ignore_user_meta=False, metas=['./colcon.meta'], base_paths=['.'], packages_ignore=None, packages_ignore_regex=None, paths=None, packages_up_to=None, packages_up_to_regex=None, packages_above=None, packages_above_and_dependencies=None, packages_above_depth=None, packages_select_by_dep=None, packages_skip_by_dep=None, packages_skip_up_to=None, packages_select_build_failed=False, packages_skip_build_finished=False, packages_select_test_failures=False, packages_skip_test_passed=False, packages_select=None, packages_skip=None, packages_select_regex=None, packages_skip_regex=None, packages_start=None, packages_end=None, allow_overriding=[], cmake_args=None, cmake_target=None, cmake_target_skip_unavailable=False, cmake_clean_cache=False, cmake_clean_first=False, cmake_force_configure=False, ament_cmake_args=None, catkin_cmake_args=None, catkin_skip_building_tests=False, mixin_files=None, mixin=None, verb_parser=<colcon_mixin.mixin.mixin_argument.MixinArgumentDecorator object at 0x7f147e6ddf00>, verb_extension=<colcon_core.verb.build.BuildVerb object at 0x7f147e7e6e30>, main=<bound method BuildVerb.main of <colcon_core.verb.build.BuildVerb object at 0x7f147e7e6e30>>, mixin_verb=('build',))
[2.722s] Level 1:colcon.colcon_core.package_discovery:discover_packages(colcon_meta) check parameters
[2.723s] Level 1:colcon.colcon_core.package_discovery:discover_packages(recursive) check parameters
[2.723s] Level 1:colcon.colcon_core.package_discovery:discover_packages(ignore) check parameters
[2.723s] Level 1:colcon.colcon_core.package_discovery:discover_packages(path) check parameters
[2.723s] Level 1:colcon.colcon_core.package_discovery:discover_packages(colcon_meta) discover
[2.723s] Level 1:colcon.colcon_core.package_discovery:discover_packages(recursive) discover
[2.723s] INFO:colcon.colcon_core.package_discovery:Crawling recursively for packages in '/home/rayyan/robot_arm_ros2_ws'
[2.724s] Level 1:colcon.colcon_core.package_identification:_identify(.) by extensions ['ignore', 'ignore_ament_install']
[2.724s] Level 1:colcon.colcon_core.package_identification:_identify(.) by extension 'ignore'
[2.724s] Level 1:colcon.colcon_core.package_identification:_identify(.) by extension 'ignore_ament_install'
[2.724s] Level 1:colcon.colcon_core.package_identification:_identify(.) by extensions ['colcon_pkg']
[2.724s] Level 1:colcon.colcon_core.package_identification:_identify(.) by extension 'colcon_pkg'
[2.725s] Level 1:colcon.colcon_core.package_identification:_identify(.) by extensions ['colcon_meta']
[2.725s] Level 1:colcon.colcon_core.package_identification:_identify(.) by extension 'colcon_meta'
[2.725s] Level 1:colcon.colcon_core.package_identification:_identify(.) by extensions ['ros']
[2.725s] Level 1:colcon.colcon_core.package_identification:_identify(.) by extension 'ros'
[2.781s] Level 1:colcon.colcon_core.package_identification:_identify(.) by extensions ['cmake', 'python']
[2.782s] Level 1:colcon.colcon_core.package_identification:_identify(.) by extension 'cmake'
[2.782s] Level 1:colcon.colcon_core.package_identification:_identify(.) by extension 'python'
[2.782s] Level 1:colcon.colcon_core.package_identification:_identify(.) by extensions ['python_setup_py']
[2.782s] Level 1:colcon.colcon_core.package_identification:_identify(.) by extension 'python_setup_py'
[2.783s] Level 1:colcon.colcon_core.package_identification:_identify(build) by extensions ['ignore', 'ignore_ament_install']
[2.783s] Level 1:colcon.colcon_core.package_identification:_identify(build) by extension 'ignore'
[2.784s] Level 1:colcon.colcon_core.package_identification:_identify(build) ignored
[2.784s] Level 1:colcon.colcon_core.package_identification:_identify(install) by extensions ['ignore', 'ignore_ament_install']
[2.785s] Level 1:colcon.colcon_core.package_identification:_identify(install) by extension 'ignore'
[2.785s] Level 1:colcon.colcon_core.package_identification:_identify(install) ignored
[2.785s] Level 1:colcon.colcon_core.package_identification:_identify(log) by extensions ['ignore', 'ignore_ament_install']
[2.786s] Level 1:colcon.colcon_core.package_identification:_identify(log) by extension 'ignore'
[2.786s] Level 1:colcon.colcon_core.package_identification:_identify(log) ignored
[2.786s] Level 1:colcon.colcon_core.package_identification:_identify(src) by extensions ['ignore', 'ignore_ament_install']
[2.794s] Level 1:colcon.colcon_core.package_identification:_identify(src) by extension 'ignore'
[2.794s] Level 1:colcon.colcon_core.package_identification:_identify(src) by extension 'ignore_ament_install'
[2.795s] Level 1:colcon.colcon_core.package_identification:_identify(src) by extensions ['colcon_pkg']
[2.795s] Level 1:colcon.colcon_core.package_identification:_identify(src) by extension 'colcon_pkg'
[2.795s] Level 1:colcon.colcon_core.package_identification:_identify(src) by extensions ['colcon_meta']
[2.795s] Level 1:colcon.colcon_core.package_identification:_identify(src) by extension 'colcon_meta'
[2.795s] Level 1:colcon.colcon_core.package_identification:_identify(src) by extensions ['ros']
[2.796s] Level 1:colcon.colcon_core.package_identification:_identify(src) by extension 'ros'
[2.796s] Level 1:colcon.colcon_core.package_identification:_identify(src) by extensions ['cmake', 'python']
[2.796s] Level 1:colcon.colcon_core.package_identification:_identify(src) by extension 'cmake'
[2.796s] Level 1:colcon.colcon_core.package_identification:_identify(src) by extension 'python'
[2.796s] Level 1:colcon.colcon_core.package_identification:_identify(src) by extensions ['python_setup_py']
[2.796s] Level 1:colcon.colcon_core.package_identification:_identify(src) by extension 'python_setup_py'
[2.797s] Level 1:colcon.colcon_core.package_identification:_identify(src/build) by extensions ['ignore', 'ignore_ament_install']
[2.798s] Level 1:colcon.colcon_core.package_identification:_identify(src/build) by extension 'ignore'
[2.799s] Level 1:colcon.colcon_core.package_identification:_identify(src/build) ignored
[2.799s] Level 1:colcon.colcon_core.package_identification:_identify(src/custom_arm_controller) by extensions ['ignore', 'ignore_ament_install']
[2.800s] Level 1:colcon.colcon_core.package_identification:_identify(src/custom_arm_controller) by extension 'ignore'
[2.801s] Level 1:colcon.colcon_core.package_identification:_identify(src/custom_arm_controller) by extension 'ignore_ament_install'
[2.802s] Level 1:colcon.colcon_core.package_identification:_identify(src/custom_arm_controller) by extensions ['colcon_pkg']
[2.802s] Level 1:colcon.colcon_core.package_identification:_identify(src/custom_arm_controller) by extension 'colcon_pkg'
[2.803s] Level 1:colcon.colcon_core.package_identification:_identify(src/custom_arm_controller) by extensions ['colcon_meta']
[2.803s] Level 1:colcon.colcon_core.package_identification:_identify(src/custom_arm_controller) by extension 'colcon_meta'
[2.812s] Level 1:colcon.colcon_core.package_identification:_identify(src/custom_arm_controller) by extensions ['ros']
[2.813s] Level 1:colcon.colcon_core.package_identification:_identify(src/custom_arm_controller) by extension 'ros'
[2.831s] DEBUG:colcon.colcon_core.package_identification:Package 'src/custom_arm_controller' with type 'ros.ament_python' and name 'custom_arm_controller'
[2.832s] Level 1:colcon.colcon_core.package_identification:_identify(src/install) by extensions ['ignore', 'ignore_ament_install']
[2.832s] Level 1:colcon.colcon_core.package_identification:_identify(src/install) by extension 'ignore'
[2.833s] Level 1:colcon.colcon_core.package_identification:_identify(src/install) ignored
[2.833s] Level 1:colcon.colcon_core.package_identification:_identify(src/joint_state_publisher) by extensions ['ignore', 'ignore_ament_install']
[2.833s] Level 1:colcon.colcon_core.package_identification:_identify(src/joint_state_publisher) by extension 'ignore'
[2.834s] Level 1:colcon.colcon_core.package_identification:_identify(src/joint_state_publisher) by extension 'ignore_ament_install'
[2.834s] Level 1:colcon.colcon_core.package_identification:_identify(src/joint_state_publisher) by extensions ['colcon_pkg']
[2.834s] Level 1:colcon.colcon_core.package_identification:_identify(src/joint_state_publisher) by extension 'colcon_pkg'
[2.834s] Level 1:colcon.colcon_core.package_identification:_identify(src/joint_state_publisher) by extensions ['colcon_meta']
[2.834s] Level 1:colcon.colcon_core.package_identification:_identify(src/joint_state_publisher) by extension 'colcon_meta'
[2.834s] Level 1:colcon.colcon_core.package_identification:_identify(src/joint_state_publisher) by extensions ['ros']
[2.835s] Level 1:colcon.colcon_core.package_identification:_identify(src/joint_state_publisher) by extension 'ros'
[2.835s] Level 1:colcon.colcon_core.package_identification:_identify(src/joint_state_publisher) by extensions ['cmake', 'python']
[2.835s] Level 1:colcon.colcon_core.package_identification:_identify(src/joint_state_publisher) by extension 'cmake'
[2.835s] Level 1:colcon.colcon_core.package_identification:_identify(src/joint_state_publisher) by extension 'python'
[2.835s] Level 1:colcon.colcon_core.package_identification:_identify(src/joint_state_publisher) by extensions ['python_setup_py']
[2.835s] Level 1:colcon.colcon_core.package_identification:_identify(src/joint_state_publisher) by extension 'python_setup_py'
[2.836s] Level 1:colcon.colcon_core.package_identification:_identify(src/joint_state_publisher/joint_state_publisher) by extensions ['ignore', 'ignore_ament_install']
[2.836s] Level 1:colcon.colcon_core.package_identification:_identify(src/joint_state_publisher/joint_state_publisher) by extension 'ignore'
[2.836s] Level 1:colcon.colcon_core.package_identification:_identify(src/joint_state_publisher/joint_state_publisher) by extension 'ignore_ament_install'
[2.836s] Level 1:colcon.colcon_core.package_identification:_identify(src/joint_state_publisher/joint_state_publisher) by extensions ['colcon_pkg']
[2.837s] Level 1:colcon.colcon_core.package_identification:_identify(src/joint_state_publisher/joint_state_publisher) by extension 'colcon_pkg'
[2.837s] Level 1:colcon.colcon_core.package_identification:_identify(src/joint_state_publisher/joint_state_publisher) by extensions ['colcon_meta']
[2.837s] Level 1:colcon.colcon_core.package_identification:_identify(src/joint_state_publisher/joint_state_publisher) by extension 'colcon_meta'
[2.837s] Level 1:colcon.colcon_core.package_identification:_identify(src/joint_state_publisher/joint_state_publisher) by extensions ['ros']
[2.837s] Level 1:colcon.colcon_core.package_identification:_identify(src/joint_state_publisher/joint_state_publisher) by extension 'ros'
[2.840s] DEBUG:colcon.colcon_core.package_identification:Package 'src/joint_state_publisher/joint_state_publisher' with type 'ros.ament_python' and name 'joint_state_publisher'
[2.840s] Level 1:colcon.colcon_core.package_identification:_identify(src/joint_state_publisher/joint_state_publisher_gui) by extensions ['ignore', 'ignore_ament_install']
[2.841s] Level 1:colcon.colcon_core.package_identification:_identify(src/joint_state_publisher/joint_state_publisher_gui) by extension 'ignore'
[2.841s] Level 1:colcon.colcon_core.package_identification:_identify(src/joint_state_publisher/joint_state_publisher_gui) by extension 'ignore_ament_install'
[2.851s] Level 1:colcon.colcon_core.package_identification:_identify(src/joint_state_publisher/joint_state_publisher_gui) by extensions ['colcon_pkg']
[2.851s] Level 1:colcon.colcon_core.package_identification:_identify(src/joint_state_publisher/joint_state_publisher_gui) by extension 'colcon_pkg'
[2.852s] Level 1:colcon.colcon_core.package_identification:_identify(src/joint_state_publisher/joint_state_publisher_gui) by extensions ['colcon_meta']
[2.852s] Level 1:colcon.colcon_core.package_identification:_identify(src/joint_state_publisher/joint_state_publisher_gui) by extension 'colcon_meta'
[2.852s] Level 1:colcon.colcon_core.package_identification:_identify(src/joint_state_publisher/joint_state_publisher_gui) by extensions ['ros']
[2.853s] Level 1:colcon.colcon_core.package_identification:_identify(src/joint_state_publisher/joint_state_publisher_gui) by extension 'ros'
[2.855s] DEBUG:colcon.colcon_core.package_identification:Package 'src/joint_state_publisher/joint_state_publisher_gui' with type 'ros.ament_python' and name 'joint_state_publisher_gui'
[2.856s] Level 1:colcon.colcon_core.package_identification:_identify(src/log) by extensions ['ignore', 'ignore_ament_install']
[2.856s] Level 1:colcon.colcon_core.package_identification:_identify(src/log) by extension 'ignore'
[2.856s] Level 1:colcon.colcon_core.package_identification:_identify(src/log) ignored
[2.857s] Level 1:colcon.colcon_core.package_identification:_identify(src/moveit_pkg) by extensions ['ignore', 'ignore_ament_install']
[2.857s] Level 1:colcon.colcon_core.package_identification:_identify(src/moveit_pkg) by extension 'ignore'
[2.857s] Level 1:colcon.colcon_core.package_identification:_identify(src/moveit_pkg) by extension 'ignore_ament_install'
[2.857s] Level 1:colcon.colcon_core.package_identification:_identify(src/moveit_pkg) by extensions ['colcon_pkg']
[2.858s] Level 1:colcon.colcon_core.package_identification:_identify(src/moveit_pkg) by extension 'colcon_pkg'
[2.858s] Level 1:colcon.colcon_core.package_identification:_identify(src/moveit_pkg) by extensions ['colcon_meta']
[2.858s] Level 1:colcon.colcon_core.package_identification:_identify(src/moveit_pkg) by extension 'colcon_meta'
[2.858s] Level 1:colcon.colcon_core.package_identification:_identify(src/moveit_pkg) by extensions ['ros']
[2.858s] Level 1:colcon.colcon_core.package_identification:_identify(src/moveit_pkg) by extension 'ros'
[2.868s] DEBUG:colcon.colcon_core.package_identification:Package 'src/moveit_pkg' with type 'ros.ament_cmake' and name 'moveit_pkg'
[2.868s] Level 1:colcon.colcon_core.package_identification:_identify(src/robot_arm_description) by extensions ['ignore', 'ignore_ament_install']
[2.869s] Level 1:colcon.colcon_core.package_identification:_identify(src/robot_arm_description) by extension 'ignore'
[2.869s] Level 1:colcon.colcon_core.package_identification:_identify(src/robot_arm_description) by extension 'ignore_ament_install'
[2.869s] Level 1:colcon.colcon_core.package_identification:_identify(src/robot_arm_description) by extensions ['colcon_pkg']
[2.870s] Level 1:colcon.colcon_core.package_identification:_identify(src/robot_arm_description) by extension 'colcon_pkg'
[2.870s] Level 1:colcon.colcon_core.package_identification:_identify(src/robot_arm_description) by extensions ['colcon_meta']
[2.870s] Level 1:colcon.colcon_core.package_identification:_identify(src/robot_arm_description) by extension 'colcon_meta'
[2.870s] Level 1:colcon.colcon_core.package_identification:_identify(src/robot_arm_description) by extensions ['ros']
[2.870s] Level 1:colcon.colcon_core.package_identification:_identify(src/robot_arm_description) by extension 'ros'
[2.873s] DEBUG:colcon.colcon_core.package_identification:Package 'src/robot_arm_description' with type 'ros.ament_cmake' and name 'robot_arm_description'
[2.874s] Level 1:colcon.colcon_core.package_discovery:discover_packages(recursive) using defaults
[2.874s] Level 1:colcon.colcon_core.package_discovery:discover_packages(ignore) discover
[2.874s] Level 1:colcon.colcon_core.package_discovery:discover_packages(ignore) using defaults
[2.875s] Level 1:colcon.colcon_core.package_discovery:discover_packages(path) discover
[2.875s] Level 1:colcon.colcon_core.package_discovery:discover_packages(path) using defaults
[3.084s] Level 1:colcon.colcon_core.package_discovery:discover_packages(prefix_path) check parameters
[3.084s] Level 1:colcon.colcon_core.package_discovery:discover_packages(prefix_path) discover
[3.096s] DEBUG:colcon.colcon_installed_package_information.package_discovery:Found 316 installed packages in /opt/ros/humble
[3.108s] Level 1:colcon.colcon_core.package_discovery:discover_packages(prefix_path) using defaults
[3.460s] Level 5:colcon.colcon_core.verb:set package 'custom_arm_controller' build argument 'cmake_args' from command line to 'None'
[3.460s] Level 5:colcon.colcon_core.verb:set package 'custom_arm_controller' build argument 'cmake_target' from command line to 'None'
[3.461s] Level 5:colcon.colcon_core.verb:set package 'custom_arm_controller' build argument 'cmake_target_skip_unavailable' from command line to 'False'
[3.461s] Level 5:colcon.colcon_core.verb:set package 'custom_arm_controller' build argument 'cmake_clean_cache' from command line to 'False'
[3.461s] Level 5:colcon.colcon_core.verb:set package 'custom_arm_controller' build argument 'cmake_clean_first' from command line to 'False'
[3.461s] Level 5:colcon.colcon_core.verb:set package 'custom_arm_controller' build argument 'cmake_force_configure' from command line to 'False'
[3.461s] Level 5:colcon.colcon_core.verb:set package 'custom_arm_controller' build argument 'ament_cmake_args' from command line to 'None'
[3.461s] Level 5:colcon.colcon_core.verb:set package 'custom_arm_controller' build argument 'catkin_cmake_args' from command line to 'None'
[3.461s] Level 5:colcon.colcon_core.verb:set package 'custom_arm_controller' build argument 'catkin_skip_building_tests' from command line to 'False'
[3.461s] DEBUG:colcon.colcon_core.verb:Building package 'custom_arm_controller' with the following arguments: {'ament_cmake_args': None, 'build_base': '/home/rayyan/robot_arm_ros2_ws/build/custom_arm_controller', 'catkin_cmake_args': None, 'catkin_skip_building_tests': False, 'cmake_args': None, 'cmake_clean_cache': False, 'cmake_clean_first': False, 'cmake_force_configure': False, 'cmake_target': None, 'cmake_target_skip_unavailable': False, 'install_base': '/home/rayyan/robot_arm_ros2_ws/install/custom_arm_controller', 'merge_install': False, 'path': '/home/rayyan/robot_arm_ros2_ws/src/custom_arm_controller', 'symlink_install': False, 'test_result_base': None}
[3.463s] Level 5:colcon.colcon_core.verb:set package 'joint_state_publisher' build argument 'cmake_args' from command line to 'None'
[3.463s] Level 5:colcon.colcon_core.verb:set package 'joint_state_publisher' build argument 'cmake_target' from command line to 'None'
[3.463s] Level 5:colcon.colcon_core.verb:set package 'joint_state_publisher' build argument 'cmake_target_skip_unavailable' from command line to 'False'
[3.464s] Level 5:colcon.colcon_core.verb:set package 'joint_state_publisher' build argument 'cmake_clean_cache' from command line to 'False'
[3.464s] Level 5:colcon.colcon_core.verb:set package 'joint_state_publisher' build argument 'cmake_clean_first' from command line to 'False'
[3.464s] Level 5:colcon.colcon_core.verb:set package 'joint_state_publisher' build argument 'cmake_force_configure' from command line to 'False'
[3.464s] Level 5:colcon.colcon_core.verb:set package 'joint_state_publisher' build argument 'ament_cmake_args' from command line to 'None'
[3.464s] Level 5:colcon.colcon_core.verb:set package 'joint_state_publisher' build argument 'catkin_cmake_args' from command line to 'None'
[3.464s] Level 5:colcon.colcon_core.verb:set package 'joint_state_publisher' build argument 'catkin_skip_building_tests' from command line to 'False'
[3.464s] DEBUG:colcon.colcon_core.verb:Building package 'joint_state_publisher' with the following arguments: {'ament_cmake_args': None, 'build_base': '/home/rayyan/robot_arm_ros2_ws/build/joint_state_publisher', 'catkin_cmake_args': None, 'catkin_skip_building_tests': False, 'cmake_args': None, 'cmake_clean_cache': False, 'cmake_clean_first': False, 'cmake_force_configure': False, 'cmake_target': None, 'cmake_target_skip_unavailable': False, 'install_base': '/home/rayyan/robot_arm_ros2_ws/install/joint_state_publisher', 'merge_install': False, 'path': '/home/rayyan/robot_arm_ros2_ws/src/joint_state_publisher/joint_state_publisher', 'symlink_install': False, 'test_result_base': None}
[3.472s] Level 5:colcon.colcon_core.verb:set package 'robot_arm_description' build argument 'cmake_args' from command line to 'None'
[3.472s] Level 5:colcon.colcon_core.verb:set package 'robot_arm_description' build argument 'cmake_target' from command line to 'None'
[3.473s] Level 5:colcon.colcon_core.verb:set package 'robot_arm_description' build argument 'cmake_target_skip_unavailable' from command line to 'False'
[3.473s] Level 5:colcon.colcon_core.verb:set package 'robot_arm_description' build argument 'cmake_clean_cache' from command line to 'False'
[3.473s] Level 5:colcon.colcon_core.verb:set package 'robot_arm_description' build argument 'cmake_clean_first' from command line to 'False'
[3.473s] Level 5:colcon.colcon_core.verb:set package 'robot_arm_description' build argument 'cmake_force_configure' from command line to 'False'
[3.473s] Level 5:colcon.colcon_core.verb:set package 'robot_arm_description' build argument 'ament_cmake_args' from command line to 'None'
[3.473s] Level 5:colcon.colcon_core.verb:set package 'robot_arm_description' build argument 'catkin_cmake_args' from command line to 'None'
[3.473s] Level 5:colcon.colcon_core.verb:set package 'robot_arm_description' build argument 'catkin_skip_building_tests' from command line to 'False'
[3.473s] DEBUG:colcon.colcon_core.verb:Building package 'robot_arm_description' with the following arguments: {'ament_cmake_args': None, 'build_base': '/home/rayyan/robot_arm_ros2_ws/build/robot_arm_description', 'catkin_cmake_args': None, 'catkin_skip_building_tests': False, 'cmake_args': None, 'cmake_clean_cache': False, 'cmake_clean_first': False, 'cmake_force_configure': False, 'cmake_target': None, 'cmake_target_skip_unavailable': False, 'install_base': '/home/rayyan/robot_arm_ros2_ws/install/robot_arm_description', 'merge_install': False, 'path': '/home/rayyan/robot_arm_ros2_ws/src/robot_arm_description', 'symlink_install': False, 'test_result_base': None}
[3.475s] Level 5:colcon.colcon_core.verb:set package 'joint_state_publisher_gui' build argument 'cmake_args' from command line to 'None'
[3.475s] Level 5:colcon.colcon_core.verb:set package 'joint_state_publisher_gui' build argument 'cmake_target' from command line to 'None'
[3.475s] Level 5:colcon.colcon_core.verb:set package 'joint_state_publisher_gui' build argument 'cmake_target_skip_unavailable' from command line to 'False'
[3.475s] Level 5:colcon.colcon_core.verb:set package 'joint_state_publisher_gui' build argument 'cmake_clean_cache' from command line to 'False'
[3.475s] Level 5:colcon.colcon_core.verb:set package 'joint_state_publisher_gui' build argument 'cmake_clean_first' from command line to 'False'
[3.475s] Level 5:colcon.colcon_core.verb:set package 'joint_state_publisher_gui' build argument 'cmake_force_configure' from command line to 'False'
[3.475s] Level 5:colcon.colcon_core.verb:set package 'joint_state_publisher_gui' build argument 'ament_cmake_args' from command line to 'None'
[3.475s] Level 5:colcon.colcon_core.verb:set package 'joint_state_publisher_gui' build argument 'catkin_cmake_args' from command line to 'None'
[3.475s] Level 5:colcon.colcon_core.verb:set package 'joint_state_publisher_gui' build argument 'catkin_skip_building_tests' from command line to 'False'
[3.476s] DEBUG:colcon.colcon_core.verb:Building package 'joint_state_publisher_gui' with the following arguments: {'ament_cmake_args': None, 'build_base': '/home/rayyan/robot_arm_ros2_ws/build/joint_state_publisher_gui', 'catkin_cmake_args': None, 'catkin_skip_building_tests': False, 'cmake_args': None, 'cmake_clean_cache': False, 'cmake_clean_first': False, 'cmake_force_configure': False, 'cmake_target': None, 'cmake_target_skip_unavailable': False, 'install_base': '/home/rayyan/robot_arm_ros2_ws/install/joint_state_publisher_gui', 'merge_install': False, 'path': '/home/rayyan/robot_arm_ros2_ws/src/joint_state_publisher/joint_state_publisher_gui', 'symlink_install': False, 'test_result_base': None}
[3.477s] Level 5:colcon.colcon_core.verb:set package 'moveit_pkg' build argument 'cmake_args' from command line to 'None'
[3.477s] Level 5:colcon.colcon_core.verb:set package 'moveit_pkg' build argument 'cmake_target' from command line to 'None'
[3.477s] Level 5:colcon.colcon_core.verb:set package 'moveit_pkg' build argument 'cmake_target_skip_unavailable' from command line to 'False'
[3.477s] Level 5:colcon.colcon_core.verb:set package 'moveit_pkg' build argument 'cmake_clean_cache' from command line to 'False'
[3.478s] Level 5:colcon.colcon_core.verb:set package 'moveit_pkg' build argument 'cmake_clean_first' from command line to 'False'
[3.478s] Level 5:colcon.colcon_core.verb:set package 'moveit_pkg' build argument 'cmake_force_configure' from command line to 'False'
[3.478s] Level 5:colcon.colcon_core.verb:set package 'moveit_pkg' build argument 'ament_cmake_args' from command line to 'None'
[3.478s] Level 5:colcon.colcon_core.verb:set package 'moveit_pkg' build argument 'catkin_cmake_args' from command line to 'None'
[3.478s] Level 5:colcon.colcon_core.verb:set package 'moveit_pkg' build argument 'catkin_skip_building_tests' from command line to 'False'
[3.478s] DEBUG:colcon.colcon_core.verb:Building package 'moveit_pkg' with the following arguments: {'ament_cmake_args': None, 'build_base': '/home/rayyan/robot_arm_ros2_ws/build/moveit_pkg', 'catkin_cmake_args': None, 'catkin_skip_building_tests': False, 'cmake_args': None, 'cmake_clean_cache': False, 'cmake_clean_first': False, 'cmake_force_configure': False, 'cmake_target': None, 'cmake_target_skip_unavailable': False, 'install_base': '/home/rayyan/robot_arm_ros2_ws/install/moveit_pkg', 'merge_install': False, 'path': '/home/rayyan/robot_arm_ros2_ws/src/moveit_pkg', 'symlink_install': False, 'test_result_base': None}
[3.488s] INFO:colcon.colcon_core.executor:Executing jobs using 'parallel' executor
[3.493s] DEBUG:colcon.colcon_parallel_executor.executor.parallel:run_until_complete
[3.494s] INFO:colcon.colcon_ros.task.ament_python.build:Building ROS package in '/home/rayyan/robot_arm_ros2_ws/src/joint_state_publisher/joint_state_publisher' with build type 'ament_python'
[3.501s] Level 1:colcon.colcon_core.shell:create_environment_hook('joint_state_publisher', 'ament_prefix_path')
[3.511s] INFO:colcon.colcon_core.plugin_system:Skipping extension 'colcon_core.shell.bat': Not used on non-Windows systems
[3.512s] INFO:colcon.colcon_core.shell:Creating environment hook '/home/rayyan/robot_arm_ros2_ws/install/joint_state_publisher/share/joint_state_publisher/hook/ament_prefix_path.ps1'
[3.515s] INFO:colcon.colcon_core.shell:Creating environment descriptor '/home/rayyan/robot_arm_ros2_ws/install/joint_state_publisher/share/joint_state_publisher/hook/ament_prefix_path.dsv'
[3.517s] INFO:colcon.colcon_core.shell:Creating environment hook '/home/rayyan/robot_arm_ros2_ws/install/joint_state_publisher/share/joint_state_publisher/hook/ament_prefix_path.sh'
[3.525s] INFO:colcon.colcon_core.shell:Skip shell extension 'powershell' for command environment: Not usable outside of PowerShell
[3.525s] DEBUG:colcon.colcon_core.shell:Skip shell extension 'dsv' for command environment
[3.548s] INFO:colcon.colcon_ros.task.ament_cmake.build:Building ROS package in '/home/rayyan/robot_arm_ros2_ws/src/robot_arm_description' with build type 'ament_cmake'
[3.549s] INFO:colcon.colcon_cmake.task.cmake.build:Building CMake package in '/home/rayyan/robot_arm_ros2_ws/src/robot_arm_description'
[3.550s] INFO:colcon.colcon_core.shell:Skip shell extension 'powershell' for command environment: Not usable outside of PowerShell
[3.550s] DEBUG:colcon.colcon_core.shell:Skip shell extension 'dsv' for command environment
[3.573s] INFO:colcon.colcon_ros.task.ament_python.build:Building ROS package in '/home/rayyan/robot_arm_ros2_ws/src/custom_arm_controller' with build type 'ament_python'
[3.573s] Level 1:colcon.colcon_core.shell:create_environment_hook('custom_arm_controller', 'ament_prefix_path')
[3.574s] INFO:colcon.colcon_core.shell:Creating environment hook '/home/rayyan/robot_arm_ros2_ws/install/custom_arm_controller/share/custom_arm_controller/hook/ament_prefix_path.ps1'
[3.580s] INFO:colcon.colcon_core.shell:Creating environment descriptor '/home/rayyan/robot_arm_ros2_ws/install/custom_arm_controller/share/custom_arm_controller/hook/ament_prefix_path.dsv'
[3.582s] INFO:colcon.colcon_core.shell:Creating environment hook '/home/rayyan/robot_arm_ros2_ws/install/custom_arm_controller/share/custom_arm_controller/hook/ament_prefix_path.sh'
[3.585s] INFO:colcon.colcon_core.shell:Skip shell extension 'powershell' for command environment: Not usable outside of PowerShell
[3.586s] DEBUG:colcon.colcon_core.shell:Skip shell extension 'dsv' for command environment
[5.478s] INFO:colcon.colcon_core.task.python.build:Building Python package in '/home/rayyan/robot_arm_ros2_ws/src/joint_state_publisher/joint_state_publisher'
[5.480s] INFO:colcon.colcon_core.shell:Skip shell extension 'powershell' for command environment: Not usable outside of PowerShell
[5.480s] DEBUG:colcon.colcon_core.shell:Skip shell extension 'dsv' for command environment
[5.539s] DEBUG:colcon.colcon_core.event_handler.log_command:Invoking command in '/home/rayyan/robot_arm_ros2_ws/build/robot_arm_description': CMAKE_PREFIX_PATH=/opt/ros/humble /usr/bin/cmake --build /home/rayyan/robot_arm_ros2_ws/build/robot_arm_description -- -j4 -l4
[7.431s] WARNING:colcon.colcon_ros.task.ament_python.build:Package 'custom_arm_controller' doesn't explicitly install a marker in the package index (colcon-ros currently does it implicitly but that fallback will be removed in the future)
[7.431s] WARNING:colcon.colcon_ros.task.ament_python.build:Package 'custom_arm_controller' doesn't explicitly install the 'package.xml' file (colcon-ros currently does it implicitly but that fallback will be removed in the future)
[7.435s] INFO:colcon.colcon_core.task.python.build:Building Python package in '/home/rayyan/robot_arm_ros2_ws/src/custom_arm_controller'
[7.437s] INFO:colcon.colcon_core.shell:Skip shell extension 'powershell' for command environment: Not usable outside of PowerShell
[7.437s] DEBUG:colcon.colcon_core.shell:Skip shell extension 'dsv' for command environment
[7.496s] DEBUG:colcon.colcon_core.event_handler.log_command:Invoked command in '/home/rayyan/robot_arm_ros2_ws/build/robot_arm_description' returned '0': CMAKE_PREFIX_PATH=/opt/ros/humble /usr/bin/cmake --build /home/rayyan/robot_arm_ros2_ws/build/robot_arm_description -- -j4 -l4
[7.558s] DEBUG:colcon.colcon_core.event_handler.log_command:Invoking command in '/home/rayyan/robot_arm_ros2_ws/build/robot_arm_description': CMAKE_PREFIX_PATH=/opt/ros/humble /usr/bin/cmake --install /home/rayyan/robot_arm_ros2_ws/build/robot_arm_description
[9.436s] Level 1:colcon.colcon_core.environment:create_environment_scripts_only(robot_arm_description)
[9.455s] DEBUG:colcon.colcon_core.event_handler.log_command:Invoked command in '/home/rayyan/robot_arm_ros2_ws/build/robot_arm_description' returned '0': CMAKE_PREFIX_PATH=/opt/ros/humble /usr/bin/cmake --install /home/rayyan/robot_arm_ros2_ws/build/robot_arm_description
[9.459s] Level 1:colcon.colcon_core.environment:checking '/home/rayyan/robot_arm_ros2_ws/install/robot_arm_description' for CMake module files
[9.461s] Level 1:colcon.colcon_core.environment:checking '/home/rayyan/robot_arm_ros2_ws/install/robot_arm_description' for CMake config files
[9.461s] Level 1:colcon.colcon_core.shell:create_environment_hook('robot_arm_description', 'cmake_prefix_path')
[9.462s] INFO:colcon.colcon_core.shell:Creating environment hook '/home/rayyan/robot_arm_ros2_ws/install/robot_arm_description/share/robot_arm_description/hook/cmake_prefix_path.ps1'
[9.464s] INFO:colcon.colcon_core.shell:Creating environment descriptor '/home/rayyan/robot_arm_ros2_ws/install/robot_arm_description/share/robot_arm_description/hook/cmake_prefix_path.dsv'
[9.478s] INFO:colcon.colcon_core.shell:Creating environment hook '/home/rayyan/robot_arm_ros2_ws/install/robot_arm_description/share/robot_arm_description/hook/cmake_prefix_path.sh'
[9.481s] Level 1:colcon.colcon_core.environment:checking '/home/rayyan/robot_arm_ros2_ws/install/robot_arm_description/bin'
[9.483s] Level 1:colcon.colcon_core.environment:checking '/home/rayyan/robot_arm_ros2_ws/install/robot_arm_description/lib/pkgconfig/robot_arm_description.pc'
[9.484s] Level 1:colcon.colcon_core.environment:checking '/home/rayyan/robot_arm_ros2_ws/install/robot_arm_description/lib/python3.10/site-packages'
[9.484s] Level 1:colcon.colcon_core.environment:checking '/home/rayyan/robot_arm_ros2_ws/install/robot_arm_description/bin'
[9.485s] INFO:colcon.colcon_core.shell:Creating package script '/home/rayyan/robot_arm_ros2_ws/install/robot_arm_description/share/robot_arm_description/package.ps1'
[9.488s] INFO:colcon.colcon_core.shell:Creating package descriptor '/home/rayyan/robot_arm_ros2_ws/install/robot_arm_description/share/robot_arm_description/package.dsv'
[9.496s] INFO:colcon.colcon_core.shell:Creating package script '/home/rayyan/robot_arm_ros2_ws/install/robot_arm_description/share/robot_arm_description/package.sh'
[9.500s] INFO:colcon.colcon_core.shell:Creating package script '/home/rayyan/robot_arm_ros2_ws/install/robot_arm_description/share/robot_arm_description/package.bash'
[9.514s] INFO:colcon.colcon_core.shell:Creating package script '/home/rayyan/robot_arm_ros2_ws/install/robot_arm_description/share/robot_arm_description/package.zsh'
[9.519s] Level 1:colcon.colcon_core.environment:create_file_with_runtime_dependencies(/home/rayyan/robot_arm_ros2_ws/install/robot_arm_description/share/colcon-core/packages/robot_arm_description)
[9.520s] Level 1:colcon.colcon_core.environment:create_environment_scripts_only(robot_arm_description)
[9.521s] Level 1:colcon.colcon_core.environment:checking '/home/rayyan/robot_arm_ros2_ws/install/robot_arm_description' for CMake module files
[9.523s] Level 1:colcon.colcon_core.environment:checking '/home/rayyan/robot_arm_ros2_ws/install/robot_arm_description' for CMake config files
[9.524s] Level 1:colcon.colcon_core.shell:create_environment_hook('robot_arm_description', 'cmake_prefix_path')
[9.532s] INFO:colcon.colcon_core.shell:Creating environment hook '/home/rayyan/robot_arm_ros2_ws/install/robot_arm_description/share/robot_arm_description/hook/cmake_prefix_path.ps1'
[9.534s] INFO:colcon.colcon_core.shell:Creating environment descriptor '/home/rayyan/robot_arm_ros2_ws/install/robot_arm_description/share/robot_arm_description/hook/cmake_prefix_path.dsv'
[9.536s] INFO:colcon.colcon_core.shell:Creating environment hook '/home/rayyan/robot_arm_ros2_ws/install/robot_arm_description/share/robot_arm_description/hook/cmake_prefix_path.sh'
[9.538s] Level 1:colcon.colcon_core.environment:checking '/home/rayyan/robot_arm_ros2_ws/install/robot_arm_description/bin'
[9.538s] Level 1:colcon.colcon_core.environment:checking '/home/rayyan/robot_arm_ros2_ws/install/robot_arm_description/lib/pkgconfig/robot_arm_description.pc'
[9.539s] Level 1:colcon.colcon_core.environment:checking '/home/rayyan/robot_arm_ros2_ws/install/robot_arm_description/lib/python3.10/site-packages'
[9.540s] Level 1:colcon.colcon_core.environment:checking '/home/rayyan/robot_arm_ros2_ws/install/robot_arm_description/bin'
[9.545s] INFO:colcon.colcon_core.shell:Creating package script '/home/rayyan/robot_arm_ros2_ws/install/robot_arm_description/share/robot_arm_description/package.ps1'
[9.553s] INFO:colcon.colcon_core.shell:Creating package descriptor '/home/rayyan/robot_arm_ros2_ws/install/robot_arm_description/share/robot_arm_description/package.dsv'
[9.554s] INFO:colcon.colcon_core.shell:Creating package script '/home/rayyan/robot_arm_ros2_ws/install/robot_arm_description/share/robot_arm_description/package.sh'
[9.555s] INFO:colcon.colcon_core.shell:Creating package script '/home/rayyan/robot_arm_ros2_ws/install/robot_arm_description/share/robot_arm_description/package.bash'
[9.556s] INFO:colcon.colcon_core.shell:Creating package script '/home/rayyan/robot_arm_ros2_ws/install/robot_arm_description/share/robot_arm_description/package.zsh'
[9.558s] Level 1:colcon.colcon_core.environment:create_file_with_runtime_dependencies(/home/rayyan/robot_arm_ros2_ws/install/robot_arm_description/share/colcon-core/packages/robot_arm_description)
[11.000s] DEBUG:colcon.colcon_core.event_handler.log_command:Invoking command in '/home/rayyan/robot_arm_ros2_ws/src/joint_state_publisher/joint_state_publisher': PYTHONPATH=/home/rayyan/robot_arm_ros2_ws/build/joint_state_publisher/prefix_override:/usr/lib/python3/dist-packages/colcon_core/task/python/colcon_distutils_commands:/home/rayyan/robot_arm_ros2_ws/install/joint_state_publisher/lib/python3.10/site-packages:${PYTHONPATH} /usr/bin/python3 -W ignore:setup.py install is deprecated -W ignore:easy_install command is deprecated setup.py egg_info --egg-base ../../../build/joint_state_publisher build --build-base /home/rayyan/robot_arm_ros2_ws/build/joint_state_publisher/build install --record /home/rayyan/robot_arm_ros2_ws/build/joint_state_publisher/install.log --single-version-externally-managed install_data
[11.144s] DEBUG:colcon.colcon_core.event_handler.log_command:Invoking command in '/home/rayyan/robot_arm_ros2_ws/src/custom_arm_controller': PYTHONPATH=/home/rayyan/robot_arm_ros2_ws/build/custom_arm_controller/prefix_override:/usr/lib/python3/dist-packages/colcon_core/task/python/colcon_distutils_commands:/home/rayyan/robot_arm_ros2_ws/install/custom_arm_controller/lib/python3.10/site-packages:${PYTHONPATH} /usr/bin/python3 -W ignore:setup.py install is deprecated -W ignore:easy_install command is deprecated setup.py egg_info --egg-base ../../build/custom_arm_controller build --build-base /home/rayyan/robot_arm_ros2_ws/build/custom_arm_controller/build install --record /home/rayyan/robot_arm_ros2_ws/build/custom_arm_controller/install.log --single-version-externally-managed
[13.113s] Level 1:colcon.colcon_core.environment:checking '/home/rayyan/robot_arm_ros2_ws/install/joint_state_publisher' for CMake module files
[13.115s] DEBUG:colcon.colcon_core.event_handler.log_command:Invoked command in '/home/rayyan/robot_arm_ros2_ws/src/joint_state_publisher/joint_state_publisher' returned '0': PYTHONPATH=/home/rayyan/robot_arm_ros2_ws/build/joint_state_publisher/prefix_override:/usr/lib/python3/dist-packages/colcon_core/task/python/colcon_distutils_commands:/home/rayyan/robot_arm_ros2_ws/install/joint_state_publisher/lib/python3.10/site-packages:${PYTHONPATH} /usr/bin/python3 -W ignore:setup.py install is deprecated -W ignore:easy_install command is deprecated setup.py egg_info --egg-base ../../../build/joint_state_publisher build --build-base /home/rayyan/robot_arm_ros2_ws/build/joint_state_publisher/build install --record /home/rayyan/robot_arm_ros2_ws/build/joint_state_publisher/install.log --single-version-externally-managed install_data
[13.117s] Level 1:colcon.colcon_core.environment:checking '/home/rayyan/robot_arm_ros2_ws/install/joint_state_publisher' for CMake config files
[13.120s] Level 1:colcon.colcon_core.environment:checking '/home/rayyan/robot_arm_ros2_ws/install/joint_state_publisher/lib'
[13.120s] Level 1:colcon.colcon_core.environment:checking '/home/rayyan/robot_arm_ros2_ws/install/joint_state_publisher/bin'
[13.121s] Level 1:colcon.colcon_core.environment:checking '/home/rayyan/robot_arm_ros2_ws/install/joint_state_publisher/lib/pkgconfig/joint_state_publisher.pc'
[13.121s] Level 1:colcon.colcon_core.environment:checking '/home/rayyan/robot_arm_ros2_ws/install/joint_state_publisher/lib/python3.10/site-packages'
[13.122s] Level 1:colcon.colcon_core.shell:create_environment_hook('joint_state_publisher', 'pythonpath')
[13.122s] INFO:colcon.colcon_core.shell:Creating environment hook '/home/rayyan/robot_arm_ros2_ws/install/joint_state_publisher/share/joint_state_publisher/hook/pythonpath.ps1'
[13.124s] INFO:colcon.colcon_core.shell:Creating environment descriptor '/home/rayyan/robot_arm_ros2_ws/install/joint_state_publisher/share/joint_state_publisher/hook/pythonpath.dsv'
[13.154s] INFO:colcon.colcon_core.shell:Creating environment hook '/home/rayyan/robot_arm_ros2_ws/install/joint_state_publisher/share/joint_state_publisher/hook/pythonpath.sh'
[13.157s] Level 1:colcon.colcon_core.environment:checking '/home/rayyan/robot_arm_ros2_ws/install/joint_state_publisher/bin'
[13.157s] Level 1:colcon.colcon_core.environment:create_environment_scripts_only(joint_state_publisher)
[13.159s] INFO:colcon.colcon_core.shell:Creating package script '/home/rayyan/robot_arm_ros2_ws/install/joint_state_publisher/share/joint_state_publisher/package.ps1'
[13.162s] INFO:colcon.colcon_core.shell:Creating package descriptor '/home/rayyan/robot_arm_ros2_ws/install/joint_state_publisher/share/joint_state_publisher/package.dsv'
[13.165s] INFO:colcon.colcon_core.shell:Creating package script '/home/rayyan/robot_arm_ros2_ws/install/joint_state_publisher/share/joint_state_publisher/package.sh'
[13.169s] INFO:colcon.colcon_core.shell:Creating package script '/home/rayyan/robot_arm_ros2_ws/install/joint_state_publisher/share/joint_state_publisher/package.bash'
[13.172s] INFO:colcon.colcon_core.shell:Creating package script '/home/rayyan/robot_arm_ros2_ws/install/joint_state_publisher/share/joint_state_publisher/package.zsh'
[13.176s] Level 1:colcon.colcon_core.environment:create_file_with_runtime_dependencies(/home/rayyan/robot_arm_ros2_ws/install/joint_state_publisher/share/colcon-core/packages/joint_state_publisher)
[13.183s] INFO:colcon.colcon_ros.task.ament_python.build:Building ROS package in '/home/rayyan/robot_arm_ros2_ws/src/joint_state_publisher/joint_state_publisher_gui' with build type 'ament_python'
[13.184s] Level 1:colcon.colcon_core.shell:create_environment_hook('joint_state_publisher_gui', 'ament_prefix_path')
[13.184s] INFO:colcon.colcon_core.shell:Creating environment hook '/home/rayyan/robot_arm_ros2_ws/install/joint_state_publisher_gui/share/joint_state_publisher_gui/hook/ament_prefix_path.ps1'
[13.187s] INFO:colcon.colcon_core.shell:Creating environment descriptor '/home/rayyan/robot_arm_ros2_ws/install/joint_state_publisher_gui/share/joint_state_publisher_gui/hook/ament_prefix_path.dsv'
[13.189s] INFO:colcon.colcon_core.shell:Creating environment hook '/home/rayyan/robot_arm_ros2_ws/install/joint_state_publisher_gui/share/joint_state_publisher_gui/hook/ament_prefix_path.sh'
[13.191s] INFO:colcon.colcon_core.shell:Skip shell extension 'powershell' for command environment: Not usable outside of PowerShell
[13.191s] DEBUG:colcon.colcon_core.shell:Skip shell extension 'dsv' for command environment
[13.469s] Level 1:colcon.colcon_core.environment:checking '/home/rayyan/robot_arm_ros2_ws/install/custom_arm_controller' for CMake module files
[13.472s] Level 1:colcon.colcon_core.environment:checking '/home/rayyan/robot_arm_ros2_ws/install/custom_arm_controller' for CMake config files
[13.475s] DEBUG:colcon.colcon_core.event_handler.log_command:Invoked command in '/home/rayyan/robot_arm_ros2_ws/src/custom_arm_controller' returned '0': PYTHONPATH=/home/rayyan/robot_arm_ros2_ws/build/custom_arm_controller/prefix_override:/usr/lib/python3/dist-packages/colcon_core/task/python/colcon_distutils_commands:/home/rayyan/robot_arm_ros2_ws/install/custom_arm_controller/lib/python3.10/site-packages:${PYTHONPATH} /usr/bin/python3 -W ignore:setup.py install is deprecated -W ignore:easy_install command is deprecated setup.py egg_info --egg-base ../../build/custom_arm_controller build --build-base /home/rayyan/robot_arm_ros2_ws/build/custom_arm_controller/build install --record /home/rayyan/robot_arm_ros2_ws/build/custom_arm_controller/install.log --single-version-externally-managed
[13.483s] Level 1:colcon.colcon_core.environment:checking '/home/rayyan/robot_arm_ros2_ws/install/custom_arm_controller/lib'
[13.484s] Level 1:colcon.colcon_core.environment:checking '/home/rayyan/robot_arm_ros2_ws/install/custom_arm_controller/bin'
[13.484s] Level 1:colcon.colcon_core.environment:checking '/home/rayyan/robot_arm_ros2_ws/install/custom_arm_controller/lib/pkgconfig/custom_arm_controller.pc'
[13.485s] Level 1:colcon.colcon_core.environment:checking '/home/rayyan/robot_arm_ros2_ws/install/custom_arm_controller/lib/python3.10/site-packages'
[13.486s] Level 1:colcon.colcon_core.shell:create_environment_hook('custom_arm_controller', 'pythonpath')
[13.487s] INFO:colcon.colcon_core.shell:Creating environment hook '/home/rayyan/robot_arm_ros2_ws/install/custom_arm_controller/share/custom_arm_controller/hook/pythonpath.ps1'
[13.491s] INFO:colcon.colcon_core.shell:Creating environment descriptor '/home/rayyan/robot_arm_ros2_ws/install/custom_arm_controller/share/custom_arm_controller/hook/pythonpath.dsv'
[13.502s] INFO:colcon.colcon_core.shell:Creating environment hook '/home/rayyan/robot_arm_ros2_ws/install/custom_arm_controller/share/custom_arm_controller/hook/pythonpath.sh'
[13.505s] Level 1:colcon.colcon_core.environment:checking '/home/rayyan/robot_arm_ros2_ws/install/custom_arm_controller/bin'
[13.506s] Level 1:colcon.colcon_core.environment:create_environment_scripts_only(custom_arm_controller)
[13.517s] INFO:colcon.colcon_core.shell:Creating package script '/home/rayyan/robot_arm_ros2_ws/install/custom_arm_controller/share/custom_arm_controller/package.ps1'
[13.523s] INFO:colcon.colcon_core.shell:Creating package descriptor '/home/rayyan/robot_arm_ros2_ws/install/custom_arm_controller/share/custom_arm_controller/package.dsv'
[13.536s] INFO:colcon.colcon_core.shell:Creating package script '/home/rayyan/robot_arm_ros2_ws/install/custom_arm_controller/share/custom_arm_controller/package.sh'
[13.538s] INFO:colcon.colcon_core.shell:Creating package script '/home/rayyan/robot_arm_ros2_ws/install/custom_arm_controller/share/custom_arm_controller/package.bash'
[13.540s] INFO:colcon.colcon_core.shell:Creating package script '/home/rayyan/robot_arm_ros2_ws/install/custom_arm_controller/share/custom_arm_controller/package.zsh'
[13.548s] Level 1:colcon.colcon_core.environment:create_file_with_runtime_dependencies(/home/rayyan/robot_arm_ros2_ws/install/custom_arm_controller/share/colcon-core/packages/custom_arm_controller)
[15.410s] INFO:colcon.colcon_core.task.python.build:Building Python package in '/home/rayyan/robot_arm_ros2_ws/src/joint_state_publisher/joint_state_publisher_gui'
[15.411s] INFO:colcon.colcon_core.shell:Skip shell extension 'powershell' for command environment: Not usable outside of PowerShell
[15.412s] DEBUG:colcon.colcon_core.shell:Skip shell extension 'dsv' for command environment
[18.030s] DEBUG:colcon.colcon_core.event_handler.log_command:Invoking command in '/home/rayyan/robot_arm_ros2_ws/src/joint_state_publisher/joint_state_publisher_gui': AMENT_PREFIX_PATH=/home/rayyan/robot_arm_ros2_ws/install/joint_state_publisher:${AMENT_PREFIX_PATH} PYTHONPATH=/home/rayyan/robot_arm_ros2_ws/build/joint_state_publisher_gui/prefix_override:/usr/lib/python3/dist-packages/colcon_core/task/python/colcon_distutils_commands:/home/rayyan/robot_arm_ros2_ws/install/joint_state_publisher_gui/lib/python3.10/site-packages:/home/rayyan/robot_arm_ros2_ws/install/joint_state_publisher/lib/python3.10/site-packages:${PYTHONPATH} /usr/bin/python3 -W ignore:setup.py install is deprecated -W ignore:easy_install command is deprecated setup.py egg_info --egg-base ../../../build/joint_state_publisher_gui build --build-base /home/rayyan/robot_arm_ros2_ws/build/joint_state_publisher_gui/build install --record /home/rayyan/robot_arm_ros2_ws/build/joint_state_publisher_gui/install.log --single-version-externally-managed install_data
[19.540s] Level 1:colcon.colcon_core.environment:checking '/home/rayyan/robot_arm_ros2_ws/install/joint_state_publisher_gui' for CMake module files
[19.542s] DEBUG:colcon.colcon_core.event_handler.log_command:Invoked command in '/home/rayyan/robot_arm_ros2_ws/src/joint_state_publisher/joint_state_publisher_gui' returned '0': AMENT_PREFIX_PATH=/home/rayyan/robot_arm_ros2_ws/install/joint_state_publisher:${AMENT_PREFIX_PATH} PYTHONPATH=/home/rayyan/robot_arm_ros2_ws/build/joint_state_publisher_gui/prefix_override:/usr/lib/python3/dist-packages/colcon_core/task/python/colcon_distutils_commands:/home/rayyan/robot_arm_ros2_ws/install/joint_state_publisher_gui/lib/python3.10/site-packages:/home/rayyan/robot_arm_ros2_ws/install/joint_state_publisher/lib/python3.10/site-packages:${PYTHONPATH} /usr/bin/python3 -W ignore:setup.py install is deprecated -W ignore:easy_install command is deprecated setup.py egg_info --egg-base ../../../build/joint_state_publisher_gui build --build-base /home/rayyan/robot_arm_ros2_ws/build/joint_state_publisher_gui/build install --record /home/rayyan/robot_arm_ros2_ws/build/joint_state_publisher_gui/install.log --single-version-externally-managed install_data
[19.543s] Level 1:colcon.colcon_core.environment:checking '/home/rayyan/robot_arm_ros2_ws/install/joint_state_publisher_gui' for CMake config files
[19.548s] Level 1:colcon.colcon_core.environment:checking '/home/rayyan/robot_arm_ros2_ws/install/joint_state_publisher_gui/lib'
[19.549s] Level 1:colcon.colcon_core.environment:checking '/home/rayyan/robot_arm_ros2_ws/install/joint_state_publisher_gui/bin'
[19.550s] Level 1:colcon.colcon_core.environment:checking '/home/rayyan/robot_arm_ros2_ws/install/joint_state_publisher_gui/lib/pkgconfig/joint_state_publisher_gui.pc'
[19.551s] Level 1:colcon.colcon_core.environment:checking '/home/rayyan/robot_arm_ros2_ws/install/joint_state_publisher_gui/lib/python3.10/site-packages'
[19.552s] Level 1:colcon.colcon_core.shell:create_environment_hook('joint_state_publisher_gui', 'pythonpath')
[19.553s] INFO:colcon.colcon_core.shell:Creating environment hook '/home/rayyan/robot_arm_ros2_ws/install/joint_state_publisher_gui/share/joint_state_publisher_gui/hook/pythonpath.ps1'
[19.556s] INFO:colcon.colcon_core.shell:Creating environment descriptor '/home/rayyan/robot_arm_ros2_ws/install/joint_state_publisher_gui/share/joint_state_publisher_gui/hook/pythonpath.dsv'
[19.558s] INFO:colcon.colcon_core.shell:Creating environment hook '/home/rayyan/robot_arm_ros2_ws/install/joint_state_publisher_gui/share/joint_state_publisher_gui/hook/pythonpath.sh'
[19.560s] Level 1:colcon.colcon_core.environment:checking '/home/rayyan/robot_arm_ros2_ws/install/joint_state_publisher_gui/bin'
[19.560s] Level 1:colcon.colcon_core.environment:create_environment_scripts_only(joint_state_publisher_gui)
[19.561s] INFO:colcon.colcon_core.shell:Creating package script '/home/rayyan/robot_arm_ros2_ws/install/joint_state_publisher_gui/share/joint_state_publisher_gui/package.ps1'
[19.565s] INFO:colcon.colcon_core.shell:Creating package descriptor '/home/rayyan/robot_arm_ros2_ws/install/joint_state_publisher_gui/share/joint_state_publisher_gui/package.dsv'
[19.574s] INFO:colcon.colcon_core.shell:Creating package script '/home/rayyan/robot_arm_ros2_ws/install/joint_state_publisher_gui/share/joint_state_publisher_gui/package.sh'
[19.576s] INFO:colcon.colcon_core.shell:Creating package script '/home/rayyan/robot_arm_ros2_ws/install/joint_state_publisher_gui/share/joint_state_publisher_gui/package.bash'
[19.578s] INFO:colcon.colcon_core.shell:Creating package script '/home/rayyan/robot_arm_ros2_ws/install/joint_state_publisher_gui/share/joint_state_publisher_gui/package.zsh'
[19.580s] Level 1:colcon.colcon_core.environment:create_file_with_runtime_dependencies(/home/rayyan/robot_arm_ros2_ws/install/joint_state_publisher_gui/share/colcon-core/packages/joint_state_publisher_gui)
[19.583s] INFO:colcon.colcon_ros.task.ament_cmake.build:Building ROS package in '/home/rayyan/robot_arm_ros2_ws/src/moveit_pkg' with build type 'ament_cmake'
[19.584s] INFO:colcon.colcon_cmake.task.cmake.build:Building CMake package in '/home/rayyan/robot_arm_ros2_ws/src/moveit_pkg'
[19.587s] INFO:colcon.colcon_core.shell:Skip shell extension 'powershell' for command environment: Not usable outside of PowerShell
[19.587s] DEBUG:colcon.colcon_core.shell:Skip shell extension 'dsv' for command environment
[20.331s] DEBUG:colcon.colcon_core.event_handler.log_command:Invoking command in '/home/rayyan/robot_arm_ros2_ws/build/moveit_pkg': AMENT_PREFIX_PATH=/home/rayyan/robot_arm_ros2_ws/install/joint_state_publisher_gui:/home/rayyan/robot_arm_ros2_ws/install/robot_arm_description:/home/rayyan/robot_arm_ros2_ws/install/joint_state_publisher:${AMENT_PREFIX_PATH} CMAKE_PREFIX_PATH=/home/rayyan/robot_arm_ros2_ws/install/robot_arm_description:/opt/ros/humble PYTHONPATH=/home/rayyan/robot_arm_ros2_ws/install/joint_state_publisher_gui/lib/python3.10/site-packages:/home/rayyan/robot_arm_ros2_ws/install/joint_state_publisher/lib/python3.10/site-packages:${PYTHONPATH} /usr/bin/cmake --build /home/rayyan/robot_arm_ros2_ws/build/moveit_pkg -- -j4 -l4
[20.496s] DEBUG:colcon.colcon_core.event_handler.log_command:Invoked command in '/home/rayyan/robot_arm_ros2_ws/build/moveit_pkg' returned '0': AMENT_PREFIX_PATH=/home/rayyan/robot_arm_ros2_ws/install/joint_state_publisher_gui:/home/rayyan/robot_arm_ros2_ws/install/robot_arm_description:/home/rayyan/robot_arm_ros2_ws/install/joint_state_publisher:${AMENT_PREFIX_PATH} CMAKE_PREFIX_PATH=/home/rayyan/robot_arm_ros2_ws/install/robot_arm_description:/opt/ros/humble PYTHONPATH=/home/rayyan/robot_arm_ros2_ws/install/joint_state_publisher_gui/lib/python3.10/site-packages:/home/rayyan/robot_arm_ros2_ws/install/joint_state_publisher/lib/python3.10/site-packages:${PYTHONPATH} /usr/bin/cmake --build /home/rayyan/robot_arm_ros2_ws/build/moveit_pkg -- -j4 -l4
[20.498s] DEBUG:colcon.colcon_core.event_handler.log_command:Invoking command in '/home/rayyan/robot_arm_ros2_ws/build/moveit_pkg': AMENT_PREFIX_PATH=/home/rayyan/robot_arm_ros2_ws/install/joint_state_publisher_gui:/home/rayyan/robot_arm_ros2_ws/install/robot_arm_description:/home/rayyan/robot_arm_ros2_ws/install/joint_state_publisher:${AMENT_PREFIX_PATH} CMAKE_PREFIX_PATH=/home/rayyan/robot_arm_ros2_ws/install/robot_arm_description:/opt/ros/humble PYTHONPATH=/home/rayyan/robot_arm_ros2_ws/install/joint_state_publisher_gui/lib/python3.10/site-packages:/home/rayyan/robot_arm_ros2_ws/install/joint_state_publisher/lib/python3.10/site-packages:${PYTHONPATH} /usr/bin/cmake --install /home/rayyan/robot_arm_ros2_ws/build/moveit_pkg
[20.543s] Level 1:colcon.colcon_core.environment:create_environment_scripts_only(moveit_pkg)
[20.544s] Level 1:colcon.colcon_core.environment:checking '/home/rayyan/robot_arm_ros2_ws/install/moveit_pkg' for CMake module files
[20.546s] Level 1:colcon.colcon_core.environment:checking '/home/rayyan/robot_arm_ros2_ws/install/moveit_pkg' for CMake config files
[20.548s] Level 1:colcon.colcon_core.shell:create_environment_hook('moveit_pkg', 'cmake_prefix_path')
[20.549s] INFO:colcon.colcon_core.shell:Creating environment hook '/home/rayyan/robot_arm_ros2_ws/install/moveit_pkg/share/moveit_pkg/hook/cmake_prefix_path.ps1'
[44903.949s] INFO:colcon.colcon_core.shell:Creating environment descriptor '/home/rayyan/robot_arm_ros2_ws/install/moveit_pkg/share/moveit_pkg/hook/cmake_prefix_path.dsv'
[44903.959s] DEBUG:colcon.colcon_core.event_handler.log_command:Invoked command in '/home/rayyan/robot_arm_ros2_ws/build/moveit_pkg' returned '0': AMENT_PREFIX_PATH=/home/rayyan/robot_arm_ros2_ws/install/joint_state_publisher_gui:/home/rayyan/robot_arm_ros2_ws/install/robot_arm_description:/home/rayyan/robot_arm_ros2_ws/install/joint_state_publisher:${AMENT_PREFIX_PATH} CMAKE_PREFIX_PATH=/home/rayyan/robot_arm_ros2_ws/install/robot_arm_description:/opt/ros/humble PYTHONPATH=/home/rayyan/robot_arm_ros2_ws/install/joint_state_publisher_gui/lib/python3.10/site-packages:/home/rayyan/robot_arm_ros2_ws/install/joint_state_publisher/lib/python3.10/site-packages:${PYTHONPATH} /usr/bin/cmake --install /home/rayyan/robot_arm_ros2_ws/build/moveit_pkg
[44903.962s] INFO:colcon.colcon_core.shell:Creating environment hook '/home/rayyan/robot_arm_ros2_ws/install/moveit_pkg/share/moveit_pkg/hook/cmake_prefix_path.sh'
[44903.966s] Level 1:colcon.colcon_core.environment:checking '/home/rayyan/robot_arm_ros2_ws/install/moveit_pkg/bin'
[44903.967s] Level 1:colcon.colcon_core.environment:checking '/home/rayyan/robot_arm_ros2_ws/install/moveit_pkg/lib/pkgconfig/moveit_pkg.pc'
[44903.967s] Level 1:colcon.colcon_core.environment:checking '/home/rayyan/robot_arm_ros2_ws/install/moveit_pkg/lib/python3.10/site-packages'
[44903.968s] Level 1:colcon.colcon_core.environment:checking '/home/rayyan/robot_arm_ros2_ws/install/moveit_pkg/bin'
[44903.969s] INFO:colcon.colcon_core.shell:Creating package script '/home/rayyan/robot_arm_ros2_ws/install/moveit_pkg/share/moveit_pkg/package.ps1'
[44903.971s] INFO:colcon.colcon_core.shell:Creating package descriptor '/home/rayyan/robot_arm_ros2_ws/install/moveit_pkg/share/moveit_pkg/package.dsv'
[44903.972s] INFO:colcon.colcon_core.shell:Creating package script '/home/rayyan/robot_arm_ros2_ws/install/moveit_pkg/share/moveit_pkg/package.sh'
[44903.974s] INFO:colcon.colcon_core.shell:Creating package script '/home/rayyan/robot_arm_ros2_ws/install/moveit_pkg/share/moveit_pkg/package.bash'
[44903.976s] INFO:colcon.colcon_core.shell:Creating package script '/home/rayyan/robot_arm_ros2_ws/install/moveit_pkg/share/moveit_pkg/package.zsh'
[44903.986s] Level 1:colcon.colcon_core.environment:create_file_with_runtime_dependencies(/home/rayyan/robot_arm_ros2_ws/install/moveit_pkg/share/colcon-core/packages/moveit_pkg)
[44903.992s] Level 1:colcon.colcon_core.environment:create_environment_scripts_only(moveit_pkg)
[44903.994s] Level 1:colcon.colcon_core.environment:checking '/home/rayyan/robot_arm_ros2_ws/install/moveit_pkg' for CMake module files
[44903.997s] Level 1:colcon.colcon_core.environment:checking '/home/rayyan/robot_arm_ros2_ws/install/moveit_pkg' for CMake config files
[44903.999s] Level 1:colcon.colcon_core.shell:create_environment_hook('moveit_pkg', 'cmake_prefix_path')
[44904.001s] INFO:colcon.colcon_core.shell:Creating environment hook '/home/rayyan/robot_arm_ros2_ws/install/moveit_pkg/share/moveit_pkg/hook/cmake_prefix_path.ps1'
[44904.003s] INFO:colcon.colcon_core.shell:Creating environment descriptor '/home/rayyan/robot_arm_ros2_ws/install/moveit_pkg/share/moveit_pkg/hook/cmake_prefix_path.dsv'
[44904.007s] INFO:colcon.colcon_core.shell:Creating environment hook '/home/rayyan/robot_arm_ros2_ws/install/moveit_pkg/share/moveit_pkg/hook/cmake_prefix_path.sh'
[44904.010s] Level 1:colcon.colcon_core.environment:checking '/home/rayyan/robot_arm_ros2_ws/install/moveit_pkg/bin'
[44904.010s] Level 1:colcon.colcon_core.environment:checking '/home/rayyan/robot_arm_ros2_ws/install/moveit_pkg/lib/pkgconfig/moveit_pkg.pc'
[44904.011s] Level 1:colcon.colcon_core.environment:checking '/home/rayyan/robot_arm_ros2_ws/install/moveit_pkg/lib/python3.10/site-packages'
[44904.012s] Level 1:colcon.colcon_core.environment:checking '/home/rayyan/robot_arm_ros2_ws/install/moveit_pkg/bin'
[44904.013s] INFO:colcon.colcon_core.shell:Creating package script '/home/rayyan/robot_arm_ros2_ws/install/moveit_pkg/share/moveit_pkg/package.ps1'
[44904.018s] INFO:colcon.colcon_core.shell:Creating package descriptor '/home/rayyan/robot_arm_ros2_ws/install/moveit_pkg/share/moveit_pkg/package.dsv'
[44904.023s] INFO:colcon.colcon_core.shell:Creating package script '/home/rayyan/robot_arm_ros2_ws/install/moveit_pkg/share/moveit_pkg/package.sh'
[44904.026s] INFO:colcon.colcon_core.shell:Creating package script '/home/rayyan/robot_arm_ros2_ws/install/moveit_pkg/share/moveit_pkg/package.bash'
[44904.029s] INFO:colcon.colcon_core.shell:Creating package script '/home/rayyan/robot_arm_ros2_ws/install/moveit_pkg/share/moveit_pkg/package.zsh'
[44904.031s] Level 1:colcon.colcon_core.environment:create_file_with_runtime_dependencies(/home/rayyan/robot_arm_ros2_ws/install/moveit_pkg/share/colcon-core/packages/moveit_pkg)
[44904.034s] DEBUG:colcon.colcon_parallel_executor.executor.parallel:closing loop
[44904.035s] DEBUG:colcon.colcon_parallel_executor.executor.parallel:loop closed
[44904.035s] DEBUG:colcon.colcon_parallel_executor.executor.parallel:run_until_complete finished with '0'
[44904.035s] DEBUG:colcon.colcon_core.event_reactor:joining thread
[20.864s] INFO:colcon.colcon_core.plugin_system:Skipping extension 'colcon_notification.desktop_notification.notify_send': Could not find 'notify-send'
[20.865s] INFO:colcon.colcon_core.plugin_system:Skipping extension 'colcon_notification.desktop_notification.terminal_notifier': Not used on non-Darwin systems
[20.865s] INFO:colcon.colcon_core.plugin_system:Skipping extension 'colcon_notification.desktop_notification.win32': Not used on non-Windows systems
[20.865s] INFO:colcon.colcon_notification.desktop_notification:Sending desktop notification using 'notify2'
[20.866s] DEBUG:colcon.colcon_notification.desktop_notification.notify2:Failed to initialize notify2: org.freedesktop.DBus.Error.FileNotFound: Failed to connect to socket /run/user/1000/bus: No such file or directory
[20.866s] DEBUG:colcon.colcon_core.event_reactor:joined thread
[20.867s] INFO:colcon.colcon_core.shell:Creating prefix script '/home/rayyan/robot_arm_ros2_ws/install/local_setup.ps1'
[20.870s] INFO:colcon.colcon_core.shell:Creating prefix util module '/home/rayyan/robot_arm_ros2_ws/install/_local_setup_util_ps1.py'
[20.875s] INFO:colcon.colcon_core.shell:Creating prefix chain script '/home/rayyan/robot_arm_ros2_ws/install/setup.ps1'
[20.881s] INFO:colcon.colcon_core.shell:Creating prefix script '/home/rayyan/robot_arm_ros2_ws/install/local_setup.sh'
[20.886s] INFO:colcon.colcon_core.shell:Creating prefix util module '/home/rayyan/robot_arm_ros2_ws/install/_local_setup_util_sh.py'
[20.891s] INFO:colcon.colcon_core.shell:Creating prefix chain script '/home/rayyan/robot_arm_ros2_ws/install/setup.sh'
[20.895s] INFO:colcon.colcon_core.shell:Creating prefix script '/home/rayyan/robot_arm_ros2_ws/install/local_setup.bash'
[20.897s] INFO:colcon.colcon_core.shell:Creating prefix chain script '/home/rayyan/robot_arm_ros2_ws/install/setup.bash'
[20.902s] INFO:colcon.colcon_core.shell:Creating prefix script '/home/rayyan/robot_arm_ros2_ws/install/local_setup.zsh'
[20.904s] INFO:colcon.colcon_core.shell:Creating prefix chain script '/home/rayyan/robot_arm_ros2_ws/install/setup.zsh'
