running egg_info
creating ../../build/custom_arm_controller/custom_arm_controller.egg-info
writing ../../build/custom_arm_controller/custom_arm_controller.egg-info/PKG-INFO
writing dependency_links to ../../build/custom_arm_controller/custom_arm_controller.egg-info/dependency_links.txt
writing entry points to ../../build/custom_arm_controller/custom_arm_controller.egg-info/entry_points.txt
writing requirements to ../../build/custom_arm_controller/custom_arm_controller.egg-info/requires.txt
writing top-level names to ../../build/custom_arm_controller/custom_arm_controller.egg-info/top_level.txt
writing manifest file '../../build/custom_arm_controller/custom_arm_controller.egg-info/SOURCES.txt'
reading manifest file '../../build/custom_arm_controller/custom_arm_controller.egg-info/SOURCES.txt'
writing manifest file '../../build/custom_arm_controller/custom_arm_controller.egg-info/SOURCES.txt'
running build
running build_py
creating /home/rayyan/robot_arm_ros2_ws/build/custom_arm_controller/build
creating /home/rayyan/robot_arm_ros2_ws/build/custom_arm_controller/build/lib
creating /home/rayyan/robot_arm_ros2_ws/build/custom_arm_controller/build/lib/custom_arm_controller
copying custom_arm_controller/__init__.py -> /home/rayyan/robot_arm_ros2_ws/build/custom_arm_controller/build/lib/custom_arm_controller
running install
running install_lib
creating /home/rayyan/robot_arm_ros2_ws/install/custom_arm_controller/lib/python3.10/site-packages/custom_arm_controller
copying /home/rayyan/robot_arm_ros2_ws/build/custom_arm_controller/build/lib/custom_arm_controller/__init__.py -> /home/rayyan/robot_arm_ros2_ws/install/custom_arm_controller/lib/python3.10/site-packages/custom_arm_controller
byte-compiling /home/rayyan/robot_arm_ros2_ws/install/custom_arm_controller/lib/python3.10/site-packages/custom_arm_controller/__init__.py to __init__.cpython-310.pyc
running install_data
creating /home/rayyan/robot_arm_ros2_ws/install/custom_arm_controller/share/ament_index
creating /home/rayyan/robot_arm_ros2_ws/install/custom_arm_controller/share/ament_index/resource_index
creating /home/rayyan/robot_arm_ros2_ws/install/custom_arm_controller/share/ament_index/resource_index/packages
copying resource/custom_arm_controller -> /home/rayyan/robot_arm_ros2_ws/install/custom_arm_controller/share/ament_index/resource_index/packages
copying package.xml -> /home/rayyan/robot_arm_ros2_ws/install/custom_arm_controller/share/custom_arm_controller
running install_egg_info
Copying ../../build/custom_arm_controller/custom_arm_controller.egg-info to /home/rayyan/robot_arm_ros2_ws/install/custom_arm_controller/lib/python3.10/site-packages/custom_arm_controller-0.0.0-py3.10.egg-info
running install_scripts
writing list of installed files to '/home/rayyan/robot_arm_ros2_ws/build/custom_arm_controller/install.log'
