[11.881s] Invoking command in '/home/rayyan/robot_arm_ros2_ws/src/custom_arm_controller': PYTHONPATH=/home/rayyan/robot_arm_ros2_ws/build/custom_arm_controller/prefix_override:/usr/lib/python3/dist-packages/colcon_core/task/python/colcon_distutils_commands:/home/rayyan/robot_arm_ros2_ws/install/custom_arm_controller/lib/python3.10/site-packages:${PYTHONPATH} /usr/bin/python3 -W ignore:setup.py install is deprecated -W ignore:easy_install command is deprecated setup.py egg_info --egg-base ../../build/custom_arm_controller build --build-base /home/rayyan/robot_arm_ros2_ws/build/custom_arm_controller/build install --record /home/rayyan/robot_arm_ros2_ws/build/custom_arm_controller/install.log --single-version-externally-managed install_data
[14.761s] running egg_info
[14.761s] writing ../../build/custom_arm_controller/custom_arm_controller.egg-info/PKG-INFO
[14.761s] writing dependency_links to ../../build/custom_arm_controller/custom_arm_controller.egg-info/dependency_links.txt
[14.761s] writing entry points to ../../build/custom_arm_controller/custom_arm_controller.egg-info/entry_points.txt
[14.776s] writing requirements to ../../build/custom_arm_controller/custom_arm_controller.egg-info/requires.txt
[14.776s] writing top-level names to ../../build/custom_arm_controller/custom_arm_controller.egg-info/top_level.txt
[14.809s] reading manifest file '../../build/custom_arm_controller/custom_arm_controller.egg-info/SOURCES.txt'
[14.809s] writing manifest file '../../build/custom_arm_controller/custom_arm_controller.egg-info/SOURCES.txt'
[14.809s] running build
[14.810s] running build_py
[14.810s] copying custom_arm_controller/arm_controller.py -> /home/rayyan/robot_arm_ros2_ws/build/custom_arm_controller/build/lib/custom_arm_controller
[14.810s] running install
[14.810s] running install_lib
[14.825s] copying /home/rayyan/robot_arm_ros2_ws/build/custom_arm_controller/build/lib/custom_arm_controller/arm_controller.py -> /home/rayyan/robot_arm_ros2_ws/install/custom_arm_controller/lib/python3.10/site-packages/custom_arm_controller
[14.856s] byte-compiling /home/rayyan/robot_arm_ros2_ws/install/custom_arm_controller/lib/python3.10/site-packages/custom_arm_controller/arm_controller.py to arm_controller.cpython-310.pyc
[14.856s] running install_data
[14.857s] running install_egg_info
[14.857s] removing '/home/rayyan/robot_arm_ros2_ws/install/custom_arm_controller/lib/python3.10/site-packages/custom_arm_controller-0.0.0-py3.10.egg-info' (and everything under it)
[14.857s] Copying ../../build/custom_arm_controller/custom_arm_controller.egg-info to /home/rayyan/robot_arm_ros2_ws/install/custom_arm_controller/lib/python3.10/site-packages/custom_arm_controller-0.0.0-py3.10.egg-info
[14.888s] running install_scripts
[15.208s] Installing arm_controller script to /home/rayyan/robot_arm_ros2_ws/install/custom_arm_controller/lib/custom_arm_controller
[15.209s] writing list of installed files to '/home/rayyan/robot_arm_ros2_ws/build/custom_arm_controller/install.log'
[15.710s] Invoked command in '/home/rayyan/robot_arm_ros2_ws/src/custom_arm_controller' returned '0': PYTHONPATH=/home/rayyan/robot_arm_ros2_ws/build/custom_arm_controller/prefix_override:/usr/lib/python3/dist-packages/colcon_core/task/python/colcon_distutils_commands:/home/rayyan/robot_arm_ros2_ws/install/custom_arm_controller/lib/python3.10/site-packages:${PYTHONPATH} /usr/bin/python3 -W ignore:setup.py install is deprecated -W ignore:easy_install command is deprecated setup.py egg_info --egg-base ../../build/custom_arm_controller build --build-base /home/rayyan/robot_arm_ros2_ws/build/custom_arm_controller/build install --record /home/rayyan/robot_arm_ros2_ws/build/custom_arm_controller/install.log --single-version-externally-managed install_data
