running egg_info
writing ../../build/custom_arm_controller/custom_arm_controller.egg-info/PKG-INFO
writing dependency_links to ../../build/custom_arm_controller/custom_arm_controller.egg-info/dependency_links.txt
writing entry points to ../../build/custom_arm_controller/custom_arm_controller.egg-info/entry_points.txt
writing requirements to ../../build/custom_arm_controller/custom_arm_controller.egg-info/requires.txt
writing top-level names to ../../build/custom_arm_controller/custom_arm_controller.egg-info/top_level.txt
reading manifest file '../../build/custom_arm_controller/custom_arm_controller.egg-info/SOURCES.txt'
writing manifest file '../../build/custom_arm_controller/custom_arm_controller.egg-info/SOURCES.txt'
running build
running build_py
copying custom_arm_controller/arm_controller.py -> /home/rayyan/robot_arm_ros2_ws/build/custom_arm_controller/build/lib/custom_arm_controller
running install
running install_lib
copying /home/rayyan/robot_arm_ros2_ws/build/custom_arm_controller/build/lib/custom_arm_controller/arm_controller.py -> /home/rayyan/robot_arm_ros2_ws/install/custom_arm_controller/lib/python3.10/site-packages/custom_arm_controller
byte-compiling /home/rayyan/robot_arm_ros2_ws/install/custom_arm_controller/lib/python3.10/site-packages/custom_arm_controller/__init__.py to __init__.cpython-310.pyc
byte-compiling /home/rayyan/robot_arm_ros2_ws/install/custom_arm_controller/lib/python3.10/site-packages/custom_arm_controller/arm_controller.py to arm_controller.cpython-310.pyc
running install_egg_info
Copying ../../build/custom_arm_controller/custom_arm_controller.egg-info to /home/rayyan/robot_arm_ros2_ws/install/custom_arm_controller/lib/python3.10/site-packages/custom_arm_controller-0.0.1-py3.10.egg-info
running install_scripts
Installing arm_controller script to /home/rayyan/robot_arm_ros2_ws/install/custom_arm_controller/lib/custom_arm_controller
writing list of installed files to '/home/rayyan/robot_arm_ros2_ws/build/custom_arm_controller/install.log'
