[0.989s] Invoking command in '/home/rayyan/robot_arm_ros2_ws/build/moveit_pkg': AMENT_PREFIX_PATH=/home/rayyan/robot_arm_ros2_ws/install/joint_state_publisher_gui:/home/rayyan/robot_arm_ros2_ws/install/joint_state_publisher:/home/rayyan/robot_arm_ros2_ws/install/moveit_pkg:/home/rayyan/robot_arm_ros2_ws/install/robot_arm_description:/home/rayyan/robot_arm_ros2_ws/install/custom_arm_controller:/opt/ros/humble CMAKE_PREFIX_PATH=/home/rayyan/robot_arm_ros2_ws/install/robot_arm_description:/home/rayyan/robot_arm_ros2_ws/install/moveit_pkg:/home/rayyan/robot_arm_ros2_ws/install/joint_state_publisher_gui:/home/rayyan/robot_arm_ros2_ws/install/joint_state_publisher:/home/rayyan/robot_arm_ros2_ws/install/custom_arm_controller:/opt/ros/humble /usr/bin/cmake --build /home/rayyan/robot_arm_ros2_ws/build/moveit_pkg -- -j4 -l4
[1.153s] Invoked command in '/home/rayyan/robot_arm_ros2_ws/build/moveit_pkg' returned '0': AMENT_PREFIX_PATH=/home/rayyan/robot_arm_ros2_ws/install/joint_state_publisher_gui:/home/rayyan/robot_arm_ros2_ws/install/joint_state_publisher:/home/rayyan/robot_arm_ros2_ws/install/moveit_pkg:/home/rayyan/robot_arm_ros2_ws/install/robot_arm_description:/home/rayyan/robot_arm_ros2_ws/install/custom_arm_controller:/opt/ros/humble CMAKE_PREFIX_PATH=/home/rayyan/robot_arm_ros2_ws/install/robot_arm_description:/home/rayyan/robot_arm_ros2_ws/install/moveit_pkg:/home/rayyan/robot_arm_ros2_ws/install/joint_state_publisher_gui:/home/rayyan/robot_arm_ros2_ws/install/joint_state_publisher:/home/rayyan/robot_arm_ros2_ws/install/custom_arm_controller:/opt/ros/humble /usr/bin/cmake --build /home/rayyan/robot_arm_ros2_ws/build/moveit_pkg -- -j4 -l4
[1.158s] Invoking command in '/home/rayyan/robot_arm_ros2_ws/build/moveit_pkg': AMENT_PREFIX_PATH=/home/rayyan/robot_arm_ros2_ws/install/joint_state_publisher_gui:/home/rayyan/robot_arm_ros2_ws/install/joint_state_publisher:/home/rayyan/robot_arm_ros2_ws/install/moveit_pkg:/home/rayyan/robot_arm_ros2_ws/install/robot_arm_description:/home/rayyan/robot_arm_ros2_ws/install/custom_arm_controller:/opt/ros/humble CMAKE_PREFIX_PATH=/home/rayyan/robot_arm_ros2_ws/install/robot_arm_description:/home/rayyan/robot_arm_ros2_ws/install/moveit_pkg:/home/rayyan/robot_arm_ros2_ws/install/joint_state_publisher_gui:/home/rayyan/robot_arm_ros2_ws/install/joint_state_publisher:/home/rayyan/robot_arm_ros2_ws/install/custom_arm_controller:/opt/ros/humble /usr/bin/cmake --install /home/rayyan/robot_arm_ros2_ws/build/moveit_pkg
[1.197s] -- Install configuration: ""
[1.198s] -- Up-to-date: /home/rayyan/robot_arm_ros2_ws/install/moveit_pkg/share/ament_index/resource_index/package_run_dependencies/moveit_pkg
[1.198s] -- Up-to-date: /home/rayyan/robot_arm_ros2_ws/install/moveit_pkg/share/ament_index/resource_index/parent_prefix_path/moveit_pkg
[1.199s] -- Up-to-date: /home/rayyan/robot_arm_ros2_ws/install/moveit_pkg/share/moveit_pkg/environment/ament_prefix_path.sh
[1.199s] -- Up-to-date: /home/rayyan/robot_arm_ros2_ws/install/moveit_pkg/share/moveit_pkg/environment/ament_prefix_path.dsv
[1.199s] -- Up-to-date: /home/rayyan/robot_arm_ros2_ws/install/moveit_pkg/share/moveit_pkg/environment/path.sh
[1.199s] -- Up-to-date: /home/rayyan/robot_arm_ros2_ws/install/moveit_pkg/share/moveit_pkg/environment/path.dsv
[1.200s] -- Up-to-date: /home/rayyan/robot_arm_ros2_ws/install/moveit_pkg/share/moveit_pkg/local_setup.bash
[1.200s] -- Up-to-date: /home/rayyan/robot_arm_ros2_ws/install/moveit_pkg/share/moveit_pkg/local_setup.sh
[1.200s] -- Up-to-date: /home/rayyan/robot_arm_ros2_ws/install/moveit_pkg/share/moveit_pkg/local_setup.zsh
[1.201s] -- Up-to-date: /home/rayyan/robot_arm_ros2_ws/install/moveit_pkg/share/moveit_pkg/local_setup.dsv
[1.201s] -- Installing: /home/rayyan/robot_arm_ros2_ws/install/moveit_pkg/share/moveit_pkg/package.dsv
[1.201s] -- Up-to-date: /home/rayyan/robot_arm_ros2_ws/install/moveit_pkg/share/ament_index/resource_index/packages/moveit_pkg
[1.202s] -- Up-to-date: /home/rayyan/robot_arm_ros2_ws/install/moveit_pkg/share/moveit_pkg/cmake/moveit_pkgConfig.cmake
[1.202s] -- Up-to-date: /home/rayyan/robot_arm_ros2_ws/install/moveit_pkg/share/moveit_pkg/cmake/moveit_pkgConfig-version.cmake
[1.202s] -- Up-to-date: /home/rayyan/robot_arm_ros2_ws/install/moveit_pkg/share/moveit_pkg/package.xml
[1.202s] -- Up-to-date: /home/rayyan/robot_arm_ros2_ws/install/moveit_pkg/share/moveit_pkg/launch
[1.203s] -- Up-to-date: /home/rayyan/robot_arm_ros2_ws/install/moveit_pkg/share/moveit_pkg/launch/static_virtual_joint_tfs.launch.py
[1.203s] -- Up-to-date: /home/rayyan/robot_arm_ros2_ws/install/moveit_pkg/share/moveit_pkg/launch/warehouse_db.launch.py
[1.203s] -- Up-to-date: /home/rayyan/robot_arm_ros2_ws/install/moveit_pkg/share/moveit_pkg/launch/rsp.launch.py
[1.203s] -- Up-to-date: /home/rayyan/robot_arm_ros2_ws/install/moveit_pkg/share/moveit_pkg/launch/spawn_controllers.launch.py
[1.204s] -- Up-to-date: /home/rayyan/robot_arm_ros2_ws/install/moveit_pkg/share/moveit_pkg/launch/moveit_rviz.launch.py
[1.204s] -- Up-to-date: /home/rayyan/robot_arm_ros2_ws/install/moveit_pkg/share/moveit_pkg/launch/demo.launch.py
[1.204s] -- Up-to-date: /home/rayyan/robot_arm_ros2_ws/install/moveit_pkg/share/moveit_pkg/launch/setup_assistant.launch.py
[1.204s] -- Up-to-date: /home/rayyan/robot_arm_ros2_ws/install/moveit_pkg/share/moveit_pkg/launch/move_group.launch.py
[1.204s] -- Up-to-date: /home/rayyan/robot_arm_ros2_ws/install/moveit_pkg/share/moveit_pkg/config
[1.205s] -- Up-to-date: /home/rayyan/robot_arm_ros2_ws/install/moveit_pkg/share/moveit_pkg/config/moveit.rviz
[1.205s] -- Up-to-date: /home/rayyan/robot_arm_ros2_ws/install/moveit_pkg/share/moveit_pkg/config/kinematics.yaml
[1.205s] -- Up-to-date: /home/rayyan/robot_arm_ros2_ws/install/moveit_pkg/share/moveit_pkg/config/arduino_robot_arm.srdf
[1.206s] -- Up-to-date: /home/rayyan/robot_arm_ros2_ws/install/moveit_pkg/share/moveit_pkg/config/pilz_cartesian_limits.yaml
[1.206s] -- Up-to-date: /home/rayyan/robot_arm_ros2_ws/install/moveit_pkg/share/moveit_pkg/config/joint_limits.yaml
[1.206s] -- Up-to-date: /home/rayyan/robot_arm_ros2_ws/install/moveit_pkg/share/moveit_pkg/config/arduino_robot_arm.ros2_control.xacro
[1.206s] -- Up-to-date: /home/rayyan/robot_arm_ros2_ws/install/moveit_pkg/share/moveit_pkg/config/arduino_robot_arm.urdf.xacro
[1.207s] -- Up-to-date: /home/rayyan/robot_arm_ros2_ws/install/moveit_pkg/share/moveit_pkg/config/initial_positions.yaml
[1.207s] -- Up-to-date: /home/rayyan/robot_arm_ros2_ws/install/moveit_pkg/share/moveit_pkg/config/moveit_controllers.yaml
[1.207s] -- Up-to-date: /home/rayyan/robot_arm_ros2_ws/install/moveit_pkg/share/moveit_pkg/config/ros2_controllers.yaml
[1.231s] Invoked command in '/home/rayyan/robot_arm_ros2_ws/build/moveit_pkg' returned '0': AMENT_PREFIX_PATH=/home/rayyan/robot_arm_ros2_ws/install/joint_state_publisher_gui:/home/rayyan/robot_arm_ros2_ws/install/joint_state_publisher:/home/rayyan/robot_arm_ros2_ws/install/moveit_pkg:/home/rayyan/robot_arm_ros2_ws/install/robot_arm_description:/home/rayyan/robot_arm_ros2_ws/install/custom_arm_controller:/opt/ros/humble CMAKE_PREFIX_PATH=/home/rayyan/robot_arm_ros2_ws/install/robot_arm_description:/home/rayyan/robot_arm_ros2_ws/install/moveit_pkg:/home/rayyan/robot_arm_ros2_ws/install/joint_state_publisher_gui:/home/rayyan/robot_arm_ros2_ws/install/joint_state_publisher:/home/rayyan/robot_arm_ros2_ws/install/custom_arm_controller:/opt/ros/humble /usr/bin/cmake --install /home/rayyan/robot_arm_ros2_ws/build/moveit_pkg
