[5.036s] Invoking command in '/home/rayyan/robot_arm_ros2_ws/src/joint_state_publisher/joint_state_publisher_gui': AMENT_PREFIX_PATH=/home/rayyan/robot_arm_ros2_ws/src/install/joint_state_publisher PYTHONPATH=/home/rayyan/robot_arm_ros2_ws/src/build/joint_state_publisher_gui/prefix_override:/usr/lib/python3/dist-packages/colcon_core/task/python/colcon_distutils_commands:/home/rayyan/robot_arm_ros2_ws/src/install/joint_state_publisher_gui/lib/python3.10/site-packages:/home/rayyan/robot_arm_ros2_ws/src/install/joint_state_publisher/lib/python3.10/site-packages /usr/bin/python3 -W ignore:setup.py install is deprecated -W ignore:easy_install command is deprecated setup.py egg_info --egg-base ../../build/joint_state_publisher_gui build --build-base /home/rayyan/robot_arm_ros2_ws/src/build/joint_state_publisher_gui/build install --record /home/rayyan/robot_arm_ros2_ws/src/build/joint_state_publisher_gui/install.log --single-version-externally-managed install_data
[6.282s] running egg_info
[6.286s] creating ../../build/joint_state_publisher_gui/joint_state_publisher_gui.egg-info
[6.288s] writing ../../build/joint_state_publisher_gui/joint_state_publisher_gui.egg-info/PKG-INFO
[6.293s] writing dependency_links to ../../build/joint_state_publisher_gui/joint_state_publisher_gui.egg-info/dependency_links.txt
[6.295s] writing entry points to ../../build/joint_state_publisher_gui/joint_state_publisher_gui.egg-info/entry_points.txt
[6.296s] writing requirements to ../../build/joint_state_publisher_gui/joint_state_publisher_gui.egg-info/requires.txt
[6.296s] writing top-level names to ../../build/joint_state_publisher_gui/joint_state_publisher_gui.egg-info/top_level.txt
[6.297s] writing manifest file '../../build/joint_state_publisher_gui/joint_state_publisher_gui.egg-info/SOURCES.txt'
[6.306s] reading manifest file '../../build/joint_state_publisher_gui/joint_state_publisher_gui.egg-info/SOURCES.txt'
[6.310s] adding license file 'LICENSE'
[6.317s] writing manifest file '../../build/joint_state_publisher_gui/joint_state_publisher_gui.egg-info/SOURCES.txt'
[6.319s] running build
[6.320s] running build_py
[6.322s] creating /home/rayyan/robot_arm_ros2_ws/src/build/joint_state_publisher_gui/build
[6.324s] creating /home/rayyan/robot_arm_ros2_ws/src/build/joint_state_publisher_gui/build/lib
[6.324s] creating /home/rayyan/robot_arm_ros2_ws/src/build/joint_state_publisher_gui/build/lib/joint_state_publisher_gui
[6.325s] copying joint_state_publisher_gui/flow_layout.py -> /home/rayyan/robot_arm_ros2_ws/src/build/joint_state_publisher_gui/build/lib/joint_state_publisher_gui
[6.325s] copying joint_state_publisher_gui/__init__.py -> /home/rayyan/robot_arm_ros2_ws/src/build/joint_state_publisher_gui/build/lib/joint_state_publisher_gui
[6.326s] copying joint_state_publisher_gui/joint_state_publisher_gui.py -> /home/rayyan/robot_arm_ros2_ws/src/build/joint_state_publisher_gui/build/lib/joint_state_publisher_gui
[6.328s] running install
[6.329s] running install_lib
[6.335s] creating /home/rayyan/robot_arm_ros2_ws/src/install/joint_state_publisher_gui/lib/python3.10/site-packages/joint_state_publisher_gui
[6.342s] copying /home/rayyan/robot_arm_ros2_ws/src/build/joint_state_publisher_gui/build/lib/joint_state_publisher_gui/flow_layout.py -> /home/rayyan/robot_arm_ros2_ws/src/install/joint_state_publisher_gui/lib/python3.10/site-packages/joint_state_publisher_gui
[6.342s] copying /home/rayyan/robot_arm_ros2_ws/src/build/joint_state_publisher_gui/build/lib/joint_state_publisher_gui/__init__.py -> /home/rayyan/robot_arm_ros2_ws/src/install/joint_state_publisher_gui/lib/python3.10/site-packages/joint_state_publisher_gui
[6.342s] copying /home/rayyan/robot_arm_ros2_ws/src/build/joint_state_publisher_gui/build/lib/joint_state_publisher_gui/joint_state_publisher_gui.py -> /home/rayyan/robot_arm_ros2_ws/src/install/joint_state_publisher_gui/lib/python3.10/site-packages/joint_state_publisher_gui
[6.343s] byte-compiling /home/rayyan/robot_arm_ros2_ws/src/install/joint_state_publisher_gui/lib/python3.10/site-packages/joint_state_publisher_gui/flow_layout.py to flow_layout.cpython-310.pyc
[6.349s] byte-compiling /home/rayyan/robot_arm_ros2_ws/src/install/joint_state_publisher_gui/lib/python3.10/site-packages/joint_state_publisher_gui/__init__.py to __init__.cpython-310.pyc
[6.351s] byte-compiling /home/rayyan/robot_arm_ros2_ws/src/install/joint_state_publisher_gui/lib/python3.10/site-packages/joint_state_publisher_gui/joint_state_publisher_gui.py to joint_state_publisher_gui.cpython-310.pyc
[6.362s] running install_data
[6.363s] creating /home/rayyan/robot_arm_ros2_ws/src/install/joint_state_publisher_gui/share/ament_index
[6.364s] creating /home/rayyan/robot_arm_ros2_ws/src/install/joint_state_publisher_gui/share/ament_index/resource_index
[6.367s] creating /home/rayyan/robot_arm_ros2_ws/src/install/joint_state_publisher_gui/share/ament_index/resource_index/packages
[6.377s] copying resource/joint_state_publisher_gui -> /home/rayyan/robot_arm_ros2_ws/src/install/joint_state_publisher_gui/share/ament_index/resource_index/packages
[6.378s] copying package.xml -> /home/rayyan/robot_arm_ros2_ws/src/install/joint_state_publisher_gui/share/joint_state_publisher_gui
[6.378s] running install_egg_info
[6.384s] Copying ../../build/joint_state_publisher_gui/joint_state_publisher_gui.egg-info to /home/rayyan/robot_arm_ros2_ws/src/install/joint_state_publisher_gui/lib/python3.10/site-packages/joint_state_publisher_gui-2.4.0-py3.10.egg-info
[6.390s] running install_scripts
[6.512s] Installing joint_state_publisher_gui script to /home/rayyan/robot_arm_ros2_ws/src/install/joint_state_publisher_gui/lib/joint_state_publisher_gui
[6.514s] writing list of installed files to '/home/rayyan/robot_arm_ros2_ws/src/build/joint_state_publisher_gui/install.log'
[6.720s] Invoked command in '/home/rayyan/robot_arm_ros2_ws/src/joint_state_publisher/joint_state_publisher_gui' returned '0': AMENT_PREFIX_PATH=/home/rayyan/robot_arm_ros2_ws/src/install/joint_state_publisher PYTHONPATH=/home/rayyan/robot_arm_ros2_ws/src/build/joint_state_publisher_gui/prefix_override:/usr/lib/python3/dist-packages/colcon_core/task/python/colcon_distutils_commands:/home/rayyan/robot_arm_ros2_ws/src/install/joint_state_publisher_gui/lib/python3.10/site-packages:/home/rayyan/robot_arm_ros2_ws/src/install/joint_state_publisher/lib/python3.10/site-packages /usr/bin/python3 -W ignore:setup.py install is deprecated -W ignore:easy_install command is deprecated setup.py egg_info --egg-base ../../build/joint_state_publisher_gui build --build-base /home/rayyan/robot_arm_ros2_ws/src/build/joint_state_publisher_gui/build install --record /home/rayyan/robot_arm_ros2_ws/src/build/joint_state_publisher_gui/install.log --single-version-externally-managed install_data
