[1.243s] Invoking command in '/home/rayyan/robot_arm_ros2_ws/src/joint_state_publisher/joint_state_publisher_gui': AMENT_PREFIX_PATH=/home/rayyan/robot_arm_ros2_ws/install/joint_state_publisher:${AMENT_PREFIX_PATH} PYTHONPATH=/home/rayyan/robot_arm_ros2_ws/build/joint_state_publisher_gui/prefix_override:/usr/lib/python3/dist-packages/colcon_core/task/python/colcon_distutils_commands:/home/rayyan/robot_arm_ros2_ws/install/joint_state_publisher_gui/lib/python3.10/site-packages:/home/rayyan/robot_arm_ros2_ws/install/joint_state_publisher/lib/python3.10/site-packages:${PYTHONPATH} /usr/bin/python3 -W ignore:setup.py install is deprecated -W ignore:easy_install command is deprecated setup.py egg_info --egg-base ../../../build/joint_state_publisher_gui build --build-base /home/rayyan/robot_arm_ros2_ws/build/joint_state_publisher_gui/build install --record /home/rayyan/robot_arm_ros2_ws/build/joint_state_publisher_gui/install.log --single-version-externally-managed install_data
[1.576s] running egg_info
[1.577s] creating ../../../build/joint_state_publisher_gui/joint_state_publisher_gui.egg-info
[1.578s] writing ../../../build/joint_state_publisher_gui/joint_state_publisher_gui.egg-info/PKG-INFO
[1.578s] writing dependency_links to ../../../build/joint_state_publisher_gui/joint_state_publisher_gui.egg-info/dependency_links.txt
[1.579s] writing entry points to ../../../build/joint_state_publisher_gui/joint_state_publisher_gui.egg-info/entry_points.txt
[1.579s] writing requirements to ../../../build/joint_state_publisher_gui/joint_state_publisher_gui.egg-info/requires.txt
[1.579s] writing top-level names to ../../../build/joint_state_publisher_gui/joint_state_publisher_gui.egg-info/top_level.txt
[1.579s] writing manifest file '../../../build/joint_state_publisher_gui/joint_state_publisher_gui.egg-info/SOURCES.txt'
[1.582s] reading manifest file '../../../build/joint_state_publisher_gui/joint_state_publisher_gui.egg-info/SOURCES.txt'
[1.582s] adding license file 'LICENSE'
[1.583s] writing manifest file '../../../build/joint_state_publisher_gui/joint_state_publisher_gui.egg-info/SOURCES.txt'
[1.583s] running build
[1.584s] running build_py
[1.584s] creating /home/rayyan/robot_arm_ros2_ws/build/joint_state_publisher_gui/build
[1.584s] creating /home/rayyan/robot_arm_ros2_ws/build/joint_state_publisher_gui/build/lib
[1.585s] creating /home/rayyan/robot_arm_ros2_ws/build/joint_state_publisher_gui/build/lib/joint_state_publisher_gui
[1.585s] copying joint_state_publisher_gui/flow_layout.py -> /home/rayyan/robot_arm_ros2_ws/build/joint_state_publisher_gui/build/lib/joint_state_publisher_gui
[1.586s] copying joint_state_publisher_gui/__init__.py -> /home/rayyan/robot_arm_ros2_ws/build/joint_state_publisher_gui/build/lib/joint_state_publisher_gui
[1.586s] copying joint_state_publisher_gui/joint_state_publisher_gui.py -> /home/rayyan/robot_arm_ros2_ws/build/joint_state_publisher_gui/build/lib/joint_state_publisher_gui
[1.587s] running install
[1.587s] running install_lib
[1.588s] creating /home/rayyan/robot_arm_ros2_ws/install/joint_state_publisher_gui/lib/python3.10/site-packages/joint_state_publisher_gui
[1.589s] copying /home/rayyan/robot_arm_ros2_ws/build/joint_state_publisher_gui/build/lib/joint_state_publisher_gui/flow_layout.py -> /home/rayyan/robot_arm_ros2_ws/install/joint_state_publisher_gui/lib/python3.10/site-packages/joint_state_publisher_gui
[1.589s] copying /home/rayyan/robot_arm_ros2_ws/build/joint_state_publisher_gui/build/lib/joint_state_publisher_gui/__init__.py -> /home/rayyan/robot_arm_ros2_ws/install/joint_state_publisher_gui/lib/python3.10/site-packages/joint_state_publisher_gui
[1.590s] copying /home/rayyan/robot_arm_ros2_ws/build/joint_state_publisher_gui/build/lib/joint_state_publisher_gui/joint_state_publisher_gui.py -> /home/rayyan/robot_arm_ros2_ws/install/joint_state_publisher_gui/lib/python3.10/site-packages/joint_state_publisher_gui
[1.590s] byte-compiling /home/rayyan/robot_arm_ros2_ws/install/joint_state_publisher_gui/lib/python3.10/site-packages/joint_state_publisher_gui/flow_layout.py to flow_layout.cpython-310.pyc
[1.592s] byte-compiling /home/rayyan/robot_arm_ros2_ws/install/joint_state_publisher_gui/lib/python3.10/site-packages/joint_state_publisher_gui/__init__.py to __init__.cpython-310.pyc
[1.593s] byte-compiling /home/rayyan/robot_arm_ros2_ws/install/joint_state_publisher_gui/lib/python3.10/site-packages/joint_state_publisher_gui/joint_state_publisher_gui.py to joint_state_publisher_gui.cpython-310.pyc
[1.595s] running install_data
[1.596s] creating /home/rayyan/robot_arm_ros2_ws/install/joint_state_publisher_gui/share/ament_index
[1.596s] creating /home/rayyan/robot_arm_ros2_ws/install/joint_state_publisher_gui/share/ament_index/resource_index
[1.596s] creating /home/rayyan/robot_arm_ros2_ws/install/joint_state_publisher_gui/share/ament_index/resource_index/packages
[1.596s] copying resource/joint_state_publisher_gui -> /home/rayyan/robot_arm_ros2_ws/install/joint_state_publisher_gui/share/ament_index/resource_index/packages
[1.597s] copying package.xml -> /home/rayyan/robot_arm_ros2_ws/install/joint_state_publisher_gui/share/joint_state_publisher_gui
[1.597s] running install_egg_info
[1.599s] Copying ../../../build/joint_state_publisher_gui/joint_state_publisher_gui.egg-info to /home/rayyan/robot_arm_ros2_ws/install/joint_state_publisher_gui/lib/python3.10/site-packages/joint_state_publisher_gui-2.4.0-py3.10.egg-info
[1.601s] running install_scripts
[1.630s] Installing joint_state_publisher_gui script to /home/rayyan/robot_arm_ros2_ws/install/joint_state_publisher_gui/lib/joint_state_publisher_gui
[1.631s] writing list of installed files to '/home/rayyan/robot_arm_ros2_ws/build/joint_state_publisher_gui/install.log'
[1.686s] Invoked command in '/home/rayyan/robot_arm_ros2_ws/src/joint_state_publisher/joint_state_publisher_gui' returned '0': AMENT_PREFIX_PATH=/home/rayyan/robot_arm_ros2_ws/install/joint_state_publisher:${AMENT_PREFIX_PATH} PYTHONPATH=/home/rayyan/robot_arm_ros2_ws/build/joint_state_publisher_gui/prefix_override:/usr/lib/python3/dist-packages/colcon_core/task/python/colcon_distutils_commands:/home/rayyan/robot_arm_ros2_ws/install/joint_state_publisher_gui/lib/python3.10/site-packages:/home/rayyan/robot_arm_ros2_ws/install/joint_state_publisher/lib/python3.10/site-packages:${PYTHONPATH} /usr/bin/python3 -W ignore:setup.py install is deprecated -W ignore:easy_install command is deprecated setup.py egg_info --egg-base ../../../build/joint_state_publisher_gui build --build-base /home/rayyan/robot_arm_ros2_ws/build/joint_state_publisher_gui/build install --record /home/rayyan/robot_arm_ros2_ws/build/joint_state_publisher_gui/install.log --single-version-externally-managed install_data
