[4.893s] Invoking command in '/home/rayyan/robot_arm_ros2_ws/src/joint_state_publisher/joint_state_publisher_gui': AMENT_PREFIX_PATH=/home/rayyan/robot_arm_ros2_ws/install/joint_state_publisher:/home/rayyan/robot_arm_ros2_ws/install/moveit_pkg:/home/rayyan/robot_arm_ros2_ws/install/robot_arm_description:/home/rayyan/robot_arm_ros2_ws/install/joint_state_publisher_gui:/home/rayyan/robot_arm_ros2_ws/install/custom_arm_controller:/opt/ros/humble PYTHONPATH=/home/rayyan/robot_arm_ros2_ws/build/joint_state_publisher_gui/prefix_override:/usr/lib/python3/dist-packages/colcon_core/task/python/colcon_distutils_commands:/home/rayyan/robot_arm_ros2_ws/install/joint_state_publisher_gui/lib/python3.10/site-packages:/home/rayyan/robot_arm_ros2_ws/install/joint_state_publisher/lib/python3.10/site-packages:/home/rayyan/robot_arm_ros2_ws/install/joint_state_publisher_gui/lib/python3.10/site-packages:/home/rayyan/robot_arm_ros2_ws/install/custom_arm_controller/lib/python3.10/site-packages:/opt/ros/humble/lib/python3.10/site-packages:/opt/ros/humble/local/lib/python3.10/dist-packages /usr/bin/python3 -W ignore:setup.py install is deprecated -W ignore:easy_install command is deprecated setup.py egg_info --egg-base ../../../build/joint_state_publisher_gui build --build-base /home/rayyan/robot_arm_ros2_ws/build/joint_state_publisher_gui/build install --record /home/rayyan/robot_arm_ros2_ws/build/joint_state_publisher_gui/install.log --single-version-externally-managed install_data
[6.847s] running egg_info
[6.850s] writing ../../../build/joint_state_publisher_gui/joint_state_publisher_gui.egg-info/PKG-INFO
[6.852s] writing dependency_links to ../../../build/joint_state_publisher_gui/joint_state_publisher_gui.egg-info/dependency_links.txt
[6.857s] writing entry points to ../../../build/joint_state_publisher_gui/joint_state_publisher_gui.egg-info/entry_points.txt
[6.857s] writing requirements to ../../../build/joint_state_publisher_gui/joint_state_publisher_gui.egg-info/requires.txt
[6.858s] writing top-level names to ../../../build/joint_state_publisher_gui/joint_state_publisher_gui.egg-info/top_level.txt
[6.877s] reading manifest file '../../../build/joint_state_publisher_gui/joint_state_publisher_gui.egg-info/SOURCES.txt'
[6.878s] adding license file 'LICENSE'
[6.901s] writing manifest file '../../../build/joint_state_publisher_gui/joint_state_publisher_gui.egg-info/SOURCES.txt'
[6.913s] running build
[6.913s] running build_py
[6.916s] running install
[6.918s] running install_lib
[6.925s] running install_data
[6.927s] running install_egg_info
[6.933s] removing '/home/rayyan/robot_arm_ros2_ws/install/joint_state_publisher_gui/lib/python3.10/site-packages/joint_state_publisher_gui-2.4.0-py3.10.egg-info' (and everything under it)
[6.949s] Copying ../../../build/joint_state_publisher_gui/joint_state_publisher_gui.egg-info to /home/rayyan/robot_arm_ros2_ws/install/joint_state_publisher_gui/lib/python3.10/site-packages/joint_state_publisher_gui-2.4.0-py3.10.egg-info
[6.949s] running install_scripts
[7.088s] Installing joint_state_publisher_gui script to /home/rayyan/robot_arm_ros2_ws/install/joint_state_publisher_gui/lib/joint_state_publisher_gui
[7.089s] writing list of installed files to '/home/rayyan/robot_arm_ros2_ws/build/joint_state_publisher_gui/install.log'
[7.250s] Invoked command in '/home/rayyan/robot_arm_ros2_ws/src/joint_state_publisher/joint_state_publisher_gui' returned '0': AMENT_PREFIX_PATH=/home/rayyan/robot_arm_ros2_ws/install/joint_state_publisher:/home/rayyan/robot_arm_ros2_ws/install/moveit_pkg:/home/rayyan/robot_arm_ros2_ws/install/robot_arm_description:/home/rayyan/robot_arm_ros2_ws/install/joint_state_publisher_gui:/home/rayyan/robot_arm_ros2_ws/install/custom_arm_controller:/opt/ros/humble PYTHONPATH=/home/rayyan/robot_arm_ros2_ws/build/joint_state_publisher_gui/prefix_override:/usr/lib/python3/dist-packages/colcon_core/task/python/colcon_distutils_commands:/home/rayyan/robot_arm_ros2_ws/install/joint_state_publisher_gui/lib/python3.10/site-packages:/home/rayyan/robot_arm_ros2_ws/install/joint_state_publisher/lib/python3.10/site-packages:/home/rayyan/robot_arm_ros2_ws/install/joint_state_publisher_gui/lib/python3.10/site-packages:/home/rayyan/robot_arm_ros2_ws/install/custom_arm_controller/lib/python3.10/site-packages:/opt/ros/humble/lib/python3.10/site-packages:/opt/ros/humble/local/lib/python3.10/dist-packages /usr/bin/python3 -W ignore:setup.py install is deprecated -W ignore:easy_install command is deprecated setup.py egg_info --egg-base ../../../build/joint_state_publisher_gui build --build-base /home/rayyan/robot_arm_ros2_ws/build/joint_state_publisher_gui/build install --record /home/rayyan/robot_arm_ros2_ws/build/joint_state_publisher_gui/install.log --single-version-externally-managed install_data
