[0.858s] DEBUG:colcon:Command line arguments: ['/usr/bin/colcon', 'build']
[0.859s] DEBUG:colcon:Parsed command line arguments: Namespace(log_base=None, log_level=None, verb_name='build', build_base='build', install_base='install', merge_install=False, symlink_install=False, test_result_base=None, continue_on_error=False, executor='parallel', parallel_workers=4, event_handlers=None, ignore_user_meta=False, metas=['./colcon.meta'], base_paths=['.'], packages_ignore=None, packages_ignore_regex=None, paths=None, packages_up_to=None, packages_up_to_regex=None, packages_above=None, packages_above_and_dependencies=None, packages_above_depth=None, packages_select_by_dep=None, packages_skip_by_dep=None, packages_skip_up_to=None, packages_select_build_failed=False, packages_skip_build_finished=False, packages_select_test_failures=False, packages_skip_test_passed=False, packages_select=None, packages_skip=None, packages_select_regex=None, packages_skip_regex=None, packages_start=None, packages_end=None, allow_overriding=[], cmake_args=None, cmake_target=None, cmake_target_skip_unavailable=False, cmake_clean_cache=False, cmake_clean_first=False, cmake_force_configure=False, ament_cmake_args=None, catkin_cmake_args=None, catkin_skip_building_tests=False, mixin_files=None, mixin=None, verb_parser=<colcon_mixin.mixin.mixin_argument.MixinArgumentDecorator object at 0x7f91d90726b0>, verb_extension=<colcon_core.verb.build.BuildVerb object at 0x7f91d916f5e0>, main=<bound method BuildVerb.main of <colcon_core.verb.build.BuildVerb object at 0x7f91d916f5e0>>, mixin_verb=('build',))
[1.819s] Level 1:colcon.colcon_core.package_discovery:discover_packages(colcon_meta) check parameters
[1.819s] Level 1:colcon.colcon_core.package_discovery:discover_packages(recursive) check parameters
[1.819s] Level 1:colcon.colcon_core.package_discovery:discover_packages(ignore) check parameters
[1.819s] Level 1:colcon.colcon_core.package_discovery:discover_packages(path) check parameters
[1.820s] Level 1:colcon.colcon_core.package_discovery:discover_packages(colcon_meta) discover
[1.820s] Level 1:colcon.colcon_core.package_discovery:discover_packages(recursive) discover
[1.820s] INFO:colcon.colcon_core.package_discovery:Crawling recursively for packages in '/home/rayyan/robot_arm_ros2_ws'
[1.820s] Level 1:colcon.colcon_core.package_identification:_identify(.) by extensions ['ignore', 'ignore_ament_install']
[1.820s] Level 1:colcon.colcon_core.package_identification:_identify(.) by extension 'ignore'
[1.821s] Level 1:colcon.colcon_core.package_identification:_identify(.) by extension 'ignore_ament_install'
[1.821s] Level 1:colcon.colcon_core.package_identification:_identify(.) by extensions ['colcon_pkg']
[1.821s] Level 1:colcon.colcon_core.package_identification:_identify(.) by extension 'colcon_pkg'
[1.821s] Level 1:colcon.colcon_core.package_identification:_identify(.) by extensions ['colcon_meta']
[1.821s] Level 1:colcon.colcon_core.package_identification:_identify(.) by extension 'colcon_meta'
[1.821s] Level 1:colcon.colcon_core.package_identification:_identify(.) by extensions ['ros']
[1.821s] Level 1:colcon.colcon_core.package_identification:_identify(.) by extension 'ros'
[1.870s] Level 1:colcon.colcon_core.package_identification:_identify(.) by extensions ['cmake', 'python']
[1.870s] Level 1:colcon.colcon_core.package_identification:_identify(.) by extension 'cmake'
[1.871s] Level 1:colcon.colcon_core.package_identification:_identify(.) by extension 'python'
[1.871s] Level 1:colcon.colcon_core.package_identification:_identify(.) by extensions ['python_setup_py']
[1.872s] Level 1:colcon.colcon_core.package_identification:_identify(.) by extension 'python_setup_py'
[1.873s] Level 1:colcon.colcon_core.package_identification:_identify(build) by extensions ['ignore', 'ignore_ament_install']
[1.873s] Level 1:colcon.colcon_core.package_identification:_identify(build) by extension 'ignore'
[1.874s] Level 1:colcon.colcon_core.package_identification:_identify(build) ignored
[1.875s] Level 1:colcon.colcon_core.package_identification:_identify(install) by extensions ['ignore', 'ignore_ament_install']
[1.876s] Level 1:colcon.colcon_core.package_identification:_identify(install) by extension 'ignore'
[1.876s] Level 1:colcon.colcon_core.package_identification:_identify(install) ignored
[1.877s] Level 1:colcon.colcon_core.package_identification:_identify(log) by extensions ['ignore', 'ignore_ament_install']
[1.878s] Level 1:colcon.colcon_core.package_identification:_identify(log) by extension 'ignore'
[1.878s] Level 1:colcon.colcon_core.package_identification:_identify(log) ignored
[1.878s] Level 1:colcon.colcon_core.package_identification:_identify(src) by extensions ['ignore', 'ignore_ament_install']
[1.878s] Level 1:colcon.colcon_core.package_identification:_identify(src) by extension 'ignore'
[1.879s] Level 1:colcon.colcon_core.package_identification:_identify(src) by extension 'ignore_ament_install'
[1.879s] Level 1:colcon.colcon_core.package_identification:_identify(src) by extensions ['colcon_pkg']
[1.879s] Level 1:colcon.colcon_core.package_identification:_identify(src) by extension 'colcon_pkg'
[1.879s] Level 1:colcon.colcon_core.package_identification:_identify(src) by extensions ['colcon_meta']
[1.879s] Level 1:colcon.colcon_core.package_identification:_identify(src) by extension 'colcon_meta'
[1.880s] Level 1:colcon.colcon_core.package_identification:_identify(src) by extensions ['ros']
[1.880s] Level 1:colcon.colcon_core.package_identification:_identify(src) by extension 'ros'
[1.880s] Level 1:colcon.colcon_core.package_identification:_identify(src) by extensions ['cmake', 'python']
[1.880s] Level 1:colcon.colcon_core.package_identification:_identify(src) by extension 'cmake'
[1.880s] Level 1:colcon.colcon_core.package_identification:_identify(src) by extension 'python'
[1.881s] Level 1:colcon.colcon_core.package_identification:_identify(src) by extensions ['python_setup_py']
[1.881s] Level 1:colcon.colcon_core.package_identification:_identify(src) by extension 'python_setup_py'
[1.881s] Level 1:colcon.colcon_core.package_identification:_identify(src/build) by extensions ['ignore', 'ignore_ament_install']
[1.882s] Level 1:colcon.colcon_core.package_identification:_identify(src/build) by extension 'ignore'
[1.882s] Level 1:colcon.colcon_core.package_identification:_identify(src/build) ignored
[1.883s] Level 1:colcon.colcon_core.package_identification:_identify(src/custom_arm_controller) by extensions ['ignore', 'ignore_ament_install']
[1.883s] Level 1:colcon.colcon_core.package_identification:_identify(src/custom_arm_controller) by extension 'ignore'
[1.884s] Level 1:colcon.colcon_core.package_identification:_identify(src/custom_arm_controller) by extension 'ignore_ament_install'
[1.884s] Level 1:colcon.colcon_core.package_identification:_identify(src/custom_arm_controller) by extensions ['colcon_pkg']
[1.884s] Level 1:colcon.colcon_core.package_identification:_identify(src/custom_arm_controller) by extension 'colcon_pkg'
[1.885s] Level 1:colcon.colcon_core.package_identification:_identify(src/custom_arm_controller) by extensions ['colcon_meta']
[1.885s] Level 1:colcon.colcon_core.package_identification:_identify(src/custom_arm_controller) by extension 'colcon_meta'
[1.885s] Level 1:colcon.colcon_core.package_identification:_identify(src/custom_arm_controller) by extensions ['ros']
[1.885s] Level 1:colcon.colcon_core.package_identification:_identify(src/custom_arm_controller) by extension 'ros'
[1.899s] DEBUG:colcon.colcon_core.package_identification:Package 'src/custom_arm_controller' with type 'ros.ament_python' and name 'custom_arm_controller'
[1.899s] Level 1:colcon.colcon_core.package_identification:_identify(src/install) by extensions ['ignore', 'ignore_ament_install']
[1.901s] Level 1:colcon.colcon_core.package_identification:_identify(src/install) by extension 'ignore'
[1.902s] Level 1:colcon.colcon_core.package_identification:_identify(src/install) ignored
[1.902s] Level 1:colcon.colcon_core.package_identification:_identify(src/joint_state_publisher) by extensions ['ignore', 'ignore_ament_install']
[1.902s] Level 1:colcon.colcon_core.package_identification:_identify(src/joint_state_publisher) by extension 'ignore'
[1.903s] Level 1:colcon.colcon_core.package_identification:_identify(src/joint_state_publisher) by extension 'ignore_ament_install'
[1.903s] Level 1:colcon.colcon_core.package_identification:_identify(src/joint_state_publisher) by extensions ['colcon_pkg']
[1.903s] Level 1:colcon.colcon_core.package_identification:_identify(src/joint_state_publisher) by extension 'colcon_pkg'
[1.903s] Level 1:colcon.colcon_core.package_identification:_identify(src/joint_state_publisher) by extensions ['colcon_meta']
[1.903s] Level 1:colcon.colcon_core.package_identification:_identify(src/joint_state_publisher) by extension 'colcon_meta'
[1.904s] Level 1:colcon.colcon_core.package_identification:_identify(src/joint_state_publisher) by extensions ['ros']
[1.904s] Level 1:colcon.colcon_core.package_identification:_identify(src/joint_state_publisher) by extension 'ros'
[1.904s] Level 1:colcon.colcon_core.package_identification:_identify(src/joint_state_publisher) by extensions ['cmake', 'python']
[1.904s] Level 1:colcon.colcon_core.package_identification:_identify(src/joint_state_publisher) by extension 'cmake'
[1.904s] Level 1:colcon.colcon_core.package_identification:_identify(src/joint_state_publisher) by extension 'python'
[1.904s] Level 1:colcon.colcon_core.package_identification:_identify(src/joint_state_publisher) by extensions ['python_setup_py']
[1.905s] Level 1:colcon.colcon_core.package_identification:_identify(src/joint_state_publisher) by extension 'python_setup_py'
[1.905s] Level 1:colcon.colcon_core.package_identification:_identify(src/joint_state_publisher/joint_state_publisher) by extensions ['ignore', 'ignore_ament_install']
[1.905s] Level 1:colcon.colcon_core.package_identification:_identify(src/joint_state_publisher/joint_state_publisher) by extension 'ignore'
[1.906s] Level 1:colcon.colcon_core.package_identification:_identify(src/joint_state_publisher/joint_state_publisher) by extension 'ignore_ament_install'
[1.906s] Level 1:colcon.colcon_core.package_identification:_identify(src/joint_state_publisher/joint_state_publisher) by extensions ['colcon_pkg']
[1.906s] Level 1:colcon.colcon_core.package_identification:_identify(src/joint_state_publisher/joint_state_publisher) by extension 'colcon_pkg'
[1.906s] Level 1:colcon.colcon_core.package_identification:_identify(src/joint_state_publisher/joint_state_publisher) by extensions ['colcon_meta']
[1.906s] Level 1:colcon.colcon_core.package_identification:_identify(src/joint_state_publisher/joint_state_publisher) by extension 'colcon_meta'
[1.906s] Level 1:colcon.colcon_core.package_identification:_identify(src/joint_state_publisher/joint_state_publisher) by extensions ['ros']
[1.907s] Level 1:colcon.colcon_core.package_identification:_identify(src/joint_state_publisher/joint_state_publisher) by extension 'ros'
[1.913s] DEBUG:colcon.colcon_core.package_identification:Package 'src/joint_state_publisher/joint_state_publisher' with type 'ros.ament_python' and name 'joint_state_publisher'
[1.914s] Level 1:colcon.colcon_core.package_identification:_identify(src/joint_state_publisher/joint_state_publisher_gui) by extensions ['ignore', 'ignore_ament_install']
[1.914s] Level 1:colcon.colcon_core.package_identification:_identify(src/joint_state_publisher/joint_state_publisher_gui) by extension 'ignore'
[1.915s] Level 1:colcon.colcon_core.package_identification:_identify(src/joint_state_publisher/joint_state_publisher_gui) by extension 'ignore_ament_install'
[1.917s] Level 1:colcon.colcon_core.package_identification:_identify(src/joint_state_publisher/joint_state_publisher_gui) by extensions ['colcon_pkg']
[1.918s] Level 1:colcon.colcon_core.package_identification:_identify(src/joint_state_publisher/joint_state_publisher_gui) by extension 'colcon_pkg'
[1.920s] Level 1:colcon.colcon_core.package_identification:_identify(src/joint_state_publisher/joint_state_publisher_gui) by extensions ['colcon_meta']
[1.920s] Level 1:colcon.colcon_core.package_identification:_identify(src/joint_state_publisher/joint_state_publisher_gui) by extension 'colcon_meta'
[1.921s] Level 1:colcon.colcon_core.package_identification:_identify(src/joint_state_publisher/joint_state_publisher_gui) by extensions ['ros']
[1.921s] Level 1:colcon.colcon_core.package_identification:_identify(src/joint_state_publisher/joint_state_publisher_gui) by extension 'ros'
[1.923s] DEBUG:colcon.colcon_core.package_identification:Package 'src/joint_state_publisher/joint_state_publisher_gui' with type 'ros.ament_python' and name 'joint_state_publisher_gui'
[1.924s] Level 1:colcon.colcon_core.package_identification:_identify(src/log) by extensions ['ignore', 'ignore_ament_install']
[1.924s] Level 1:colcon.colcon_core.package_identification:_identify(src/log) by extension 'ignore'
[1.924s] Level 1:colcon.colcon_core.package_identification:_identify(src/log) ignored
[1.925s] Level 1:colcon.colcon_core.package_identification:_identify(src/moveit_pkg) by extensions ['ignore', 'ignore_ament_install']
[1.925s] Level 1:colcon.colcon_core.package_identification:_identify(src/moveit_pkg) by extension 'ignore'
[1.925s] Level 1:colcon.colcon_core.package_identification:_identify(src/moveit_pkg) by extension 'ignore_ament_install'
[1.925s] Level 1:colcon.colcon_core.package_identification:_identify(src/moveit_pkg) by extensions ['colcon_pkg']
[1.926s] Level 1:colcon.colcon_core.package_identification:_identify(src/moveit_pkg) by extension 'colcon_pkg'
[1.926s] Level 1:colcon.colcon_core.package_identification:_identify(src/moveit_pkg) by extensions ['colcon_meta']
[1.926s] Level 1:colcon.colcon_core.package_identification:_identify(src/moveit_pkg) by extension 'colcon_meta'
[1.926s] Level 1:colcon.colcon_core.package_identification:_identify(src/moveit_pkg) by extensions ['ros']
[1.926s] Level 1:colcon.colcon_core.package_identification:_identify(src/moveit_pkg) by extension 'ros'
[1.929s] DEBUG:colcon.colcon_core.package_identification:Package 'src/moveit_pkg' with type 'ros.ament_cmake' and name 'moveit_pkg'
[1.930s] Level 1:colcon.colcon_core.package_identification:_identify(src/robot_arm_description) by extensions ['ignore', 'ignore_ament_install']
[1.931s] Level 1:colcon.colcon_core.package_identification:_identify(src/robot_arm_description) by extension 'ignore'
[1.931s] Level 1:colcon.colcon_core.package_identification:_identify(src/robot_arm_description) by extension 'ignore_ament_install'
[1.931s] Level 1:colcon.colcon_core.package_identification:_identify(src/robot_arm_description) by extensions ['colcon_pkg']
[1.932s] Level 1:colcon.colcon_core.package_identification:_identify(src/robot_arm_description) by extension 'colcon_pkg'
[1.932s] Level 1:colcon.colcon_core.package_identification:_identify(src/robot_arm_description) by extensions ['colcon_meta']
[1.933s] Level 1:colcon.colcon_core.package_identification:_identify(src/robot_arm_description) by extension 'colcon_meta'
[1.933s] Level 1:colcon.colcon_core.package_identification:_identify(src/robot_arm_description) by extensions ['ros']
[1.933s] Level 1:colcon.colcon_core.package_identification:_identify(src/robot_arm_description) by extension 'ros'
[1.935s] DEBUG:colcon.colcon_core.package_identification:Package 'src/robot_arm_description' with type 'ros.ament_cmake' and name 'robot_arm_description'
[1.936s] Level 1:colcon.colcon_core.package_discovery:discover_packages(recursive) using defaults
[1.936s] Level 1:colcon.colcon_core.package_discovery:discover_packages(ignore) discover
[1.936s] Level 1:colcon.colcon_core.package_discovery:discover_packages(ignore) using defaults
[1.936s] Level 1:colcon.colcon_core.package_discovery:discover_packages(path) discover
[1.937s] Level 1:colcon.colcon_core.package_discovery:discover_packages(path) using defaults
[2.084s] Level 1:colcon.colcon_core.package_discovery:discover_packages(prefix_path) check parameters
[2.084s] Level 1:colcon.colcon_core.package_discovery:discover_packages(prefix_path) discover
[2.088s] WARNING:colcon.colcon_ros.prefix_path.ament:The path '/home/rayyan/robot_arm_ros2_ws/install/custom_arm_controller' in the environment variable AMENT_PREFIX_PATH doesn't exist
[2.092s] DEBUG:colcon.colcon_installed_package_information.package_discovery:Found 4 installed packages in /home/rayyan/robot_arm_ros2_ws/install
[2.101s] DEBUG:colcon.colcon_installed_package_information.package_discovery:Found 316 installed packages in /opt/ros/humble
[2.107s] Level 1:colcon.colcon_core.package_discovery:discover_packages(prefix_path) using defaults
[2.388s] Level 5:colcon.colcon_core.verb:set package 'custom_arm_controller' build argument 'cmake_args' from command line to 'None'
[2.390s] Level 5:colcon.colcon_core.verb:set package 'custom_arm_controller' build argument 'cmake_target' from command line to 'None'
[2.395s] Level 5:colcon.colcon_core.verb:set package 'custom_arm_controller' build argument 'cmake_target_skip_unavailable' from command line to 'False'
[2.395s] Level 5:colcon.colcon_core.verb:set package 'custom_arm_controller' build argument 'cmake_clean_cache' from command line to 'False'
[2.395s] Level 5:colcon.colcon_core.verb:set package 'custom_arm_controller' build argument 'cmake_clean_first' from command line to 'False'
[2.395s] Level 5:colcon.colcon_core.verb:set package 'custom_arm_controller' build argument 'cmake_force_configure' from command line to 'False'
[2.395s] Level 5:colcon.colcon_core.verb:set package 'custom_arm_controller' build argument 'ament_cmake_args' from command line to 'None'
[2.396s] Level 5:colcon.colcon_core.verb:set package 'custom_arm_controller' build argument 'catkin_cmake_args' from command line to 'None'
[2.396s] Level 5:colcon.colcon_core.verb:set package 'custom_arm_controller' build argument 'catkin_skip_building_tests' from command line to 'False'
[2.396s] DEBUG:colcon.colcon_core.verb:Building package 'custom_arm_controller' with the following arguments: {'ament_cmake_args': None, 'build_base': '/home/rayyan/robot_arm_ros2_ws/build/custom_arm_controller', 'catkin_cmake_args': None, 'catkin_skip_building_tests': False, 'cmake_args': None, 'cmake_clean_cache': False, 'cmake_clean_first': False, 'cmake_force_configure': False, 'cmake_target': None, 'cmake_target_skip_unavailable': False, 'install_base': '/home/rayyan/robot_arm_ros2_ws/install/custom_arm_controller', 'merge_install': False, 'path': '/home/rayyan/robot_arm_ros2_ws/src/custom_arm_controller', 'symlink_install': False, 'test_result_base': None}
[2.398s] Level 5:colcon.colcon_core.verb:set package 'joint_state_publisher' build argument 'cmake_args' from command line to 'None'
[2.398s] Level 5:colcon.colcon_core.verb:set package 'joint_state_publisher' build argument 'cmake_target' from command line to 'None'
[2.399s] Level 5:colcon.colcon_core.verb:set package 'joint_state_publisher' build argument 'cmake_target_skip_unavailable' from command line to 'False'
[2.399s] Level 5:colcon.colcon_core.verb:set package 'joint_state_publisher' build argument 'cmake_clean_cache' from command line to 'False'
[2.399s] Level 5:colcon.colcon_core.verb:set package 'joint_state_publisher' build argument 'cmake_clean_first' from command line to 'False'
[2.400s] Level 5:colcon.colcon_core.verb:set package 'joint_state_publisher' build argument 'cmake_force_configure' from command line to 'False'
[2.400s] Level 5:colcon.colcon_core.verb:set package 'joint_state_publisher' build argument 'ament_cmake_args' from command line to 'None'
[2.400s] Level 5:colcon.colcon_core.verb:set package 'joint_state_publisher' build argument 'catkin_cmake_args' from command line to 'None'
[2.400s] Level 5:colcon.colcon_core.verb:set package 'joint_state_publisher' build argument 'catkin_skip_building_tests' from command line to 'False'
[2.401s] DEBUG:colcon.colcon_core.verb:Building package 'joint_state_publisher' with the following arguments: {'ament_cmake_args': None, 'build_base': '/home/rayyan/robot_arm_ros2_ws/build/joint_state_publisher', 'catkin_cmake_args': None, 'catkin_skip_building_tests': False, 'cmake_args': None, 'cmake_clean_cache': False, 'cmake_clean_first': False, 'cmake_force_configure': False, 'cmake_target': None, 'cmake_target_skip_unavailable': False, 'install_base': '/home/rayyan/robot_arm_ros2_ws/install/joint_state_publisher', 'merge_install': False, 'path': '/home/rayyan/robot_arm_ros2_ws/src/joint_state_publisher/joint_state_publisher', 'symlink_install': False, 'test_result_base': None}
[2.402s] Level 5:colcon.colcon_core.verb:set package 'robot_arm_description' build argument 'cmake_args' from command line to 'None'
[2.402s] Level 5:colcon.colcon_core.verb:set package 'robot_arm_description' build argument 'cmake_target' from command line to 'None'
[2.403s] Level 5:colcon.colcon_core.verb:set package 'robot_arm_description' build argument 'cmake_target_skip_unavailable' from command line to 'False'
[2.403s] Level 5:colcon.colcon_core.verb:set package 'robot_arm_description' build argument 'cmake_clean_cache' from command line to 'False'
[2.403s] Level 5:colcon.colcon_core.verb:set package 'robot_arm_description' build argument 'cmake_clean_first' from command line to 'False'
[2.403s] Level 5:colcon.colcon_core.verb:set package 'robot_arm_description' build argument 'cmake_force_configure' from command line to 'False'
[2.403s] Level 5:colcon.colcon_core.verb:set package 'robot_arm_description' build argument 'ament_cmake_args' from command line to 'None'
[2.403s] Level 5:colcon.colcon_core.verb:set package 'robot_arm_description' build argument 'catkin_cmake_args' from command line to 'None'
[2.403s] Level 5:colcon.colcon_core.verb:set package 'robot_arm_description' build argument 'catkin_skip_building_tests' from command line to 'False'
[2.403s] DEBUG:colcon.colcon_core.verb:Building package 'robot_arm_description' with the following arguments: {'ament_cmake_args': None, 'build_base': '/home/rayyan/robot_arm_ros2_ws/build/robot_arm_description', 'catkin_cmake_args': None, 'catkin_skip_building_tests': False, 'cmake_args': None, 'cmake_clean_cache': False, 'cmake_clean_first': False, 'cmake_force_configure': False, 'cmake_target': None, 'cmake_target_skip_unavailable': False, 'install_base': '/home/rayyan/robot_arm_ros2_ws/install/robot_arm_description', 'merge_install': False, 'path': '/home/rayyan/robot_arm_ros2_ws/src/robot_arm_description', 'symlink_install': False, 'test_result_base': None}
[2.404s] Level 5:colcon.colcon_core.verb:set package 'joint_state_publisher_gui' build argument 'cmake_args' from command line to 'None'
[2.405s] Level 5:colcon.colcon_core.verb:set package 'joint_state_publisher_gui' build argument 'cmake_target' from command line to 'None'
[2.405s] Level 5:colcon.colcon_core.verb:set package 'joint_state_publisher_gui' build argument 'cmake_target_skip_unavailable' from command line to 'False'
[2.405s] Level 5:colcon.colcon_core.verb:set package 'joint_state_publisher_gui' build argument 'cmake_clean_cache' from command line to 'False'
[2.405s] Level 5:colcon.colcon_core.verb:set package 'joint_state_publisher_gui' build argument 'cmake_clean_first' from command line to 'False'
[2.405s] Level 5:colcon.colcon_core.verb:set package 'joint_state_publisher_gui' build argument 'cmake_force_configure' from command line to 'False'
[2.405s] Level 5:colcon.colcon_core.verb:set package 'joint_state_publisher_gui' build argument 'ament_cmake_args' from command line to 'None'
[2.405s] Level 5:colcon.colcon_core.verb:set package 'joint_state_publisher_gui' build argument 'catkin_cmake_args' from command line to 'None'
[2.405s] Level 5:colcon.colcon_core.verb:set package 'joint_state_publisher_gui' build argument 'catkin_skip_building_tests' from command line to 'False'
[2.405s] DEBUG:colcon.colcon_core.verb:Building package 'joint_state_publisher_gui' with the following arguments: {'ament_cmake_args': None, 'build_base': '/home/rayyan/robot_arm_ros2_ws/build/joint_state_publisher_gui', 'catkin_cmake_args': None, 'catkin_skip_building_tests': False, 'cmake_args': None, 'cmake_clean_cache': False, 'cmake_clean_first': False, 'cmake_force_configure': False, 'cmake_target': None, 'cmake_target_skip_unavailable': False, 'install_base': '/home/rayyan/robot_arm_ros2_ws/install/joint_state_publisher_gui', 'merge_install': False, 'path': '/home/rayyan/robot_arm_ros2_ws/src/joint_state_publisher/joint_state_publisher_gui', 'symlink_install': False, 'test_result_base': None}
[2.406s] Level 5:colcon.colcon_core.verb:set package 'moveit_pkg' build argument 'cmake_args' from command line to 'None'
[2.406s] Level 5:colcon.colcon_core.verb:set package 'moveit_pkg' build argument 'cmake_target' from command line to 'None'
[2.407s] Level 5:colcon.colcon_core.verb:set package 'moveit_pkg' build argument 'cmake_target_skip_unavailable' from command line to 'False'
[2.407s] Level 5:colcon.colcon_core.verb:set package 'moveit_pkg' build argument 'cmake_clean_cache' from command line to 'False'
[2.407s] Level 5:colcon.colcon_core.verb:set package 'moveit_pkg' build argument 'cmake_clean_first' from command line to 'False'
[2.407s] Level 5:colcon.colcon_core.verb:set package 'moveit_pkg' build argument 'cmake_force_configure' from command line to 'False'
[2.407s] Level 5:colcon.colcon_core.verb:set package 'moveit_pkg' build argument 'ament_cmake_args' from command line to 'None'
[2.407s] Level 5:colcon.colcon_core.verb:set package 'moveit_pkg' build argument 'catkin_cmake_args' from command line to 'None'
[2.409s] Level 5:colcon.colcon_core.verb:set package 'moveit_pkg' build argument 'catkin_skip_building_tests' from command line to 'False'
[2.409s] DEBUG:colcon.colcon_core.verb:Building package 'moveit_pkg' with the following arguments: {'ament_cmake_args': None, 'build_base': '/home/rayyan/robot_arm_ros2_ws/build/moveit_pkg', 'catkin_cmake_args': None, 'catkin_skip_building_tests': False, 'cmake_args': None, 'cmake_clean_cache': False, 'cmake_clean_first': False, 'cmake_force_configure': False, 'cmake_target': None, 'cmake_target_skip_unavailable': False, 'install_base': '/home/rayyan/robot_arm_ros2_ws/install/moveit_pkg', 'merge_install': False, 'path': '/home/rayyan/robot_arm_ros2_ws/src/moveit_pkg', 'symlink_install': False, 'test_result_base': None}
[2.410s] INFO:colcon.colcon_core.executor:Executing jobs using 'parallel' executor
[2.415s] DEBUG:colcon.colcon_parallel_executor.executor.parallel:run_until_complete
[2.415s] INFO:colcon.colcon_ros.task.ament_python.build:Building ROS package in '/home/rayyan/robot_arm_ros2_ws/src/joint_state_publisher/joint_state_publisher' with build type 'ament_python'
[2.416s] Level 1:colcon.colcon_core.shell:create_environment_hook('joint_state_publisher', 'ament_prefix_path')
[2.426s] INFO:colcon.colcon_core.plugin_system:Skipping extension 'colcon_core.shell.bat': Not used on non-Windows systems
[2.427s] INFO:colcon.colcon_core.shell:Creating environment hook '/home/rayyan/robot_arm_ros2_ws/install/joint_state_publisher/share/joint_state_publisher/hook/ament_prefix_path.ps1'
[2.430s] INFO:colcon.colcon_core.shell:Creating environment descriptor '/home/rayyan/robot_arm_ros2_ws/install/joint_state_publisher/share/joint_state_publisher/hook/ament_prefix_path.dsv'
[2.434s] INFO:colcon.colcon_core.shell:Creating environment hook '/home/rayyan/robot_arm_ros2_ws/install/joint_state_publisher/share/joint_state_publisher/hook/ament_prefix_path.sh'
[2.437s] INFO:colcon.colcon_core.shell:Skip shell extension 'powershell' for command environment: Not usable outside of PowerShell
[2.438s] DEBUG:colcon.colcon_core.shell:Skip shell extension 'dsv' for command environment
[2.464s] INFO:colcon.colcon_ros.task.ament_cmake.build:Building ROS package in '/home/rayyan/robot_arm_ros2_ws/src/robot_arm_description' with build type 'ament_cmake'
[2.465s] INFO:colcon.colcon_cmake.task.cmake.build:Building CMake package in '/home/rayyan/robot_arm_ros2_ws/src/robot_arm_description'
[2.466s] INFO:colcon.colcon_core.shell:Skip shell extension 'powershell' for command environment: Not usable outside of PowerShell
[2.466s] DEBUG:colcon.colcon_core.shell:Skip shell extension 'dsv' for command environment
[2.492s] INFO:colcon.colcon_ros.task.ament_python.build:Building ROS package in '/home/rayyan/robot_arm_ros2_ws/src/custom_arm_controller' with build type 'ament_python'
[2.494s] Level 1:colcon.colcon_core.shell:create_environment_hook('custom_arm_controller', 'ament_prefix_path')
[2.495s] INFO:colcon.colcon_core.shell:Creating environment hook '/home/rayyan/robot_arm_ros2_ws/install/custom_arm_controller/share/custom_arm_controller/hook/ament_prefix_path.ps1'
[2.524s] INFO:colcon.colcon_core.shell:Creating environment descriptor '/home/rayyan/robot_arm_ros2_ws/install/custom_arm_controller/share/custom_arm_controller/hook/ament_prefix_path.dsv'
[2.527s] INFO:colcon.colcon_core.shell:Creating environment hook '/home/rayyan/robot_arm_ros2_ws/install/custom_arm_controller/share/custom_arm_controller/hook/ament_prefix_path.sh'
[2.530s] INFO:colcon.colcon_core.shell:Skip shell extension 'powershell' for command environment: Not usable outside of PowerShell
[2.530s] DEBUG:colcon.colcon_core.shell:Skip shell extension 'dsv' for command environment
[3.955s] INFO:colcon.colcon_core.task.python.build:Building Python package in '/home/rayyan/robot_arm_ros2_ws/src/joint_state_publisher/joint_state_publisher'
[3.956s] INFO:colcon.colcon_core.shell:Skip shell extension 'powershell' for command environment: Not usable outside of PowerShell
[3.956s] DEBUG:colcon.colcon_core.shell:Skip shell extension 'dsv' for command environment
[3.981s] DEBUG:colcon.colcon_core.event_handler.log_command:Invoking command in '/home/rayyan/robot_arm_ros2_ws/build/robot_arm_description': CMAKE_PREFIX_PATH=${CMAKE_PREFIX_PATH}:/home/rayyan/robot_arm_ros2_ws/install/joint_state_publisher_gui:/home/rayyan/robot_arm_ros2_ws/install/joint_state_publisher:/home/rayyan/robot_arm_ros2_ws/install/custom_arm_controller:/opt/ros/humble /usr/bin/cmake --build /home/rayyan/robot_arm_ros2_ws/build/robot_arm_description -- -j4 -l4
[5.418s] INFO:colcon.colcon_core.task.python.build:Building Python package in '/home/rayyan/robot_arm_ros2_ws/src/custom_arm_controller'
[5.419s] INFO:colcon.colcon_core.shell:Skip shell extension 'powershell' for command environment: Not usable outside of PowerShell
[5.419s] DEBUG:colcon.colcon_core.shell:Skip shell extension 'dsv' for command environment
[5.491s] DEBUG:colcon.colcon_core.event_handler.log_command:Invoked command in '/home/rayyan/robot_arm_ros2_ws/build/robot_arm_description' returned '0': CMAKE_PREFIX_PATH=${CMAKE_PREFIX_PATH}:/home/rayyan/robot_arm_ros2_ws/install/joint_state_publisher_gui:/home/rayyan/robot_arm_ros2_ws/install/joint_state_publisher:/home/rayyan/robot_arm_ros2_ws/install/custom_arm_controller:/opt/ros/humble /usr/bin/cmake --build /home/rayyan/robot_arm_ros2_ws/build/robot_arm_description -- -j4 -l4
[5.543s] DEBUG:colcon.colcon_core.event_handler.log_command:Invoking command in '/home/rayyan/robot_arm_ros2_ws/build/robot_arm_description': CMAKE_PREFIX_PATH=${CMAKE_PREFIX_PATH}:/home/rayyan/robot_arm_ros2_ws/install/joint_state_publisher_gui:/home/rayyan/robot_arm_ros2_ws/install/joint_state_publisher:/home/rayyan/robot_arm_ros2_ws/install/custom_arm_controller:/opt/ros/humble /usr/bin/cmake --install /home/rayyan/robot_arm_ros2_ws/build/robot_arm_description
[5.711s] Level 1:colcon.colcon_core.environment:create_environment_scripts_only(robot_arm_description)
[5.726s] Level 1:colcon.colcon_core.environment:checking '/home/rayyan/robot_arm_ros2_ws/install/robot_arm_description' for CMake module files
[5.728s] Level 1:colcon.colcon_core.environment:checking '/home/rayyan/robot_arm_ros2_ws/install/robot_arm_description' for CMake config files
[5.712s] DEBUG:colcon.colcon_core.event_handler.log_command:Invoked command in '/home/rayyan/robot_arm_ros2_ws/build/robot_arm_description' returned '0': CMAKE_PREFIX_PATH=${CMAKE_PREFIX_PATH}:/home/rayyan/robot_arm_ros2_ws/install/joint_state_publisher_gui:/home/rayyan/robot_arm_ros2_ws/install/joint_state_publisher:/home/rayyan/robot_arm_ros2_ws/install/custom_arm_controller:/opt/ros/humble /usr/bin/cmake --install /home/rayyan/robot_arm_ros2_ws/build/robot_arm_description
[5.729s] Level 1:colcon.colcon_core.shell:create_environment_hook('robot_arm_description', 'cmake_prefix_path')
[5.730s] INFO:colcon.colcon_core.shell:Creating environment hook '/home/rayyan/robot_arm_ros2_ws/install/robot_arm_description/share/robot_arm_description/hook/cmake_prefix_path.ps1'
[5.732s] INFO:colcon.colcon_core.shell:Creating environment descriptor '/home/rayyan/robot_arm_ros2_ws/install/robot_arm_description/share/robot_arm_description/hook/cmake_prefix_path.dsv'
[5.733s] INFO:colcon.colcon_core.shell:Creating environment hook '/home/rayyan/robot_arm_ros2_ws/install/robot_arm_description/share/robot_arm_description/hook/cmake_prefix_path.sh'
[5.739s] Level 1:colcon.colcon_core.environment:checking '/home/rayyan/robot_arm_ros2_ws/install/robot_arm_description/bin'
[5.740s] Level 1:colcon.colcon_core.environment:checking '/home/rayyan/robot_arm_ros2_ws/install/robot_arm_description/lib/pkgconfig/robot_arm_description.pc'
[5.740s] Level 1:colcon.colcon_core.environment:checking '/home/rayyan/robot_arm_ros2_ws/install/robot_arm_description/lib/python3.10/site-packages'
[5.741s] Level 1:colcon.colcon_core.environment:checking '/home/rayyan/robot_arm_ros2_ws/install/robot_arm_description/bin'
[5.742s] INFO:colcon.colcon_core.shell:Creating package script '/home/rayyan/robot_arm_ros2_ws/install/robot_arm_description/share/robot_arm_description/package.ps1'
[5.745s] INFO:colcon.colcon_core.shell:Creating package descriptor '/home/rayyan/robot_arm_ros2_ws/install/robot_arm_description/share/robot_arm_description/package.dsv'
[5.758s] INFO:colcon.colcon_core.shell:Creating package script '/home/rayyan/robot_arm_ros2_ws/install/robot_arm_description/share/robot_arm_description/package.sh'
[5.761s] INFO:colcon.colcon_core.shell:Creating package script '/home/rayyan/robot_arm_ros2_ws/install/robot_arm_description/share/robot_arm_description/package.bash'
[5.763s] INFO:colcon.colcon_core.shell:Creating package script '/home/rayyan/robot_arm_ros2_ws/install/robot_arm_description/share/robot_arm_description/package.zsh'
[5.764s] Level 1:colcon.colcon_core.environment:create_file_with_runtime_dependencies(/home/rayyan/robot_arm_ros2_ws/install/robot_arm_description/share/colcon-core/packages/robot_arm_description)
[5.765s] Level 1:colcon.colcon_core.environment:create_environment_scripts_only(robot_arm_description)
[5.766s] Level 1:colcon.colcon_core.environment:checking '/home/rayyan/robot_arm_ros2_ws/install/robot_arm_description' for CMake module files
[5.767s] Level 1:colcon.colcon_core.environment:checking '/home/rayyan/robot_arm_ros2_ws/install/robot_arm_description' for CMake config files
[5.768s] Level 1:colcon.colcon_core.shell:create_environment_hook('robot_arm_description', 'cmake_prefix_path')
[5.769s] INFO:colcon.colcon_core.shell:Creating environment hook '/home/rayyan/robot_arm_ros2_ws/install/robot_arm_description/share/robot_arm_description/hook/cmake_prefix_path.ps1'
[5.776s] INFO:colcon.colcon_core.shell:Creating environment descriptor '/home/rayyan/robot_arm_ros2_ws/install/robot_arm_description/share/robot_arm_description/hook/cmake_prefix_path.dsv'
[5.780s] INFO:colcon.colcon_core.shell:Creating environment hook '/home/rayyan/robot_arm_ros2_ws/install/robot_arm_description/share/robot_arm_description/hook/cmake_prefix_path.sh'
[5.782s] Level 1:colcon.colcon_core.environment:checking '/home/rayyan/robot_arm_ros2_ws/install/robot_arm_description/bin'
[5.782s] Level 1:colcon.colcon_core.environment:checking '/home/rayyan/robot_arm_ros2_ws/install/robot_arm_description/lib/pkgconfig/robot_arm_description.pc'
[5.783s] Level 1:colcon.colcon_core.environment:checking '/home/rayyan/robot_arm_ros2_ws/install/robot_arm_description/lib/python3.10/site-packages'
[5.784s] Level 1:colcon.colcon_core.environment:checking '/home/rayyan/robot_arm_ros2_ws/install/robot_arm_description/bin'
[5.785s] INFO:colcon.colcon_core.shell:Creating package script '/home/rayyan/robot_arm_ros2_ws/install/robot_arm_description/share/robot_arm_description/package.ps1'
[5.788s] INFO:colcon.colcon_core.shell:Creating package descriptor '/home/rayyan/robot_arm_ros2_ws/install/robot_arm_description/share/robot_arm_description/package.dsv'
[5.800s] INFO:colcon.colcon_core.shell:Creating package script '/home/rayyan/robot_arm_ros2_ws/install/robot_arm_description/share/robot_arm_description/package.sh'
[5.801s] INFO:colcon.colcon_core.shell:Creating package script '/home/rayyan/robot_arm_ros2_ws/install/robot_arm_description/share/robot_arm_description/package.bash'
[5.803s] INFO:colcon.colcon_core.shell:Creating package script '/home/rayyan/robot_arm_ros2_ws/install/robot_arm_description/share/robot_arm_description/package.zsh'
[5.805s] Level 1:colcon.colcon_core.environment:create_file_with_runtime_dependencies(/home/rayyan/robot_arm_ros2_ws/install/robot_arm_description/share/colcon-core/packages/robot_arm_description)
[7.657s] DEBUG:colcon.colcon_core.event_handler.log_command:Invoking command in '/home/rayyan/robot_arm_ros2_ws/src/joint_state_publisher/joint_state_publisher': PYTHONPATH=/home/rayyan/robot_arm_ros2_ws/build/joint_state_publisher/prefix_override:/usr/lib/python3/dist-packages/colcon_core/task/python/colcon_distutils_commands:/home/rayyan/robot_arm_ros2_ws/install/joint_state_publisher/lib/python3.10/site-packages:${PYTHONPATH} /usr/bin/python3 -W ignore:setup.py install is deprecated -W ignore:easy_install command is deprecated setup.py egg_info --egg-base ../../../build/joint_state_publisher build --build-base /home/rayyan/robot_arm_ros2_ws/build/joint_state_publisher/build install --record /home/rayyan/robot_arm_ros2_ws/build/joint_state_publisher/install.log --single-version-externally-managed install_data
[7.762s] DEBUG:colcon.colcon_core.event_handler.log_command:Invoking command in '/home/rayyan/robot_arm_ros2_ws/src/custom_arm_controller': PYTHONPATH=/home/rayyan/robot_arm_ros2_ws/build/custom_arm_controller/prefix_override:/usr/lib/python3/dist-packages/colcon_core/task/python/colcon_distutils_commands:/home/rayyan/robot_arm_ros2_ws/install/custom_arm_controller/lib/python3.10/site-packages:${PYTHONPATH} /usr/bin/python3 -W ignore:setup.py install is deprecated -W ignore:easy_install command is deprecated setup.py egg_info --egg-base ../../build/custom_arm_controller build --build-base /home/rayyan/robot_arm_ros2_ws/build/custom_arm_controller/build install --record /home/rayyan/robot_arm_ros2_ws/build/custom_arm_controller/install.log --single-version-externally-managed install_data
[9.809s] Level 1:colcon.colcon_core.environment:checking '/home/rayyan/robot_arm_ros2_ws/install/custom_arm_controller' for CMake module files
[9.813s] Level 1:colcon.colcon_core.environment:checking '/home/rayyan/robot_arm_ros2_ws/install/custom_arm_controller' for CMake config files
[9.816s] Level 1:colcon.colcon_core.environment:checking '/home/rayyan/robot_arm_ros2_ws/install/custom_arm_controller/lib'
[9.818s] Level 1:colcon.colcon_core.environment:checking '/home/rayyan/robot_arm_ros2_ws/install/custom_arm_controller/bin'
[9.818s] Level 1:colcon.colcon_core.environment:checking '/home/rayyan/robot_arm_ros2_ws/install/custom_arm_controller/lib/pkgconfig/custom_arm_controller.pc'
[9.819s] Level 1:colcon.colcon_core.environment:checking '/home/rayyan/robot_arm_ros2_ws/install/custom_arm_controller/lib/python3.10/site-packages'
[9.819s] Level 1:colcon.colcon_core.shell:create_environment_hook('custom_arm_controller', 'pythonpath')
[9.820s] INFO:colcon.colcon_core.shell:Creating environment hook '/home/rayyan/robot_arm_ros2_ws/install/custom_arm_controller/share/custom_arm_controller/hook/pythonpath.ps1'
[9.826s] INFO:colcon.colcon_core.shell:Creating environment descriptor '/home/rayyan/robot_arm_ros2_ws/install/custom_arm_controller/share/custom_arm_controller/hook/pythonpath.dsv'
[9.827s] INFO:colcon.colcon_core.shell:Creating environment hook '/home/rayyan/robot_arm_ros2_ws/install/custom_arm_controller/share/custom_arm_controller/hook/pythonpath.sh'
[9.812s] DEBUG:colcon.colcon_core.event_handler.log_command:Invoked command in '/home/rayyan/robot_arm_ros2_ws/src/custom_arm_controller' returned '0': PYTHONPATH=/home/rayyan/robot_arm_ros2_ws/build/custom_arm_controller/prefix_override:/usr/lib/python3/dist-packages/colcon_core/task/python/colcon_distutils_commands:/home/rayyan/robot_arm_ros2_ws/install/custom_arm_controller/lib/python3.10/site-packages:${PYTHONPATH} /usr/bin/python3 -W ignore:setup.py install is deprecated -W ignore:easy_install command is deprecated setup.py egg_info --egg-base ../../build/custom_arm_controller build --build-base /home/rayyan/robot_arm_ros2_ws/build/custom_arm_controller/build install --record /home/rayyan/robot_arm_ros2_ws/build/custom_arm_controller/install.log --single-version-externally-managed install_data
[9.834s] Level 1:colcon.colcon_core.environment:checking '/home/rayyan/robot_arm_ros2_ws/install/custom_arm_controller/bin'
[9.834s] Level 1:colcon.colcon_core.environment:create_environment_scripts_only(custom_arm_controller)
[9.836s] INFO:colcon.colcon_core.shell:Creating package script '/home/rayyan/robot_arm_ros2_ws/install/custom_arm_controller/share/custom_arm_controller/package.ps1'
[9.842s] INFO:colcon.colcon_core.shell:Creating package descriptor '/home/rayyan/robot_arm_ros2_ws/install/custom_arm_controller/share/custom_arm_controller/package.dsv'
[9.844s] INFO:colcon.colcon_core.shell:Creating package script '/home/rayyan/robot_arm_ros2_ws/install/custom_arm_controller/share/custom_arm_controller/package.sh'
[9.846s] INFO:colcon.colcon_core.shell:Creating package script '/home/rayyan/robot_arm_ros2_ws/install/custom_arm_controller/share/custom_arm_controller/package.bash'
[9.849s] INFO:colcon.colcon_core.shell:Creating package script '/home/rayyan/robot_arm_ros2_ws/install/custom_arm_controller/share/custom_arm_controller/package.zsh'
[9.850s] Level 1:colcon.colcon_core.environment:create_file_with_runtime_dependencies(/home/rayyan/robot_arm_ros2_ws/install/custom_arm_controller/share/colcon-core/packages/custom_arm_controller)
[9.976s] Level 1:colcon.colcon_core.environment:checking '/home/rayyan/robot_arm_ros2_ws/install/joint_state_publisher' for CMake module files
[9.979s] DEBUG:colcon.colcon_core.event_handler.log_command:Invoked command in '/home/rayyan/robot_arm_ros2_ws/src/joint_state_publisher/joint_state_publisher' returned '0': PYTHONPATH=/home/rayyan/robot_arm_ros2_ws/build/joint_state_publisher/prefix_override:/usr/lib/python3/dist-packages/colcon_core/task/python/colcon_distutils_commands:/home/rayyan/robot_arm_ros2_ws/install/joint_state_publisher/lib/python3.10/site-packages:${PYTHONPATH} /usr/bin/python3 -W ignore:setup.py install is deprecated -W ignore:easy_install command is deprecated setup.py egg_info --egg-base ../../../build/joint_state_publisher build --build-base /home/rayyan/robot_arm_ros2_ws/build/joint_state_publisher/build install --record /home/rayyan/robot_arm_ros2_ws/build/joint_state_publisher/install.log --single-version-externally-managed install_data
[9.980s] Level 1:colcon.colcon_core.environment:checking '/home/rayyan/robot_arm_ros2_ws/install/joint_state_publisher' for CMake config files
[9.986s] Level 1:colcon.colcon_core.environment:checking '/home/rayyan/robot_arm_ros2_ws/install/joint_state_publisher/lib'
[9.987s] Level 1:colcon.colcon_core.environment:checking '/home/rayyan/robot_arm_ros2_ws/install/joint_state_publisher/bin'
[9.988s] Level 1:colcon.colcon_core.environment:checking '/home/rayyan/robot_arm_ros2_ws/install/joint_state_publisher/lib/pkgconfig/joint_state_publisher.pc'
[9.989s] Level 1:colcon.colcon_core.environment:checking '/home/rayyan/robot_arm_ros2_ws/install/joint_state_publisher/lib/python3.10/site-packages'
[9.991s] Level 1:colcon.colcon_core.shell:create_environment_hook('joint_state_publisher', 'pythonpath')
[9.992s] INFO:colcon.colcon_core.shell:Creating environment hook '/home/rayyan/robot_arm_ros2_ws/install/joint_state_publisher/share/joint_state_publisher/hook/pythonpath.ps1'
[9.994s] INFO:colcon.colcon_core.shell:Creating environment descriptor '/home/rayyan/robot_arm_ros2_ws/install/joint_state_publisher/share/joint_state_publisher/hook/pythonpath.dsv'
[9.996s] INFO:colcon.colcon_core.shell:Creating environment hook '/home/rayyan/robot_arm_ros2_ws/install/joint_state_publisher/share/joint_state_publisher/hook/pythonpath.sh'
[9.998s] Level 1:colcon.colcon_core.environment:checking '/home/rayyan/robot_arm_ros2_ws/install/joint_state_publisher/bin'
[9.999s] Level 1:colcon.colcon_core.environment:create_environment_scripts_only(joint_state_publisher)
[10.000s] INFO:colcon.colcon_core.shell:Creating package script '/home/rayyan/robot_arm_ros2_ws/install/joint_state_publisher/share/joint_state_publisher/package.ps1'
[10.005s] INFO:colcon.colcon_core.shell:Creating package descriptor '/home/rayyan/robot_arm_ros2_ws/install/joint_state_publisher/share/joint_state_publisher/package.dsv'
[10.007s] INFO:colcon.colcon_core.shell:Creating package script '/home/rayyan/robot_arm_ros2_ws/install/joint_state_publisher/share/joint_state_publisher/package.sh'
[10.009s] INFO:colcon.colcon_core.shell:Creating package script '/home/rayyan/robot_arm_ros2_ws/install/joint_state_publisher/share/joint_state_publisher/package.bash'
[10.010s] INFO:colcon.colcon_core.shell:Creating package script '/home/rayyan/robot_arm_ros2_ws/install/joint_state_publisher/share/joint_state_publisher/package.zsh'
[10.012s] Level 1:colcon.colcon_core.environment:create_file_with_runtime_dependencies(/home/rayyan/robot_arm_ros2_ws/install/joint_state_publisher/share/colcon-core/packages/joint_state_publisher)
[10.016s] INFO:colcon.colcon_ros.task.ament_python.build:Building ROS package in '/home/rayyan/robot_arm_ros2_ws/src/joint_state_publisher/joint_state_publisher_gui' with build type 'ament_python'
[10.016s] Level 1:colcon.colcon_core.shell:create_environment_hook('joint_state_publisher_gui', 'ament_prefix_path')
[10.017s] INFO:colcon.colcon_core.shell:Creating environment hook '/home/rayyan/robot_arm_ros2_ws/install/joint_state_publisher_gui/share/joint_state_publisher_gui/hook/ament_prefix_path.ps1'
[10.021s] INFO:colcon.colcon_core.shell:Creating environment descriptor '/home/rayyan/robot_arm_ros2_ws/install/joint_state_publisher_gui/share/joint_state_publisher_gui/hook/ament_prefix_path.dsv'
[10.025s] INFO:colcon.colcon_core.shell:Creating environment hook '/home/rayyan/robot_arm_ros2_ws/install/joint_state_publisher_gui/share/joint_state_publisher_gui/hook/ament_prefix_path.sh'
[10.029s] INFO:colcon.colcon_core.shell:Skip shell extension 'powershell' for command environment: Not usable outside of PowerShell
[10.029s] DEBUG:colcon.colcon_core.shell:Skip shell extension 'dsv' for command environment
[11.749s] INFO:colcon.colcon_core.task.python.build:Building Python package in '/home/rayyan/robot_arm_ros2_ws/src/joint_state_publisher/joint_state_publisher_gui'
[11.750s] INFO:colcon.colcon_core.shell:Skip shell extension 'powershell' for command environment: Not usable outside of PowerShell
[11.750s] DEBUG:colcon.colcon_core.shell:Skip shell extension 'dsv' for command environment
[14.224s] DEBUG:colcon.colcon_core.event_handler.log_command:Invoking command in '/home/rayyan/robot_arm_ros2_ws/src/joint_state_publisher/joint_state_publisher_gui': AMENT_PREFIX_PATH=/home/rayyan/robot_arm_ros2_ws/install/joint_state_publisher:/home/rayyan/robot_arm_ros2_ws/install/moveit_pkg:/home/rayyan/robot_arm_ros2_ws/install/robot_arm_description:/home/rayyan/robot_arm_ros2_ws/install/joint_state_publisher_gui:/home/rayyan/robot_arm_ros2_ws/install/custom_arm_controller:/opt/ros/humble PYTHONPATH=/home/rayyan/robot_arm_ros2_ws/build/joint_state_publisher_gui/prefix_override:/usr/lib/python3/dist-packages/colcon_core/task/python/colcon_distutils_commands:/home/rayyan/robot_arm_ros2_ws/install/joint_state_publisher_gui/lib/python3.10/site-packages:/home/rayyan/robot_arm_ros2_ws/install/joint_state_publisher/lib/python3.10/site-packages:/home/rayyan/robot_arm_ros2_ws/install/joint_state_publisher_gui/lib/python3.10/site-packages:/home/rayyan/robot_arm_ros2_ws/install/custom_arm_controller/lib/python3.10/site-packages:/opt/ros/humble/lib/python3.10/site-packages:/opt/ros/humble/local/lib/python3.10/dist-packages /usr/bin/python3 -W ignore:setup.py install is deprecated -W ignore:easy_install command is deprecated setup.py egg_info --egg-base ../../../build/joint_state_publisher_gui build --build-base /home/rayyan/robot_arm_ros2_ws/build/joint_state_publisher_gui/build install --record /home/rayyan/robot_arm_ros2_ws/build/joint_state_publisher_gui/install.log --single-version-externally-managed install_data
[15.969s] Level 1:colcon.colcon_core.environment:checking '/home/rayyan/robot_arm_ros2_ws/install/joint_state_publisher_gui' for CMake module files
[15.973s] DEBUG:colcon.colcon_core.event_handler.log_command:Invoked command in '/home/rayyan/robot_arm_ros2_ws/src/joint_state_publisher/joint_state_publisher_gui' returned '0': AMENT_PREFIX_PATH=/home/rayyan/robot_arm_ros2_ws/install/joint_state_publisher:/home/rayyan/robot_arm_ros2_ws/install/moveit_pkg:/home/rayyan/robot_arm_ros2_ws/install/robot_arm_description:/home/rayyan/robot_arm_ros2_ws/install/joint_state_publisher_gui:/home/rayyan/robot_arm_ros2_ws/install/custom_arm_controller:/opt/ros/humble PYTHONPATH=/home/rayyan/robot_arm_ros2_ws/build/joint_state_publisher_gui/prefix_override:/usr/lib/python3/dist-packages/colcon_core/task/python/colcon_distutils_commands:/home/rayyan/robot_arm_ros2_ws/install/joint_state_publisher_gui/lib/python3.10/site-packages:/home/rayyan/robot_arm_ros2_ws/install/joint_state_publisher/lib/python3.10/site-packages:/home/rayyan/robot_arm_ros2_ws/install/joint_state_publisher_gui/lib/python3.10/site-packages:/home/rayyan/robot_arm_ros2_ws/install/custom_arm_controller/lib/python3.10/site-packages:/opt/ros/humble/lib/python3.10/site-packages:/opt/ros/humble/local/lib/python3.10/dist-packages /usr/bin/python3 -W ignore:setup.py install is deprecated -W ignore:easy_install command is deprecated setup.py egg_info --egg-base ../../../build/joint_state_publisher_gui build --build-base /home/rayyan/robot_arm_ros2_ws/build/joint_state_publisher_gui/build install --record /home/rayyan/robot_arm_ros2_ws/build/joint_state_publisher_gui/install.log --single-version-externally-managed install_data
[15.980s] Level 1:colcon.colcon_core.environment:checking '/home/rayyan/robot_arm_ros2_ws/install/joint_state_publisher_gui' for CMake config files
[15.984s] Level 1:colcon.colcon_core.environment:checking '/home/rayyan/robot_arm_ros2_ws/install/joint_state_publisher_gui/lib'
[15.985s] Level 1:colcon.colcon_core.environment:checking '/home/rayyan/robot_arm_ros2_ws/install/joint_state_publisher_gui/bin'
[15.985s] Level 1:colcon.colcon_core.environment:checking '/home/rayyan/robot_arm_ros2_ws/install/joint_state_publisher_gui/lib/pkgconfig/joint_state_publisher_gui.pc'
[15.986s] Level 1:colcon.colcon_core.environment:checking '/home/rayyan/robot_arm_ros2_ws/install/joint_state_publisher_gui/lib/python3.10/site-packages'
[15.986s] Level 1:colcon.colcon_core.shell:create_environment_hook('joint_state_publisher_gui', 'pythonpath')
[15.987s] INFO:colcon.colcon_core.shell:Creating environment hook '/home/rayyan/robot_arm_ros2_ws/install/joint_state_publisher_gui/share/joint_state_publisher_gui/hook/pythonpath.ps1'
[15.989s] INFO:colcon.colcon_core.shell:Creating environment descriptor '/home/rayyan/robot_arm_ros2_ws/install/joint_state_publisher_gui/share/joint_state_publisher_gui/hook/pythonpath.dsv'
[15.991s] INFO:colcon.colcon_core.shell:Creating environment hook '/home/rayyan/robot_arm_ros2_ws/install/joint_state_publisher_gui/share/joint_state_publisher_gui/hook/pythonpath.sh'
[15.993s] Level 1:colcon.colcon_core.environment:checking '/home/rayyan/robot_arm_ros2_ws/install/joint_state_publisher_gui/bin'
[15.994s] Level 1:colcon.colcon_core.environment:create_environment_scripts_only(joint_state_publisher_gui)
[15.995s] INFO:colcon.colcon_core.shell:Creating package script '/home/rayyan/robot_arm_ros2_ws/install/joint_state_publisher_gui/share/joint_state_publisher_gui/package.ps1'
[15.997s] INFO:colcon.colcon_core.shell:Creating package descriptor '/home/rayyan/robot_arm_ros2_ws/install/joint_state_publisher_gui/share/joint_state_publisher_gui/package.dsv'
[16.000s] INFO:colcon.colcon_core.shell:Creating package script '/home/rayyan/robot_arm_ros2_ws/install/joint_state_publisher_gui/share/joint_state_publisher_gui/package.sh'
[16.002s] INFO:colcon.colcon_core.shell:Creating package script '/home/rayyan/robot_arm_ros2_ws/install/joint_state_publisher_gui/share/joint_state_publisher_gui/package.bash'
[16.003s] INFO:colcon.colcon_core.shell:Creating package script '/home/rayyan/robot_arm_ros2_ws/install/joint_state_publisher_gui/share/joint_state_publisher_gui/package.zsh'
[16.004s] Level 1:colcon.colcon_core.environment:create_file_with_runtime_dependencies(/home/rayyan/robot_arm_ros2_ws/install/joint_state_publisher_gui/share/colcon-core/packages/joint_state_publisher_gui)
[16.006s] INFO:colcon.colcon_ros.task.ament_cmake.build:Building ROS package in '/home/rayyan/robot_arm_ros2_ws/src/moveit_pkg' with build type 'ament_cmake'
[16.006s] INFO:colcon.colcon_cmake.task.cmake.build:Building CMake package in '/home/rayyan/robot_arm_ros2_ws/src/moveit_pkg'
[16.007s] INFO:colcon.colcon_core.shell:Skip shell extension 'powershell' for command environment: Not usable outside of PowerShell
[16.014s] DEBUG:colcon.colcon_core.shell:Skip shell extension 'dsv' for command environment
[16.766s] DEBUG:colcon.colcon_core.event_handler.log_command:Invoking command in '/home/rayyan/robot_arm_ros2_ws/build/moveit_pkg': AMENT_PREFIX_PATH=/home/rayyan/robot_arm_ros2_ws/install/joint_state_publisher_gui:/home/rayyan/robot_arm_ros2_ws/install/joint_state_publisher:/home/rayyan/robot_arm_ros2_ws/install/moveit_pkg:/home/rayyan/robot_arm_ros2_ws/install/robot_arm_description:/home/rayyan/robot_arm_ros2_ws/install/custom_arm_controller:/opt/ros/humble CMAKE_PREFIX_PATH=/home/rayyan/robot_arm_ros2_ws/install/robot_arm_description:/home/rayyan/robot_arm_ros2_ws/install/moveit_pkg:/home/rayyan/robot_arm_ros2_ws/install/joint_state_publisher_gui:/home/rayyan/robot_arm_ros2_ws/install/joint_state_publisher:/home/rayyan/robot_arm_ros2_ws/install/custom_arm_controller:/opt/ros/humble /usr/bin/cmake --build /home/rayyan/robot_arm_ros2_ws/build/moveit_pkg -- -j4 -l4
[16.899s] DEBUG:colcon.colcon_core.event_handler.log_command:Invoked command in '/home/rayyan/robot_arm_ros2_ws/build/moveit_pkg' returned '0': AMENT_PREFIX_PATH=/home/rayyan/robot_arm_ros2_ws/install/joint_state_publisher_gui:/home/rayyan/robot_arm_ros2_ws/install/joint_state_publisher:/home/rayyan/robot_arm_ros2_ws/install/moveit_pkg:/home/rayyan/robot_arm_ros2_ws/install/robot_arm_description:/home/rayyan/robot_arm_ros2_ws/install/custom_arm_controller:/opt/ros/humble CMAKE_PREFIX_PATH=/home/rayyan/robot_arm_ros2_ws/install/robot_arm_description:/home/rayyan/robot_arm_ros2_ws/install/moveit_pkg:/home/rayyan/robot_arm_ros2_ws/install/joint_state_publisher_gui:/home/rayyan/robot_arm_ros2_ws/install/joint_state_publisher:/home/rayyan/robot_arm_ros2_ws/install/custom_arm_controller:/opt/ros/humble /usr/bin/cmake --build /home/rayyan/robot_arm_ros2_ws/build/moveit_pkg -- -j4 -l4
[16.900s] DEBUG:colcon.colcon_core.event_handler.log_command:Invoking command in '/home/rayyan/robot_arm_ros2_ws/build/moveit_pkg': AMENT_PREFIX_PATH=/home/rayyan/robot_arm_ros2_ws/install/joint_state_publisher_gui:/home/rayyan/robot_arm_ros2_ws/install/joint_state_publisher:/home/rayyan/robot_arm_ros2_ws/install/moveit_pkg:/home/rayyan/robot_arm_ros2_ws/install/robot_arm_description:/home/rayyan/robot_arm_ros2_ws/install/custom_arm_controller:/opt/ros/humble CMAKE_PREFIX_PATH=/home/rayyan/robot_arm_ros2_ws/install/robot_arm_description:/home/rayyan/robot_arm_ros2_ws/install/moveit_pkg:/home/rayyan/robot_arm_ros2_ws/install/joint_state_publisher_gui:/home/rayyan/robot_arm_ros2_ws/install/joint_state_publisher:/home/rayyan/robot_arm_ros2_ws/install/custom_arm_controller:/opt/ros/humble /usr/bin/cmake --install /home/rayyan/robot_arm_ros2_ws/build/moveit_pkg
[16.940s] Level 1:colcon.colcon_core.environment:create_environment_scripts_only(moveit_pkg)
[16.942s] Level 1:colcon.colcon_core.environment:checking '/home/rayyan/robot_arm_ros2_ws/install/moveit_pkg' for CMake module files
[16.954s] Level 1:colcon.colcon_core.environment:checking '/home/rayyan/robot_arm_ros2_ws/install/moveit_pkg' for CMake config files
[16.960s] DEBUG:colcon.colcon_core.event_handler.log_command:Invoked command in '/home/rayyan/robot_arm_ros2_ws/build/moveit_pkg' returned '0': AMENT_PREFIX_PATH=/home/rayyan/robot_arm_ros2_ws/install/joint_state_publisher_gui:/home/rayyan/robot_arm_ros2_ws/install/joint_state_publisher:/home/rayyan/robot_arm_ros2_ws/install/moveit_pkg:/home/rayyan/robot_arm_ros2_ws/install/robot_arm_description:/home/rayyan/robot_arm_ros2_ws/install/custom_arm_controller:/opt/ros/humble CMAKE_PREFIX_PATH=/home/rayyan/robot_arm_ros2_ws/install/robot_arm_description:/home/rayyan/robot_arm_ros2_ws/install/moveit_pkg:/home/rayyan/robot_arm_ros2_ws/install/joint_state_publisher_gui:/home/rayyan/robot_arm_ros2_ws/install/joint_state_publisher:/home/rayyan/robot_arm_ros2_ws/install/custom_arm_controller:/opt/ros/humble /usr/bin/cmake --install /home/rayyan/robot_arm_ros2_ws/build/moveit_pkg
[16.961s] Level 1:colcon.colcon_core.shell:create_environment_hook('moveit_pkg', 'cmake_prefix_path')
[16.961s] INFO:colcon.colcon_core.shell:Creating environment hook '/home/rayyan/robot_arm_ros2_ws/install/moveit_pkg/share/moveit_pkg/hook/cmake_prefix_path.ps1'
[16.963s] INFO:colcon.colcon_core.shell:Creating environment descriptor '/home/rayyan/robot_arm_ros2_ws/install/moveit_pkg/share/moveit_pkg/hook/cmake_prefix_path.dsv'
[16.965s] INFO:colcon.colcon_core.shell:Creating environment hook '/home/rayyan/robot_arm_ros2_ws/install/moveit_pkg/share/moveit_pkg/hook/cmake_prefix_path.sh'
[16.967s] Level 1:colcon.colcon_core.environment:checking '/home/rayyan/robot_arm_ros2_ws/install/moveit_pkg/bin'
[16.967s] Level 1:colcon.colcon_core.environment:checking '/home/rayyan/robot_arm_ros2_ws/install/moveit_pkg/lib/pkgconfig/moveit_pkg.pc'
[16.969s] Level 1:colcon.colcon_core.environment:checking '/home/rayyan/robot_arm_ros2_ws/install/moveit_pkg/lib/python3.10/site-packages'
[16.971s] Level 1:colcon.colcon_core.environment:checking '/home/rayyan/robot_arm_ros2_ws/install/moveit_pkg/bin'
[16.972s] INFO:colcon.colcon_core.shell:Creating package script '/home/rayyan/robot_arm_ros2_ws/install/moveit_pkg/share/moveit_pkg/package.ps1'
[16.976s] INFO:colcon.colcon_core.shell:Creating package descriptor '/home/rayyan/robot_arm_ros2_ws/install/moveit_pkg/share/moveit_pkg/package.dsv'
[16.978s] INFO:colcon.colcon_core.shell:Creating package script '/home/rayyan/robot_arm_ros2_ws/install/moveit_pkg/share/moveit_pkg/package.sh'
[16.979s] INFO:colcon.colcon_core.shell:Creating package script '/home/rayyan/robot_arm_ros2_ws/install/moveit_pkg/share/moveit_pkg/package.bash'
[16.980s] INFO:colcon.colcon_core.shell:Creating package script '/home/rayyan/robot_arm_ros2_ws/install/moveit_pkg/share/moveit_pkg/package.zsh'
[16.982s] Level 1:colcon.colcon_core.environment:create_file_with_runtime_dependencies(/home/rayyan/robot_arm_ros2_ws/install/moveit_pkg/share/colcon-core/packages/moveit_pkg)
[16.984s] Level 1:colcon.colcon_core.environment:create_environment_scripts_only(moveit_pkg)
[16.986s] Level 1:colcon.colcon_core.environment:checking '/home/rayyan/robot_arm_ros2_ws/install/moveit_pkg' for CMake module files
[16.989s] Level 1:colcon.colcon_core.environment:checking '/home/rayyan/robot_arm_ros2_ws/install/moveit_pkg' for CMake config files
[16.991s] Level 1:colcon.colcon_core.shell:create_environment_hook('moveit_pkg', 'cmake_prefix_path')
[16.993s] INFO:colcon.colcon_core.shell:Creating environment hook '/home/rayyan/robot_arm_ros2_ws/install/moveit_pkg/share/moveit_pkg/hook/cmake_prefix_path.ps1'
[16.994s] INFO:colcon.colcon_core.shell:Creating environment descriptor '/home/rayyan/robot_arm_ros2_ws/install/moveit_pkg/share/moveit_pkg/hook/cmake_prefix_path.dsv'
[16.996s] INFO:colcon.colcon_core.shell:Creating environment hook '/home/rayyan/robot_arm_ros2_ws/install/moveit_pkg/share/moveit_pkg/hook/cmake_prefix_path.sh'
[16.998s] Level 1:colcon.colcon_core.environment:checking '/home/rayyan/robot_arm_ros2_ws/install/moveit_pkg/bin'
[16.998s] Level 1:colcon.colcon_core.environment:checking '/home/rayyan/robot_arm_ros2_ws/install/moveit_pkg/lib/pkgconfig/moveit_pkg.pc'
[16.999s] Level 1:colcon.colcon_core.environment:checking '/home/rayyan/robot_arm_ros2_ws/install/moveit_pkg/lib/python3.10/site-packages'
[17.000s] Level 1:colcon.colcon_core.environment:checking '/home/rayyan/robot_arm_ros2_ws/install/moveit_pkg/bin'
[17.001s] INFO:colcon.colcon_core.shell:Creating package script '/home/rayyan/robot_arm_ros2_ws/install/moveit_pkg/share/moveit_pkg/package.ps1'
[17.006s] INFO:colcon.colcon_core.shell:Creating package descriptor '/home/rayyan/robot_arm_ros2_ws/install/moveit_pkg/share/moveit_pkg/package.dsv'
[17.009s] INFO:colcon.colcon_core.shell:Creating package script '/home/rayyan/robot_arm_ros2_ws/install/moveit_pkg/share/moveit_pkg/package.sh'
[17.014s] INFO:colcon.colcon_core.shell:Creating package script '/home/rayyan/robot_arm_ros2_ws/install/moveit_pkg/share/moveit_pkg/package.bash'
[17.015s] INFO:colcon.colcon_core.shell:Creating package script '/home/rayyan/robot_arm_ros2_ws/install/moveit_pkg/share/moveit_pkg/package.zsh'
[17.017s] Level 1:colcon.colcon_core.environment:create_file_with_runtime_dependencies(/home/rayyan/robot_arm_ros2_ws/install/moveit_pkg/share/colcon-core/packages/moveit_pkg)
[17.019s] DEBUG:colcon.colcon_parallel_executor.executor.parallel:closing loop
[17.024s] DEBUG:colcon.colcon_parallel_executor.executor.parallel:loop closed
[17.028s] DEBUG:colcon.colcon_parallel_executor.executor.parallel:run_until_complete finished with '0'
[17.029s] DEBUG:colcon.colcon_core.event_reactor:joining thread
[44899.948s] INFO:colcon.colcon_core.plugin_system:Skipping extension 'colcon_notification.desktop_notification.notify_send': Could not find 'notify-send'
[44899.948s] INFO:colcon.colcon_core.plugin_system:Skipping extension 'colcon_notification.desktop_notification.terminal_notifier': Not used on non-Darwin systems
[44899.949s] INFO:colcon.colcon_core.plugin_system:Skipping extension 'colcon_notification.desktop_notification.win32': Not used on non-Windows systems
[44899.949s] INFO:colcon.colcon_notification.desktop_notification:Sending desktop notification using 'notify2'
[44899.955s] DEBUG:colcon.colcon_notification.desktop_notification.notify2:Failed to initialize notify2: org.freedesktop.DBus.Error.FileNotFound: Failed to connect to socket /run/user/1000/bus: No such file or directory
[44899.956s] DEBUG:colcon.colcon_core.event_reactor:joined thread
[44899.960s] INFO:colcon.colcon_core.shell:Creating prefix script '/home/rayyan/robot_arm_ros2_ws/install/local_setup.ps1'
[44899.964s] INFO:colcon.colcon_core.shell:Creating prefix util module '/home/rayyan/robot_arm_ros2_ws/install/_local_setup_util_ps1.py'
[44899.971s] INFO:colcon.colcon_core.shell:Creating prefix chain script '/home/rayyan/robot_arm_ros2_ws/install/setup.ps1'
[44899.976s] INFO:colcon.colcon_core.shell:Creating prefix script '/home/rayyan/robot_arm_ros2_ws/install/local_setup.sh'
[44899.983s] INFO:colcon.colcon_core.shell:Creating prefix util module '/home/rayyan/robot_arm_ros2_ws/install/_local_setup_util_sh.py'
[44899.988s] INFO:colcon.colcon_core.shell:Creating prefix chain script '/home/rayyan/robot_arm_ros2_ws/install/setup.sh'
[44899.993s] INFO:colcon.colcon_core.shell:Creating prefix script '/home/rayyan/robot_arm_ros2_ws/install/local_setup.bash'
[44899.996s] INFO:colcon.colcon_core.shell:Creating prefix chain script '/home/rayyan/robot_arm_ros2_ws/install/setup.bash'
[44900.011s] INFO:colcon.colcon_core.shell:Creating prefix script '/home/rayyan/robot_arm_ros2_ws/install/local_setup.zsh'
[44900.013s] INFO:colcon.colcon_core.shell:Creating prefix chain script '/home/rayyan/robot_arm_ros2_ws/install/setup.zsh'
