[0.357s] DEBUG:colcon:Command line arguments: ['/usr/bin/colcon', 'build']
[0.357s] DEBUG:colcon:Parsed command line arguments: Namespace(log_base=None, log_level=None, verb_name='build', build_base='build', install_base='install', merge_install=False, symlink_install=False, test_result_base=None, continue_on_error=False, executor='parallel', parallel_workers=4, event_handlers=None, ignore_user_meta=False, metas=['./colcon.meta'], base_paths=['.'], packages_ignore=None, packages_ignore_regex=None, paths=None, packages_up_to=None, packages_up_to_regex=None, packages_above=None, packages_above_and_dependencies=None, packages_above_depth=None, packages_select_by_dep=None, packages_skip_by_dep=None, packages_skip_up_to=None, packages_select_build_failed=False, packages_skip_build_finished=False, packages_select_test_failures=False, packages_skip_test_passed=False, packages_select=None, packages_skip=None, packages_select_regex=None, packages_skip_regex=None, packages_start=None, packages_end=None, allow_overriding=[], cmake_args=None, cmake_target=None, cmake_target_skip_unavailable=False, cmake_clean_cache=False, cmake_clean_first=False, cmake_force_configure=False, ament_cmake_args=None, catkin_cmake_args=None, catkin_skip_building_tests=False, mixin_files=None, mixin=None, verb_parser=<colcon_mixin.mixin.mixin_argument.MixinArgumentDecorator object at 0x7f608d9f1c30>, verb_extension=<colcon_core.verb.build.BuildVerb object at 0x7f608daeeb60>, main=<bound method BuildVerb.main of <colcon_core.verb.build.BuildVerb object at 0x7f608daeeb60>>, mixin_verb=('build',))
[0.722s] Level 1:colcon.colcon_core.package_discovery:discover_packages(colcon_meta) check parameters
[0.722s] Level 1:colcon.colcon_core.package_discovery:discover_packages(recursive) check parameters
[0.722s] Level 1:colcon.colcon_core.package_discovery:discover_packages(ignore) check parameters
[0.722s] Level 1:colcon.colcon_core.package_discovery:discover_packages(path) check parameters
[0.723s] Level 1:colcon.colcon_core.package_discovery:discover_packages(colcon_meta) discover
[0.723s] Level 1:colcon.colcon_core.package_discovery:discover_packages(recursive) discover
[0.723s] INFO:colcon.colcon_core.package_discovery:Crawling recursively for packages in '/home/rayyan/robot_arm_ros2_ws'
[0.723s] Level 1:colcon.colcon_core.package_identification:_identify(.) by extensions ['ignore', 'ignore_ament_install']
[0.723s] Level 1:colcon.colcon_core.package_identification:_identify(.) by extension 'ignore'
[0.723s] Level 1:colcon.colcon_core.package_identification:_identify(.) by extension 'ignore_ament_install'
[0.724s] Level 1:colcon.colcon_core.package_identification:_identify(.) by extensions ['colcon_pkg']
[0.724s] Level 1:colcon.colcon_core.package_identification:_identify(.) by extension 'colcon_pkg'
[0.724s] Level 1:colcon.colcon_core.package_identification:_identify(.) by extensions ['colcon_meta']
[0.724s] Level 1:colcon.colcon_core.package_identification:_identify(.) by extension 'colcon_meta'
[0.724s] Level 1:colcon.colcon_core.package_identification:_identify(.) by extensions ['ros']
[0.724s] Level 1:colcon.colcon_core.package_identification:_identify(.) by extension 'ros'
[0.747s] Level 1:colcon.colcon_core.package_identification:_identify(.) by extensions ['cmake', 'python']
[0.748s] Level 1:colcon.colcon_core.package_identification:_identify(.) by extension 'cmake'
[0.748s] Level 1:colcon.colcon_core.package_identification:_identify(.) by extension 'python'
[0.748s] Level 1:colcon.colcon_core.package_identification:_identify(.) by extensions ['python_setup_py']
[0.748s] Level 1:colcon.colcon_core.package_identification:_identify(.) by extension 'python_setup_py'
[0.748s] Level 1:colcon.colcon_core.package_identification:_identify(build) by extensions ['ignore', 'ignore_ament_install']
[0.749s] Level 1:colcon.colcon_core.package_identification:_identify(build) by extension 'ignore'
[0.749s] Level 1:colcon.colcon_core.package_identification:_identify(build) ignored
[0.749s] Level 1:colcon.colcon_core.package_identification:_identify(install) by extensions ['ignore', 'ignore_ament_install']
[0.749s] Level 1:colcon.colcon_core.package_identification:_identify(install) by extension 'ignore'
[0.749s] Level 1:colcon.colcon_core.package_identification:_identify(install) ignored
[0.750s] Level 1:colcon.colcon_core.package_identification:_identify(log) by extensions ['ignore', 'ignore_ament_install']
[0.750s] Level 1:colcon.colcon_core.package_identification:_identify(log) by extension 'ignore'
[0.750s] Level 1:colcon.colcon_core.package_identification:_identify(log) ignored
[0.750s] Level 1:colcon.colcon_core.package_identification:_identify(src) by extensions ['ignore', 'ignore_ament_install']
[0.751s] Level 1:colcon.colcon_core.package_identification:_identify(src) by extension 'ignore'
[0.751s] Level 1:colcon.colcon_core.package_identification:_identify(src) by extension 'ignore_ament_install'
[0.751s] Level 1:colcon.colcon_core.package_identification:_identify(src) by extensions ['colcon_pkg']
[0.751s] Level 1:colcon.colcon_core.package_identification:_identify(src) by extension 'colcon_pkg'
[0.751s] Level 1:colcon.colcon_core.package_identification:_identify(src) by extensions ['colcon_meta']
[0.751s] Level 1:colcon.colcon_core.package_identification:_identify(src) by extension 'colcon_meta'
[0.751s] Level 1:colcon.colcon_core.package_identification:_identify(src) by extensions ['ros']
[0.751s] Level 1:colcon.colcon_core.package_identification:_identify(src) by extension 'ros'
[0.752s] Level 1:colcon.colcon_core.package_identification:_identify(src) by extensions ['cmake', 'python']
[0.752s] Level 1:colcon.colcon_core.package_identification:_identify(src) by extension 'cmake'
[0.752s] Level 1:colcon.colcon_core.package_identification:_identify(src) by extension 'python'
[0.752s] Level 1:colcon.colcon_core.package_identification:_identify(src) by extensions ['python_setup_py']
[0.752s] Level 1:colcon.colcon_core.package_identification:_identify(src) by extension 'python_setup_py'
[0.752s] Level 1:colcon.colcon_core.package_identification:_identify(src/build) by extensions ['ignore', 'ignore_ament_install']
[0.752s] Level 1:colcon.colcon_core.package_identification:_identify(src/build) by extension 'ignore'
[0.753s] Level 1:colcon.colcon_core.package_identification:_identify(src/build) ignored
[0.753s] Level 1:colcon.colcon_core.package_identification:_identify(src/custom_arm_controller) by extensions ['ignore', 'ignore_ament_install']
[0.753s] Level 1:colcon.colcon_core.package_identification:_identify(src/custom_arm_controller) by extension 'ignore'
[0.753s] Level 1:colcon.colcon_core.package_identification:_identify(src/custom_arm_controller) by extension 'ignore_ament_install'
[0.753s] Level 1:colcon.colcon_core.package_identification:_identify(src/custom_arm_controller) by extensions ['colcon_pkg']
[0.754s] Level 1:colcon.colcon_core.package_identification:_identify(src/custom_arm_controller) by extension 'colcon_pkg'
[0.754s] Level 1:colcon.colcon_core.package_identification:_identify(src/custom_arm_controller) by extensions ['colcon_meta']
[0.754s] Level 1:colcon.colcon_core.package_identification:_identify(src/custom_arm_controller) by extension 'colcon_meta'
[0.754s] Level 1:colcon.colcon_core.package_identification:_identify(src/custom_arm_controller) by extensions ['ros']
[0.754s] Level 1:colcon.colcon_core.package_identification:_identify(src/custom_arm_controller) by extension 'ros'
[0.758s] DEBUG:colcon.colcon_core.package_identification:Package 'src/custom_arm_controller' with type 'ros.ament_python' and name 'custom_arm_controller'
[0.758s] Level 1:colcon.colcon_core.package_identification:_identify(src/install) by extensions ['ignore', 'ignore_ament_install']
[0.758s] Level 1:colcon.colcon_core.package_identification:_identify(src/install) by extension 'ignore'
[0.759s] Level 1:colcon.colcon_core.package_identification:_identify(src/install) ignored
[0.759s] Level 1:colcon.colcon_core.package_identification:_identify(src/joint_state_publisher) by extensions ['ignore', 'ignore_ament_install']
[0.759s] Level 1:colcon.colcon_core.package_identification:_identify(src/joint_state_publisher) by extension 'ignore'
[0.759s] Level 1:colcon.colcon_core.package_identification:_identify(src/joint_state_publisher) by extension 'ignore_ament_install'
[0.759s] Level 1:colcon.colcon_core.package_identification:_identify(src/joint_state_publisher) by extensions ['colcon_pkg']
[0.759s] Level 1:colcon.colcon_core.package_identification:_identify(src/joint_state_publisher) by extension 'colcon_pkg'
[0.760s] Level 1:colcon.colcon_core.package_identification:_identify(src/joint_state_publisher) by extensions ['colcon_meta']
[0.760s] Level 1:colcon.colcon_core.package_identification:_identify(src/joint_state_publisher) by extension 'colcon_meta'
[0.760s] Level 1:colcon.colcon_core.package_identification:_identify(src/joint_state_publisher) by extensions ['ros']
[0.760s] Level 1:colcon.colcon_core.package_identification:_identify(src/joint_state_publisher) by extension 'ros'
[0.760s] Level 1:colcon.colcon_core.package_identification:_identify(src/joint_state_publisher) by extensions ['cmake', 'python']
[0.760s] Level 1:colcon.colcon_core.package_identification:_identify(src/joint_state_publisher) by extension 'cmake'
[0.760s] Level 1:colcon.colcon_core.package_identification:_identify(src/joint_state_publisher) by extension 'python'
[0.760s] Level 1:colcon.colcon_core.package_identification:_identify(src/joint_state_publisher) by extensions ['python_setup_py']
[0.761s] Level 1:colcon.colcon_core.package_identification:_identify(src/joint_state_publisher) by extension 'python_setup_py'
[0.761s] Level 1:colcon.colcon_core.package_identification:_identify(src/joint_state_publisher/joint_state_publisher) by extensions ['ignore', 'ignore_ament_install']
[0.761s] Level 1:colcon.colcon_core.package_identification:_identify(src/joint_state_publisher/joint_state_publisher) by extension 'ignore'
[0.761s] Level 1:colcon.colcon_core.package_identification:_identify(src/joint_state_publisher/joint_state_publisher) by extension 'ignore_ament_install'
[0.761s] Level 1:colcon.colcon_core.package_identification:_identify(src/joint_state_publisher/joint_state_publisher) by extensions ['colcon_pkg']
[0.761s] Level 1:colcon.colcon_core.package_identification:_identify(src/joint_state_publisher/joint_state_publisher) by extension 'colcon_pkg'
[0.761s] Level 1:colcon.colcon_core.package_identification:_identify(src/joint_state_publisher/joint_state_publisher) by extensions ['colcon_meta']
[0.762s] Level 1:colcon.colcon_core.package_identification:_identify(src/joint_state_publisher/joint_state_publisher) by extension 'colcon_meta'
[0.762s] Level 1:colcon.colcon_core.package_identification:_identify(src/joint_state_publisher/joint_state_publisher) by extensions ['ros']
[0.762s] Level 1:colcon.colcon_core.package_identification:_identify(src/joint_state_publisher/joint_state_publisher) by extension 'ros'
[0.763s] DEBUG:colcon.colcon_core.package_identification:Package 'src/joint_state_publisher/joint_state_publisher' with type 'ros.ament_python' and name 'joint_state_publisher'
[0.763s] Level 1:colcon.colcon_core.package_identification:_identify(src/joint_state_publisher/joint_state_publisher_gui) by extensions ['ignore', 'ignore_ament_install']
[0.764s] Level 1:colcon.colcon_core.package_identification:_identify(src/joint_state_publisher/joint_state_publisher_gui) by extension 'ignore'
[0.764s] Level 1:colcon.colcon_core.package_identification:_identify(src/joint_state_publisher/joint_state_publisher_gui) by extension 'ignore_ament_install'
[0.764s] Level 1:colcon.colcon_core.package_identification:_identify(src/joint_state_publisher/joint_state_publisher_gui) by extensions ['colcon_pkg']
[0.764s] Level 1:colcon.colcon_core.package_identification:_identify(src/joint_state_publisher/joint_state_publisher_gui) by extension 'colcon_pkg'
[0.765s] Level 1:colcon.colcon_core.package_identification:_identify(src/joint_state_publisher/joint_state_publisher_gui) by extensions ['colcon_meta']
[0.765s] Level 1:colcon.colcon_core.package_identification:_identify(src/joint_state_publisher/joint_state_publisher_gui) by extension 'colcon_meta'
[0.765s] Level 1:colcon.colcon_core.package_identification:_identify(src/joint_state_publisher/joint_state_publisher_gui) by extensions ['ros']
[0.765s] Level 1:colcon.colcon_core.package_identification:_identify(src/joint_state_publisher/joint_state_publisher_gui) by extension 'ros'
[0.766s] DEBUG:colcon.colcon_core.package_identification:Package 'src/joint_state_publisher/joint_state_publisher_gui' with type 'ros.ament_python' and name 'joint_state_publisher_gui'
[0.766s] Level 1:colcon.colcon_core.package_identification:_identify(src/log) by extensions ['ignore', 'ignore_ament_install']
[0.767s] Level 1:colcon.colcon_core.package_identification:_identify(src/log) by extension 'ignore'
[0.767s] Level 1:colcon.colcon_core.package_identification:_identify(src/log) ignored
[0.767s] Level 1:colcon.colcon_core.package_identification:_identify(src/moveit_pkg) by extensions ['ignore', 'ignore_ament_install']
[0.767s] Level 1:colcon.colcon_core.package_identification:_identify(src/moveit_pkg) by extension 'ignore'
[0.768s] Level 1:colcon.colcon_core.package_identification:_identify(src/moveit_pkg) by extension 'ignore_ament_install'
[0.768s] Level 1:colcon.colcon_core.package_identification:_identify(src/moveit_pkg) by extensions ['colcon_pkg']
[0.768s] Level 1:colcon.colcon_core.package_identification:_identify(src/moveit_pkg) by extension 'colcon_pkg'
[0.768s] Level 1:colcon.colcon_core.package_identification:_identify(src/moveit_pkg) by extensions ['colcon_meta']
[0.768s] Level 1:colcon.colcon_core.package_identification:_identify(src/moveit_pkg) by extension 'colcon_meta'
[0.768s] Level 1:colcon.colcon_core.package_identification:_identify(src/moveit_pkg) by extensions ['ros']
[0.768s] Level 1:colcon.colcon_core.package_identification:_identify(src/moveit_pkg) by extension 'ros'
[0.771s] DEBUG:colcon.colcon_core.package_identification:Package 'src/moveit_pkg' with type 'ros.ament_cmake' and name 'moveit_pkg'
[0.772s] Level 1:colcon.colcon_core.package_identification:_identify(src/robot_arm_description) by extensions ['ignore', 'ignore_ament_install']
[0.772s] Level 1:colcon.colcon_core.package_identification:_identify(src/robot_arm_description) by extension 'ignore'
[0.772s] Level 1:colcon.colcon_core.package_identification:_identify(src/robot_arm_description) by extension 'ignore_ament_install'
[0.772s] Level 1:colcon.colcon_core.package_identification:_identify(src/robot_arm_description) by extensions ['colcon_pkg']
[0.773s] Level 1:colcon.colcon_core.package_identification:_identify(src/robot_arm_description) by extension 'colcon_pkg'
[0.773s] Level 1:colcon.colcon_core.package_identification:_identify(src/robot_arm_description) by extensions ['colcon_meta']
[0.773s] Level 1:colcon.colcon_core.package_identification:_identify(src/robot_arm_description) by extension 'colcon_meta'
[0.774s] Level 1:colcon.colcon_core.package_identification:_identify(src/robot_arm_description) by extensions ['ros']
[0.774s] Level 1:colcon.colcon_core.package_identification:_identify(src/robot_arm_description) by extension 'ros'
[0.776s] DEBUG:colcon.colcon_core.package_identification:Package 'src/robot_arm_description' with type 'ros.ament_cmake' and name 'robot_arm_description'
[0.776s] Level 1:colcon.colcon_core.package_discovery:discover_packages(recursive) using defaults
[0.776s] Level 1:colcon.colcon_core.package_discovery:discover_packages(ignore) discover
[0.776s] Level 1:colcon.colcon_core.package_discovery:discover_packages(ignore) using defaults
[0.776s] Level 1:colcon.colcon_core.package_discovery:discover_packages(path) discover
[0.777s] Level 1:colcon.colcon_core.package_discovery:discover_packages(path) using defaults
[44882.433s] Level 1:colcon.colcon_core.package_discovery:discover_packages(prefix_path) check parameters
[44882.433s] Level 1:colcon.colcon_core.package_discovery:discover_packages(prefix_path) discover
[44882.440s] DEBUG:colcon.colcon_installed_package_information.package_discovery:Found 5 installed packages in /home/rayyan/robot_arm_ros2_ws/install
[44882.446s] DEBUG:colcon.colcon_installed_package_information.package_discovery:Found 316 installed packages in /opt/ros/humble
[44882.453s] Level 1:colcon.colcon_core.package_discovery:discover_packages(prefix_path) using defaults
[1.177s] Level 5:colcon.colcon_core.verb:set package 'custom_arm_controller' build argument 'cmake_args' from command line to 'None'
[1.177s] Level 5:colcon.colcon_core.verb:set package 'custom_arm_controller' build argument 'cmake_target' from command line to 'None'
[1.179s] Level 5:colcon.colcon_core.verb:set package 'custom_arm_controller' build argument 'cmake_target_skip_unavailable' from command line to 'False'
[1.179s] Level 5:colcon.colcon_core.verb:set package 'custom_arm_controller' build argument 'cmake_clean_cache' from command line to 'False'
[1.179s] Level 5:colcon.colcon_core.verb:set package 'custom_arm_controller' build argument 'cmake_clean_first' from command line to 'False'
[1.179s] Level 5:colcon.colcon_core.verb:set package 'custom_arm_controller' build argument 'cmake_force_configure' from command line to 'False'
[1.180s] Level 5:colcon.colcon_core.verb:set package 'custom_arm_controller' build argument 'ament_cmake_args' from command line to 'None'
[1.180s] Level 5:colcon.colcon_core.verb:set package 'custom_arm_controller' build argument 'catkin_cmake_args' from command line to 'None'
[1.180s] Level 5:colcon.colcon_core.verb:set package 'custom_arm_controller' build argument 'catkin_skip_building_tests' from command line to 'False'
[1.180s] DEBUG:colcon.colcon_core.verb:Building package 'custom_arm_controller' with the following arguments: {'ament_cmake_args': None, 'build_base': '/home/rayyan/robot_arm_ros2_ws/build/custom_arm_controller', 'catkin_cmake_args': None, 'catkin_skip_building_tests': False, 'cmake_args': None, 'cmake_clean_cache': False, 'cmake_clean_first': False, 'cmake_force_configure': False, 'cmake_target': None, 'cmake_target_skip_unavailable': False, 'install_base': '/home/rayyan/robot_arm_ros2_ws/install/custom_arm_controller', 'merge_install': False, 'path': '/home/rayyan/robot_arm_ros2_ws/src/custom_arm_controller', 'symlink_install': False, 'test_result_base': None}
[1.182s] Level 5:colcon.colcon_core.verb:set package 'joint_state_publisher' build argument 'cmake_args' from command line to 'None'
[1.183s] Level 5:colcon.colcon_core.verb:set package 'joint_state_publisher' build argument 'cmake_target' from command line to 'None'
[1.183s] Level 5:colcon.colcon_core.verb:set package 'joint_state_publisher' build argument 'cmake_target_skip_unavailable' from command line to 'False'
[1.183s] Level 5:colcon.colcon_core.verb:set package 'joint_state_publisher' build argument 'cmake_clean_cache' from command line to 'False'
[1.183s] Level 5:colcon.colcon_core.verb:set package 'joint_state_publisher' build argument 'cmake_clean_first' from command line to 'False'
[1.184s] Level 5:colcon.colcon_core.verb:set package 'joint_state_publisher' build argument 'cmake_force_configure' from command line to 'False'
[1.184s] Level 5:colcon.colcon_core.verb:set package 'joint_state_publisher' build argument 'ament_cmake_args' from command line to 'None'
[1.184s] Level 5:colcon.colcon_core.verb:set package 'joint_state_publisher' build argument 'catkin_cmake_args' from command line to 'None'
[1.184s] Level 5:colcon.colcon_core.verb:set package 'joint_state_publisher' build argument 'catkin_skip_building_tests' from command line to 'False'
[1.185s] DEBUG:colcon.colcon_core.verb:Building package 'joint_state_publisher' with the following arguments: {'ament_cmake_args': None, 'build_base': '/home/rayyan/robot_arm_ros2_ws/build/joint_state_publisher', 'catkin_cmake_args': None, 'catkin_skip_building_tests': False, 'cmake_args': None, 'cmake_clean_cache': False, 'cmake_clean_first': False, 'cmake_force_configure': False, 'cmake_target': None, 'cmake_target_skip_unavailable': False, 'install_base': '/home/rayyan/robot_arm_ros2_ws/install/joint_state_publisher', 'merge_install': False, 'path': '/home/rayyan/robot_arm_ros2_ws/src/joint_state_publisher/joint_state_publisher', 'symlink_install': False, 'test_result_base': None}
[1.186s] Level 5:colcon.colcon_core.verb:set package 'robot_arm_description' build argument 'cmake_args' from command line to 'None'
[1.187s] Level 5:colcon.colcon_core.verb:set package 'robot_arm_description' build argument 'cmake_target' from command line to 'None'
[1.188s] Level 5:colcon.colcon_core.verb:set package 'robot_arm_description' build argument 'cmake_target_skip_unavailable' from command line to 'False'
[1.190s] Level 5:colcon.colcon_core.verb:set package 'robot_arm_description' build argument 'cmake_clean_cache' from command line to 'False'
[1.191s] Level 5:colcon.colcon_core.verb:set package 'robot_arm_description' build argument 'cmake_clean_first' from command line to 'False'
[1.191s] Level 5:colcon.colcon_core.verb:set package 'robot_arm_description' build argument 'cmake_force_configure' from command line to 'False'
[1.191s] Level 5:colcon.colcon_core.verb:set package 'robot_arm_description' build argument 'ament_cmake_args' from command line to 'None'
[1.191s] Level 5:colcon.colcon_core.verb:set package 'robot_arm_description' build argument 'catkin_cmake_args' from command line to 'None'
[1.192s] Level 5:colcon.colcon_core.verb:set package 'robot_arm_description' build argument 'catkin_skip_building_tests' from command line to 'False'
[1.194s] DEBUG:colcon.colcon_core.verb:Building package 'robot_arm_description' with the following arguments: {'ament_cmake_args': None, 'build_base': '/home/rayyan/robot_arm_ros2_ws/build/robot_arm_description', 'catkin_cmake_args': None, 'catkin_skip_building_tests': False, 'cmake_args': None, 'cmake_clean_cache': False, 'cmake_clean_first': False, 'cmake_force_configure': False, 'cmake_target': None, 'cmake_target_skip_unavailable': False, 'install_base': '/home/rayyan/robot_arm_ros2_ws/install/robot_arm_description', 'merge_install': False, 'path': '/home/rayyan/robot_arm_ros2_ws/src/robot_arm_description', 'symlink_install': False, 'test_result_base': None}
[1.196s] Level 5:colcon.colcon_core.verb:set package 'joint_state_publisher_gui' build argument 'cmake_args' from command line to 'None'
[1.197s] Level 5:colcon.colcon_core.verb:set package 'joint_state_publisher_gui' build argument 'cmake_target' from command line to 'None'
[1.197s] Level 5:colcon.colcon_core.verb:set package 'joint_state_publisher_gui' build argument 'cmake_target_skip_unavailable' from command line to 'False'
[1.197s] Level 5:colcon.colcon_core.verb:set package 'joint_state_publisher_gui' build argument 'cmake_clean_cache' from command line to 'False'
[1.197s] Level 5:colcon.colcon_core.verb:set package 'joint_state_publisher_gui' build argument 'cmake_clean_first' from command line to 'False'
[1.198s] Level 5:colcon.colcon_core.verb:set package 'joint_state_publisher_gui' build argument 'cmake_force_configure' from command line to 'False'
[1.198s] Level 5:colcon.colcon_core.verb:set package 'joint_state_publisher_gui' build argument 'ament_cmake_args' from command line to 'None'
[1.198s] Level 5:colcon.colcon_core.verb:set package 'joint_state_publisher_gui' build argument 'catkin_cmake_args' from command line to 'None'
[1.199s] Level 5:colcon.colcon_core.verb:set package 'joint_state_publisher_gui' build argument 'catkin_skip_building_tests' from command line to 'False'
[1.199s] DEBUG:colcon.colcon_core.verb:Building package 'joint_state_publisher_gui' with the following arguments: {'ament_cmake_args': None, 'build_base': '/home/rayyan/robot_arm_ros2_ws/build/joint_state_publisher_gui', 'catkin_cmake_args': None, 'catkin_skip_building_tests': False, 'cmake_args': None, 'cmake_clean_cache': False, 'cmake_clean_first': False, 'cmake_force_configure': False, 'cmake_target': None, 'cmake_target_skip_unavailable': False, 'install_base': '/home/rayyan/robot_arm_ros2_ws/install/joint_state_publisher_gui', 'merge_install': False, 'path': '/home/rayyan/robot_arm_ros2_ws/src/joint_state_publisher/joint_state_publisher_gui', 'symlink_install': False, 'test_result_base': None}
[1.200s] Level 5:colcon.colcon_core.verb:set package 'moveit_pkg' build argument 'cmake_args' from command line to 'None'
[1.201s] Level 5:colcon.colcon_core.verb:set package 'moveit_pkg' build argument 'cmake_target' from command line to 'None'
[1.201s] Level 5:colcon.colcon_core.verb:set package 'moveit_pkg' build argument 'cmake_target_skip_unavailable' from command line to 'False'
[1.201s] Level 5:colcon.colcon_core.verb:set package 'moveit_pkg' build argument 'cmake_clean_cache' from command line to 'False'
[1.202s] Level 5:colcon.colcon_core.verb:set package 'moveit_pkg' build argument 'cmake_clean_first' from command line to 'False'
[1.202s] Level 5:colcon.colcon_core.verb:set package 'moveit_pkg' build argument 'cmake_force_configure' from command line to 'False'
[1.202s] Level 5:colcon.colcon_core.verb:set package 'moveit_pkg' build argument 'ament_cmake_args' from command line to 'None'
[1.202s] Level 5:colcon.colcon_core.verb:set package 'moveit_pkg' build argument 'catkin_cmake_args' from command line to 'None'
[1.203s] Level 5:colcon.colcon_core.verb:set package 'moveit_pkg' build argument 'catkin_skip_building_tests' from command line to 'False'
[1.203s] DEBUG:colcon.colcon_core.verb:Building package 'moveit_pkg' with the following arguments: {'ament_cmake_args': None, 'build_base': '/home/rayyan/robot_arm_ros2_ws/build/moveit_pkg', 'catkin_cmake_args': None, 'catkin_skip_building_tests': False, 'cmake_args': None, 'cmake_clean_cache': False, 'cmake_clean_first': False, 'cmake_force_configure': False, 'cmake_target': None, 'cmake_target_skip_unavailable': False, 'install_base': '/home/rayyan/robot_arm_ros2_ws/install/moveit_pkg', 'merge_install': False, 'path': '/home/rayyan/robot_arm_ros2_ws/src/moveit_pkg', 'symlink_install': False, 'test_result_base': None}
[1.204s] INFO:colcon.colcon_core.executor:Executing jobs using 'parallel' executor
[1.206s] DEBUG:colcon.colcon_parallel_executor.executor.parallel:run_until_complete
[1.207s] INFO:colcon.colcon_ros.task.ament_python.build:Building ROS package in '/home/rayyan/robot_arm_ros2_ws/src/joint_state_publisher/joint_state_publisher' with build type 'ament_python'
[1.207s] Level 1:colcon.colcon_core.shell:create_environment_hook('joint_state_publisher', 'ament_prefix_path')
[1.212s] INFO:colcon.colcon_core.plugin_system:Skipping extension 'colcon_core.shell.bat': Not used on non-Windows systems
[1.213s] INFO:colcon.colcon_core.shell:Creating environment hook '/home/rayyan/robot_arm_ros2_ws/install/joint_state_publisher/share/joint_state_publisher/hook/ament_prefix_path.ps1'
[1.216s] INFO:colcon.colcon_core.shell:Creating environment descriptor '/home/rayyan/robot_arm_ros2_ws/install/joint_state_publisher/share/joint_state_publisher/hook/ament_prefix_path.dsv'
[1.223s] INFO:colcon.colcon_core.shell:Creating environment hook '/home/rayyan/robot_arm_ros2_ws/install/joint_state_publisher/share/joint_state_publisher/hook/ament_prefix_path.sh'
[1.228s] INFO:colcon.colcon_core.shell:Skip shell extension 'powershell' for command environment: Not usable outside of PowerShell
[1.229s] DEBUG:colcon.colcon_core.shell:Skip shell extension 'dsv' for command environment
[1.268s] INFO:colcon.colcon_ros.task.ament_cmake.build:Building ROS package in '/home/rayyan/robot_arm_ros2_ws/src/robot_arm_description' with build type 'ament_cmake'
[1.269s] INFO:colcon.colcon_cmake.task.cmake.build:Building CMake package in '/home/rayyan/robot_arm_ros2_ws/src/robot_arm_description'
[1.270s] INFO:colcon.colcon_core.shell:Skip shell extension 'powershell' for command environment: Not usable outside of PowerShell
[1.271s] DEBUG:colcon.colcon_core.shell:Skip shell extension 'dsv' for command environment
[1.284s] INFO:colcon.colcon_ros.task.ament_python.build:Building ROS package in '/home/rayyan/robot_arm_ros2_ws/src/custom_arm_controller' with build type 'ament_python'
[1.285s] Level 1:colcon.colcon_core.shell:create_environment_hook('custom_arm_controller', 'ament_prefix_path')
[1.287s] INFO:colcon.colcon_core.shell:Creating environment hook '/home/rayyan/robot_arm_ros2_ws/install/custom_arm_controller/share/custom_arm_controller/hook/ament_prefix_path.ps1'
[1.289s] INFO:colcon.colcon_core.shell:Creating environment descriptor '/home/rayyan/robot_arm_ros2_ws/install/custom_arm_controller/share/custom_arm_controller/hook/ament_prefix_path.dsv'
[1.290s] INFO:colcon.colcon_core.shell:Creating environment hook '/home/rayyan/robot_arm_ros2_ws/install/custom_arm_controller/share/custom_arm_controller/hook/ament_prefix_path.sh'
[1.292s] INFO:colcon.colcon_core.shell:Skip shell extension 'powershell' for command environment: Not usable outside of PowerShell
[1.292s] DEBUG:colcon.colcon_core.shell:Skip shell extension 'dsv' for command environment
[2.246s] INFO:colcon.colcon_core.task.python.build:Building Python package in '/home/rayyan/robot_arm_ros2_ws/src/joint_state_publisher/joint_state_publisher'
[2.247s] INFO:colcon.colcon_core.shell:Skip shell extension 'powershell' for command environment: Not usable outside of PowerShell
[2.247s] DEBUG:colcon.colcon_core.shell:Skip shell extension 'dsv' for command environment
[2.279s] DEBUG:colcon.colcon_core.event_handler.log_command:Invoking command in '/home/rayyan/robot_arm_ros2_ws/build/robot_arm_description': CMAKE_PREFIX_PATH=${CMAKE_PREFIX_PATH}:/home/rayyan/robot_arm_ros2_ws/install/joint_state_publisher_gui:/home/rayyan/robot_arm_ros2_ws/install/joint_state_publisher:/home/rayyan/robot_arm_ros2_ws/install/custom_arm_controller:/opt/ros/humble /usr/bin/cmake --build /home/rayyan/robot_arm_ros2_ws/build/robot_arm_description -- -j4 -l4
[2.993s] INFO:colcon.colcon_core.task.python.build:Building Python package in '/home/rayyan/robot_arm_ros2_ws/src/custom_arm_controller'
[2.993s] INFO:colcon.colcon_core.shell:Skip shell extension 'powershell' for command environment: Not usable outside of PowerShell
[2.994s] DEBUG:colcon.colcon_core.shell:Skip shell extension 'dsv' for command environment
[3.007s] DEBUG:colcon.colcon_core.event_handler.log_command:Invoked command in '/home/rayyan/robot_arm_ros2_ws/build/robot_arm_description' returned '0': CMAKE_PREFIX_PATH=${CMAKE_PREFIX_PATH}:/home/rayyan/robot_arm_ros2_ws/install/joint_state_publisher_gui:/home/rayyan/robot_arm_ros2_ws/install/joint_state_publisher:/home/rayyan/robot_arm_ros2_ws/install/custom_arm_controller:/opt/ros/humble /usr/bin/cmake --build /home/rayyan/robot_arm_ros2_ws/build/robot_arm_description -- -j4 -l4
[3.021s] DEBUG:colcon.colcon_core.event_handler.log_command:Invoking command in '/home/rayyan/robot_arm_ros2_ws/build/robot_arm_description': CMAKE_PREFIX_PATH=${CMAKE_PREFIX_PATH}:/home/rayyan/robot_arm_ros2_ws/install/joint_state_publisher_gui:/home/rayyan/robot_arm_ros2_ws/install/joint_state_publisher:/home/rayyan/robot_arm_ros2_ws/install/custom_arm_controller:/opt/ros/humble /usr/bin/cmake --install /home/rayyan/robot_arm_ros2_ws/build/robot_arm_description
[3.097s] Level 1:colcon.colcon_core.environment:create_environment_scripts_only(robot_arm_description)
[3.105s] Level 1:colcon.colcon_core.environment:checking '/home/rayyan/robot_arm_ros2_ws/install/robot_arm_description' for CMake module files
[3.107s] Level 1:colcon.colcon_core.environment:checking '/home/rayyan/robot_arm_ros2_ws/install/robot_arm_description' for CMake config files
[3.107s] Level 1:colcon.colcon_core.shell:create_environment_hook('robot_arm_description', 'cmake_prefix_path')
[3.109s] INFO:colcon.colcon_core.shell:Creating environment hook '/home/rayyan/robot_arm_ros2_ws/install/robot_arm_description/share/robot_arm_description/hook/cmake_prefix_path.ps1'
[3.111s] DEBUG:colcon.colcon_core.event_handler.log_command:Invoked command in '/home/rayyan/robot_arm_ros2_ws/build/robot_arm_description' returned '0': CMAKE_PREFIX_PATH=${CMAKE_PREFIX_PATH}:/home/rayyan/robot_arm_ros2_ws/install/joint_state_publisher_gui:/home/rayyan/robot_arm_ros2_ws/install/joint_state_publisher:/home/rayyan/robot_arm_ros2_ws/install/custom_arm_controller:/opt/ros/humble /usr/bin/cmake --install /home/rayyan/robot_arm_ros2_ws/build/robot_arm_description
[3.113s] INFO:colcon.colcon_core.shell:Creating environment descriptor '/home/rayyan/robot_arm_ros2_ws/install/robot_arm_description/share/robot_arm_description/hook/cmake_prefix_path.dsv'
[3.115s] INFO:colcon.colcon_core.shell:Creating environment hook '/home/rayyan/robot_arm_ros2_ws/install/robot_arm_description/share/robot_arm_description/hook/cmake_prefix_path.sh'
[3.118s] Level 1:colcon.colcon_core.environment:checking '/home/rayyan/robot_arm_ros2_ws/install/robot_arm_description/bin'
[3.119s] Level 1:colcon.colcon_core.environment:checking '/home/rayyan/robot_arm_ros2_ws/install/robot_arm_description/lib/pkgconfig/robot_arm_description.pc'
[3.120s] Level 1:colcon.colcon_core.environment:checking '/home/rayyan/robot_arm_ros2_ws/install/robot_arm_description/lib/python3.10/site-packages'
[3.121s] Level 1:colcon.colcon_core.environment:checking '/home/rayyan/robot_arm_ros2_ws/install/robot_arm_description/bin'
[3.122s] INFO:colcon.colcon_core.shell:Creating package script '/home/rayyan/robot_arm_ros2_ws/install/robot_arm_description/share/robot_arm_description/package.ps1'
[3.125s] INFO:colcon.colcon_core.shell:Creating package descriptor '/home/rayyan/robot_arm_ros2_ws/install/robot_arm_description/share/robot_arm_description/package.dsv'
[3.132s] INFO:colcon.colcon_core.shell:Creating package script '/home/rayyan/robot_arm_ros2_ws/install/robot_arm_description/share/robot_arm_description/package.sh'
[3.136s] INFO:colcon.colcon_core.shell:Creating package script '/home/rayyan/robot_arm_ros2_ws/install/robot_arm_description/share/robot_arm_description/package.bash'
[3.139s] INFO:colcon.colcon_core.shell:Creating package script '/home/rayyan/robot_arm_ros2_ws/install/robot_arm_description/share/robot_arm_description/package.zsh'
[3.142s] Level 1:colcon.colcon_core.environment:create_file_with_runtime_dependencies(/home/rayyan/robot_arm_ros2_ws/install/robot_arm_description/share/colcon-core/packages/robot_arm_description)
[3.145s] Level 1:colcon.colcon_core.environment:create_environment_scripts_only(robot_arm_description)
[3.146s] Level 1:colcon.colcon_core.environment:checking '/home/rayyan/robot_arm_ros2_ws/install/robot_arm_description' for CMake module files
[3.148s] Level 1:colcon.colcon_core.environment:checking '/home/rayyan/robot_arm_ros2_ws/install/robot_arm_description' for CMake config files
[3.149s] Level 1:colcon.colcon_core.shell:create_environment_hook('robot_arm_description', 'cmake_prefix_path')
[3.150s] INFO:colcon.colcon_core.shell:Creating environment hook '/home/rayyan/robot_arm_ros2_ws/install/robot_arm_description/share/robot_arm_description/hook/cmake_prefix_path.ps1'
[3.153s] INFO:colcon.colcon_core.shell:Creating environment descriptor '/home/rayyan/robot_arm_ros2_ws/install/robot_arm_description/share/robot_arm_description/hook/cmake_prefix_path.dsv'
[3.155s] INFO:colcon.colcon_core.shell:Creating environment hook '/home/rayyan/robot_arm_ros2_ws/install/robot_arm_description/share/robot_arm_description/hook/cmake_prefix_path.sh'
[3.158s] Level 1:colcon.colcon_core.environment:checking '/home/rayyan/robot_arm_ros2_ws/install/robot_arm_description/bin'
[3.158s] Level 1:colcon.colcon_core.environment:checking '/home/rayyan/robot_arm_ros2_ws/install/robot_arm_description/lib/pkgconfig/robot_arm_description.pc'
[3.159s] Level 1:colcon.colcon_core.environment:checking '/home/rayyan/robot_arm_ros2_ws/install/robot_arm_description/lib/python3.10/site-packages'
[3.160s] Level 1:colcon.colcon_core.environment:checking '/home/rayyan/robot_arm_ros2_ws/install/robot_arm_description/bin'
[3.162s] INFO:colcon.colcon_core.shell:Creating package script '/home/rayyan/robot_arm_ros2_ws/install/robot_arm_description/share/robot_arm_description/package.ps1'
[3.165s] INFO:colcon.colcon_core.shell:Creating package descriptor '/home/rayyan/robot_arm_ros2_ws/install/robot_arm_description/share/robot_arm_description/package.dsv'
[3.169s] INFO:colcon.colcon_core.shell:Creating package script '/home/rayyan/robot_arm_ros2_ws/install/robot_arm_description/share/robot_arm_description/package.sh'
[3.172s] INFO:colcon.colcon_core.shell:Creating package script '/home/rayyan/robot_arm_ros2_ws/install/robot_arm_description/share/robot_arm_description/package.bash'
[3.174s] INFO:colcon.colcon_core.shell:Creating package script '/home/rayyan/robot_arm_ros2_ws/install/robot_arm_description/share/robot_arm_description/package.zsh'
[3.175s] Level 1:colcon.colcon_core.environment:create_file_with_runtime_dependencies(/home/rayyan/robot_arm_ros2_ws/install/robot_arm_description/share/colcon-core/packages/robot_arm_description)
[4.048s] DEBUG:colcon.colcon_core.event_handler.log_command:Invoking command in '/home/rayyan/robot_arm_ros2_ws/src/custom_arm_controller': PYTHONPATH=/home/rayyan/robot_arm_ros2_ws/build/custom_arm_controller/prefix_override:/usr/lib/python3/dist-packages/colcon_core/task/python/colcon_distutils_commands:/home/rayyan/robot_arm_ros2_ws/install/custom_arm_controller/lib/python3.10/site-packages:${PYTHONPATH} /usr/bin/python3 -W ignore:setup.py install is deprecated -W ignore:easy_install command is deprecated setup.py egg_info --egg-base ../../build/custom_arm_controller build --build-base /home/rayyan/robot_arm_ros2_ws/build/custom_arm_controller/build install --record /home/rayyan/robot_arm_ros2_ws/build/custom_arm_controller/install.log --single-version-externally-managed install_data
[4.080s] DEBUG:colcon.colcon_core.event_handler.log_command:Invoking command in '/home/rayyan/robot_arm_ros2_ws/src/joint_state_publisher/joint_state_publisher': PYTHONPATH=/home/rayyan/robot_arm_ros2_ws/build/joint_state_publisher/prefix_override:/usr/lib/python3/dist-packages/colcon_core/task/python/colcon_distutils_commands:/home/rayyan/robot_arm_ros2_ws/install/joint_state_publisher/lib/python3.10/site-packages:${PYTHONPATH} /usr/bin/python3 -W ignore:setup.py install is deprecated -W ignore:easy_install command is deprecated setup.py egg_info --egg-base ../../../build/joint_state_publisher build --build-base /home/rayyan/robot_arm_ros2_ws/build/joint_state_publisher/build install --record /home/rayyan/robot_arm_ros2_ws/build/joint_state_publisher/install.log --single-version-externally-managed install_data
[4.863s] Level 1:colcon.colcon_core.environment:checking '/home/rayyan/robot_arm_ros2_ws/install/custom_arm_controller' for CMake module files
[4.864s] DEBUG:colcon.colcon_core.event_handler.log_command:Invoked command in '/home/rayyan/robot_arm_ros2_ws/src/custom_arm_controller' returned '0': PYTHONPATH=/home/rayyan/robot_arm_ros2_ws/build/custom_arm_controller/prefix_override:/usr/lib/python3/dist-packages/colcon_core/task/python/colcon_distutils_commands:/home/rayyan/robot_arm_ros2_ws/install/custom_arm_controller/lib/python3.10/site-packages:${PYTHONPATH} /usr/bin/python3 -W ignore:setup.py install is deprecated -W ignore:easy_install command is deprecated setup.py egg_info --egg-base ../../build/custom_arm_controller build --build-base /home/rayyan/robot_arm_ros2_ws/build/custom_arm_controller/build install --record /home/rayyan/robot_arm_ros2_ws/build/custom_arm_controller/install.log --single-version-externally-managed install_data
[4.865s] Level 1:colcon.colcon_core.environment:checking '/home/rayyan/robot_arm_ros2_ws/install/custom_arm_controller' for CMake config files
[4.866s] Level 1:colcon.colcon_core.environment:checking '/home/rayyan/robot_arm_ros2_ws/install/custom_arm_controller/lib'
[4.867s] Level 1:colcon.colcon_core.environment:checking '/home/rayyan/robot_arm_ros2_ws/install/custom_arm_controller/bin'
[4.867s] Level 1:colcon.colcon_core.environment:checking '/home/rayyan/robot_arm_ros2_ws/install/custom_arm_controller/lib/pkgconfig/custom_arm_controller.pc'
[4.868s] Level 1:colcon.colcon_core.environment:checking '/home/rayyan/robot_arm_ros2_ws/install/custom_arm_controller/lib/python3.10/site-packages'
[4.868s] Level 1:colcon.colcon_core.shell:create_environment_hook('custom_arm_controller', 'pythonpath')
[4.869s] INFO:colcon.colcon_core.shell:Creating environment hook '/home/rayyan/robot_arm_ros2_ws/install/custom_arm_controller/share/custom_arm_controller/hook/pythonpath.ps1'
[4.870s] INFO:colcon.colcon_core.shell:Creating environment descriptor '/home/rayyan/robot_arm_ros2_ws/install/custom_arm_controller/share/custom_arm_controller/hook/pythonpath.dsv'
[4.872s] INFO:colcon.colcon_core.shell:Creating environment hook '/home/rayyan/robot_arm_ros2_ws/install/custom_arm_controller/share/custom_arm_controller/hook/pythonpath.sh'
[4.873s] Level 1:colcon.colcon_core.environment:checking '/home/rayyan/robot_arm_ros2_ws/install/custom_arm_controller/bin'
[4.874s] Level 1:colcon.colcon_core.environment:create_environment_scripts_only(custom_arm_controller)
[4.875s] INFO:colcon.colcon_core.shell:Creating package script '/home/rayyan/robot_arm_ros2_ws/install/custom_arm_controller/share/custom_arm_controller/package.ps1'
[4.876s] INFO:colcon.colcon_core.shell:Creating package descriptor '/home/rayyan/robot_arm_ros2_ws/install/custom_arm_controller/share/custom_arm_controller/package.dsv'
[4.878s] INFO:colcon.colcon_core.shell:Creating package script '/home/rayyan/robot_arm_ros2_ws/install/custom_arm_controller/share/custom_arm_controller/package.sh'
[4.880s] INFO:colcon.colcon_core.shell:Creating package script '/home/rayyan/robot_arm_ros2_ws/install/custom_arm_controller/share/custom_arm_controller/package.bash'
[4.882s] INFO:colcon.colcon_core.shell:Creating package script '/home/rayyan/robot_arm_ros2_ws/install/custom_arm_controller/share/custom_arm_controller/package.zsh'
[4.883s] Level 1:colcon.colcon_core.environment:create_file_with_runtime_dependencies(/home/rayyan/robot_arm_ros2_ws/install/custom_arm_controller/share/colcon-core/packages/custom_arm_controller)
[4.922s] Level 1:colcon.colcon_core.environment:checking '/home/rayyan/robot_arm_ros2_ws/install/joint_state_publisher' for CMake module files
[4.924s] DEBUG:colcon.colcon_core.event_handler.log_command:Invoked command in '/home/rayyan/robot_arm_ros2_ws/src/joint_state_publisher/joint_state_publisher' returned '0': PYTHONPATH=/home/rayyan/robot_arm_ros2_ws/build/joint_state_publisher/prefix_override:/usr/lib/python3/dist-packages/colcon_core/task/python/colcon_distutils_commands:/home/rayyan/robot_arm_ros2_ws/install/joint_state_publisher/lib/python3.10/site-packages:${PYTHONPATH} /usr/bin/python3 -W ignore:setup.py install is deprecated -W ignore:easy_install command is deprecated setup.py egg_info --egg-base ../../../build/joint_state_publisher build --build-base /home/rayyan/robot_arm_ros2_ws/build/joint_state_publisher/build install --record /home/rayyan/robot_arm_ros2_ws/build/joint_state_publisher/install.log --single-version-externally-managed install_data
[4.925s] Level 1:colcon.colcon_core.environment:checking '/home/rayyan/robot_arm_ros2_ws/install/joint_state_publisher' for CMake config files
[4.926s] Level 1:colcon.colcon_core.environment:checking '/home/rayyan/robot_arm_ros2_ws/install/joint_state_publisher/lib'
[4.926s] Level 1:colcon.colcon_core.environment:checking '/home/rayyan/robot_arm_ros2_ws/install/joint_state_publisher/bin'
[4.926s] Level 1:colcon.colcon_core.environment:checking '/home/rayyan/robot_arm_ros2_ws/install/joint_state_publisher/lib/pkgconfig/joint_state_publisher.pc'
[4.926s] Level 1:colcon.colcon_core.environment:checking '/home/rayyan/robot_arm_ros2_ws/install/joint_state_publisher/lib/python3.10/site-packages'
[4.927s] Level 1:colcon.colcon_core.shell:create_environment_hook('joint_state_publisher', 'pythonpath')
[4.927s] INFO:colcon.colcon_core.shell:Creating environment hook '/home/rayyan/robot_arm_ros2_ws/install/joint_state_publisher/share/joint_state_publisher/hook/pythonpath.ps1'
[4.928s] INFO:colcon.colcon_core.shell:Creating environment descriptor '/home/rayyan/robot_arm_ros2_ws/install/joint_state_publisher/share/joint_state_publisher/hook/pythonpath.dsv'
[4.929s] INFO:colcon.colcon_core.shell:Creating environment hook '/home/rayyan/robot_arm_ros2_ws/install/joint_state_publisher/share/joint_state_publisher/hook/pythonpath.sh'
[4.930s] Level 1:colcon.colcon_core.environment:checking '/home/rayyan/robot_arm_ros2_ws/install/joint_state_publisher/bin'
[4.930s] Level 1:colcon.colcon_core.environment:create_environment_scripts_only(joint_state_publisher)
[4.931s] INFO:colcon.colcon_core.shell:Creating package script '/home/rayyan/robot_arm_ros2_ws/install/joint_state_publisher/share/joint_state_publisher/package.ps1'
[4.932s] INFO:colcon.colcon_core.shell:Creating package descriptor '/home/rayyan/robot_arm_ros2_ws/install/joint_state_publisher/share/joint_state_publisher/package.dsv'
[4.933s] INFO:colcon.colcon_core.shell:Creating package script '/home/rayyan/robot_arm_ros2_ws/install/joint_state_publisher/share/joint_state_publisher/package.sh'
[4.934s] INFO:colcon.colcon_core.shell:Creating package script '/home/rayyan/robot_arm_ros2_ws/install/joint_state_publisher/share/joint_state_publisher/package.bash'
[4.934s] INFO:colcon.colcon_core.shell:Creating package script '/home/rayyan/robot_arm_ros2_ws/install/joint_state_publisher/share/joint_state_publisher/package.zsh'
[4.935s] Level 1:colcon.colcon_core.environment:create_file_with_runtime_dependencies(/home/rayyan/robot_arm_ros2_ws/install/joint_state_publisher/share/colcon-core/packages/joint_state_publisher)
[4.936s] INFO:colcon.colcon_ros.task.ament_python.build:Building ROS package in '/home/rayyan/robot_arm_ros2_ws/src/joint_state_publisher/joint_state_publisher_gui' with build type 'ament_python'
[4.937s] Level 1:colcon.colcon_core.shell:create_environment_hook('joint_state_publisher_gui', 'ament_prefix_path')
[4.937s] INFO:colcon.colcon_core.shell:Creating environment hook '/home/rayyan/robot_arm_ros2_ws/install/joint_state_publisher_gui/share/joint_state_publisher_gui/hook/ament_prefix_path.ps1'
[4.942s] INFO:colcon.colcon_core.shell:Creating environment descriptor '/home/rayyan/robot_arm_ros2_ws/install/joint_state_publisher_gui/share/joint_state_publisher_gui/hook/ament_prefix_path.dsv'
[4.946s] INFO:colcon.colcon_core.shell:Creating environment hook '/home/rayyan/robot_arm_ros2_ws/install/joint_state_publisher_gui/share/joint_state_publisher_gui/hook/ament_prefix_path.sh'
[4.948s] INFO:colcon.colcon_core.shell:Skip shell extension 'powershell' for command environment: Not usable outside of PowerShell
[4.949s] DEBUG:colcon.colcon_core.shell:Skip shell extension 'dsv' for command environment
[5.668s] INFO:colcon.colcon_core.task.python.build:Building Python package in '/home/rayyan/robot_arm_ros2_ws/src/joint_state_publisher/joint_state_publisher_gui'
[5.668s] INFO:colcon.colcon_core.shell:Skip shell extension 'powershell' for command environment: Not usable outside of PowerShell
[5.668s] DEBUG:colcon.colcon_core.shell:Skip shell extension 'dsv' for command environment
[7.302s] DEBUG:colcon.colcon_core.event_handler.log_command:Invoking command in '/home/rayyan/robot_arm_ros2_ws/src/joint_state_publisher/joint_state_publisher_gui': AMENT_PREFIX_PATH=/home/rayyan/robot_arm_ros2_ws/install/joint_state_publisher:/home/rayyan/robot_arm_ros2_ws/install/moveit_pkg:/home/rayyan/robot_arm_ros2_ws/install/robot_arm_description:/home/rayyan/robot_arm_ros2_ws/install/joint_state_publisher_gui:/home/rayyan/robot_arm_ros2_ws/install/custom_arm_controller:/opt/ros/humble PYTHONPATH=/home/rayyan/robot_arm_ros2_ws/build/joint_state_publisher_gui/prefix_override:/usr/lib/python3/dist-packages/colcon_core/task/python/colcon_distutils_commands:/home/rayyan/robot_arm_ros2_ws/install/joint_state_publisher_gui/lib/python3.10/site-packages:/home/rayyan/robot_arm_ros2_ws/install/joint_state_publisher/lib/python3.10/site-packages:/home/rayyan/robot_arm_ros2_ws/install/joint_state_publisher_gui/lib/python3.10/site-packages:/home/rayyan/robot_arm_ros2_ws/install/custom_arm_controller/lib/python3.10/site-packages:/opt/ros/humble/lib/python3.10/site-packages:/opt/ros/humble/local/lib/python3.10/dist-packages /usr/bin/python3 -W ignore:setup.py install is deprecated -W ignore:easy_install command is deprecated setup.py egg_info --egg-base ../../../build/joint_state_publisher_gui build --build-base /home/rayyan/robot_arm_ros2_ws/build/joint_state_publisher_gui/build install --record /home/rayyan/robot_arm_ros2_ws/build/joint_state_publisher_gui/install.log --single-version-externally-managed install_data
[8.327s] Level 1:colcon.colcon_core.environment:checking '/home/rayyan/robot_arm_ros2_ws/install/joint_state_publisher_gui' for CMake module files
[8.329s] DEBUG:colcon.colcon_core.event_handler.log_command:Invoked command in '/home/rayyan/robot_arm_ros2_ws/src/joint_state_publisher/joint_state_publisher_gui' returned '0': AMENT_PREFIX_PATH=/home/rayyan/robot_arm_ros2_ws/install/joint_state_publisher:/home/rayyan/robot_arm_ros2_ws/install/moveit_pkg:/home/rayyan/robot_arm_ros2_ws/install/robot_arm_description:/home/rayyan/robot_arm_ros2_ws/install/joint_state_publisher_gui:/home/rayyan/robot_arm_ros2_ws/install/custom_arm_controller:/opt/ros/humble PYTHONPATH=/home/rayyan/robot_arm_ros2_ws/build/joint_state_publisher_gui/prefix_override:/usr/lib/python3/dist-packages/colcon_core/task/python/colcon_distutils_commands:/home/rayyan/robot_arm_ros2_ws/install/joint_state_publisher_gui/lib/python3.10/site-packages:/home/rayyan/robot_arm_ros2_ws/install/joint_state_publisher/lib/python3.10/site-packages:/home/rayyan/robot_arm_ros2_ws/install/joint_state_publisher_gui/lib/python3.10/site-packages:/home/rayyan/robot_arm_ros2_ws/install/custom_arm_controller/lib/python3.10/site-packages:/opt/ros/humble/lib/python3.10/site-packages:/opt/ros/humble/local/lib/python3.10/dist-packages /usr/bin/python3 -W ignore:setup.py install is deprecated -W ignore:easy_install command is deprecated setup.py egg_info --egg-base ../../../build/joint_state_publisher_gui build --build-base /home/rayyan/robot_arm_ros2_ws/build/joint_state_publisher_gui/build install --record /home/rayyan/robot_arm_ros2_ws/build/joint_state_publisher_gui/install.log --single-version-externally-managed install_data
[8.330s] Level 1:colcon.colcon_core.environment:checking '/home/rayyan/robot_arm_ros2_ws/install/joint_state_publisher_gui' for CMake config files
[8.331s] Level 1:colcon.colcon_core.environment:checking '/home/rayyan/robot_arm_ros2_ws/install/joint_state_publisher_gui/lib'
[8.331s] Level 1:colcon.colcon_core.environment:checking '/home/rayyan/robot_arm_ros2_ws/install/joint_state_publisher_gui/bin'
[8.332s] Level 1:colcon.colcon_core.environment:checking '/home/rayyan/robot_arm_ros2_ws/install/joint_state_publisher_gui/lib/pkgconfig/joint_state_publisher_gui.pc'
[8.332s] Level 1:colcon.colcon_core.environment:checking '/home/rayyan/robot_arm_ros2_ws/install/joint_state_publisher_gui/lib/python3.10/site-packages'
[8.332s] Level 1:colcon.colcon_core.shell:create_environment_hook('joint_state_publisher_gui', 'pythonpath')
[8.333s] INFO:colcon.colcon_core.shell:Creating environment hook '/home/rayyan/robot_arm_ros2_ws/install/joint_state_publisher_gui/share/joint_state_publisher_gui/hook/pythonpath.ps1'
[8.334s] INFO:colcon.colcon_core.shell:Creating environment descriptor '/home/rayyan/robot_arm_ros2_ws/install/joint_state_publisher_gui/share/joint_state_publisher_gui/hook/pythonpath.dsv'
[8.334s] INFO:colcon.colcon_core.shell:Creating environment hook '/home/rayyan/robot_arm_ros2_ws/install/joint_state_publisher_gui/share/joint_state_publisher_gui/hook/pythonpath.sh'
[8.336s] Level 1:colcon.colcon_core.environment:checking '/home/rayyan/robot_arm_ros2_ws/install/joint_state_publisher_gui/bin'
[8.336s] Level 1:colcon.colcon_core.environment:create_environment_scripts_only(joint_state_publisher_gui)
[8.338s] INFO:colcon.colcon_core.shell:Creating package script '/home/rayyan/robot_arm_ros2_ws/install/joint_state_publisher_gui/share/joint_state_publisher_gui/package.ps1'
[8.339s] INFO:colcon.colcon_core.shell:Creating package descriptor '/home/rayyan/robot_arm_ros2_ws/install/joint_state_publisher_gui/share/joint_state_publisher_gui/package.dsv'
[8.341s] INFO:colcon.colcon_core.shell:Creating package script '/home/rayyan/robot_arm_ros2_ws/install/joint_state_publisher_gui/share/joint_state_publisher_gui/package.sh'
[8.342s] INFO:colcon.colcon_core.shell:Creating package script '/home/rayyan/robot_arm_ros2_ws/install/joint_state_publisher_gui/share/joint_state_publisher_gui/package.bash'
[8.344s] INFO:colcon.colcon_core.shell:Creating package script '/home/rayyan/robot_arm_ros2_ws/install/joint_state_publisher_gui/share/joint_state_publisher_gui/package.zsh'
[8.345s] Level 1:colcon.colcon_core.environment:create_file_with_runtime_dependencies(/home/rayyan/robot_arm_ros2_ws/install/joint_state_publisher_gui/share/colcon-core/packages/joint_state_publisher_gui)
[8.348s] INFO:colcon.colcon_ros.task.ament_cmake.build:Building ROS package in '/home/rayyan/robot_arm_ros2_ws/src/moveit_pkg' with build type 'ament_cmake'
[8.348s] INFO:colcon.colcon_cmake.task.cmake.build:Building CMake package in '/home/rayyan/robot_arm_ros2_ws/src/moveit_pkg'
[8.350s] INFO:colcon.colcon_core.shell:Skip shell extension 'powershell' for command environment: Not usable outside of PowerShell
[8.350s] DEBUG:colcon.colcon_core.shell:Skip shell extension 'dsv' for command environment
[8.607s] DEBUG:colcon.colcon_core.event_handler.log_command:Invoking command in '/home/rayyan/robot_arm_ros2_ws/build/moveit_pkg': AMENT_PREFIX_PATH=/home/rayyan/robot_arm_ros2_ws/install/joint_state_publisher_gui:/home/rayyan/robot_arm_ros2_ws/install/joint_state_publisher:/home/rayyan/robot_arm_ros2_ws/install/moveit_pkg:/home/rayyan/robot_arm_ros2_ws/install/robot_arm_description:/home/rayyan/robot_arm_ros2_ws/install/custom_arm_controller:/opt/ros/humble CMAKE_PREFIX_PATH=/home/rayyan/robot_arm_ros2_ws/install/robot_arm_description:/home/rayyan/robot_arm_ros2_ws/install/moveit_pkg:/home/rayyan/robot_arm_ros2_ws/install/joint_state_publisher_gui:/home/rayyan/robot_arm_ros2_ws/install/joint_state_publisher:/home/rayyan/robot_arm_ros2_ws/install/custom_arm_controller:/opt/ros/humble /usr/bin/cmake --build /home/rayyan/robot_arm_ros2_ws/build/moveit_pkg -- -j4 -l4
[8.684s] DEBUG:colcon.colcon_core.event_handler.log_command:Invoked command in '/home/rayyan/robot_arm_ros2_ws/build/moveit_pkg' returned '0': AMENT_PREFIX_PATH=/home/rayyan/robot_arm_ros2_ws/install/joint_state_publisher_gui:/home/rayyan/robot_arm_ros2_ws/install/joint_state_publisher:/home/rayyan/robot_arm_ros2_ws/install/moveit_pkg:/home/rayyan/robot_arm_ros2_ws/install/robot_arm_description:/home/rayyan/robot_arm_ros2_ws/install/custom_arm_controller:/opt/ros/humble CMAKE_PREFIX_PATH=/home/rayyan/robot_arm_ros2_ws/install/robot_arm_description:/home/rayyan/robot_arm_ros2_ws/install/moveit_pkg:/home/rayyan/robot_arm_ros2_ws/install/joint_state_publisher_gui:/home/rayyan/robot_arm_ros2_ws/install/joint_state_publisher:/home/rayyan/robot_arm_ros2_ws/install/custom_arm_controller:/opt/ros/humble /usr/bin/cmake --build /home/rayyan/robot_arm_ros2_ws/build/moveit_pkg -- -j4 -l4
[8.689s] DEBUG:colcon.colcon_core.event_handler.log_command:Invoking command in '/home/rayyan/robot_arm_ros2_ws/build/moveit_pkg': AMENT_PREFIX_PATH=/home/rayyan/robot_arm_ros2_ws/install/joint_state_publisher_gui:/home/rayyan/robot_arm_ros2_ws/install/joint_state_publisher:/home/rayyan/robot_arm_ros2_ws/install/moveit_pkg:/home/rayyan/robot_arm_ros2_ws/install/robot_arm_description:/home/rayyan/robot_arm_ros2_ws/install/custom_arm_controller:/opt/ros/humble CMAKE_PREFIX_PATH=/home/rayyan/robot_arm_ros2_ws/install/robot_arm_description:/home/rayyan/robot_arm_ros2_ws/install/moveit_pkg:/home/rayyan/robot_arm_ros2_ws/install/joint_state_publisher_gui:/home/rayyan/robot_arm_ros2_ws/install/joint_state_publisher:/home/rayyan/robot_arm_ros2_ws/install/custom_arm_controller:/opt/ros/humble /usr/bin/cmake --install /home/rayyan/robot_arm_ros2_ws/build/moveit_pkg
[8.709s] Level 1:colcon.colcon_core.environment:create_environment_scripts_only(moveit_pkg)
[8.710s] Level 1:colcon.colcon_core.environment:checking '/home/rayyan/robot_arm_ros2_ws/install/moveit_pkg' for CMake module files
[8.712s] Level 1:colcon.colcon_core.environment:checking '/home/rayyan/robot_arm_ros2_ws/install/moveit_pkg' for CMake config files
[8.716s] Level 1:colcon.colcon_core.shell:create_environment_hook('moveit_pkg', 'cmake_prefix_path')
[8.717s] INFO:colcon.colcon_core.shell:Creating environment hook '/home/rayyan/robot_arm_ros2_ws/install/moveit_pkg/share/moveit_pkg/hook/cmake_prefix_path.ps1'
[8.719s] INFO:colcon.colcon_core.shell:Creating environment descriptor '/home/rayyan/robot_arm_ros2_ws/install/moveit_pkg/share/moveit_pkg/hook/cmake_prefix_path.dsv'
[8.723s] DEBUG:colcon.colcon_core.event_handler.log_command:Invoked command in '/home/rayyan/robot_arm_ros2_ws/build/moveit_pkg' returned '0': AMENT_PREFIX_PATH=/home/rayyan/robot_arm_ros2_ws/install/joint_state_publisher_gui:/home/rayyan/robot_arm_ros2_ws/install/joint_state_publisher:/home/rayyan/robot_arm_ros2_ws/install/moveit_pkg:/home/rayyan/robot_arm_ros2_ws/install/robot_arm_description:/home/rayyan/robot_arm_ros2_ws/install/custom_arm_controller:/opt/ros/humble CMAKE_PREFIX_PATH=/home/rayyan/robot_arm_ros2_ws/install/robot_arm_description:/home/rayyan/robot_arm_ros2_ws/install/moveit_pkg:/home/rayyan/robot_arm_ros2_ws/install/joint_state_publisher_gui:/home/rayyan/robot_arm_ros2_ws/install/joint_state_publisher:/home/rayyan/robot_arm_ros2_ws/install/custom_arm_controller:/opt/ros/humble /usr/bin/cmake --install /home/rayyan/robot_arm_ros2_ws/build/moveit_pkg
[8.723s] INFO:colcon.colcon_core.shell:Creating environment hook '/home/rayyan/robot_arm_ros2_ws/install/moveit_pkg/share/moveit_pkg/hook/cmake_prefix_path.sh'
[8.725s] Level 1:colcon.colcon_core.environment:checking '/home/rayyan/robot_arm_ros2_ws/install/moveit_pkg/bin'
[8.725s] Level 1:colcon.colcon_core.environment:checking '/home/rayyan/robot_arm_ros2_ws/install/moveit_pkg/lib/pkgconfig/moveit_pkg.pc'
[8.725s] Level 1:colcon.colcon_core.environment:checking '/home/rayyan/robot_arm_ros2_ws/install/moveit_pkg/lib/python3.10/site-packages'
[8.726s] Level 1:colcon.colcon_core.environment:checking '/home/rayyan/robot_arm_ros2_ws/install/moveit_pkg/bin'
[8.726s] INFO:colcon.colcon_core.shell:Creating package script '/home/rayyan/robot_arm_ros2_ws/install/moveit_pkg/share/moveit_pkg/package.ps1'
[8.727s] INFO:colcon.colcon_core.shell:Creating package descriptor '/home/rayyan/robot_arm_ros2_ws/install/moveit_pkg/share/moveit_pkg/package.dsv'
[8.728s] INFO:colcon.colcon_core.shell:Creating package script '/home/rayyan/robot_arm_ros2_ws/install/moveit_pkg/share/moveit_pkg/package.sh'
[8.730s] INFO:colcon.colcon_core.shell:Creating package script '/home/rayyan/robot_arm_ros2_ws/install/moveit_pkg/share/moveit_pkg/package.bash'
[8.731s] INFO:colcon.colcon_core.shell:Creating package script '/home/rayyan/robot_arm_ros2_ws/install/moveit_pkg/share/moveit_pkg/package.zsh'
[8.732s] Level 1:colcon.colcon_core.environment:create_file_with_runtime_dependencies(/home/rayyan/robot_arm_ros2_ws/install/moveit_pkg/share/colcon-core/packages/moveit_pkg)
[8.735s] Level 1:colcon.colcon_core.environment:create_environment_scripts_only(moveit_pkg)
[8.736s] Level 1:colcon.colcon_core.environment:checking '/home/rayyan/robot_arm_ros2_ws/install/moveit_pkg' for CMake module files
[8.737s] Level 1:colcon.colcon_core.environment:checking '/home/rayyan/robot_arm_ros2_ws/install/moveit_pkg' for CMake config files
[8.738s] Level 1:colcon.colcon_core.shell:create_environment_hook('moveit_pkg', 'cmake_prefix_path')
[8.738s] INFO:colcon.colcon_core.shell:Creating environment hook '/home/rayyan/robot_arm_ros2_ws/install/moveit_pkg/share/moveit_pkg/hook/cmake_prefix_path.ps1'
[8.740s] INFO:colcon.colcon_core.shell:Creating environment descriptor '/home/rayyan/robot_arm_ros2_ws/install/moveit_pkg/share/moveit_pkg/hook/cmake_prefix_path.dsv'
[8.741s] INFO:colcon.colcon_core.shell:Creating environment hook '/home/rayyan/robot_arm_ros2_ws/install/moveit_pkg/share/moveit_pkg/hook/cmake_prefix_path.sh'
[8.742s] Level 1:colcon.colcon_core.environment:checking '/home/rayyan/robot_arm_ros2_ws/install/moveit_pkg/bin'
[8.742s] Level 1:colcon.colcon_core.environment:checking '/home/rayyan/robot_arm_ros2_ws/install/moveit_pkg/lib/pkgconfig/moveit_pkg.pc'
[8.743s] Level 1:colcon.colcon_core.environment:checking '/home/rayyan/robot_arm_ros2_ws/install/moveit_pkg/lib/python3.10/site-packages'
[8.743s] Level 1:colcon.colcon_core.environment:checking '/home/rayyan/robot_arm_ros2_ws/install/moveit_pkg/bin'
[8.744s] INFO:colcon.colcon_core.shell:Creating package script '/home/rayyan/robot_arm_ros2_ws/install/moveit_pkg/share/moveit_pkg/package.ps1'
[8.745s] INFO:colcon.colcon_core.shell:Creating package descriptor '/home/rayyan/robot_arm_ros2_ws/install/moveit_pkg/share/moveit_pkg/package.dsv'
[8.746s] INFO:colcon.colcon_core.shell:Creating package script '/home/rayyan/robot_arm_ros2_ws/install/moveit_pkg/share/moveit_pkg/package.sh'
[8.746s] INFO:colcon.colcon_core.shell:Creating package script '/home/rayyan/robot_arm_ros2_ws/install/moveit_pkg/share/moveit_pkg/package.bash'
[8.747s] INFO:colcon.colcon_core.shell:Creating package script '/home/rayyan/robot_arm_ros2_ws/install/moveit_pkg/share/moveit_pkg/package.zsh'
[8.748s] Level 1:colcon.colcon_core.environment:create_file_with_runtime_dependencies(/home/rayyan/robot_arm_ros2_ws/install/moveit_pkg/share/colcon-core/packages/moveit_pkg)
[8.749s] DEBUG:colcon.colcon_parallel_executor.executor.parallel:closing loop
[8.750s] DEBUG:colcon.colcon_parallel_executor.executor.parallel:loop closed
[8.751s] DEBUG:colcon.colcon_parallel_executor.executor.parallel:run_until_complete finished with '0'
[8.751s] DEBUG:colcon.colcon_core.event_reactor:joining thread
[8.803s] INFO:colcon.colcon_core.plugin_system:Skipping extension 'colcon_notification.desktop_notification.notify_send': Could not find 'notify-send'
[8.804s] INFO:colcon.colcon_core.plugin_system:Skipping extension 'colcon_notification.desktop_notification.terminal_notifier': Not used on non-Darwin systems
[8.804s] INFO:colcon.colcon_core.plugin_system:Skipping extension 'colcon_notification.desktop_notification.win32': Not used on non-Windows systems
[8.804s] INFO:colcon.colcon_notification.desktop_notification:Sending desktop notification using 'notify2'
[8.804s] DEBUG:colcon.colcon_notification.desktop_notification.notify2:Failed to initialize notify2: org.freedesktop.DBus.Error.FileNotFound: Failed to connect to socket /run/user/1000/bus: No such file or directory
[8.804s] DEBUG:colcon.colcon_core.event_reactor:joined thread
[8.805s] INFO:colcon.colcon_core.shell:Creating prefix script '/home/rayyan/robot_arm_ros2_ws/install/local_setup.ps1'
[8.807s] INFO:colcon.colcon_core.shell:Creating prefix util module '/home/rayyan/robot_arm_ros2_ws/install/_local_setup_util_ps1.py'
[8.810s] INFO:colcon.colcon_core.shell:Creating prefix chain script '/home/rayyan/robot_arm_ros2_ws/install/setup.ps1'
[8.812s] INFO:colcon.colcon_core.shell:Creating prefix script '/home/rayyan/robot_arm_ros2_ws/install/local_setup.sh'
[8.813s] INFO:colcon.colcon_core.shell:Creating prefix util module '/home/rayyan/robot_arm_ros2_ws/install/_local_setup_util_sh.py'
[8.815s] INFO:colcon.colcon_core.shell:Creating prefix chain script '/home/rayyan/robot_arm_ros2_ws/install/setup.sh'
[8.817s] INFO:colcon.colcon_core.shell:Creating prefix script '/home/rayyan/robot_arm_ros2_ws/install/local_setup.bash'
[8.819s] INFO:colcon.colcon_core.shell:Creating prefix chain script '/home/rayyan/robot_arm_ros2_ws/install/setup.bash'
[8.821s] INFO:colcon.colcon_core.shell:Creating prefix script '/home/rayyan/robot_arm_ros2_ws/install/local_setup.zsh'
[8.823s] INFO:colcon.colcon_core.shell:Creating prefix chain script '/home/rayyan/robot_arm_ros2_ws/install/setup.zsh'
