[0.260s] DEBUG:colcon:Command line arguments: ['/usr/bin/colcon', 'build']
[0.260s] DEBUG:colcon:Parsed command line arguments: Namespace(log_base=None, log_level=None, verb_name='build', build_base='build', install_base='install', merge_install=False, symlink_install=False, test_result_base=None, continue_on_error=False, executor='parallel', parallel_workers=4, event_handlers=None, ignore_user_meta=False, metas=['./colcon.meta'], base_paths=['.'], packages_ignore=None, packages_ignore_regex=None, paths=None, packages_up_to=None, packages_up_to_regex=None, packages_above=None, packages_above_and_dependencies=None, packages_above_depth=None, packages_select_by_dep=None, packages_skip_by_dep=None, packages_skip_up_to=None, packages_select_build_failed=False, packages_skip_build_finished=False, packages_select_test_failures=False, packages_skip_test_passed=False, packages_select=None, packages_skip=None, packages_select_regex=None, packages_skip_regex=None, packages_start=None, packages_end=None, allow_overriding=[], cmake_args=None, cmake_target=None, cmake_target_skip_unavailable=False, cmake_clean_cache=False, cmake_clean_first=False, cmake_force_configure=False, ament_cmake_args=None, catkin_cmake_args=None, catkin_skip_building_tests=False, mixin_files=None, mixin=None, verb_parser=<colcon_mixin.mixin.mixin_argument.MixinArgumentDecorator object at 0x7f2bf2289ea0>, verb_extension=<colcon_core.verb.build.BuildVerb object at 0x7f2bf238add0>, main=<bound method BuildVerb.main of <colcon_core.verb.build.BuildVerb object at 0x7f2bf238add0>>, mixin_verb=('build',))
[0.504s] Level 1:colcon.colcon_core.package_discovery:discover_packages(colcon_meta) check parameters
[0.504s] Level 1:colcon.colcon_core.package_discovery:discover_packages(recursive) check parameters
[0.505s] Level 1:colcon.colcon_core.package_discovery:discover_packages(ignore) check parameters
[0.505s] Level 1:colcon.colcon_core.package_discovery:discover_packages(path) check parameters
[0.505s] Level 1:colcon.colcon_core.package_discovery:discover_packages(colcon_meta) discover
[0.505s] Level 1:colcon.colcon_core.package_discovery:discover_packages(recursive) discover
[0.505s] INFO:colcon.colcon_core.package_discovery:Crawling recursively for packages in '/home/rayyan/robot_arm_ros2_ws'
[0.505s] Level 1:colcon.colcon_core.package_identification:_identify(.) by extensions ['ignore', 'ignore_ament_install']
[0.505s] Level 1:colcon.colcon_core.package_identification:_identify(.) by extension 'ignore'
[0.505s] Level 1:colcon.colcon_core.package_identification:_identify(.) by extension 'ignore_ament_install'
[0.505s] Level 1:colcon.colcon_core.package_identification:_identify(.) by extensions ['colcon_pkg']
[0.505s] Level 1:colcon.colcon_core.package_identification:_identify(.) by extension 'colcon_pkg'
[0.506s] Level 1:colcon.colcon_core.package_identification:_identify(.) by extensions ['colcon_meta']
[0.506s] Level 1:colcon.colcon_core.package_identification:_identify(.) by extension 'colcon_meta'
[0.506s] Level 1:colcon.colcon_core.package_identification:_identify(.) by extensions ['ros']
[0.506s] Level 1:colcon.colcon_core.package_identification:_identify(.) by extension 'ros'
[0.520s] Level 1:colcon.colcon_core.package_identification:_identify(.) by extensions ['cmake', 'python']
[0.520s] Level 1:colcon.colcon_core.package_identification:_identify(.) by extension 'cmake'
[0.520s] Level 1:colcon.colcon_core.package_identification:_identify(.) by extension 'python'
[0.520s] Level 1:colcon.colcon_core.package_identification:_identify(.) by extensions ['python_setup_py']
[0.520s] Level 1:colcon.colcon_core.package_identification:_identify(.) by extension 'python_setup_py'
[0.521s] Level 1:colcon.colcon_core.package_identification:_identify(build) by extensions ['ignore', 'ignore_ament_install']
[0.521s] Level 1:colcon.colcon_core.package_identification:_identify(build) by extension 'ignore'
[0.521s] Level 1:colcon.colcon_core.package_identification:_identify(build) ignored
[0.521s] Level 1:colcon.colcon_core.package_identification:_identify(install) by extensions ['ignore', 'ignore_ament_install']
[0.521s] Level 1:colcon.colcon_core.package_identification:_identify(install) by extension 'ignore'
[0.521s] Level 1:colcon.colcon_core.package_identification:_identify(install) ignored
[0.522s] Level 1:colcon.colcon_core.package_identification:_identify(log) by extensions ['ignore', 'ignore_ament_install']
[0.522s] Level 1:colcon.colcon_core.package_identification:_identify(log) by extension 'ignore'
[0.522s] Level 1:colcon.colcon_core.package_identification:_identify(log) ignored
[0.522s] Level 1:colcon.colcon_core.package_identification:_identify(src) by extensions ['ignore', 'ignore_ament_install']
[0.522s] Level 1:colcon.colcon_core.package_identification:_identify(src) by extension 'ignore'
[0.522s] Level 1:colcon.colcon_core.package_identification:_identify(src) by extension 'ignore_ament_install'
[0.522s] Level 1:colcon.colcon_core.package_identification:_identify(src) by extensions ['colcon_pkg']
[0.522s] Level 1:colcon.colcon_core.package_identification:_identify(src) by extension 'colcon_pkg'
[0.522s] Level 1:colcon.colcon_core.package_identification:_identify(src) by extensions ['colcon_meta']
[0.522s] Level 1:colcon.colcon_core.package_identification:_identify(src) by extension 'colcon_meta'
[0.522s] Level 1:colcon.colcon_core.package_identification:_identify(src) by extensions ['ros']
[0.523s] Level 1:colcon.colcon_core.package_identification:_identify(src) by extension 'ros'
[0.523s] Level 1:colcon.colcon_core.package_identification:_identify(src) by extensions ['cmake', 'python']
[0.523s] Level 1:colcon.colcon_core.package_identification:_identify(src) by extension 'cmake'
[0.523s] Level 1:colcon.colcon_core.package_identification:_identify(src) by extension 'python'
[0.523s] Level 1:colcon.colcon_core.package_identification:_identify(src) by extensions ['python_setup_py']
[0.523s] Level 1:colcon.colcon_core.package_identification:_identify(src) by extension 'python_setup_py'
[0.523s] Level 1:colcon.colcon_core.package_identification:_identify(src/build) by extensions ['ignore', 'ignore_ament_install']
[0.523s] Level 1:colcon.colcon_core.package_identification:_identify(src/build) by extension 'ignore'
[0.523s] Level 1:colcon.colcon_core.package_identification:_identify(src/build) ignored
[0.523s] Level 1:colcon.colcon_core.package_identification:_identify(src/custom_arm_controller) by extensions ['ignore', 'ignore_ament_install']
[0.523s] Level 1:colcon.colcon_core.package_identification:_identify(src/custom_arm_controller) by extension 'ignore'
[0.524s] Level 1:colcon.colcon_core.package_identification:_identify(src/custom_arm_controller) by extension 'ignore_ament_install'
[0.524s] Level 1:colcon.colcon_core.package_identification:_identify(src/custom_arm_controller) by extensions ['colcon_pkg']
[0.524s] Level 1:colcon.colcon_core.package_identification:_identify(src/custom_arm_controller) by extension 'colcon_pkg'
[0.524s] Level 1:colcon.colcon_core.package_identification:_identify(src/custom_arm_controller) by extensions ['colcon_meta']
[0.524s] Level 1:colcon.colcon_core.package_identification:_identify(src/custom_arm_controller) by extension 'colcon_meta'
[0.524s] Level 1:colcon.colcon_core.package_identification:_identify(src/custom_arm_controller) by extensions ['ros']
[0.524s] Level 1:colcon.colcon_core.package_identification:_identify(src/custom_arm_controller) by extension 'ros'
[0.527s] DEBUG:colcon.colcon_core.package_identification:Package 'src/custom_arm_controller' with type 'ros.ament_python' and name 'custom_arm_controller'
[0.528s] Level 1:colcon.colcon_core.package_identification:_identify(src/install) by extensions ['ignore', 'ignore_ament_install']
[0.528s] Level 1:colcon.colcon_core.package_identification:_identify(src/install) by extension 'ignore'
[0.528s] Level 1:colcon.colcon_core.package_identification:_identify(src/install) ignored
[0.528s] Level 1:colcon.colcon_core.package_identification:_identify(src/joint_state_publisher) by extensions ['ignore', 'ignore_ament_install']
[0.528s] Level 1:colcon.colcon_core.package_identification:_identify(src/joint_state_publisher) by extension 'ignore'
[0.528s] Level 1:colcon.colcon_core.package_identification:_identify(src/joint_state_publisher) by extension 'ignore_ament_install'
[0.528s] Level 1:colcon.colcon_core.package_identification:_identify(src/joint_state_publisher) by extensions ['colcon_pkg']
[0.528s] Level 1:colcon.colcon_core.package_identification:_identify(src/joint_state_publisher) by extension 'colcon_pkg'
[0.528s] Level 1:colcon.colcon_core.package_identification:_identify(src/joint_state_publisher) by extensions ['colcon_meta']
[0.528s] Level 1:colcon.colcon_core.package_identification:_identify(src/joint_state_publisher) by extension 'colcon_meta'
[0.529s] Level 1:colcon.colcon_core.package_identification:_identify(src/joint_state_publisher) by extensions ['ros']
[0.529s] Level 1:colcon.colcon_core.package_identification:_identify(src/joint_state_publisher) by extension 'ros'
[0.529s] Level 1:colcon.colcon_core.package_identification:_identify(src/joint_state_publisher) by extensions ['cmake', 'python']
[0.529s] Level 1:colcon.colcon_core.package_identification:_identify(src/joint_state_publisher) by extension 'cmake'
[0.529s] Level 1:colcon.colcon_core.package_identification:_identify(src/joint_state_publisher) by extension 'python'
[0.529s] Level 1:colcon.colcon_core.package_identification:_identify(src/joint_state_publisher) by extensions ['python_setup_py']
[0.529s] Level 1:colcon.colcon_core.package_identification:_identify(src/joint_state_publisher) by extension 'python_setup_py'
[0.529s] Level 1:colcon.colcon_core.package_identification:_identify(src/joint_state_publisher/joint_state_publisher) by extensions ['ignore', 'ignore_ament_install']
[0.529s] Level 1:colcon.colcon_core.package_identification:_identify(src/joint_state_publisher/joint_state_publisher) by extension 'ignore'
[0.529s] Level 1:colcon.colcon_core.package_identification:_identify(src/joint_state_publisher/joint_state_publisher) by extension 'ignore_ament_install'
[0.529s] Level 1:colcon.colcon_core.package_identification:_identify(src/joint_state_publisher/joint_state_publisher) by extensions ['colcon_pkg']
[0.529s] Level 1:colcon.colcon_core.package_identification:_identify(src/joint_state_publisher/joint_state_publisher) by extension 'colcon_pkg'
[0.529s] Level 1:colcon.colcon_core.package_identification:_identify(src/joint_state_publisher/joint_state_publisher) by extensions ['colcon_meta']
[0.530s] Level 1:colcon.colcon_core.package_identification:_identify(src/joint_state_publisher/joint_state_publisher) by extension 'colcon_meta'
[0.530s] Level 1:colcon.colcon_core.package_identification:_identify(src/joint_state_publisher/joint_state_publisher) by extensions ['ros']
[0.530s] Level 1:colcon.colcon_core.package_identification:_identify(src/joint_state_publisher/joint_state_publisher) by extension 'ros'
[0.531s] DEBUG:colcon.colcon_core.package_identification:Package 'src/joint_state_publisher/joint_state_publisher' with type 'ros.ament_python' and name 'joint_state_publisher'
[0.531s] Level 1:colcon.colcon_core.package_identification:_identify(src/joint_state_publisher/joint_state_publisher_gui) by extensions ['ignore', 'ignore_ament_install']
[0.531s] Level 1:colcon.colcon_core.package_identification:_identify(src/joint_state_publisher/joint_state_publisher_gui) by extension 'ignore'
[0.531s] Level 1:colcon.colcon_core.package_identification:_identify(src/joint_state_publisher/joint_state_publisher_gui) by extension 'ignore_ament_install'
[0.531s] Level 1:colcon.colcon_core.package_identification:_identify(src/joint_state_publisher/joint_state_publisher_gui) by extensions ['colcon_pkg']
[0.531s] Level 1:colcon.colcon_core.package_identification:_identify(src/joint_state_publisher/joint_state_publisher_gui) by extension 'colcon_pkg'
[0.531s] Level 1:colcon.colcon_core.package_identification:_identify(src/joint_state_publisher/joint_state_publisher_gui) by extensions ['colcon_meta']
[0.531s] Level 1:colcon.colcon_core.package_identification:_identify(src/joint_state_publisher/joint_state_publisher_gui) by extension 'colcon_meta'
[0.531s] Level 1:colcon.colcon_core.package_identification:_identify(src/joint_state_publisher/joint_state_publisher_gui) by extensions ['ros']
[0.531s] Level 1:colcon.colcon_core.package_identification:_identify(src/joint_state_publisher/joint_state_publisher_gui) by extension 'ros'
[0.532s] DEBUG:colcon.colcon_core.package_identification:Package 'src/joint_state_publisher/joint_state_publisher_gui' with type 'ros.ament_python' and name 'joint_state_publisher_gui'
[0.532s] Level 1:colcon.colcon_core.package_identification:_identify(src/log) by extensions ['ignore', 'ignore_ament_install']
[0.532s] Level 1:colcon.colcon_core.package_identification:_identify(src/log) by extension 'ignore'
[0.532s] Level 1:colcon.colcon_core.package_identification:_identify(src/log) ignored
[0.532s] Level 1:colcon.colcon_core.package_identification:_identify(src/moveit_pkg) by extensions ['ignore', 'ignore_ament_install']
[0.533s] Level 1:colcon.colcon_core.package_identification:_identify(src/moveit_pkg) by extension 'ignore'
[0.533s] Level 1:colcon.colcon_core.package_identification:_identify(src/moveit_pkg) by extension 'ignore_ament_install'
[0.533s] Level 1:colcon.colcon_core.package_identification:_identify(src/moveit_pkg) by extensions ['colcon_pkg']
[0.533s] Level 1:colcon.colcon_core.package_identification:_identify(src/moveit_pkg) by extension 'colcon_pkg'
[0.533s] Level 1:colcon.colcon_core.package_identification:_identify(src/moveit_pkg) by extensions ['colcon_meta']
[0.533s] Level 1:colcon.colcon_core.package_identification:_identify(src/moveit_pkg) by extension 'colcon_meta'
[0.533s] Level 1:colcon.colcon_core.package_identification:_identify(src/moveit_pkg) by extensions ['ros']
[0.533s] Level 1:colcon.colcon_core.package_identification:_identify(src/moveit_pkg) by extension 'ros'
[0.534s] DEBUG:colcon.colcon_core.package_identification:Package 'src/moveit_pkg' with type 'ros.ament_cmake' and name 'moveit_pkg'
[0.534s] Level 1:colcon.colcon_core.package_identification:_identify(src/robot_arm_description) by extensions ['ignore', 'ignore_ament_install']
[0.534s] Level 1:colcon.colcon_core.package_identification:_identify(src/robot_arm_description) by extension 'ignore'
[0.534s] Level 1:colcon.colcon_core.package_identification:_identify(src/robot_arm_description) by extension 'ignore_ament_install'
[0.534s] Level 1:colcon.colcon_core.package_identification:_identify(src/robot_arm_description) by extensions ['colcon_pkg']
[0.535s] Level 1:colcon.colcon_core.package_identification:_identify(src/robot_arm_description) by extension 'colcon_pkg'
[0.535s] Level 1:colcon.colcon_core.package_identification:_identify(src/robot_arm_description) by extensions ['colcon_meta']
[0.535s] Level 1:colcon.colcon_core.package_identification:_identify(src/robot_arm_description) by extension 'colcon_meta'
[0.535s] Level 1:colcon.colcon_core.package_identification:_identify(src/robot_arm_description) by extensions ['ros']
[0.535s] Level 1:colcon.colcon_core.package_identification:_identify(src/robot_arm_description) by extension 'ros'
[0.535s] DEBUG:colcon.colcon_core.package_identification:Package 'src/robot_arm_description' with type 'ros.ament_cmake' and name 'robot_arm_description'
[0.535s] Level 1:colcon.colcon_core.package_discovery:discover_packages(recursive) using defaults
[0.535s] Level 1:colcon.colcon_core.package_discovery:discover_packages(ignore) discover
[0.536s] Level 1:colcon.colcon_core.package_discovery:discover_packages(ignore) using defaults
[0.536s] Level 1:colcon.colcon_core.package_discovery:discover_packages(path) discover
[0.536s] Level 1:colcon.colcon_core.package_discovery:discover_packages(path) using defaults
[0.584s] Level 1:colcon.colcon_core.package_discovery:discover_packages(prefix_path) check parameters
[0.584s] Level 1:colcon.colcon_core.package_discovery:discover_packages(prefix_path) discover
[0.587s] DEBUG:colcon.colcon_installed_package_information.package_discovery:Found 5 installed packages in /home/rayyan/robot_arm_ros2_ws/install
[0.589s] DEBUG:colcon.colcon_installed_package_information.package_discovery:Found 316 installed packages in /opt/ros/humble
[0.591s] Level 1:colcon.colcon_core.package_discovery:discover_packages(prefix_path) using defaults
[0.695s] Level 5:colcon.colcon_core.verb:set package 'custom_arm_controller' build argument 'cmake_args' from command line to 'None'
[0.695s] Level 5:colcon.colcon_core.verb:set package 'custom_arm_controller' build argument 'cmake_target' from command line to 'None'
[0.695s] Level 5:colcon.colcon_core.verb:set package 'custom_arm_controller' build argument 'cmake_target_skip_unavailable' from command line to 'False'
[0.695s] Level 5:colcon.colcon_core.verb:set package 'custom_arm_controller' build argument 'cmake_clean_cache' from command line to 'False'
[0.695s] Level 5:colcon.colcon_core.verb:set package 'custom_arm_controller' build argument 'cmake_clean_first' from command line to 'False'
[0.695s] Level 5:colcon.colcon_core.verb:set package 'custom_arm_controller' build argument 'cmake_force_configure' from command line to 'False'
[0.695s] Level 5:colcon.colcon_core.verb:set package 'custom_arm_controller' build argument 'ament_cmake_args' from command line to 'None'
[0.695s] Level 5:colcon.colcon_core.verb:set package 'custom_arm_controller' build argument 'catkin_cmake_args' from command line to 'None'
[0.696s] Level 5:colcon.colcon_core.verb:set package 'custom_arm_controller' build argument 'catkin_skip_building_tests' from command line to 'False'
[0.696s] DEBUG:colcon.colcon_core.verb:Building package 'custom_arm_controller' with the following arguments: {'ament_cmake_args': None, 'build_base': '/home/rayyan/robot_arm_ros2_ws/build/custom_arm_controller', 'catkin_cmake_args': None, 'catkin_skip_building_tests': False, 'cmake_args': None, 'cmake_clean_cache': False, 'cmake_clean_first': False, 'cmake_force_configure': False, 'cmake_target': None, 'cmake_target_skip_unavailable': False, 'install_base': '/home/rayyan/robot_arm_ros2_ws/install/custom_arm_controller', 'merge_install': False, 'path': '/home/rayyan/robot_arm_ros2_ws/src/custom_arm_controller', 'symlink_install': False, 'test_result_base': None}
[0.696s] Level 5:colcon.colcon_core.verb:set package 'joint_state_publisher' build argument 'cmake_args' from command line to 'None'
[0.696s] Level 5:colcon.colcon_core.verb:set package 'joint_state_publisher' build argument 'cmake_target' from command line to 'None'
[0.696s] Level 5:colcon.colcon_core.verb:set package 'joint_state_publisher' build argument 'cmake_target_skip_unavailable' from command line to 'False'
[0.696s] Level 5:colcon.colcon_core.verb:set package 'joint_state_publisher' build argument 'cmake_clean_cache' from command line to 'False'
[0.696s] Level 5:colcon.colcon_core.verb:set package 'joint_state_publisher' build argument 'cmake_clean_first' from command line to 'False'
[0.696s] Level 5:colcon.colcon_core.verb:set package 'joint_state_publisher' build argument 'cmake_force_configure' from command line to 'False'
[0.696s] Level 5:colcon.colcon_core.verb:set package 'joint_state_publisher' build argument 'ament_cmake_args' from command line to 'None'
[0.696s] Level 5:colcon.colcon_core.verb:set package 'joint_state_publisher' build argument 'catkin_cmake_args' from command line to 'None'
[0.696s] Level 5:colcon.colcon_core.verb:set package 'joint_state_publisher' build argument 'catkin_skip_building_tests' from command line to 'False'
[0.696s] DEBUG:colcon.colcon_core.verb:Building package 'joint_state_publisher' with the following arguments: {'ament_cmake_args': None, 'build_base': '/home/rayyan/robot_arm_ros2_ws/build/joint_state_publisher', 'catkin_cmake_args': None, 'catkin_skip_building_tests': False, 'cmake_args': None, 'cmake_clean_cache': False, 'cmake_clean_first': False, 'cmake_force_configure': False, 'cmake_target': None, 'cmake_target_skip_unavailable': False, 'install_base': '/home/rayyan/robot_arm_ros2_ws/install/joint_state_publisher', 'merge_install': False, 'path': '/home/rayyan/robot_arm_ros2_ws/src/joint_state_publisher/joint_state_publisher', 'symlink_install': False, 'test_result_base': None}
[0.697s] Level 5:colcon.colcon_core.verb:set package 'robot_arm_description' build argument 'cmake_args' from command line to 'None'
[0.697s] Level 5:colcon.colcon_core.verb:set package 'robot_arm_description' build argument 'cmake_target' from command line to 'None'
[0.697s] Level 5:colcon.colcon_core.verb:set package 'robot_arm_description' build argument 'cmake_target_skip_unavailable' from command line to 'False'
[0.697s] Level 5:colcon.colcon_core.verb:set package 'robot_arm_description' build argument 'cmake_clean_cache' from command line to 'False'
[0.697s] Level 5:colcon.colcon_core.verb:set package 'robot_arm_description' build argument 'cmake_clean_first' from command line to 'False'
[0.697s] Level 5:colcon.colcon_core.verb:set package 'robot_arm_description' build argument 'cmake_force_configure' from command line to 'False'
[0.697s] Level 5:colcon.colcon_core.verb:set package 'robot_arm_description' build argument 'ament_cmake_args' from command line to 'None'
[0.697s] Level 5:colcon.colcon_core.verb:set package 'robot_arm_description' build argument 'catkin_cmake_args' from command line to 'None'
[0.697s] Level 5:colcon.colcon_core.verb:set package 'robot_arm_description' build argument 'catkin_skip_building_tests' from command line to 'False'
[0.697s] DEBUG:colcon.colcon_core.verb:Building package 'robot_arm_description' with the following arguments: {'ament_cmake_args': None, 'build_base': '/home/rayyan/robot_arm_ros2_ws/build/robot_arm_description', 'catkin_cmake_args': None, 'catkin_skip_building_tests': False, 'cmake_args': None, 'cmake_clean_cache': False, 'cmake_clean_first': False, 'cmake_force_configure': False, 'cmake_target': None, 'cmake_target_skip_unavailable': False, 'install_base': '/home/rayyan/robot_arm_ros2_ws/install/robot_arm_description', 'merge_install': False, 'path': '/home/rayyan/robot_arm_ros2_ws/src/robot_arm_description', 'symlink_install': False, 'test_result_base': None}
[0.698s] Level 5:colcon.colcon_core.verb:set package 'joint_state_publisher_gui' build argument 'cmake_args' from command line to 'None'
[0.698s] Level 5:colcon.colcon_core.verb:set package 'joint_state_publisher_gui' build argument 'cmake_target' from command line to 'None'
[0.698s] Level 5:colcon.colcon_core.verb:set package 'joint_state_publisher_gui' build argument 'cmake_target_skip_unavailable' from command line to 'False'
[0.698s] Level 5:colcon.colcon_core.verb:set package 'joint_state_publisher_gui' build argument 'cmake_clean_cache' from command line to 'False'
[0.698s] Level 5:colcon.colcon_core.verb:set package 'joint_state_publisher_gui' build argument 'cmake_clean_first' from command line to 'False'
[0.698s] Level 5:colcon.colcon_core.verb:set package 'joint_state_publisher_gui' build argument 'cmake_force_configure' from command line to 'False'
[0.698s] Level 5:colcon.colcon_core.verb:set package 'joint_state_publisher_gui' build argument 'ament_cmake_args' from command line to 'None'
[0.698s] Level 5:colcon.colcon_core.verb:set package 'joint_state_publisher_gui' build argument 'catkin_cmake_args' from command line to 'None'
[0.698s] Level 5:colcon.colcon_core.verb:set package 'joint_state_publisher_gui' build argument 'catkin_skip_building_tests' from command line to 'False'
[0.698s] DEBUG:colcon.colcon_core.verb:Building package 'joint_state_publisher_gui' with the following arguments: {'ament_cmake_args': None, 'build_base': '/home/rayyan/robot_arm_ros2_ws/build/joint_state_publisher_gui', 'catkin_cmake_args': None, 'catkin_skip_building_tests': False, 'cmake_args': None, 'cmake_clean_cache': False, 'cmake_clean_first': False, 'cmake_force_configure': False, 'cmake_target': None, 'cmake_target_skip_unavailable': False, 'install_base': '/home/rayyan/robot_arm_ros2_ws/install/joint_state_publisher_gui', 'merge_install': False, 'path': '/home/rayyan/robot_arm_ros2_ws/src/joint_state_publisher/joint_state_publisher_gui', 'symlink_install': False, 'test_result_base': None}
[0.698s] Level 5:colcon.colcon_core.verb:set package 'moveit_pkg' build argument 'cmake_args' from command line to 'None'
[0.699s] Level 5:colcon.colcon_core.verb:set package 'moveit_pkg' build argument 'cmake_target' from command line to 'None'
[0.699s] Level 5:colcon.colcon_core.verb:set package 'moveit_pkg' build argument 'cmake_target_skip_unavailable' from command line to 'False'
[0.699s] Level 5:colcon.colcon_core.verb:set package 'moveit_pkg' build argument 'cmake_clean_cache' from command line to 'False'
[0.699s] Level 5:colcon.colcon_core.verb:set package 'moveit_pkg' build argument 'cmake_clean_first' from command line to 'False'
[0.699s] Level 5:colcon.colcon_core.verb:set package 'moveit_pkg' build argument 'cmake_force_configure' from command line to 'False'
[0.699s] Level 5:colcon.colcon_core.verb:set package 'moveit_pkg' build argument 'ament_cmake_args' from command line to 'None'
[0.699s] Level 5:colcon.colcon_core.verb:set package 'moveit_pkg' build argument 'catkin_cmake_args' from command line to 'None'
[0.699s] Level 5:colcon.colcon_core.verb:set package 'moveit_pkg' build argument 'catkin_skip_building_tests' from command line to 'False'
[0.699s] DEBUG:colcon.colcon_core.verb:Building package 'moveit_pkg' with the following arguments: {'ament_cmake_args': None, 'build_base': '/home/rayyan/robot_arm_ros2_ws/build/moveit_pkg', 'catkin_cmake_args': None, 'catkin_skip_building_tests': False, 'cmake_args': None, 'cmake_clean_cache': False, 'cmake_clean_first': False, 'cmake_force_configure': False, 'cmake_target': None, 'cmake_target_skip_unavailable': False, 'install_base': '/home/rayyan/robot_arm_ros2_ws/install/moveit_pkg', 'merge_install': False, 'path': '/home/rayyan/robot_arm_ros2_ws/src/moveit_pkg', 'symlink_install': False, 'test_result_base': None}
[0.699s] INFO:colcon.colcon_core.executor:Executing jobs using 'parallel' executor
[0.700s] DEBUG:colcon.colcon_parallel_executor.executor.parallel:run_until_complete
[0.701s] INFO:colcon.colcon_ros.task.ament_python.build:Building ROS package in '/home/rayyan/robot_arm_ros2_ws/src/joint_state_publisher/joint_state_publisher' with build type 'ament_python'
[0.701s] Level 1:colcon.colcon_core.shell:create_environment_hook('joint_state_publisher', 'ament_prefix_path')
[0.707s] INFO:colcon.colcon_core.plugin_system:Skipping extension 'colcon_core.shell.bat': Not used on non-Windows systems
[0.707s] INFO:colcon.colcon_core.shell:Creating environment hook '/home/rayyan/robot_arm_ros2_ws/install/joint_state_publisher/share/joint_state_publisher/hook/ament_prefix_path.ps1'
[0.708s] INFO:colcon.colcon_core.shell:Creating environment descriptor '/home/rayyan/robot_arm_ros2_ws/install/joint_state_publisher/share/joint_state_publisher/hook/ament_prefix_path.dsv'
[0.709s] INFO:colcon.colcon_core.shell:Creating environment hook '/home/rayyan/robot_arm_ros2_ws/install/joint_state_publisher/share/joint_state_publisher/hook/ament_prefix_path.sh'
[0.710s] INFO:colcon.colcon_core.shell:Skip shell extension 'powershell' for command environment: Not usable outside of PowerShell
[0.710s] DEBUG:colcon.colcon_core.shell:Skip shell extension 'dsv' for command environment
[0.714s] INFO:colcon.colcon_ros.task.ament_cmake.build:Building ROS package in '/home/rayyan/robot_arm_ros2_ws/src/robot_arm_description' with build type 'ament_cmake'
[0.715s] INFO:colcon.colcon_cmake.task.cmake.build:Building CMake package in '/home/rayyan/robot_arm_ros2_ws/src/robot_arm_description'
[0.715s] INFO:colcon.colcon_core.shell:Skip shell extension 'powershell' for command environment: Not usable outside of PowerShell
[0.715s] DEBUG:colcon.colcon_core.shell:Skip shell extension 'dsv' for command environment
[0.721s] INFO:colcon.colcon_ros.task.ament_python.build:Building ROS package in '/home/rayyan/robot_arm_ros2_ws/src/custom_arm_controller' with build type 'ament_python'
[0.722s] Level 1:colcon.colcon_core.shell:create_environment_hook('custom_arm_controller', 'ament_prefix_path')
[0.723s] INFO:colcon.colcon_core.shell:Creating environment hook '/home/rayyan/robot_arm_ros2_ws/install/custom_arm_controller/share/custom_arm_controller/hook/ament_prefix_path.ps1'
[0.725s] INFO:colcon.colcon_core.shell:Creating environment descriptor '/home/rayyan/robot_arm_ros2_ws/install/custom_arm_controller/share/custom_arm_controller/hook/ament_prefix_path.dsv'
[0.726s] INFO:colcon.colcon_core.shell:Creating environment hook '/home/rayyan/robot_arm_ros2_ws/install/custom_arm_controller/share/custom_arm_controller/hook/ament_prefix_path.sh'
[0.728s] INFO:colcon.colcon_core.shell:Skip shell extension 'powershell' for command environment: Not usable outside of PowerShell
[0.728s] DEBUG:colcon.colcon_core.shell:Skip shell extension 'dsv' for command environment
[1.438s] INFO:colcon.colcon_core.task.python.build:Building Python package in '/home/rayyan/robot_arm_ros2_ws/src/joint_state_publisher/joint_state_publisher'
[1.439s] INFO:colcon.colcon_core.shell:Skip shell extension 'powershell' for command environment: Not usable outside of PowerShell
[1.439s] DEBUG:colcon.colcon_core.shell:Skip shell extension 'dsv' for command environment
[1.456s] DEBUG:colcon.colcon_core.event_handler.log_command:Invoking command in '/home/rayyan/robot_arm_ros2_ws/build/robot_arm_description': CMAKE_PREFIX_PATH=${CMAKE_PREFIX_PATH}:/opt/ros/humble /usr/bin/cmake --build /home/rayyan/robot_arm_ros2_ws/build/robot_arm_description -- -j4 -l4
[1.894s] WARNING:colcon.colcon_ros.task.ament_python.build:Package 'custom_arm_controller' doesn't explicitly install a marker in the package index (colcon-ros currently does it implicitly but that fallback will be removed in the future)
[1.895s] WARNING:colcon.colcon_ros.task.ament_python.build:Package 'custom_arm_controller' doesn't explicitly install the 'package.xml' file (colcon-ros currently does it implicitly but that fallback will be removed in the future)
[1.895s] INFO:colcon.colcon_core.task.python.build:Building Python package in '/home/rayyan/robot_arm_ros2_ws/src/custom_arm_controller'
[1.896s] INFO:colcon.colcon_core.shell:Skip shell extension 'powershell' for command environment: Not usable outside of PowerShell
[1.896s] DEBUG:colcon.colcon_core.shell:Skip shell extension 'dsv' for command environment
[1.910s] DEBUG:colcon.colcon_core.event_handler.log_command:Invoked command in '/home/rayyan/robot_arm_ros2_ws/build/robot_arm_description' returned '0': CMAKE_PREFIX_PATH=${CMAKE_PREFIX_PATH}:/opt/ros/humble /usr/bin/cmake --build /home/rayyan/robot_arm_ros2_ws/build/robot_arm_description -- -j4 -l4
[1.929s] DEBUG:colcon.colcon_core.event_handler.log_command:Invoking command in '/home/rayyan/robot_arm_ros2_ws/build/robot_arm_description': CMAKE_PREFIX_PATH=${CMAKE_PREFIX_PATH}:/opt/ros/humble /usr/bin/cmake --install /home/rayyan/robot_arm_ros2_ws/build/robot_arm_description
[1.976s] Level 1:colcon.colcon_core.environment:create_environment_scripts_only(robot_arm_description)
[1.978s] DEBUG:colcon.colcon_core.event_handler.log_command:Invoked command in '/home/rayyan/robot_arm_ros2_ws/build/robot_arm_description' returned '0': CMAKE_PREFIX_PATH=${CMAKE_PREFIX_PATH}:/opt/ros/humble /usr/bin/cmake --install /home/rayyan/robot_arm_ros2_ws/build/robot_arm_description
[1.985s] Level 1:colcon.colcon_core.environment:checking '/home/rayyan/robot_arm_ros2_ws/install/robot_arm_description' for CMake module files
[1.986s] Level 1:colcon.colcon_core.environment:checking '/home/rayyan/robot_arm_ros2_ws/install/robot_arm_description' for CMake config files
[1.987s] Level 1:colcon.colcon_core.shell:create_environment_hook('robot_arm_description', 'cmake_prefix_path')
[1.988s] INFO:colcon.colcon_core.shell:Creating environment hook '/home/rayyan/robot_arm_ros2_ws/install/robot_arm_description/share/robot_arm_description/hook/cmake_prefix_path.ps1'
[1.989s] INFO:colcon.colcon_core.shell:Creating environment descriptor '/home/rayyan/robot_arm_ros2_ws/install/robot_arm_description/share/robot_arm_description/hook/cmake_prefix_path.dsv'
[1.990s] INFO:colcon.colcon_core.shell:Creating environment hook '/home/rayyan/robot_arm_ros2_ws/install/robot_arm_description/share/robot_arm_description/hook/cmake_prefix_path.sh'
[1.992s] Level 1:colcon.colcon_core.environment:checking '/home/rayyan/robot_arm_ros2_ws/install/robot_arm_description/bin'
[1.992s] Level 1:colcon.colcon_core.environment:checking '/home/rayyan/robot_arm_ros2_ws/install/robot_arm_description/lib/pkgconfig/robot_arm_description.pc'
[1.993s] Level 1:colcon.colcon_core.environment:checking '/home/rayyan/robot_arm_ros2_ws/install/robot_arm_description/lib/python3.10/site-packages'
[1.994s] Level 1:colcon.colcon_core.environment:checking '/home/rayyan/robot_arm_ros2_ws/install/robot_arm_description/bin'
[1.994s] INFO:colcon.colcon_core.shell:Creating package script '/home/rayyan/robot_arm_ros2_ws/install/robot_arm_description/share/robot_arm_description/package.ps1'
[1.997s] INFO:colcon.colcon_core.shell:Creating package descriptor '/home/rayyan/robot_arm_ros2_ws/install/robot_arm_description/share/robot_arm_description/package.dsv'
[1.998s] INFO:colcon.colcon_core.shell:Creating package script '/home/rayyan/robot_arm_ros2_ws/install/robot_arm_description/share/robot_arm_description/package.sh'
[2.001s] INFO:colcon.colcon_core.shell:Creating package script '/home/rayyan/robot_arm_ros2_ws/install/robot_arm_description/share/robot_arm_description/package.bash'
[2.003s] INFO:colcon.colcon_core.shell:Creating package script '/home/rayyan/robot_arm_ros2_ws/install/robot_arm_description/share/robot_arm_description/package.zsh'
[2.005s] Level 1:colcon.colcon_core.environment:create_file_with_runtime_dependencies(/home/rayyan/robot_arm_ros2_ws/install/robot_arm_description/share/colcon-core/packages/robot_arm_description)
[2.008s] Level 1:colcon.colcon_core.environment:create_environment_scripts_only(robot_arm_description)
[2.009s] Level 1:colcon.colcon_core.environment:checking '/home/rayyan/robot_arm_ros2_ws/install/robot_arm_description' for CMake module files
[2.010s] Level 1:colcon.colcon_core.environment:checking '/home/rayyan/robot_arm_ros2_ws/install/robot_arm_description' for CMake config files
[2.011s] Level 1:colcon.colcon_core.shell:create_environment_hook('robot_arm_description', 'cmake_prefix_path')
[2.011s] INFO:colcon.colcon_core.shell:Creating environment hook '/home/rayyan/robot_arm_ros2_ws/install/robot_arm_description/share/robot_arm_description/hook/cmake_prefix_path.ps1'
[2.012s] INFO:colcon.colcon_core.shell:Creating environment descriptor '/home/rayyan/robot_arm_ros2_ws/install/robot_arm_description/share/robot_arm_description/hook/cmake_prefix_path.dsv'
[2.013s] INFO:colcon.colcon_core.shell:Creating environment hook '/home/rayyan/robot_arm_ros2_ws/install/robot_arm_description/share/robot_arm_description/hook/cmake_prefix_path.sh'
[2.015s] Level 1:colcon.colcon_core.environment:checking '/home/rayyan/robot_arm_ros2_ws/install/robot_arm_description/bin'
[2.015s] Level 1:colcon.colcon_core.environment:checking '/home/rayyan/robot_arm_ros2_ws/install/robot_arm_description/lib/pkgconfig/robot_arm_description.pc'
[2.016s] Level 1:colcon.colcon_core.environment:checking '/home/rayyan/robot_arm_ros2_ws/install/robot_arm_description/lib/python3.10/site-packages'
[2.017s] Level 1:colcon.colcon_core.environment:checking '/home/rayyan/robot_arm_ros2_ws/install/robot_arm_description/bin'
[2.018s] INFO:colcon.colcon_core.shell:Creating package script '/home/rayyan/robot_arm_ros2_ws/install/robot_arm_description/share/robot_arm_description/package.ps1'
[2.019s] INFO:colcon.colcon_core.shell:Creating package descriptor '/home/rayyan/robot_arm_ros2_ws/install/robot_arm_description/share/robot_arm_description/package.dsv'
[2.021s] INFO:colcon.colcon_core.shell:Creating package script '/home/rayyan/robot_arm_ros2_ws/install/robot_arm_description/share/robot_arm_description/package.sh'
[2.022s] INFO:colcon.colcon_core.shell:Creating package script '/home/rayyan/robot_arm_ros2_ws/install/robot_arm_description/share/robot_arm_description/package.bash'
[2.024s] INFO:colcon.colcon_core.shell:Creating package script '/home/rayyan/robot_arm_ros2_ws/install/robot_arm_description/share/robot_arm_description/package.zsh'
[2.025s] Level 1:colcon.colcon_core.environment:create_file_with_runtime_dependencies(/home/rayyan/robot_arm_ros2_ws/install/robot_arm_description/share/colcon-core/packages/robot_arm_description)
[2.742s] DEBUG:colcon.colcon_core.event_handler.log_command:Invoking command in '/home/rayyan/robot_arm_ros2_ws/src/custom_arm_controller': PYTHONPATH=/home/rayyan/robot_arm_ros2_ws/build/custom_arm_controller/prefix_override:/usr/lib/python3/dist-packages/colcon_core/task/python/colcon_distutils_commands:/home/rayyan/robot_arm_ros2_ws/install/custom_arm_controller/lib/python3.10/site-packages:${PYTHONPATH} /usr/bin/python3 -W ignore:setup.py install is deprecated -W ignore:easy_install command is deprecated setup.py egg_info --egg-base ../../build/custom_arm_controller build --build-base /home/rayyan/robot_arm_ros2_ws/build/custom_arm_controller/build install --record /home/rayyan/robot_arm_ros2_ws/build/custom_arm_controller/install.log --single-version-externally-managed
[2.745s] DEBUG:colcon.colcon_core.event_handler.log_command:Invoking command in '/home/rayyan/robot_arm_ros2_ws/src/joint_state_publisher/joint_state_publisher': PYTHONPATH=/home/rayyan/robot_arm_ros2_ws/build/joint_state_publisher/prefix_override:/usr/lib/python3/dist-packages/colcon_core/task/python/colcon_distutils_commands:/home/rayyan/robot_arm_ros2_ws/install/joint_state_publisher/lib/python3.10/site-packages:${PYTHONPATH} /usr/bin/python3 -W ignore:setup.py install is deprecated -W ignore:easy_install command is deprecated setup.py egg_info --egg-base ../../../build/joint_state_publisher build --build-base /home/rayyan/robot_arm_ros2_ws/build/joint_state_publisher/build install --record /home/rayyan/robot_arm_ros2_ws/build/joint_state_publisher/install.log --single-version-externally-managed install_data
[3.344s] Level 1:colcon.colcon_core.environment:checking '/home/rayyan/robot_arm_ros2_ws/install/joint_state_publisher' for CMake module files
[3.345s] DEBUG:colcon.colcon_core.event_handler.log_command:Invoked command in '/home/rayyan/robot_arm_ros2_ws/src/joint_state_publisher/joint_state_publisher' returned '0': PYTHONPATH=/home/rayyan/robot_arm_ros2_ws/build/joint_state_publisher/prefix_override:/usr/lib/python3/dist-packages/colcon_core/task/python/colcon_distutils_commands:/home/rayyan/robot_arm_ros2_ws/install/joint_state_publisher/lib/python3.10/site-packages:${PYTHONPATH} /usr/bin/python3 -W ignore:setup.py install is deprecated -W ignore:easy_install command is deprecated setup.py egg_info --egg-base ../../../build/joint_state_publisher build --build-base /home/rayyan/robot_arm_ros2_ws/build/joint_state_publisher/build install --record /home/rayyan/robot_arm_ros2_ws/build/joint_state_publisher/install.log --single-version-externally-managed install_data
[3.346s] Level 1:colcon.colcon_core.environment:checking '/home/rayyan/robot_arm_ros2_ws/install/joint_state_publisher' for CMake config files
[3.346s] Level 1:colcon.colcon_core.environment:checking '/home/rayyan/robot_arm_ros2_ws/install/joint_state_publisher/lib'
[3.347s] Level 1:colcon.colcon_core.environment:checking '/home/rayyan/robot_arm_ros2_ws/install/joint_state_publisher/bin'
[3.347s] Level 1:colcon.colcon_core.environment:checking '/home/rayyan/robot_arm_ros2_ws/install/joint_state_publisher/lib/pkgconfig/joint_state_publisher.pc'
[3.347s] Level 1:colcon.colcon_core.environment:checking '/home/rayyan/robot_arm_ros2_ws/install/joint_state_publisher/lib/python3.10/site-packages'
[3.347s] Level 1:colcon.colcon_core.shell:create_environment_hook('joint_state_publisher', 'pythonpath')
[3.348s] INFO:colcon.colcon_core.shell:Creating environment hook '/home/rayyan/robot_arm_ros2_ws/install/joint_state_publisher/share/joint_state_publisher/hook/pythonpath.ps1'
[3.349s] INFO:colcon.colcon_core.shell:Creating environment descriptor '/home/rayyan/robot_arm_ros2_ws/install/joint_state_publisher/share/joint_state_publisher/hook/pythonpath.dsv'
[3.350s] INFO:colcon.colcon_core.shell:Creating environment hook '/home/rayyan/robot_arm_ros2_ws/install/joint_state_publisher/share/joint_state_publisher/hook/pythonpath.sh'
[3.351s] Level 1:colcon.colcon_core.environment:checking '/home/rayyan/robot_arm_ros2_ws/install/joint_state_publisher/bin'
[3.352s] Level 1:colcon.colcon_core.environment:create_environment_scripts_only(joint_state_publisher)
[3.353s] INFO:colcon.colcon_core.shell:Creating package script '/home/rayyan/robot_arm_ros2_ws/install/joint_state_publisher/share/joint_state_publisher/package.ps1'
[3.354s] INFO:colcon.colcon_core.shell:Creating package descriptor '/home/rayyan/robot_arm_ros2_ws/install/joint_state_publisher/share/joint_state_publisher/package.dsv'
[3.355s] INFO:colcon.colcon_core.shell:Creating package script '/home/rayyan/robot_arm_ros2_ws/install/joint_state_publisher/share/joint_state_publisher/package.sh'
[3.356s] INFO:colcon.colcon_core.shell:Creating package script '/home/rayyan/robot_arm_ros2_ws/install/joint_state_publisher/share/joint_state_publisher/package.bash'
[3.357s] INFO:colcon.colcon_core.shell:Creating package script '/home/rayyan/robot_arm_ros2_ws/install/joint_state_publisher/share/joint_state_publisher/package.zsh'
[3.358s] Level 1:colcon.colcon_core.environment:create_file_with_runtime_dependencies(/home/rayyan/robot_arm_ros2_ws/install/joint_state_publisher/share/colcon-core/packages/joint_state_publisher)
[3.359s] INFO:colcon.colcon_ros.task.ament_python.build:Building ROS package in '/home/rayyan/robot_arm_ros2_ws/src/joint_state_publisher/joint_state_publisher_gui' with build type 'ament_python'
[3.360s] Level 1:colcon.colcon_core.shell:create_environment_hook('joint_state_publisher_gui', 'ament_prefix_path')
[3.360s] INFO:colcon.colcon_core.shell:Creating environment hook '/home/rayyan/robot_arm_ros2_ws/install/joint_state_publisher_gui/share/joint_state_publisher_gui/hook/ament_prefix_path.ps1'
[3.364s] INFO:colcon.colcon_core.shell:Creating environment descriptor '/home/rayyan/robot_arm_ros2_ws/install/joint_state_publisher_gui/share/joint_state_publisher_gui/hook/ament_prefix_path.dsv'
[3.365s] INFO:colcon.colcon_core.shell:Creating environment hook '/home/rayyan/robot_arm_ros2_ws/install/joint_state_publisher_gui/share/joint_state_publisher_gui/hook/ament_prefix_path.sh'
[3.366s] INFO:colcon.colcon_core.shell:Skip shell extension 'powershell' for command environment: Not usable outside of PowerShell
[3.367s] DEBUG:colcon.colcon_core.shell:Skip shell extension 'dsv' for command environment
[3.374s] Level 1:colcon.colcon_core.environment:checking '/home/rayyan/robot_arm_ros2_ws/install/custom_arm_controller' for CMake module files
[3.375s] DEBUG:colcon.colcon_core.event_handler.log_command:Invoked command in '/home/rayyan/robot_arm_ros2_ws/src/custom_arm_controller' returned '0': PYTHONPATH=/home/rayyan/robot_arm_ros2_ws/build/custom_arm_controller/prefix_override:/usr/lib/python3/dist-packages/colcon_core/task/python/colcon_distutils_commands:/home/rayyan/robot_arm_ros2_ws/install/custom_arm_controller/lib/python3.10/site-packages:${PYTHONPATH} /usr/bin/python3 -W ignore:setup.py install is deprecated -W ignore:easy_install command is deprecated setup.py egg_info --egg-base ../../build/custom_arm_controller build --build-base /home/rayyan/robot_arm_ros2_ws/build/custom_arm_controller/build install --record /home/rayyan/robot_arm_ros2_ws/build/custom_arm_controller/install.log --single-version-externally-managed
[3.376s] Level 1:colcon.colcon_core.environment:checking '/home/rayyan/robot_arm_ros2_ws/install/custom_arm_controller' for CMake config files
[3.377s] Level 1:colcon.colcon_core.environment:checking '/home/rayyan/robot_arm_ros2_ws/install/custom_arm_controller/lib'
[3.377s] Level 1:colcon.colcon_core.environment:checking '/home/rayyan/robot_arm_ros2_ws/install/custom_arm_controller/bin'
[3.377s] Level 1:colcon.colcon_core.environment:checking '/home/rayyan/robot_arm_ros2_ws/install/custom_arm_controller/lib/pkgconfig/custom_arm_controller.pc'
[3.378s] Level 1:colcon.colcon_core.environment:checking '/home/rayyan/robot_arm_ros2_ws/install/custom_arm_controller/lib/python3.10/site-packages'
[3.378s] Level 1:colcon.colcon_core.shell:create_environment_hook('custom_arm_controller', 'pythonpath')
[3.378s] INFO:colcon.colcon_core.shell:Creating environment hook '/home/rayyan/robot_arm_ros2_ws/install/custom_arm_controller/share/custom_arm_controller/hook/pythonpath.ps1'
[3.380s] INFO:colcon.colcon_core.shell:Creating environment descriptor '/home/rayyan/robot_arm_ros2_ws/install/custom_arm_controller/share/custom_arm_controller/hook/pythonpath.dsv'
[3.380s] INFO:colcon.colcon_core.shell:Creating environment hook '/home/rayyan/robot_arm_ros2_ws/install/custom_arm_controller/share/custom_arm_controller/hook/pythonpath.sh'
[3.382s] Level 1:colcon.colcon_core.environment:checking '/home/rayyan/robot_arm_ros2_ws/install/custom_arm_controller/bin'
[3.382s] Level 1:colcon.colcon_core.environment:create_environment_scripts_only(custom_arm_controller)
[3.383s] INFO:colcon.colcon_core.shell:Creating package script '/home/rayyan/robot_arm_ros2_ws/install/custom_arm_controller/share/custom_arm_controller/package.ps1'
[3.386s] INFO:colcon.colcon_core.shell:Creating package descriptor '/home/rayyan/robot_arm_ros2_ws/install/custom_arm_controller/share/custom_arm_controller/package.dsv'
[3.388s] INFO:colcon.colcon_core.shell:Creating package script '/home/rayyan/robot_arm_ros2_ws/install/custom_arm_controller/share/custom_arm_controller/package.sh'
[3.389s] INFO:colcon.colcon_core.shell:Creating package script '/home/rayyan/robot_arm_ros2_ws/install/custom_arm_controller/share/custom_arm_controller/package.bash'
[3.390s] INFO:colcon.colcon_core.shell:Creating package script '/home/rayyan/robot_arm_ros2_ws/install/custom_arm_controller/share/custom_arm_controller/package.zsh'
[3.390s] Level 1:colcon.colcon_core.environment:create_file_with_runtime_dependencies(/home/rayyan/robot_arm_ros2_ws/install/custom_arm_controller/share/colcon-core/packages/custom_arm_controller)
[3.867s] INFO:colcon.colcon_core.task.python.build:Building Python package in '/home/rayyan/robot_arm_ros2_ws/src/joint_state_publisher/joint_state_publisher_gui'
[3.867s] INFO:colcon.colcon_core.shell:Skip shell extension 'powershell' for command environment: Not usable outside of PowerShell
[3.868s] DEBUG:colcon.colcon_core.shell:Skip shell extension 'dsv' for command environment
[44887.229s] DEBUG:colcon.colcon_core.event_handler.log_command:Invoking command in '/home/rayyan/robot_arm_ros2_ws/src/joint_state_publisher/joint_state_publisher_gui': AMENT_PREFIX_PATH=/home/rayyan/robot_arm_ros2_ws/install/joint_state_publisher:${AMENT_PREFIX_PATH} PYTHONPATH=/home/rayyan/robot_arm_ros2_ws/build/joint_state_publisher_gui/prefix_override:/usr/lib/python3/dist-packages/colcon_core/task/python/colcon_distutils_commands:/home/rayyan/robot_arm_ros2_ws/install/joint_state_publisher_gui/lib/python3.10/site-packages:/home/rayyan/robot_arm_ros2_ws/install/joint_state_publisher/lib/python3.10/site-packages:${PYTHONPATH} /usr/bin/python3 -W ignore:setup.py install is deprecated -W ignore:easy_install command is deprecated setup.py egg_info --egg-base ../../../build/joint_state_publisher_gui build --build-base /home/rayyan/robot_arm_ros2_ws/build/joint_state_publisher_gui/build install --record /home/rayyan/robot_arm_ros2_ws/build/joint_state_publisher_gui/install.log --single-version-externally-managed install_data
[5.124s] Level 1:colcon.colcon_core.environment:checking '/home/rayyan/robot_arm_ros2_ws/install/joint_state_publisher_gui' for CMake module files
[5.126s] DEBUG:colcon.colcon_core.event_handler.log_command:Invoked command in '/home/rayyan/robot_arm_ros2_ws/src/joint_state_publisher/joint_state_publisher_gui' returned '0': AMENT_PREFIX_PATH=/home/rayyan/robot_arm_ros2_ws/install/joint_state_publisher:${AMENT_PREFIX_PATH} PYTHONPATH=/home/rayyan/robot_arm_ros2_ws/build/joint_state_publisher_gui/prefix_override:/usr/lib/python3/dist-packages/colcon_core/task/python/colcon_distutils_commands:/home/rayyan/robot_arm_ros2_ws/install/joint_state_publisher_gui/lib/python3.10/site-packages:/home/rayyan/robot_arm_ros2_ws/install/joint_state_publisher/lib/python3.10/site-packages:${PYTHONPATH} /usr/bin/python3 -W ignore:setup.py install is deprecated -W ignore:easy_install command is deprecated setup.py egg_info --egg-base ../../../build/joint_state_publisher_gui build --build-base /home/rayyan/robot_arm_ros2_ws/build/joint_state_publisher_gui/build install --record /home/rayyan/robot_arm_ros2_ws/build/joint_state_publisher_gui/install.log --single-version-externally-managed install_data
[5.127s] Level 1:colcon.colcon_core.environment:checking '/home/rayyan/robot_arm_ros2_ws/install/joint_state_publisher_gui' for CMake config files
[5.128s] Level 1:colcon.colcon_core.environment:checking '/home/rayyan/robot_arm_ros2_ws/install/joint_state_publisher_gui/lib'
[5.129s] Level 1:colcon.colcon_core.environment:checking '/home/rayyan/robot_arm_ros2_ws/install/joint_state_publisher_gui/bin'
[5.129s] Level 1:colcon.colcon_core.environment:checking '/home/rayyan/robot_arm_ros2_ws/install/joint_state_publisher_gui/lib/pkgconfig/joint_state_publisher_gui.pc'
[5.129s] Level 1:colcon.colcon_core.environment:checking '/home/rayyan/robot_arm_ros2_ws/install/joint_state_publisher_gui/lib/python3.10/site-packages'
[5.130s] Level 1:colcon.colcon_core.shell:create_environment_hook('joint_state_publisher_gui', 'pythonpath')
[5.130s] INFO:colcon.colcon_core.shell:Creating environment hook '/home/rayyan/robot_arm_ros2_ws/install/joint_state_publisher_gui/share/joint_state_publisher_gui/hook/pythonpath.ps1'
[5.131s] INFO:colcon.colcon_core.shell:Creating environment descriptor '/home/rayyan/robot_arm_ros2_ws/install/joint_state_publisher_gui/share/joint_state_publisher_gui/hook/pythonpath.dsv'
[5.132s] INFO:colcon.colcon_core.shell:Creating environment hook '/home/rayyan/robot_arm_ros2_ws/install/joint_state_publisher_gui/share/joint_state_publisher_gui/hook/pythonpath.sh'
[5.133s] Level 1:colcon.colcon_core.environment:checking '/home/rayyan/robot_arm_ros2_ws/install/joint_state_publisher_gui/bin'
[5.133s] Level 1:colcon.colcon_core.environment:create_environment_scripts_only(joint_state_publisher_gui)
[5.134s] INFO:colcon.colcon_core.shell:Creating package script '/home/rayyan/robot_arm_ros2_ws/install/joint_state_publisher_gui/share/joint_state_publisher_gui/package.ps1'
[5.136s] INFO:colcon.colcon_core.shell:Creating package descriptor '/home/rayyan/robot_arm_ros2_ws/install/joint_state_publisher_gui/share/joint_state_publisher_gui/package.dsv'
[5.137s] INFO:colcon.colcon_core.shell:Creating package script '/home/rayyan/robot_arm_ros2_ws/install/joint_state_publisher_gui/share/joint_state_publisher_gui/package.sh'
[5.138s] INFO:colcon.colcon_core.shell:Creating package script '/home/rayyan/robot_arm_ros2_ws/install/joint_state_publisher_gui/share/joint_state_publisher_gui/package.bash'
[5.139s] INFO:colcon.colcon_core.shell:Creating package script '/home/rayyan/robot_arm_ros2_ws/install/joint_state_publisher_gui/share/joint_state_publisher_gui/package.zsh'
[5.140s] Level 1:colcon.colcon_core.environment:create_file_with_runtime_dependencies(/home/rayyan/robot_arm_ros2_ws/install/joint_state_publisher_gui/share/colcon-core/packages/joint_state_publisher_gui)
[5.142s] INFO:colcon.colcon_ros.task.ament_cmake.build:Building ROS package in '/home/rayyan/robot_arm_ros2_ws/src/moveit_pkg' with build type 'ament_cmake'
[5.142s] INFO:colcon.colcon_cmake.task.cmake.build:Building CMake package in '/home/rayyan/robot_arm_ros2_ws/src/moveit_pkg'
[5.144s] INFO:colcon.colcon_core.shell:Skip shell extension 'powershell' for command environment: Not usable outside of PowerShell
[5.144s] DEBUG:colcon.colcon_core.shell:Skip shell extension 'dsv' for command environment
[5.398s] DEBUG:colcon.colcon_core.event_handler.log_command:Invoking command in '/home/rayyan/robot_arm_ros2_ws/build/moveit_pkg': AMENT_PREFIX_PATH=/home/rayyan/robot_arm_ros2_ws/install/joint_state_publisher_gui:/home/rayyan/robot_arm_ros2_ws/install/joint_state_publisher:${AMENT_PREFIX_PATH} CMAKE_PREFIX_PATH=/home/rayyan/robot_arm_ros2_ws/install/robot_arm_description:/home/rayyan/robot_arm_ros2_ws/install/moveit_pkg:/opt/ros/humble PYTHONPATH=/home/rayyan/robot_arm_ros2_ws/install/joint_state_publisher_gui/lib/python3.10/site-packages:/home/rayyan/robot_arm_ros2_ws/install/joint_state_publisher/lib/python3.10/site-packages:${PYTHONPATH} /usr/bin/cmake --build /home/rayyan/robot_arm_ros2_ws/build/moveit_pkg -- -j4 -l4
[5.457s] DEBUG:colcon.colcon_core.event_handler.log_command:Invoked command in '/home/rayyan/robot_arm_ros2_ws/build/moveit_pkg' returned '0': AMENT_PREFIX_PATH=/home/rayyan/robot_arm_ros2_ws/install/joint_state_publisher_gui:/home/rayyan/robot_arm_ros2_ws/install/joint_state_publisher:${AMENT_PREFIX_PATH} CMAKE_PREFIX_PATH=/home/rayyan/robot_arm_ros2_ws/install/robot_arm_description:/home/rayyan/robot_arm_ros2_ws/install/moveit_pkg:/opt/ros/humble PYTHONPATH=/home/rayyan/robot_arm_ros2_ws/install/joint_state_publisher_gui/lib/python3.10/site-packages:/home/rayyan/robot_arm_ros2_ws/install/joint_state_publisher/lib/python3.10/site-packages:${PYTHONPATH} /usr/bin/cmake --build /home/rayyan/robot_arm_ros2_ws/build/moveit_pkg -- -j4 -l4
[5.460s] DEBUG:colcon.colcon_core.event_handler.log_command:Invoking command in '/home/rayyan/robot_arm_ros2_ws/build/moveit_pkg': AMENT_PREFIX_PATH=/home/rayyan/robot_arm_ros2_ws/install/joint_state_publisher_gui:/home/rayyan/robot_arm_ros2_ws/install/joint_state_publisher:${AMENT_PREFIX_PATH} CMAKE_PREFIX_PATH=/home/rayyan/robot_arm_ros2_ws/install/robot_arm_description:/home/rayyan/robot_arm_ros2_ws/install/moveit_pkg:/opt/ros/humble PYTHONPATH=/home/rayyan/robot_arm_ros2_ws/install/joint_state_publisher_gui/lib/python3.10/site-packages:/home/rayyan/robot_arm_ros2_ws/install/joint_state_publisher/lib/python3.10/site-packages:${PYTHONPATH} /usr/bin/cmake --install /home/rayyan/robot_arm_ros2_ws/build/moveit_pkg
[5.481s] Level 1:colcon.colcon_core.environment:create_environment_scripts_only(moveit_pkg)
[5.481s] Level 1:colcon.colcon_core.environment:checking '/home/rayyan/robot_arm_ros2_ws/install/moveit_pkg' for CMake module files
[5.485s] Level 1:colcon.colcon_core.environment:checking '/home/rayyan/robot_arm_ros2_ws/install/moveit_pkg' for CMake config files
[5.488s] DEBUG:colcon.colcon_core.event_handler.log_command:Invoked command in '/home/rayyan/robot_arm_ros2_ws/build/moveit_pkg' returned '0': AMENT_PREFIX_PATH=/home/rayyan/robot_arm_ros2_ws/install/joint_state_publisher_gui:/home/rayyan/robot_arm_ros2_ws/install/joint_state_publisher:${AMENT_PREFIX_PATH} CMAKE_PREFIX_PATH=/home/rayyan/robot_arm_ros2_ws/install/robot_arm_description:/home/rayyan/robot_arm_ros2_ws/install/moveit_pkg:/opt/ros/humble PYTHONPATH=/home/rayyan/robot_arm_ros2_ws/install/joint_state_publisher_gui/lib/python3.10/site-packages:/home/rayyan/robot_arm_ros2_ws/install/joint_state_publisher/lib/python3.10/site-packages:${PYTHONPATH} /usr/bin/cmake --install /home/rayyan/robot_arm_ros2_ws/build/moveit_pkg
[5.488s] Level 1:colcon.colcon_core.shell:create_environment_hook('moveit_pkg', 'cmake_prefix_path')
[5.489s] INFO:colcon.colcon_core.shell:Creating environment hook '/home/rayyan/robot_arm_ros2_ws/install/moveit_pkg/share/moveit_pkg/hook/cmake_prefix_path.ps1'
[5.491s] INFO:colcon.colcon_core.shell:Creating environment descriptor '/home/rayyan/robot_arm_ros2_ws/install/moveit_pkg/share/moveit_pkg/hook/cmake_prefix_path.dsv'
[5.492s] INFO:colcon.colcon_core.shell:Creating environment hook '/home/rayyan/robot_arm_ros2_ws/install/moveit_pkg/share/moveit_pkg/hook/cmake_prefix_path.sh'
[5.493s] Level 1:colcon.colcon_core.environment:checking '/home/rayyan/robot_arm_ros2_ws/install/moveit_pkg/bin'
[5.494s] Level 1:colcon.colcon_core.environment:checking '/home/rayyan/robot_arm_ros2_ws/install/moveit_pkg/lib/pkgconfig/moveit_pkg.pc'
[5.494s] Level 1:colcon.colcon_core.environment:checking '/home/rayyan/robot_arm_ros2_ws/install/moveit_pkg/lib/python3.10/site-packages'
[5.495s] Level 1:colcon.colcon_core.environment:checking '/home/rayyan/robot_arm_ros2_ws/install/moveit_pkg/bin'
[5.496s] INFO:colcon.colcon_core.shell:Creating package script '/home/rayyan/robot_arm_ros2_ws/install/moveit_pkg/share/moveit_pkg/package.ps1'
[5.497s] INFO:colcon.colcon_core.shell:Creating package descriptor '/home/rayyan/robot_arm_ros2_ws/install/moveit_pkg/share/moveit_pkg/package.dsv'
[5.498s] INFO:colcon.colcon_core.shell:Creating package script '/home/rayyan/robot_arm_ros2_ws/install/moveit_pkg/share/moveit_pkg/package.sh'
[5.499s] INFO:colcon.colcon_core.shell:Creating package script '/home/rayyan/robot_arm_ros2_ws/install/moveit_pkg/share/moveit_pkg/package.bash'
[5.500s] INFO:colcon.colcon_core.shell:Creating package script '/home/rayyan/robot_arm_ros2_ws/install/moveit_pkg/share/moveit_pkg/package.zsh'
[5.501s] Level 1:colcon.colcon_core.environment:create_file_with_runtime_dependencies(/home/rayyan/robot_arm_ros2_ws/install/moveit_pkg/share/colcon-core/packages/moveit_pkg)
[5.503s] Level 1:colcon.colcon_core.environment:create_environment_scripts_only(moveit_pkg)
[5.503s] Level 1:colcon.colcon_core.environment:checking '/home/rayyan/robot_arm_ros2_ws/install/moveit_pkg' for CMake module files
[5.504s] Level 1:colcon.colcon_core.environment:checking '/home/rayyan/robot_arm_ros2_ws/install/moveit_pkg' for CMake config files
[5.505s] Level 1:colcon.colcon_core.shell:create_environment_hook('moveit_pkg', 'cmake_prefix_path')
[5.506s] INFO:colcon.colcon_core.shell:Creating environment hook '/home/rayyan/robot_arm_ros2_ws/install/moveit_pkg/share/moveit_pkg/hook/cmake_prefix_path.ps1'
[5.507s] INFO:colcon.colcon_core.shell:Creating environment descriptor '/home/rayyan/robot_arm_ros2_ws/install/moveit_pkg/share/moveit_pkg/hook/cmake_prefix_path.dsv'
[5.508s] INFO:colcon.colcon_core.shell:Creating environment hook '/home/rayyan/robot_arm_ros2_ws/install/moveit_pkg/share/moveit_pkg/hook/cmake_prefix_path.sh'
[5.509s] Level 1:colcon.colcon_core.environment:checking '/home/rayyan/robot_arm_ros2_ws/install/moveit_pkg/bin'
[5.509s] Level 1:colcon.colcon_core.environment:checking '/home/rayyan/robot_arm_ros2_ws/install/moveit_pkg/lib/pkgconfig/moveit_pkg.pc'
[5.510s] Level 1:colcon.colcon_core.environment:checking '/home/rayyan/robot_arm_ros2_ws/install/moveit_pkg/lib/python3.10/site-packages'
[5.511s] Level 1:colcon.colcon_core.environment:checking '/home/rayyan/robot_arm_ros2_ws/install/moveit_pkg/bin'
[5.511s] INFO:colcon.colcon_core.shell:Creating package script '/home/rayyan/robot_arm_ros2_ws/install/moveit_pkg/share/moveit_pkg/package.ps1'
[5.513s] INFO:colcon.colcon_core.shell:Creating package descriptor '/home/rayyan/robot_arm_ros2_ws/install/moveit_pkg/share/moveit_pkg/package.dsv'
[5.514s] INFO:colcon.colcon_core.shell:Creating package script '/home/rayyan/robot_arm_ros2_ws/install/moveit_pkg/share/moveit_pkg/package.sh'
[5.515s] INFO:colcon.colcon_core.shell:Creating package script '/home/rayyan/robot_arm_ros2_ws/install/moveit_pkg/share/moveit_pkg/package.bash'
[5.516s] INFO:colcon.colcon_core.shell:Creating package script '/home/rayyan/robot_arm_ros2_ws/install/moveit_pkg/share/moveit_pkg/package.zsh'
[5.518s] Level 1:colcon.colcon_core.environment:create_file_with_runtime_dependencies(/home/rayyan/robot_arm_ros2_ws/install/moveit_pkg/share/colcon-core/packages/moveit_pkg)
[5.519s] DEBUG:colcon.colcon_parallel_executor.executor.parallel:closing loop
[5.520s] DEBUG:colcon.colcon_parallel_executor.executor.parallel:loop closed
[5.520s] DEBUG:colcon.colcon_parallel_executor.executor.parallel:run_until_complete finished with '0'
[5.521s] DEBUG:colcon.colcon_core.event_reactor:joining thread
[5.580s] INFO:colcon.colcon_core.plugin_system:Skipping extension 'colcon_notification.desktop_notification.notify_send': Could not find 'notify-send'
[5.580s] INFO:colcon.colcon_core.plugin_system:Skipping extension 'colcon_notification.desktop_notification.terminal_notifier': Not used on non-Darwin systems
[5.580s] INFO:colcon.colcon_core.plugin_system:Skipping extension 'colcon_notification.desktop_notification.win32': Not used on non-Windows systems
[5.580s] INFO:colcon.colcon_notification.desktop_notification:Sending desktop notification using 'notify2'
[5.580s] DEBUG:colcon.colcon_notification.desktop_notification.notify2:Failed to initialize notify2: org.freedesktop.DBus.Error.FileNotFound: Failed to connect to socket /run/user/1000/bus: No such file or directory
[5.580s] DEBUG:colcon.colcon_core.event_reactor:joined thread
[5.581s] INFO:colcon.colcon_core.shell:Creating prefix script '/home/rayyan/robot_arm_ros2_ws/install/local_setup.ps1'
[5.584s] INFO:colcon.colcon_core.shell:Creating prefix util module '/home/rayyan/robot_arm_ros2_ws/install/_local_setup_util_ps1.py'
[5.588s] INFO:colcon.colcon_core.shell:Creating prefix chain script '/home/rayyan/robot_arm_ros2_ws/install/setup.ps1'
[5.590s] INFO:colcon.colcon_core.shell:Creating prefix script '/home/rayyan/robot_arm_ros2_ws/install/local_setup.sh'
[5.591s] INFO:colcon.colcon_core.shell:Creating prefix util module '/home/rayyan/robot_arm_ros2_ws/install/_local_setup_util_sh.py'
[5.592s] INFO:colcon.colcon_core.shell:Creating prefix chain script '/home/rayyan/robot_arm_ros2_ws/install/setup.sh'
[5.594s] INFO:colcon.colcon_core.shell:Creating prefix script '/home/rayyan/robot_arm_ros2_ws/install/local_setup.bash'
[5.595s] INFO:colcon.colcon_core.shell:Creating prefix chain script '/home/rayyan/robot_arm_ros2_ws/install/setup.bash'
[5.597s] INFO:colcon.colcon_core.shell:Creating prefix script '/home/rayyan/robot_arm_ros2_ws/install/local_setup.zsh'
[5.598s] INFO:colcon.colcon_core.shell:Creating prefix chain script '/home/rayyan/robot_arm_ros2_ws/install/setup.zsh'
