[4.148s] Invoking command in '/home/rayyan/robot_arm_ros2_ws/src/joint_state_publisher/joint_state_publisher': PYTHONPATH=/home/rayyan/robot_arm_ros2_ws/src/build/joint_state_publisher/prefix_override:/usr/lib/python3/dist-packages/colcon_core/task/python/colcon_distutils_commands:/home/rayyan/robot_arm_ros2_ws/src/install/joint_state_publisher/lib/python3.10/site-packages: /usr/bin/python3 -W ignore:setup.py install is deprecated -W ignore:easy_install command is deprecated setup.py egg_info --egg-base ../../build/joint_state_publisher build --build-base /home/rayyan/robot_arm_ros2_ws/src/build/joint_state_publisher/build install --record /home/rayyan/robot_arm_ros2_ws/src/build/joint_state_publisher/install.log --single-version-externally-managed install_data
[5.633s] running egg_info
[5.636s] creating ../../build/joint_state_publisher/joint_state_publisher.egg-info
[5.637s] writing ../../build/joint_state_publisher/joint_state_publisher.egg-info/PKG-INFO
[5.638s] writing dependency_links to ../../build/joint_state_publisher/joint_state_publisher.egg-info/dependency_links.txt
[5.638s] writing entry points to ../../build/joint_state_publisher/joint_state_publisher.egg-info/entry_points.txt
[5.638s] writing requirements to ../../build/joint_state_publisher/joint_state_publisher.egg-info/requires.txt
[5.639s] writing top-level names to ../../build/joint_state_publisher/joint_state_publisher.egg-info/top_level.txt
[5.646s] writing manifest file '../../build/joint_state_publisher/joint_state_publisher.egg-info/SOURCES.txt'
[5.673s] reading manifest file '../../build/joint_state_publisher/joint_state_publisher.egg-info/SOURCES.txt'
[5.674s] adding license file 'LICENSE'
[5.674s] writing manifest file '../../build/joint_state_publisher/joint_state_publisher.egg-info/SOURCES.txt'
[5.674s] running build
[5.675s] running build_py
[5.675s] creating /home/rayyan/robot_arm_ros2_ws/src/build/joint_state_publisher/build
[5.675s] creating /home/rayyan/robot_arm_ros2_ws/src/build/joint_state_publisher/build/lib
[5.676s] creating /home/rayyan/robot_arm_ros2_ws/src/build/joint_state_publisher/build/lib/joint_state_publisher
[5.676s] copying joint_state_publisher/__init__.py -> /home/rayyan/robot_arm_ros2_ws/src/build/joint_state_publisher/build/lib/joint_state_publisher
[5.677s] copying joint_state_publisher/joint_state_publisher.py -> /home/rayyan/robot_arm_ros2_ws/src/build/joint_state_publisher/build/lib/joint_state_publisher
[5.677s] running install
[5.677s] running install_lib
[5.678s] creating /home/rayyan/robot_arm_ros2_ws/src/install/joint_state_publisher/lib/python3.10/site-packages/joint_state_publisher
[5.691s] copying /home/rayyan/robot_arm_ros2_ws/src/build/joint_state_publisher/build/lib/joint_state_publisher/__init__.py -> /home/rayyan/robot_arm_ros2_ws/src/install/joint_state_publisher/lib/python3.10/site-packages/joint_state_publisher
[5.692s] copying /home/rayyan/robot_arm_ros2_ws/src/build/joint_state_publisher/build/lib/joint_state_publisher/joint_state_publisher.py -> /home/rayyan/robot_arm_ros2_ws/src/install/joint_state_publisher/lib/python3.10/site-packages/joint_state_publisher
[5.694s] byte-compiling /home/rayyan/robot_arm_ros2_ws/src/install/joint_state_publisher/lib/python3.10/site-packages/joint_state_publisher/__init__.py to __init__.cpython-310.pyc
[5.695s] byte-compiling /home/rayyan/robot_arm_ros2_ws/src/install/joint_state_publisher/lib/python3.10/site-packages/joint_state_publisher/joint_state_publisher.py to joint_state_publisher.cpython-310.pyc
[5.712s] running install_data
[5.713s] creating /home/rayyan/robot_arm_ros2_ws/src/install/joint_state_publisher/share/ament_index
[5.713s] creating /home/rayyan/robot_arm_ros2_ws/src/install/joint_state_publisher/share/ament_index/resource_index
[5.713s] creating /home/rayyan/robot_arm_ros2_ws/src/install/joint_state_publisher/share/ament_index/resource_index/packages
[5.717s] copying resource/joint_state_publisher -> /home/rayyan/robot_arm_ros2_ws/src/install/joint_state_publisher/share/ament_index/resource_index/packages
[5.718s] copying package.xml -> /home/rayyan/robot_arm_ros2_ws/src/install/joint_state_publisher/share/joint_state_publisher
[5.722s] running install_egg_info
[5.732s] Copying ../../build/joint_state_publisher/joint_state_publisher.egg-info to /home/rayyan/robot_arm_ros2_ws/src/install/joint_state_publisher/lib/python3.10/site-packages/joint_state_publisher-2.4.0-py3.10.egg-info
[5.732s] running install_scripts
[5.850s] Installing joint_state_publisher script to /home/rayyan/robot_arm_ros2_ws/src/install/joint_state_publisher/lib/joint_state_publisher
[5.851s] writing list of installed files to '/home/rayyan/robot_arm_ros2_ws/src/build/joint_state_publisher/install.log'
[6.014s] Invoked command in '/home/rayyan/robot_arm_ros2_ws/src/joint_state_publisher/joint_state_publisher' returned '0': PYTHONPATH=/home/rayyan/robot_arm_ros2_ws/src/build/joint_state_publisher/prefix_override:/usr/lib/python3/dist-packages/colcon_core/task/python/colcon_distutils_commands:/home/rayyan/robot_arm_ros2_ws/src/install/joint_state_publisher/lib/python3.10/site-packages: /usr/bin/python3 -W ignore:setup.py install is deprecated -W ignore:easy_install command is deprecated setup.py egg_info --egg-base ../../build/joint_state_publisher build --build-base /home/rayyan/robot_arm_ros2_ws/src/build/joint_state_publisher/build install --record /home/rayyan/robot_arm_ros2_ws/src/build/joint_state_publisher/install.log --single-version-externally-managed install_data
