[1.584s] Invoking command in '/home/rayyan/robot_arm_ros2_ws/build/robot_arm_description': CMAKE_PREFIX_PATH=${CMAKE_PREFIX_PATH}:/home/rayyan/robot_arm_ros2_ws/install/joint_state_publisher_gui:/home/rayyan/robot_arm_ros2_ws/install/joint_state_publisher:/home/rayyan/robot_arm_ros2_ws/install/custom_arm_controller:/opt/ros/humble /usr/bin/cmake --build /home/rayyan/robot_arm_ros2_ws/build/robot_arm_description -- -j4 -l4
[3.213s] Invoked command in '/home/rayyan/robot_arm_ros2_ws/build/robot_arm_description' returned '0': CMAKE_PREFIX_PATH=${CMAKE_PREFIX_PATH}:/home/rayyan/robot_arm_ros2_ws/install/joint_state_publisher_gui:/home/rayyan/robot_arm_ros2_ws/install/joint_state_publisher:/home/rayyan/robot_arm_ros2_ws/install/custom_arm_controller:/opt/ros/humble /usr/bin/cmake --build /home/rayyan/robot_arm_ros2_ws/build/robot_arm_description -- -j4 -l4
[3.245s] Invoking command in '/home/rayyan/robot_arm_ros2_ws/build/robot_arm_description': CMAKE_PREFIX_PATH=${CMAKE_PREFIX_PATH}:/home/rayyan/robot_arm_ros2_ws/install/joint_state_publisher_gui:/home/rayyan/robot_arm_ros2_ws/install/joint_state_publisher:/home/rayyan/robot_arm_ros2_ws/install/custom_arm_controller:/opt/ros/humble /usr/bin/cmake --install /home/rayyan/robot_arm_ros2_ws/build/robot_arm_description
[3.294s] -- Install configuration: ""
[3.313s] -- Execute custom install script
[3.315s] -- Up-to-date symlink: /home/rayyan/robot_arm_ros2_ws/install/robot_arm_description/share/robot_arm_description//urdf/robot_arm.urdf
[3.316s] -- Up-to-date symlink: /home/rayyan/robot_arm_ros2_ws/install/robot_arm_description/share/robot_arm_description//rviz/config.rviz
[3.317s] -- Up-to-date symlink: /home/rayyan/robot_arm_ros2_ws/install/robot_arm_description/share/robot_arm_description//launch/display.launch.py
[3.318s] -- Up-to-date symlink: /home/rayyan/robot_arm_ros2_ws/install/robot_arm_description/share/robot_arm_description//meshes/stl/arm_1.stl
[3.321s] -- Up-to-date symlink: /home/rayyan/robot_arm_ros2_ws/install/robot_arm_description/share/robot_arm_description//meshes/stl/arm_2.stl
[3.324s] -- Up-to-date symlink: /home/rayyan/robot_arm_ros2_ws/install/robot_arm_description/share/robot_arm_description//meshes/stl/base.stl
[3.333s] -- Up-to-date symlink: /home/rayyan/robot_arm_ros2_ws/install/robot_arm_description/share/robot_arm_description//meshes/stl/cube.stl
[3.335s] -- Up-to-date symlink: /home/rayyan/robot_arm_ros2_ws/install/robot_arm_description/share/robot_arm_description//meshes/stl/gripper.stl
[3.336s] -- Up-to-date symlink: /home/rayyan/robot_arm_ros2_ws/install/robot_arm_description/share/robot_arm_description//meshes/stl/gripper_1.stl
[3.337s] -- Up-to-date symlink: /home/rayyan/robot_arm_ros2_ws/install/robot_arm_description/share/robot_arm_description//meshes/stl/waist.stl
[3.338s] -- Up-to-date symlink: /home/rayyan/robot_arm_ros2_ws/install/robot_arm_description/share/robot_arm_description//meshes/stl/waist_1.stl
[3.339s] -- Up-to-date symlink: /home/rayyan/robot_arm_ros2_ws/install/robot_arm_description/share/ament_index/resource_index/package_run_dependencies/robot_arm_description
[3.344s] -- Up-to-date symlink: /home/rayyan/robot_arm_ros2_ws/install/robot_arm_description/share/ament_index/resource_index/parent_prefix_path/robot_arm_description
[3.348s] -- Up-to-date symlink: /home/rayyan/robot_arm_ros2_ws/install/robot_arm_description/share/robot_arm_description/environment/ament_prefix_path.sh
[3.349s] -- Up-to-date symlink: /home/rayyan/robot_arm_ros2_ws/install/robot_arm_description/share/robot_arm_description/environment/ament_prefix_path.dsv
[3.351s] -- Up-to-date symlink: /home/rayyan/robot_arm_ros2_ws/install/robot_arm_description/share/robot_arm_description/environment/path.sh
[3.353s] -- Up-to-date symlink: /home/rayyan/robot_arm_ros2_ws/install/robot_arm_description/share/robot_arm_description/environment/path.dsv
[3.358s] -- Up-to-date symlink: /home/rayyan/robot_arm_ros2_ws/install/robot_arm_description/share/robot_arm_description/local_setup.bash
[3.377s] -- Up-to-date symlink: /home/rayyan/robot_arm_ros2_ws/install/robot_arm_description/share/robot_arm_description/local_setup.sh
[3.378s] -- Up-to-date symlink: /home/rayyan/robot_arm_ros2_ws/install/robot_arm_description/share/robot_arm_description/local_setup.zsh
[3.379s] -- Up-to-date symlink: /home/rayyan/robot_arm_ros2_ws/install/robot_arm_description/share/robot_arm_description/local_setup.dsv
[3.379s] -- Symlinking: /home/rayyan/robot_arm_ros2_ws/install/robot_arm_description/share/robot_arm_description/package.dsv
[3.454s] -- Up-to-date symlink: /home/rayyan/robot_arm_ros2_ws/install/robot_arm_description/share/ament_index/resource_index/packages/robot_arm_description
[3.466s] -- Up-to-date symlink: /home/rayyan/robot_arm_ros2_ws/install/robot_arm_description/share/robot_arm_description/cmake/robot_arm_descriptionConfig.cmake
[3.467s] -- Up-to-date symlink: /home/rayyan/robot_arm_ros2_ws/install/robot_arm_description/share/robot_arm_description/cmake/robot_arm_descriptionConfig-version.cmake
[3.467s] -- Up-to-date symlink: /home/rayyan/robot_arm_ros2_ws/install/robot_arm_description/share/robot_arm_description/package.xml
[3.468s] Invoked command in '/home/rayyan/robot_arm_ros2_ws/build/robot_arm_description' returned '0': CMAKE_PREFIX_PATH=${CMAKE_PREFIX_PATH}:/home/rayyan/robot_arm_ros2_ws/install/joint_state_publisher_gui:/home/rayyan/robot_arm_ros2_ws/install/joint_state_publisher:/home/rayyan/robot_arm_ros2_ws/install/custom_arm_controller:/opt/ros/humble /usr/bin/cmake --install /home/rayyan/robot_arm_ros2_ws/build/robot_arm_description
