[1.582s] Invoking command in '/home/rayyan/robot_arm_ros2_ws/build/robot_arm_description': CMAKE_PREFIX_PATH=${CMAKE_PREFIX_PATH}:/home/rayyan/robot_arm_ros2_ws/install/joint_state_publisher_gui:/home/rayyan/robot_arm_ros2_ws/install/joint_state_publisher:/home/rayyan/robot_arm_ros2_ws/install/custom_arm_controller:/opt/ros/humble /usr/bin/cmake --build /home/rayyan/robot_arm_ros2_ws/build/robot_arm_description -- -j4 -l4
[2.504s] Invoked command in '/home/rayyan/robot_arm_ros2_ws/build/robot_arm_description' returned '0': CMAKE_PREFIX_PATH=${CMAKE_PREFIX_PATH}:/home/rayyan/robot_arm_ros2_ws/install/joint_state_publisher_gui:/home/rayyan/robot_arm_ros2_ws/install/joint_state_publisher:/home/rayyan/robot_arm_ros2_ws/install/custom_arm_controller:/opt/ros/humble /usr/bin/cmake --build /home/rayyan/robot_arm_ros2_ws/build/robot_arm_description -- -j4 -l4
[2.560s] Invoking command in '/home/rayyan/robot_arm_ros2_ws/build/robot_arm_description': CMAKE_PREFIX_PATH=${CMAKE_PREFIX_PATH}:/home/rayyan/robot_arm_ros2_ws/install/joint_state_publisher_gui:/home/rayyan/robot_arm_ros2_ws/install/joint_state_publisher:/home/rayyan/robot_arm_ros2_ws/install/custom_arm_controller:/opt/ros/humble /usr/bin/cmake --install /home/rayyan/robot_arm_ros2_ws/build/robot_arm_description
[2.593s] -- Install configuration: ""
[2.603s] -- Execute custom install script
[2.604s] -- Up-to-date symlink: /home/rayyan/robot_arm_ros2_ws/install/robot_arm_description/share/robot_arm_description//urdf/robot_arm.urdf
[2.608s] -- Up-to-date symlink: /home/rayyan/robot_arm_ros2_ws/install/robot_arm_description/share/robot_arm_description//rviz/config.rviz
[2.610s] -- Up-to-date symlink: /home/rayyan/robot_arm_ros2_ws/install/robot_arm_description/share/robot_arm_description//launch/display.launch.py
[2.620s] -- Up-to-date symlink: /home/rayyan/robot_arm_ros2_ws/install/robot_arm_description/share/robot_arm_description//meshes/stl/arm_1.stl
[2.621s] -- Up-to-date symlink: /home/rayyan/robot_arm_ros2_ws/install/robot_arm_description/share/robot_arm_description//meshes/stl/arm_2.stl
[2.622s] -- Up-to-date symlink: /home/rayyan/robot_arm_ros2_ws/install/robot_arm_description/share/robot_arm_description//meshes/stl/base.stl
[2.622s] -- Up-to-date symlink: /home/rayyan/robot_arm_ros2_ws/install/robot_arm_description/share/robot_arm_description//meshes/stl/cube.stl
[2.622s] -- Up-to-date symlink: /home/rayyan/robot_arm_ros2_ws/install/robot_arm_description/share/robot_arm_description//meshes/stl/gripper.stl
[2.623s] -- Up-to-date symlink: /home/rayyan/robot_arm_ros2_ws/install/robot_arm_description/share/robot_arm_description//meshes/stl/gripper_1.stl
[2.623s] -- Up-to-date symlink: /home/rayyan/robot_arm_ros2_ws/install/robot_arm_description/share/robot_arm_description//meshes/stl/waist.stl
[2.627s] -- Up-to-date symlink: /home/rayyan/robot_arm_ros2_ws/install/robot_arm_description/share/robot_arm_description//meshes/stl/waist_1.stl
[2.628s] -- Up-to-date symlink: /home/rayyan/robot_arm_ros2_ws/install/robot_arm_description/share/ament_index/resource_index/package_run_dependencies/robot_arm_description
[2.628s] -- Up-to-date symlink: /home/rayyan/robot_arm_ros2_ws/install/robot_arm_description/share/ament_index/resource_index/parent_prefix_path/robot_arm_description
[2.628s] -- Up-to-date symlink: /home/rayyan/robot_arm_ros2_ws/install/robot_arm_description/share/robot_arm_description/environment/ament_prefix_path.sh
[2.628s] -- Up-to-date symlink: /home/rayyan/robot_arm_ros2_ws/install/robot_arm_description/share/robot_arm_description/environment/ament_prefix_path.dsv
[2.632s] -- Up-to-date symlink: /home/rayyan/robot_arm_ros2_ws/install/robot_arm_description/share/robot_arm_description/environment/path.sh
[2.632s] -- Up-to-date symlink: /home/rayyan/robot_arm_ros2_ws/install/robot_arm_description/share/robot_arm_description/environment/path.dsv
[2.632s] -- Up-to-date symlink: /home/rayyan/robot_arm_ros2_ws/install/robot_arm_description/share/robot_arm_description/local_setup.bash
[2.633s] -- Up-to-date symlink: /home/rayyan/robot_arm_ros2_ws/install/robot_arm_description/share/robot_arm_description/local_setup.sh
[2.633s] -- Up-to-date symlink: /home/rayyan/robot_arm_ros2_ws/install/robot_arm_description/share/robot_arm_description/local_setup.zsh
[2.633s] -- Up-to-date symlink: /home/rayyan/robot_arm_ros2_ws/install/robot_arm_description/share/robot_arm_description/local_setup.dsv
[2.633s] -- Symlinking: /home/rayyan/robot_arm_ros2_ws/install/robot_arm_description/share/robot_arm_description/package.dsv
[2.676s] -- Up-to-date symlink: /home/rayyan/robot_arm_ros2_ws/install/robot_arm_description/share/ament_index/resource_index/packages/robot_arm_description
[2.676s] -- Up-to-date symlink: /home/rayyan/robot_arm_ros2_ws/install/robot_arm_description/share/robot_arm_description/cmake/robot_arm_descriptionConfig.cmake
[2.676s] -- Up-to-date symlink: /home/rayyan/robot_arm_ros2_ws/install/robot_arm_description/share/robot_arm_description/cmake/robot_arm_descriptionConfig-version.cmake
[2.677s] -- Up-to-date symlink: /home/rayyan/robot_arm_ros2_ws/install/robot_arm_description/share/robot_arm_description/package.xml
[2.677s] Invoked command in '/home/rayyan/robot_arm_ros2_ws/build/robot_arm_description' returned '0': CMAKE_PREFIX_PATH=${CMAKE_PREFIX_PATH}:/home/rayyan/robot_arm_ros2_ws/install/joint_state_publisher_gui:/home/rayyan/robot_arm_ros2_ws/install/joint_state_publisher:/home/rayyan/robot_arm_ros2_ws/install/custom_arm_controller:/opt/ros/humble /usr/bin/cmake --install /home/rayyan/robot_arm_ros2_ws/build/robot_arm_description
