[2.627s] Invoking command in '/home/rayyan/robot_arm_ros2_ws/src/custom_arm_controller': PYTHONPATH=/home/rayyan/robot_arm_ros2_ws/build/custom_arm_controller/prefix_override:/usr/lib/python3/dist-packages/colcon_core/task/python/colcon_distutils_commands:/home/rayyan/robot_arm_ros2_ws/install/custom_arm_controller/lib/python3.10/site-packages:${PYTHONPATH} /usr/bin/python3 -W ignore:setup.py install is deprecated -W ignore:easy_install command is deprecated setup.py egg_info --egg-base ../../build/custom_arm_controller build --build-base /home/rayyan/robot_arm_ros2_ws/build/custom_arm_controller/build install --record /home/rayyan/robot_arm_ros2_ws/build/custom_arm_controller/install.log --single-version-externally-managed install_data
[3.274s] running egg_info
[3.276s] writing ../../build/custom_arm_controller/custom_arm_controller.egg-info/PKG-INFO
[3.280s] writing dependency_links to ../../build/custom_arm_controller/custom_arm_controller.egg-info/dependency_links.txt
[3.280s] writing entry points to ../../build/custom_arm_controller/custom_arm_controller.egg-info/entry_points.txt
[3.280s] writing requirements to ../../build/custom_arm_controller/custom_arm_controller.egg-info/requires.txt
[3.280s] writing top-level names to ../../build/custom_arm_controller/custom_arm_controller.egg-info/top_level.txt
[3.290s] reading manifest file '../../build/custom_arm_controller/custom_arm_controller.egg-info/SOURCES.txt'
[3.290s] writing manifest file '../../build/custom_arm_controller/custom_arm_controller.egg-info/SOURCES.txt'
[3.290s] running build
[3.291s] running build_py
[3.292s] copying custom_arm_controller/arm_controller.py -> /home/rayyan/robot_arm_ros2_ws/build/custom_arm_controller/build/lib/custom_arm_controller
[3.295s] running install
[3.295s] running install_lib
[3.295s] copying /home/rayyan/robot_arm_ros2_ws/build/custom_arm_controller/build/lib/custom_arm_controller/arm_controller.py -> /home/rayyan/robot_arm_ros2_ws/install/custom_arm_controller/lib/python3.10/site-packages/custom_arm_controller
[3.302s] byte-compiling /home/rayyan/robot_arm_ros2_ws/install/custom_arm_controller/lib/python3.10/site-packages/custom_arm_controller/arm_controller.py to arm_controller.cpython-310.pyc
[3.303s] running install_data
[3.304s] running install_egg_info
[3.306s] removing '/home/rayyan/robot_arm_ros2_ws/install/custom_arm_controller/lib/python3.10/site-packages/custom_arm_controller-0.0.0-py3.10.egg-info' (and everything under it)
[3.307s] Copying ../../build/custom_arm_controller/custom_arm_controller.egg-info to /home/rayyan/robot_arm_ros2_ws/install/custom_arm_controller/lib/python3.10/site-packages/custom_arm_controller-0.0.0-py3.10.egg-info
[3.311s] running install_scripts
[3.366s] Installing arm_controller script to /home/rayyan/robot_arm_ros2_ws/install/custom_arm_controller/lib/custom_arm_controller
[3.366s] writing list of installed files to '/home/rayyan/robot_arm_ros2_ws/build/custom_arm_controller/install.log'
[3.460s] Invoked command in '/home/rayyan/robot_arm_ros2_ws/src/custom_arm_controller' returned '0': PYTHONPATH=/home/rayyan/robot_arm_ros2_ws/build/custom_arm_controller/prefix_override:/usr/lib/python3/dist-packages/colcon_core/task/python/colcon_distutils_commands:/home/rayyan/robot_arm_ros2_ws/install/custom_arm_controller/lib/python3.10/site-packages:${PYTHONPATH} /usr/bin/python3 -W ignore:setup.py install is deprecated -W ignore:easy_install command is deprecated setup.py egg_info --egg-base ../../build/custom_arm_controller build --build-base /home/rayyan/robot_arm_ros2_ws/build/custom_arm_controller/build install --record /home/rayyan/robot_arm_ros2_ws/build/custom_arm_controller/install.log --single-version-externally-managed install_data
