[5.487s] Invoking command in '/home/rayyan/robot_arm_ros2_ws/src/custom_arm_controller': PYTHONPATH=/home/rayyan/robot_arm_ros2_ws/build/custom_arm_controller/prefix_override:/usr/lib/python3/dist-packages/colcon_core/task/python/colcon_distutils_commands:/home/rayyan/robot_arm_ros2_ws/install/custom_arm_controller/lib/python3.10/site-packages:${PYTHONPATH} /usr/bin/python3 -W ignore:setup.py install is deprecated -W ignore:easy_install command is deprecated setup.py egg_info --egg-base ../../build/custom_arm_controller build --build-base /home/rayyan/robot_arm_ros2_ws/build/custom_arm_controller/build install --record /home/rayyan/robot_arm_ros2_ws/build/custom_arm_controller/install.log --single-version-externally-managed install_data
[6.973s] running egg_info
[6.981s] writing ../../build/custom_arm_controller/custom_arm_controller.egg-info/PKG-INFO
[6.983s] writing dependency_links to ../../build/custom_arm_controller/custom_arm_controller.egg-info/dependency_links.txt
[6.984s] writing entry points to ../../build/custom_arm_controller/custom_arm_controller.egg-info/entry_points.txt
[6.985s] writing requirements to ../../build/custom_arm_controller/custom_arm_controller.egg-info/requires.txt
[6.985s] writing top-level names to ../../build/custom_arm_controller/custom_arm_controller.egg-info/top_level.txt
[6.997s] reading manifest file '../../build/custom_arm_controller/custom_arm_controller.egg-info/SOURCES.txt'
[7.001s] writing manifest file '../../build/custom_arm_controller/custom_arm_controller.egg-info/SOURCES.txt'
[7.003s] running build
[7.006s] running build_py
[7.008s] running install
[7.012s] running install_lib
[7.018s] running install_data
[7.019s] running install_egg_info
[7.033s] removing '/home/rayyan/robot_arm_ros2_ws/install/custom_arm_controller/lib/python3.10/site-packages/custom_arm_controller-0.0.0-py3.10.egg-info' (and everything under it)
[7.034s] Copying ../../build/custom_arm_controller/custom_arm_controller.egg-info to /home/rayyan/robot_arm_ros2_ws/install/custom_arm_controller/lib/python3.10/site-packages/custom_arm_controller-0.0.0-py3.10.egg-info
[7.042s] running install_scripts
[7.176s] Installing arm_controller script to /home/rayyan/robot_arm_ros2_ws/install/custom_arm_controller/lib/custom_arm_controller
[7.179s] writing list of installed files to '/home/rayyan/robot_arm_ros2_ws/build/custom_arm_controller/install.log'
[7.345s] Invoked command in '/home/rayyan/robot_arm_ros2_ws/src/custom_arm_controller' returned '0': PYTHONPATH=/home/rayyan/robot_arm_ros2_ws/build/custom_arm_controller/prefix_override:/usr/lib/python3/dist-packages/colcon_core/task/python/colcon_distutils_commands:/home/rayyan/robot_arm_ros2_ws/install/custom_arm_controller/lib/python3.10/site-packages:${PYTHONPATH} /usr/bin/python3 -W ignore:setup.py install is deprecated -W ignore:easy_install command is deprecated setup.py egg_info --egg-base ../../build/custom_arm_controller build --build-base /home/rayyan/robot_arm_ros2_ws/build/custom_arm_controller/build install --record /home/rayyan/robot_arm_ros2_ws/build/custom_arm_controller/install.log --single-version-externally-managed install_data
